<map>
  <entry>
    <string>test-173</string>
    <il.ac.technion.nlp.nli.core.method__call.MethodCall>
      <methodId>
        <declaringClassCanonicalName>il.ac.technion.nlp.nli.dataset1.domains.lighting_control.entities.LightingControlSystem</declaringClassCanonicalName>
        <name>turnLightOff</name>
        <parameterClassNames>
          <string>java.util.Collection</string>
        </parameterClassNames>
      </methodId>
      <arguments>
        <il.ac.technion.nlp.nli.core.method__call.NonPrimitiveArgument>
          <nonPrimitiveEntityIds class="ofergivoli.olib.data_structures.set.SafeHashSet" serialization="custom">
            <unserializable-parents/>
            <set>
              <default/>
              <int>4</int>
              <float>0.75</float>
              <int>2</int>
              <string>2</string>
              <string>3</string>
            </set>
          </nonPrimitiveEntityIds>
        </il.ac.technion.nlp.nli.core.method__call.NonPrimitiveArgument>
      </arguments>
      <entityIdOfObjectMethodIsInvokeOn>1</entityIdOfObjectMethodIsInvokeOn>
    </il.ac.technion.nlp.nli.core.method__call.MethodCall>
  </entry>
  <entry>
    <string>test-294</string>
    <il.ac.technion.nlp.nli.core.method__call.MethodCall>
      <methodId>
        <declaringClassCanonicalName>il.ac.technion.nlp.nli.dataset1.domains.file_manager.entities.FileManager</declaringClassCanonicalName>
        <name>moveFiles</name>
        <parameterClassNames>
          <string>java.util.Collection</string>
          <string>il.ac.technion.nlp.nli.dataset1.domains.file_manager.entities.Directory</string>
        </parameterClassNames>
      </methodId>
      <arguments>
        <il.ac.technion.nlp.nli.core.method__call.NonPrimitiveArgument>
          <nonPrimitiveEntityIds class="ofergivoli.olib.data_structures.set.SafeHashSet" serialization="custom">
            <unserializable-parents/>
            <set>
              <default/>
              <int>4</int>
              <float>0.75</float>
              <int>2</int>
              <string>4</string>
              <string>5</string>
            </set>
          </nonPrimitiveEntityIds>
        </il.ac.technion.nlp.nli.core.method__call.NonPrimitiveArgument>
        <il.ac.technion.nlp.nli.core.method__call.NonPrimitiveArgument>
          <nonPrimitiveEntityIds class="ofergivoli.olib.data_structures.set.SafeHashSet" serialization="custom">
            <unserializable-parents/>
            <set>
              <default/>
              <int>2</int>
              <float>0.75</float>
              <int>1</int>
              <string>6</string>
            </set>
          </nonPrimitiveEntityIds>
        </il.ac.technion.nlp.nli.core.method__call.NonPrimitiveArgument>
      </arguments>
      <entityIdOfObjectMethodIsInvokeOn>1</entityIdOfObjectMethodIsInvokeOn>
    </il.ac.technion.nlp.nli.core.method__call.MethodCall>
  </entry>
  <entry>
    <string>test-174</string>
    <il.ac.technion.nlp.nli.core.method__call.MethodCall>
      <methodId>
        <declaringClassCanonicalName>il.ac.technion.nlp.nli.dataset1.domains.container_management.entities.ContainerManagementSystem</declaringClassCanonicalName>
        <name>unloadContainers</name>
        <parameterClassNames>
          <string>java.util.Collection</string>
        </parameterClassNames>
      </methodId>
      <arguments>
        <il.ac.technion.nlp.nli.core.method__call.NonPrimitiveArgument>
          <nonPrimitiveEntityIds class="ofergivoli.olib.data_structures.set.SafeHashSet" serialization="custom">
            <unserializable-parents/>
            <set>
              <default/>
              <int>4</int>
              <float>0.75</float>
              <int>2</int>
              <string>4</string>
              <string>2</string>
            </set>
          </nonPrimitiveEntityIds>
        </il.ac.technion.nlp.nli.core.method__call.NonPrimitiveArgument>
      </arguments>
      <entityIdOfObjectMethodIsInvokeOn>1</entityIdOfObjectMethodIsInvokeOn>
    </il.ac.technion.nlp.nli.core.method__call.MethodCall>
  </entry>
  <entry>
    <string>test-295</string>
    <il.ac.technion.nlp.nli.core.method__call.MethodCall>
      <methodId>
        <declaringClassCanonicalName>il.ac.technion.nlp.nli.dataset1.domains.lighting_control.entities.LightingControlSystem</declaringClassCanonicalName>
        <name>turnLightOff</name>
        <parameterClassNames>
          <string>java.util.Collection</string>
        </parameterClassNames>
      </methodId>
      <arguments>
        <il.ac.technion.nlp.nli.core.method__call.NonPrimitiveArgument>
          <nonPrimitiveEntityIds class="ofergivoli.olib.data_structures.set.SafeHashSet" serialization="custom">
            <unserializable-parents/>
            <set>
              <default/>
              <int>4</int>
              <float>0.75</float>
              <int>2</int>
              <string>5</string>
              <string>6</string>
            </set>
          </nonPrimitiveEntityIds>
        </il.ac.technion.nlp.nli.core.method__call.NonPrimitiveArgument>
      </arguments>
      <entityIdOfObjectMethodIsInvokeOn>1</entityIdOfObjectMethodIsInvokeOn>
    </il.ac.technion.nlp.nli.core.method__call.MethodCall>
  </entry>
  <entry>
    <string>test-171</string>
    <il.ac.technion.nlp.nli.core.method__call.MethodCall>
      <methodId>
        <declaringClassCanonicalName>il.ac.technion.nlp.nli.dataset1.domains.workforce_management.entities.WorkforceManagementSystem</declaringClassCanonicalName>
        <name>assignEmployeesToNewManager</name>
        <parameterClassNames>
          <string>java.util.Collection</string>
          <string>il.ac.technion.nlp.nli.dataset1.domains.workforce_management.entities.Employee</string>
        </parameterClassNames>
      </methodId>
      <arguments>
        <il.ac.technion.nlp.nli.core.method__call.NonPrimitiveArgument>
          <nonPrimitiveEntityIds class="ofergivoli.olib.data_structures.set.SafeHashSet" serialization="custom">
            <unserializable-parents/>
            <set>
              <default/>
              <int>2</int>
              <float>0.75</float>
              <int>1</int>
              <string>4</string>
            </set>
          </nonPrimitiveEntityIds>
        </il.ac.technion.nlp.nli.core.method__call.NonPrimitiveArgument>
        <il.ac.technion.nlp.nli.core.method__call.NonPrimitiveArgument>
          <nonPrimitiveEntityIds class="ofergivoli.olib.data_structures.set.SafeHashSet" serialization="custom">
            <unserializable-parents/>
            <set>
              <default/>
              <int>2</int>
              <float>0.75</float>
              <int>1</int>
              <string>2</string>
            </set>
          </nonPrimitiveEntityIds>
        </il.ac.technion.nlp.nli.core.method__call.NonPrimitiveArgument>
      </arguments>
      <entityIdOfObjectMethodIsInvokeOn>1</entityIdOfObjectMethodIsInvokeOn>
    </il.ac.technion.nlp.nli.core.method__call.MethodCall>
  </entry>
  <entry>
    <string>test-292</string>
    <il.ac.technion.nlp.nli.core.method__call.MethodCall>
      <methodId>
        <declaringClassCanonicalName>il.ac.technion.nlp.nli.dataset1.domains.file_manager.entities.FileManager</declaringClassCanonicalName>
        <name>moveFiles</name>
        <parameterClassNames>
          <string>java.util.Collection</string>
          <string>il.ac.technion.nlp.nli.dataset1.domains.file_manager.entities.Directory</string>
        </parameterClassNames>
      </methodId>
      <arguments>
        <il.ac.technion.nlp.nli.core.method__call.NonPrimitiveArgument>
          <nonPrimitiveEntityIds class="ofergivoli.olib.data_structures.set.SafeHashSet" serialization="custom">
            <unserializable-parents/>
            <set>
              <default/>
              <int>4</int>
              <float>0.75</float>
              <int>2</int>
              <string>4</string>
              <string>5</string>
            </set>
          </nonPrimitiveEntityIds>
        </il.ac.technion.nlp.nli.core.method__call.NonPrimitiveArgument>
        <il.ac.technion.nlp.nli.core.method__call.NonPrimitiveArgument>
          <nonPrimitiveEntityIds class="ofergivoli.olib.data_structures.set.SafeHashSet" serialization="custom">
            <unserializable-parents/>
            <set>
              <default/>
              <int>2</int>
              <float>0.75</float>
              <int>1</int>
              <string>6</string>
            </set>
          </nonPrimitiveEntityIds>
        </il.ac.technion.nlp.nli.core.method__call.NonPrimitiveArgument>
      </arguments>
      <entityIdOfObjectMethodIsInvokeOn>1</entityIdOfObjectMethodIsInvokeOn>
    </il.ac.technion.nlp.nli.core.method__call.MethodCall>
  </entry>
  <entry>
    <string>test-172</string>
    <il.ac.technion.nlp.nli.core.method__call.MethodCall>
      <methodId>
        <declaringClassCanonicalName>il.ac.technion.nlp.nli.dataset1.domains.workforce_management.entities.WorkforceManagementSystem</declaringClassCanonicalName>
        <name>updateSalary</name>
        <parameterClassNames>
          <string>il.ac.technion.nlp.nli.dataset1.domains.workforce_management.entities.Employee</string>
          <string>int</string>
        </parameterClassNames>
      </methodId>
      <arguments>
        <il.ac.technion.nlp.nli.core.method__call.NonPrimitiveArgument>
          <nonPrimitiveEntityIds class="ofergivoli.olib.data_structures.set.SafeHashSet" serialization="custom">
            <unserializable-parents/>
            <set>
              <default/>
              <int>2</int>
              <float>0.75</float>
              <int>1</int>
              <string>3</string>
            </set>
          </nonPrimitiveEntityIds>
        </il.ac.technion.nlp.nli.core.method__call.NonPrimitiveArgument>
        <il.ac.technion.nlp.nli.core.method__call.PrimitiveArgument>
          <primitiveEntities class="list">
            <il.ac.technion.nlp.nli.core.state.PrimitiveEntity>
              <value class="int">50822</value>
            </il.ac.technion.nlp.nli.core.state.PrimitiveEntity>
          </primitiveEntities>
        </il.ac.technion.nlp.nli.core.method__call.PrimitiveArgument>
      </arguments>
      <entityIdOfObjectMethodIsInvokeOn>1</entityIdOfObjectMethodIsInvokeOn>
    </il.ac.technion.nlp.nli.core.method__call.MethodCall>
  </entry>
  <entry>
    <string>test-293</string>
    <il.ac.technion.nlp.nli.core.method__call.MethodCall>
      <methodId>
        <declaringClassCanonicalName>il.ac.technion.nlp.nli.dataset1.domains.lighting_control.entities.LightingControlSystem</declaringClassCanonicalName>
        <name>turnLightOff</name>
        <parameterClassNames>
          <string>java.util.Collection</string>
        </parameterClassNames>
      </methodId>
      <arguments>
        <il.ac.technion.nlp.nli.core.method__call.NonPrimitiveArgument>
          <nonPrimitiveEntityIds class="ofergivoli.olib.data_structures.set.SafeHashSet" serialization="custom">
            <unserializable-parents/>
            <set>
              <default/>
              <int>4</int>
              <float>0.75</float>
              <int>2</int>
              <string>4</string>
              <string>5</string>
            </set>
          </nonPrimitiveEntityIds>
        </il.ac.technion.nlp.nli.core.method__call.NonPrimitiveArgument>
      </arguments>
      <entityIdOfObjectMethodIsInvokeOn>1</entityIdOfObjectMethodIsInvokeOn>
    </il.ac.technion.nlp.nli.core.method__call.MethodCall>
  </entry>
  <entry>
    <string>test-177</string>
    <il.ac.technion.nlp.nli.core.method__call.MethodCall>
      <methodId>
        <declaringClassCanonicalName>il.ac.technion.nlp.nli.dataset1.domains.calendar.entities.Calendar</declaringClassCanonicalName>
        <name>removeEvents</name>
        <parameterClassNames>
          <string>java.util.Collection</string>
        </parameterClassNames>
      </methodId>
      <arguments>
        <il.ac.technion.nlp.nli.core.method__call.NonPrimitiveArgument>
          <nonPrimitiveEntityIds class="ofergivoli.olib.data_structures.set.SafeHashSet" serialization="custom">
            <unserializable-parents/>
            <set>
              <default/>
              <int>2</int>
              <float>0.75</float>
              <int>1</int>
              <string>5</string>
            </set>
          </nonPrimitiveEntityIds>
        </il.ac.technion.nlp.nli.core.method__call.NonPrimitiveArgument>
      </arguments>
      <entityIdOfObjectMethodIsInvokeOn>1</entityIdOfObjectMethodIsInvokeOn>
    </il.ac.technion.nlp.nli.core.method__call.MethodCall>
  </entry>
  <entry>
    <string>test-298</string>
    <il.ac.technion.nlp.nli.core.method__call.MethodCall>
      <methodId>
        <declaringClassCanonicalName>il.ac.technion.nlp.nli.dataset1.domains.calendar.entities.Calendar</declaringClassCanonicalName>
        <name>removeEvents</name>
        <parameterClassNames>
          <string>java.util.Collection</string>
        </parameterClassNames>
      </methodId>
      <arguments>
        <il.ac.technion.nlp.nli.core.method__call.NonPrimitiveArgument>
          <nonPrimitiveEntityIds class="ofergivoli.olib.data_structures.set.SafeHashSet" serialization="custom">
            <unserializable-parents/>
            <set>
              <default/>
              <int>2</int>
              <float>0.75</float>
              <int>1</int>
              <string>3</string>
            </set>
          </nonPrimitiveEntityIds>
        </il.ac.technion.nlp.nli.core.method__call.NonPrimitiveArgument>
      </arguments>
      <entityIdOfObjectMethodIsInvokeOn>1</entityIdOfObjectMethodIsInvokeOn>
    </il.ac.technion.nlp.nli.core.method__call.MethodCall>
  </entry>
  <entry>
    <string>test-178</string>
    <il.ac.technion.nlp.nli.core.method__call.MethodCall>
      <methodId>
        <declaringClassCanonicalName>il.ac.technion.nlp.nli.dataset1.domains.calendar.entities.Calendar</declaringClassCanonicalName>
        <name>setEventColor</name>
        <parameterClassNames>
          <string>java.util.Collection</string>
          <string>il.ac.technion.nlp.nli.core.state.entities.Color</string>
        </parameterClassNames>
      </methodId>
      <arguments>
        <il.ac.technion.nlp.nli.core.method__call.NonPrimitiveArgument>
          <nonPrimitiveEntityIds class="ofergivoli.olib.data_structures.set.SafeHashSet" serialization="custom">
            <unserializable-parents/>
            <set>
              <default/>
              <int>2</int>
              <float>0.75</float>
              <int>1</int>
              <string>6</string>
            </set>
          </nonPrimitiveEntityIds>
        </il.ac.technion.nlp.nli.core.method__call.NonPrimitiveArgument>
        <il.ac.technion.nlp.nli.core.method__call.PrimitiveArgument>
          <primitiveEntities class="list">
            <il.ac.technion.nlp.nli.core.state.PrimitiveEntity>
              <value class="il.ac.technion.nlp.nli.core.state.entities.Color">BLACK</value>
            </il.ac.technion.nlp.nli.core.state.PrimitiveEntity>
          </primitiveEntities>
        </il.ac.technion.nlp.nli.core.method__call.PrimitiveArgument>
      </arguments>
      <entityIdOfObjectMethodIsInvokeOn>1</entityIdOfObjectMethodIsInvokeOn>
    </il.ac.technion.nlp.nli.core.method__call.MethodCall>
  </entry>
  <entry>
    <string>test-299</string>
    <il.ac.technion.nlp.nli.core.method__call.MethodCall>
      <methodId>
        <declaringClassCanonicalName>il.ac.technion.nlp.nli.dataset1.domains.workforce_management.entities.WorkforceManagementSystem</declaringClassCanonicalName>
        <name>assignEmployeeToNewPosition</name>
        <parameterClassNames>
          <string>il.ac.technion.nlp.nli.dataset1.domains.workforce_management.entities.Employee</string>
          <string>il.ac.technion.nlp.nli.dataset1.domains.workforce_management.entities.Position</string>
        </parameterClassNames>
      </methodId>
      <arguments>
        <il.ac.technion.nlp.nli.core.method__call.NonPrimitiveArgument>
          <nonPrimitiveEntityIds class="ofergivoli.olib.data_structures.set.SafeHashSet" serialization="custom">
            <unserializable-parents/>
            <set>
              <default/>
              <int>2</int>
              <float>0.75</float>
              <int>1</int>
              <string>3</string>
            </set>
          </nonPrimitiveEntityIds>
        </il.ac.technion.nlp.nli.core.method__call.NonPrimitiveArgument>
        <il.ac.technion.nlp.nli.core.method__call.PrimitiveArgument>
          <primitiveEntities class="list">
            <il.ac.technion.nlp.nli.core.state.PrimitiveEntity>
              <value class="il.ac.technion.nlp.nli.dataset1.domains.workforce_management.entities.Position">QA</value>
            </il.ac.technion.nlp.nli.core.state.PrimitiveEntity>
          </primitiveEntities>
        </il.ac.technion.nlp.nli.core.method__call.PrimitiveArgument>
      </arguments>
      <entityIdOfObjectMethodIsInvokeOn>1</entityIdOfObjectMethodIsInvokeOn>
    </il.ac.technion.nlp.nli.core.method__call.MethodCall>
  </entry>
  <entry>
    <string>test-175</string>
    <il.ac.technion.nlp.nli.core.method__call.MethodCall>
      <methodId>
        <declaringClassCanonicalName>il.ac.technion.nlp.nli.dataset1.domains.lighting_control.entities.LightingControlSystem</declaringClassCanonicalName>
        <name>turnLightOff</name>
        <parameterClassNames>
          <string>java.util.Collection</string>
        </parameterClassNames>
      </methodId>
      <arguments>
        <il.ac.technion.nlp.nli.core.method__call.NonPrimitiveArgument>
          <nonPrimitiveEntityIds class="ofergivoli.olib.data_structures.set.SafeHashSet" serialization="custom">
            <unserializable-parents/>
            <set>
              <default/>
              <int>4</int>
              <float>0.75</float>
              <int>2</int>
              <string>4</string>
              <string>5</string>
            </set>
          </nonPrimitiveEntityIds>
        </il.ac.technion.nlp.nli.core.method__call.NonPrimitiveArgument>
      </arguments>
      <entityIdOfObjectMethodIsInvokeOn>1</entityIdOfObjectMethodIsInvokeOn>
    </il.ac.technion.nlp.nli.core.method__call.MethodCall>
  </entry>
  <entry>
    <string>test-296</string>
    <il.ac.technion.nlp.nli.core.method__call.MethodCall>
      <methodId>
        <declaringClassCanonicalName>il.ac.technion.nlp.nli.dataset1.domains.workforce_management.entities.WorkforceManagementSystem</declaringClassCanonicalName>
        <name>assignEmployeeToNewPosition</name>
        <parameterClassNames>
          <string>il.ac.technion.nlp.nli.dataset1.domains.workforce_management.entities.Employee</string>
          <string>il.ac.technion.nlp.nli.dataset1.domains.workforce_management.entities.Position</string>
        </parameterClassNames>
      </methodId>
      <arguments>
        <il.ac.technion.nlp.nli.core.method__call.NonPrimitiveArgument>
          <nonPrimitiveEntityIds class="ofergivoli.olib.data_structures.set.SafeHashSet" serialization="custom">
            <unserializable-parents/>
            <set>
              <default/>
              <int>2</int>
              <float>0.75</float>
              <int>1</int>
              <string>3</string>
            </set>
          </nonPrimitiveEntityIds>
        </il.ac.technion.nlp.nli.core.method__call.NonPrimitiveArgument>
        <il.ac.technion.nlp.nli.core.method__call.PrimitiveArgument>
          <primitiveEntities class="list">
            <il.ac.technion.nlp.nli.core.state.PrimitiveEntity>
              <value class="il.ac.technion.nlp.nli.dataset1.domains.workforce_management.entities.Position">MANAGER</value>
            </il.ac.technion.nlp.nli.core.state.PrimitiveEntity>
          </primitiveEntities>
        </il.ac.technion.nlp.nli.core.method__call.PrimitiveArgument>
      </arguments>
      <entityIdOfObjectMethodIsInvokeOn>1</entityIdOfObjectMethodIsInvokeOn>
    </il.ac.technion.nlp.nli.core.method__call.MethodCall>
  </entry>
  <entry>
    <string>test-176</string>
    <il.ac.technion.nlp.nli.core.method__call.MethodCall>
      <methodId>
        <declaringClassCanonicalName>il.ac.technion.nlp.nli.dataset1.domains.lighting_control.entities.LightingControlSystem</declaringClassCanonicalName>
        <name>turnLightOff</name>
        <parameterClassNames>
          <string>java.util.Collection</string>
        </parameterClassNames>
      </methodId>
      <arguments>
        <il.ac.technion.nlp.nli.core.method__call.NonPrimitiveArgument>
          <nonPrimitiveEntityIds class="ofergivoli.olib.data_structures.set.SafeHashSet" serialization="custom">
            <unserializable-parents/>
            <set>
              <default/>
              <int>4</int>
              <float>0.75</float>
              <int>2</int>
              <string>2</string>
              <string>3</string>
            </set>
          </nonPrimitiveEntityIds>
        </il.ac.technion.nlp.nli.core.method__call.NonPrimitiveArgument>
      </arguments>
      <entityIdOfObjectMethodIsInvokeOn>1</entityIdOfObjectMethodIsInvokeOn>
    </il.ac.technion.nlp.nli.core.method__call.MethodCall>
  </entry>
  <entry>
    <string>test-297</string>
    <il.ac.technion.nlp.nli.core.method__call.MethodCall>
      <methodId>
        <declaringClassCanonicalName>il.ac.technion.nlp.nli.dataset1.domains.messenger.Messenger</declaringClassCanonicalName>
        <name>deleteChatGroups</name>
        <parameterClassNames>
          <string>java.util.Collection</string>
        </parameterClassNames>
      </methodId>
      <arguments>
        <il.ac.technion.nlp.nli.core.method__call.NonPrimitiveArgument>
          <nonPrimitiveEntityIds class="ofergivoli.olib.data_structures.set.SafeHashSet" serialization="custom">
            <unserializable-parents/>
            <set>
              <default/>
              <int>4</int>
              <float>0.75</float>
              <int>3</int>
              <string>8</string>
              <string>7</string>
              <string>10</string>
            </set>
          </nonPrimitiveEntityIds>
        </il.ac.technion.nlp.nli.core.method__call.NonPrimitiveArgument>
      </arguments>
      <entityIdOfObjectMethodIsInvokeOn>1</entityIdOfObjectMethodIsInvokeOn>
    </il.ac.technion.nlp.nli.core.method__call.MethodCall>
  </entry>
  <entry>
    <string>test-179</string>
    <il.ac.technion.nlp.nli.core.method__call.MethodCall>
      <methodId>
        <declaringClassCanonicalName>il.ac.technion.nlp.nli.dataset1.domains.lighting_control.entities.LightingControlSystem</declaringClassCanonicalName>
        <name>turnLightOff</name>
        <parameterClassNames>
          <string>java.util.Collection</string>
        </parameterClassNames>
      </methodId>
      <arguments>
        <il.ac.technion.nlp.nli.core.method__call.NonPrimitiveArgument>
          <nonPrimitiveEntityIds class="ofergivoli.olib.data_structures.set.SafeHashSet" serialization="custom">
            <unserializable-parents/>
            <set>
              <default/>
              <int>8</int>
              <float>0.75</float>
              <int>4</int>
              <string>4</string>
              <string>5</string>
              <string>6</string>
              <string>7</string>
            </set>
          </nonPrimitiveEntityIds>
        </il.ac.technion.nlp.nli.core.method__call.NonPrimitiveArgument>
      </arguments>
      <entityIdOfObjectMethodIsInvokeOn>1</entityIdOfObjectMethodIsInvokeOn>
    </il.ac.technion.nlp.nli.core.method__call.MethodCall>
  </entry>
  <entry>
    <string>test-290</string>
    <il.ac.technion.nlp.nli.core.method__call.MethodCall>
      <methodId>
        <declaringClassCanonicalName>il.ac.technion.nlp.nli.dataset1.domains.calendar.entities.Calendar</declaringClassCanonicalName>
        <name>setEventColor</name>
        <parameterClassNames>
          <string>java.util.Collection</string>
          <string>il.ac.technion.nlp.nli.core.state.entities.Color</string>
        </parameterClassNames>
      </methodId>
      <arguments>
        <il.ac.technion.nlp.nli.core.method__call.NonPrimitiveArgument>
          <nonPrimitiveEntityIds class="ofergivoli.olib.data_structures.set.SafeHashSet" serialization="custom">
            <unserializable-parents/>
            <set>
              <default/>
              <int>4</int>
              <float>0.75</float>
              <int>3</int>
              <string>4</string>
              <string>2</string>
              <string>3</string>
            </set>
          </nonPrimitiveEntityIds>
        </il.ac.technion.nlp.nli.core.method__call.NonPrimitiveArgument>
        <il.ac.technion.nlp.nli.core.method__call.PrimitiveArgument>
          <primitiveEntities class="list">
            <il.ac.technion.nlp.nli.core.state.PrimitiveEntity>
              <value class="il.ac.technion.nlp.nli.core.state.entities.Color">GREEN</value>
            </il.ac.technion.nlp.nli.core.state.PrimitiveEntity>
          </primitiveEntities>
        </il.ac.technion.nlp.nli.core.method__call.PrimitiveArgument>
      </arguments>
      <entityIdOfObjectMethodIsInvokeOn>1</entityIdOfObjectMethodIsInvokeOn>
    </il.ac.technion.nlp.nli.core.method__call.MethodCall>
  </entry>
  <entry>
    <string>test-170</string>
    <il.ac.technion.nlp.nli.core.method__call.MethodCall>
      <methodId>
        <declaringClassCanonicalName>il.ac.technion.nlp.nli.dataset1.domains.list.entities.SpecialList</declaringClassCanonicalName>
        <name>moveToBeginning</name>
        <parameterClassNames>
          <string>il.ac.technion.nlp.nli.dataset1.domains.list.entities.ListElement</string>
        </parameterClassNames>
      </methodId>
      <arguments>
        <il.ac.technion.nlp.nli.core.method__call.NonPrimitiveArgument>
          <nonPrimitiveEntityIds class="ofergivoli.olib.data_structures.set.SafeHashSet" serialization="custom">
            <unserializable-parents/>
            <set>
              <default/>
              <int>2</int>
              <float>0.75</float>
              <int>1</int>
              <string>2</string>
            </set>
          </nonPrimitiveEntityIds>
        </il.ac.technion.nlp.nli.core.method__call.NonPrimitiveArgument>
      </arguments>
      <entityIdOfObjectMethodIsInvokeOn>1</entityIdOfObjectMethodIsInvokeOn>
    </il.ac.technion.nlp.nli.core.method__call.MethodCall>
  </entry>
  <entry>
    <string>test-291</string>
    <il.ac.technion.nlp.nli.core.method__call.MethodCall>
      <methodId>
        <declaringClassCanonicalName>il.ac.technion.nlp.nli.dataset1.domains.list.entities.SpecialList</declaringClassCanonicalName>
        <name>moveToEnd</name>
        <parameterClassNames>
          <string>il.ac.technion.nlp.nli.dataset1.domains.list.entities.ListElement</string>
        </parameterClassNames>
      </methodId>
      <arguments>
        <il.ac.technion.nlp.nli.core.method__call.NonPrimitiveArgument>
          <nonPrimitiveEntityIds class="ofergivoli.olib.data_structures.set.SafeHashSet" serialization="custom">
            <unserializable-parents/>
            <set>
              <default/>
              <int>2</int>
              <float>0.75</float>
              <int>1</int>
              <string>5</string>
            </set>
          </nonPrimitiveEntityIds>
        </il.ac.technion.nlp.nli.core.method__call.NonPrimitiveArgument>
      </arguments>
      <entityIdOfObjectMethodIsInvokeOn>1</entityIdOfObjectMethodIsInvokeOn>
    </il.ac.technion.nlp.nli.core.method__call.MethodCall>
  </entry>
  <entry>
    <string>test-184</string>
    <il.ac.technion.nlp.nli.core.method__call.MethodCall>
      <methodId>
        <declaringClassCanonicalName>il.ac.technion.nlp.nli.dataset1.domains.workforce_management.entities.WorkforceManagementSystem</declaringClassCanonicalName>
        <name>updateSalary</name>
        <parameterClassNames>
          <string>il.ac.technion.nlp.nli.dataset1.domains.workforce_management.entities.Employee</string>
          <string>int</string>
        </parameterClassNames>
      </methodId>
      <arguments>
        <il.ac.technion.nlp.nli.core.method__call.NonPrimitiveArgument>
          <nonPrimitiveEntityIds class="ofergivoli.olib.data_structures.set.SafeHashSet" serialization="custom">
            <unserializable-parents/>
            <set>
              <default/>
              <int>2</int>
              <float>0.75</float>
              <int>1</int>
              <string>2</string>
            </set>
          </nonPrimitiveEntityIds>
        </il.ac.technion.nlp.nli.core.method__call.NonPrimitiveArgument>
        <il.ac.technion.nlp.nli.core.method__call.PrimitiveArgument>
          <primitiveEntities class="list">
            <il.ac.technion.nlp.nli.core.state.PrimitiveEntity>
              <value class="int">83793</value>
            </il.ac.technion.nlp.nli.core.state.PrimitiveEntity>
          </primitiveEntities>
        </il.ac.technion.nlp.nli.core.method__call.PrimitiveArgument>
      </arguments>
      <entityIdOfObjectMethodIsInvokeOn>1</entityIdOfObjectMethodIsInvokeOn>
    </il.ac.technion.nlp.nli.core.method__call.MethodCall>
  </entry>
  <entry>
    <string>test-185</string>
    <il.ac.technion.nlp.nli.core.method__call.MethodCall>
      <methodId>
        <declaringClassCanonicalName>il.ac.technion.nlp.nli.dataset1.domains.file_manager.entities.FileManager</declaringClassCanonicalName>
        <name>removeFiles</name>
        <parameterClassNames>
          <string>java.util.Collection</string>
        </parameterClassNames>
      </methodId>
      <arguments>
        <il.ac.technion.nlp.nli.core.method__call.NonPrimitiveArgument>
          <nonPrimitiveEntityIds class="ofergivoli.olib.data_structures.set.SafeHashSet" serialization="custom">
            <unserializable-parents/>
            <set>
              <default/>
              <int>2</int>
              <float>0.75</float>
              <int>1</int>
              <string>6</string>
            </set>
          </nonPrimitiveEntityIds>
        </il.ac.technion.nlp.nli.core.method__call.NonPrimitiveArgument>
      </arguments>
      <entityIdOfObjectMethodIsInvokeOn>1</entityIdOfObjectMethodIsInvokeOn>
    </il.ac.technion.nlp.nli.core.method__call.MethodCall>
  </entry>
  <entry>
    <string>test-182</string>
    <il.ac.technion.nlp.nli.core.method__call.MethodCall>
      <methodId>
        <declaringClassCanonicalName>il.ac.technion.nlp.nli.dataset1.domains.container_management.entities.ContainerManagementSystem</declaringClassCanonicalName>
        <name>unloadContainers</name>
        <parameterClassNames>
          <string>java.util.Collection</string>
        </parameterClassNames>
      </methodId>
      <arguments>
        <il.ac.technion.nlp.nli.core.method__call.NonPrimitiveArgument>
          <nonPrimitiveEntityIds class="ofergivoli.olib.data_structures.set.SafeHashSet" serialization="custom">
            <unserializable-parents/>
            <set>
              <default/>
              <int>8</int>
              <float>0.75</float>
              <int>4</int>
              <string>2</string>
              <string>4</string>
              <string>5</string>
              <string>6</string>
            </set>
          </nonPrimitiveEntityIds>
        </il.ac.technion.nlp.nli.core.method__call.NonPrimitiveArgument>
      </arguments>
      <entityIdOfObjectMethodIsInvokeOn>1</entityIdOfObjectMethodIsInvokeOn>
    </il.ac.technion.nlp.nli.core.method__call.MethodCall>
  </entry>
  <entry>
    <string>test-183</string>
    <il.ac.technion.nlp.nli.core.method__call.MethodCall>
      <methodId>
        <declaringClassCanonicalName>il.ac.technion.nlp.nli.dataset1.domains.list.entities.SpecialList</declaringClassCanonicalName>
        <name>remove</name>
        <parameterClassNames>
          <string>java.util.Collection</string>
        </parameterClassNames>
      </methodId>
      <arguments>
        <il.ac.technion.nlp.nli.core.method__call.NonPrimitiveArgument>
          <nonPrimitiveEntityIds class="ofergivoli.olib.data_structures.set.SafeHashSet" serialization="custom">
            <unserializable-parents/>
            <set>
              <default/>
              <int>2</int>
              <float>0.75</float>
              <int>1</int>
              <string>4</string>
            </set>
          </nonPrimitiveEntityIds>
        </il.ac.technion.nlp.nli.core.method__call.NonPrimitiveArgument>
      </arguments>
      <entityIdOfObjectMethodIsInvokeOn>1</entityIdOfObjectMethodIsInvokeOn>
    </il.ac.technion.nlp.nli.core.method__call.MethodCall>
  </entry>
  <entry>
    <string>test-188</string>
    <il.ac.technion.nlp.nli.core.method__call.MethodCall>
      <methodId>
        <declaringClassCanonicalName>il.ac.technion.nlp.nli.dataset1.domains.lighting_control.entities.LightingControlSystem</declaringClassCanonicalName>
        <name>turnLightOff</name>
        <parameterClassNames>
          <string>java.util.Collection</string>
        </parameterClassNames>
      </methodId>
      <arguments>
        <il.ac.technion.nlp.nli.core.method__call.NonPrimitiveArgument>
          <nonPrimitiveEntityIds class="ofergivoli.olib.data_structures.set.SafeHashSet" serialization="custom">
            <unserializable-parents/>
            <set>
              <default/>
              <int>8</int>
              <float>0.75</float>
              <int>4</int>
              <string>4</string>
              <string>5</string>
              <string>6</string>
              <string>7</string>
            </set>
          </nonPrimitiveEntityIds>
        </il.ac.technion.nlp.nli.core.method__call.NonPrimitiveArgument>
      </arguments>
      <entityIdOfObjectMethodIsInvokeOn>1</entityIdOfObjectMethodIsInvokeOn>
    </il.ac.technion.nlp.nli.core.method__call.MethodCall>
  </entry>
  <entry>
    <string>test-189</string>
    <il.ac.technion.nlp.nli.core.method__call.MethodCall>
      <methodId>
        <declaringClassCanonicalName>il.ac.technion.nlp.nli.dataset1.domains.workforce_management.entities.WorkforceManagementSystem</declaringClassCanonicalName>
        <name>assignEmployeesToNewManager</name>
        <parameterClassNames>
          <string>java.util.Collection</string>
          <string>il.ac.technion.nlp.nli.dataset1.domains.workforce_management.entities.Employee</string>
        </parameterClassNames>
      </methodId>
      <arguments>
        <il.ac.technion.nlp.nli.core.method__call.NonPrimitiveArgument>
          <nonPrimitiveEntityIds class="ofergivoli.olib.data_structures.set.SafeHashSet" serialization="custom">
            <unserializable-parents/>
            <set>
              <default/>
              <int>4</int>
              <float>0.75</float>
              <int>2</int>
              <string>6</string>
              <string>3</string>
            </set>
          </nonPrimitiveEntityIds>
        </il.ac.technion.nlp.nli.core.method__call.NonPrimitiveArgument>
        <il.ac.technion.nlp.nli.core.method__call.NonPrimitiveArgument>
          <nonPrimitiveEntityIds class="ofergivoli.olib.data_structures.set.SafeHashSet" serialization="custom">
            <unserializable-parents/>
            <set>
              <default/>
              <int>2</int>
              <float>0.75</float>
              <int>1</int>
              <string>5</string>
            </set>
          </nonPrimitiveEntityIds>
        </il.ac.technion.nlp.nli.core.method__call.NonPrimitiveArgument>
      </arguments>
      <entityIdOfObjectMethodIsInvokeOn>1</entityIdOfObjectMethodIsInvokeOn>
    </il.ac.technion.nlp.nli.core.method__call.MethodCall>
  </entry>
  <entry>
    <string>test-186</string>
    <il.ac.technion.nlp.nli.core.method__call.MethodCall>
      <methodId>
        <declaringClassCanonicalName>il.ac.technion.nlp.nli.dataset1.domains.calendar.entities.Calendar</declaringClassCanonicalName>
        <name>removeEvents</name>
        <parameterClassNames>
          <string>java.util.Collection</string>
        </parameterClassNames>
      </methodId>
      <arguments>
        <il.ac.technion.nlp.nli.core.method__call.NonPrimitiveArgument>
          <nonPrimitiveEntityIds class="ofergivoli.olib.data_structures.set.SafeHashSet" serialization="custom">
            <unserializable-parents/>
            <set>
              <default/>
              <int>2</int>
              <float>0.75</float>
              <int>1</int>
              <string>3</string>
            </set>
          </nonPrimitiveEntityIds>
        </il.ac.technion.nlp.nli.core.method__call.NonPrimitiveArgument>
      </arguments>
      <entityIdOfObjectMethodIsInvokeOn>1</entityIdOfObjectMethodIsInvokeOn>
    </il.ac.technion.nlp.nli.core.method__call.MethodCall>
  </entry>
  <entry>
    <string>test-187</string>
    <il.ac.technion.nlp.nli.core.method__call.MethodCall>
      <methodId>
        <declaringClassCanonicalName>il.ac.technion.nlp.nli.dataset1.domains.messenger.Messenger</declaringClassCanonicalName>
        <name>unmuteChatGroups</name>
        <parameterClassNames>
          <string>java.util.Collection</string>
        </parameterClassNames>
      </methodId>
      <arguments>
        <il.ac.technion.nlp.nli.core.method__call.NonPrimitiveArgument>
          <nonPrimitiveEntityIds class="ofergivoli.olib.data_structures.set.SafeHashSet" serialization="custom">
            <unserializable-parents/>
            <set>
              <default/>
              <int>2</int>
              <float>0.75</float>
              <int>1</int>
              <string>10</string>
            </set>
          </nonPrimitiveEntityIds>
        </il.ac.technion.nlp.nli.core.method__call.NonPrimitiveArgument>
      </arguments>
      <entityIdOfObjectMethodIsInvokeOn>1</entityIdOfObjectMethodIsInvokeOn>
    </il.ac.technion.nlp.nli.core.method__call.MethodCall>
  </entry>
  <entry>
    <string>test-180</string>
    <il.ac.technion.nlp.nli.core.method__call.MethodCall>
      <methodId>
        <declaringClassCanonicalName>il.ac.technion.nlp.nli.dataset1.domains.messenger.Messenger</declaringClassCanonicalName>
        <name>unmuteChatGroups</name>
        <parameterClassNames>
          <string>java.util.Collection</string>
        </parameterClassNames>
      </methodId>
      <arguments>
        <il.ac.technion.nlp.nli.core.method__call.NonPrimitiveArgument>
          <nonPrimitiveEntityIds class="ofergivoli.olib.data_structures.set.SafeHashSet" serialization="custom">
            <unserializable-parents/>
            <set>
              <default/>
              <int>4</int>
              <float>0.75</float>
              <int>3</int>
              <string>11</string>
              <string>12</string>
              <string>14</string>
            </set>
          </nonPrimitiveEntityIds>
        </il.ac.technion.nlp.nli.core.method__call.NonPrimitiveArgument>
      </arguments>
      <entityIdOfObjectMethodIsInvokeOn>1</entityIdOfObjectMethodIsInvokeOn>
    </il.ac.technion.nlp.nli.core.method__call.MethodCall>
  </entry>
  <entry>
    <string>test-181</string>
    <il.ac.technion.nlp.nli.core.method__call.MethodCall>
      <methodId>
        <declaringClassCanonicalName>il.ac.technion.nlp.nli.dataset1.domains.lighting_control.entities.LightingControlSystem</declaringClassCanonicalName>
        <name>turnLightOff</name>
        <parameterClassNames>
          <string>java.util.Collection</string>
        </parameterClassNames>
      </methodId>
      <arguments>
        <il.ac.technion.nlp.nli.core.method__call.NonPrimitiveArgument>
          <nonPrimitiveEntityIds class="ofergivoli.olib.data_structures.set.SafeHashSet" serialization="custom">
            <unserializable-parents/>
            <set>
              <default/>
              <int>4</int>
              <float>0.75</float>
              <int>2</int>
              <string>4</string>
              <string>5</string>
            </set>
          </nonPrimitiveEntityIds>
        </il.ac.technion.nlp.nli.core.method__call.NonPrimitiveArgument>
      </arguments>
      <entityIdOfObjectMethodIsInvokeOn>1</entityIdOfObjectMethodIsInvokeOn>
    </il.ac.technion.nlp.nli.core.method__call.MethodCall>
  </entry>
  <entry>
    <string>test-195</string>
    <il.ac.technion.nlp.nli.core.method__call.MethodCall>
      <methodId>
        <declaringClassCanonicalName>il.ac.technion.nlp.nli.dataset1.domains.container_management.entities.ContainerManagementSystem</declaringClassCanonicalName>
        <name>removeContainers</name>
        <parameterClassNames>
          <string>java.util.Collection</string>
        </parameterClassNames>
      </methodId>
      <arguments>
        <il.ac.technion.nlp.nli.core.method__call.NonPrimitiveArgument>
          <nonPrimitiveEntityIds class="ofergivoli.olib.data_structures.set.SafeHashSet" serialization="custom">
            <unserializable-parents/>
            <set>
              <default/>
              <int>8</int>
              <float>0.75</float>
              <int>4</int>
              <string>2</string>
              <string>3</string>
              <string>5</string>
              <string>7</string>
            </set>
          </nonPrimitiveEntityIds>
        </il.ac.technion.nlp.nli.core.method__call.NonPrimitiveArgument>
      </arguments>
      <entityIdOfObjectMethodIsInvokeOn>1</entityIdOfObjectMethodIsInvokeOn>
    </il.ac.technion.nlp.nli.core.method__call.MethodCall>
  </entry>
  <entry>
    <string>test-196</string>
    <il.ac.technion.nlp.nli.core.method__call.MethodCall>
      <methodId>
        <declaringClassCanonicalName>il.ac.technion.nlp.nli.dataset1.domains.list.entities.SpecialList</declaringClassCanonicalName>
        <name>moveToEnd</name>
        <parameterClassNames>
          <string>il.ac.technion.nlp.nli.dataset1.domains.list.entities.ListElement</string>
        </parameterClassNames>
      </methodId>
      <arguments>
        <il.ac.technion.nlp.nli.core.method__call.NonPrimitiveArgument>
          <nonPrimitiveEntityIds class="ofergivoli.olib.data_structures.set.SafeHashSet" serialization="custom">
            <unserializable-parents/>
            <set>
              <default/>
              <int>2</int>
              <float>0.75</float>
              <int>1</int>
              <string>5</string>
            </set>
          </nonPrimitiveEntityIds>
        </il.ac.technion.nlp.nli.core.method__call.NonPrimitiveArgument>
      </arguments>
      <entityIdOfObjectMethodIsInvokeOn>1</entityIdOfObjectMethodIsInvokeOn>
    </il.ac.technion.nlp.nli.core.method__call.MethodCall>
  </entry>
  <entry>
    <string>test-193</string>
    <il.ac.technion.nlp.nli.core.method__call.MethodCall>
      <methodId>
        <declaringClassCanonicalName>il.ac.technion.nlp.nli.dataset1.domains.container_management.entities.ContainerManagementSystem</declaringClassCanonicalName>
        <name>loadContainers</name>
        <parameterClassNames>
          <string>java.util.Collection</string>
        </parameterClassNames>
      </methodId>
      <arguments>
        <il.ac.technion.nlp.nli.core.method__call.NonPrimitiveArgument>
          <nonPrimitiveEntityIds class="ofergivoli.olib.data_structures.set.SafeHashSet" serialization="custom">
            <unserializable-parents/>
            <set>
              <default/>
              <int>8</int>
              <float>0.75</float>
              <int>4</int>
              <string>2</string>
              <string>3</string>
              <string>4</string>
              <string>6</string>
            </set>
          </nonPrimitiveEntityIds>
        </il.ac.technion.nlp.nli.core.method__call.NonPrimitiveArgument>
      </arguments>
      <entityIdOfObjectMethodIsInvokeOn>1</entityIdOfObjectMethodIsInvokeOn>
    </il.ac.technion.nlp.nli.core.method__call.MethodCall>
  </entry>
  <entry>
    <string>test-194</string>
    <il.ac.technion.nlp.nli.core.method__call.MethodCall>
      <methodId>
        <declaringClassCanonicalName>il.ac.technion.nlp.nli.dataset1.domains.container_management.entities.ContainerManagementSystem</declaringClassCanonicalName>
        <name>unloadContainers</name>
        <parameterClassNames>
          <string>java.util.Collection</string>
        </parameterClassNames>
      </methodId>
      <arguments>
        <il.ac.technion.nlp.nli.core.method__call.NonPrimitiveArgument>
          <nonPrimitiveEntityIds class="ofergivoli.olib.data_structures.set.SafeHashSet" serialization="custom">
            <unserializable-parents/>
            <set>
              <default/>
              <int>2</int>
              <float>0.75</float>
              <int>1</int>
              <string>4</string>
            </set>
          </nonPrimitiveEntityIds>
        </il.ac.technion.nlp.nli.core.method__call.NonPrimitiveArgument>
      </arguments>
      <entityIdOfObjectMethodIsInvokeOn>1</entityIdOfObjectMethodIsInvokeOn>
    </il.ac.technion.nlp.nli.core.method__call.MethodCall>
  </entry>
  <entry>
    <string>test-199</string>
    <il.ac.technion.nlp.nli.core.method__call.MethodCall>
      <methodId>
        <declaringClassCanonicalName>il.ac.technion.nlp.nli.dataset1.domains.container_management.entities.ContainerManagementSystem</declaringClassCanonicalName>
        <name>unloadContainers</name>
        <parameterClassNames>
          <string>java.util.Collection</string>
        </parameterClassNames>
      </methodId>
      <arguments>
        <il.ac.technion.nlp.nli.core.method__call.NonPrimitiveArgument>
          <nonPrimitiveEntityIds class="ofergivoli.olib.data_structures.set.SafeHashSet" serialization="custom">
            <unserializable-parents/>
            <set>
              <default/>
              <int>4</int>
              <float>0.75</float>
              <int>2</int>
              <string>6</string>
              <string>7</string>
            </set>
          </nonPrimitiveEntityIds>
        </il.ac.technion.nlp.nli.core.method__call.NonPrimitiveArgument>
      </arguments>
      <entityIdOfObjectMethodIsInvokeOn>1</entityIdOfObjectMethodIsInvokeOn>
    </il.ac.technion.nlp.nli.core.method__call.MethodCall>
  </entry>
  <entry>
    <string>test-197</string>
    <il.ac.technion.nlp.nli.core.method__call.MethodCall>
      <methodId>
        <declaringClassCanonicalName>il.ac.technion.nlp.nli.dataset1.domains.messenger.Messenger</declaringClassCanonicalName>
        <name>muteChatGroups</name>
        <parameterClassNames>
          <string>java.util.Collection</string>
        </parameterClassNames>
      </methodId>
      <arguments>
        <il.ac.technion.nlp.nli.core.method__call.NonPrimitiveArgument>
          <nonPrimitiveEntityIds class="ofergivoli.olib.data_structures.set.SafeHashSet" serialization="custom">
            <unserializable-parents/>
            <set>
              <default/>
              <int>2</int>
              <float>0.75</float>
              <int>1</int>
              <string>11</string>
            </set>
          </nonPrimitiveEntityIds>
        </il.ac.technion.nlp.nli.core.method__call.NonPrimitiveArgument>
      </arguments>
      <entityIdOfObjectMethodIsInvokeOn>1</entityIdOfObjectMethodIsInvokeOn>
    </il.ac.technion.nlp.nli.core.method__call.MethodCall>
  </entry>
  <entry>
    <string>test-198</string>
    <il.ac.technion.nlp.nli.core.method__call.MethodCall>
      <methodId>
        <declaringClassCanonicalName>il.ac.technion.nlp.nli.dataset1.domains.file_manager.entities.FileManager</declaringClassCanonicalName>
        <name>removeFiles</name>
        <parameterClassNames>
          <string>java.util.Collection</string>
        </parameterClassNames>
      </methodId>
      <arguments>
        <il.ac.technion.nlp.nli.core.method__call.NonPrimitiveArgument>
          <nonPrimitiveEntityIds class="ofergivoli.olib.data_structures.set.SafeHashSet" serialization="custom">
            <unserializable-parents/>
            <set>
              <default/>
              <int>2</int>
              <float>0.75</float>
              <int>1</int>
              <string>6</string>
            </set>
          </nonPrimitiveEntityIds>
        </il.ac.technion.nlp.nli.core.method__call.NonPrimitiveArgument>
      </arguments>
      <entityIdOfObjectMethodIsInvokeOn>1</entityIdOfObjectMethodIsInvokeOn>
    </il.ac.technion.nlp.nli.core.method__call.MethodCall>
  </entry>
  <entry>
    <string>test-191</string>
    <il.ac.technion.nlp.nli.core.method__call.MethodCall>
      <methodId>
        <declaringClassCanonicalName>il.ac.technion.nlp.nli.dataset1.domains.file_manager.entities.FileManager</declaringClassCanonicalName>
        <name>removeFiles</name>
        <parameterClassNames>
          <string>java.util.Collection</string>
        </parameterClassNames>
      </methodId>
      <arguments>
        <il.ac.technion.nlp.nli.core.method__call.NonPrimitiveArgument>
          <nonPrimitiveEntityIds class="ofergivoli.olib.data_structures.set.SafeHashSet" serialization="custom">
            <unserializable-parents/>
            <set>
              <default/>
              <int>2</int>
              <float>0.75</float>
              <int>1</int>
              <string>6</string>
            </set>
          </nonPrimitiveEntityIds>
        </il.ac.technion.nlp.nli.core.method__call.NonPrimitiveArgument>
      </arguments>
      <entityIdOfObjectMethodIsInvokeOn>1</entityIdOfObjectMethodIsInvokeOn>
    </il.ac.technion.nlp.nli.core.method__call.MethodCall>
  </entry>
  <entry>
    <string>test-192</string>
    <il.ac.technion.nlp.nli.core.method__call.MethodCall>
      <methodId>
        <declaringClassCanonicalName>il.ac.technion.nlp.nli.dataset1.domains.workforce_management.entities.WorkforceManagementSystem</declaringClassCanonicalName>
        <name>assignEmployeeToNewPosition</name>
        <parameterClassNames>
          <string>il.ac.technion.nlp.nli.dataset1.domains.workforce_management.entities.Employee</string>
          <string>il.ac.technion.nlp.nli.dataset1.domains.workforce_management.entities.Position</string>
        </parameterClassNames>
      </methodId>
      <arguments>
        <il.ac.technion.nlp.nli.core.method__call.NonPrimitiveArgument>
          <nonPrimitiveEntityIds class="ofergivoli.olib.data_structures.set.SafeHashSet" serialization="custom">
            <unserializable-parents/>
            <set>
              <default/>
              <int>2</int>
              <float>0.75</float>
              <int>1</int>
              <string>5</string>
            </set>
          </nonPrimitiveEntityIds>
        </il.ac.technion.nlp.nli.core.method__call.NonPrimitiveArgument>
        <il.ac.technion.nlp.nli.core.method__call.PrimitiveArgument>
          <primitiveEntities class="list">
            <il.ac.technion.nlp.nli.core.state.PrimitiveEntity>
              <value class="il.ac.technion.nlp.nli.dataset1.domains.workforce_management.entities.Position">MANAGER</value>
            </il.ac.technion.nlp.nli.core.state.PrimitiveEntity>
          </primitiveEntities>
        </il.ac.technion.nlp.nli.core.method__call.PrimitiveArgument>
      </arguments>
      <entityIdOfObjectMethodIsInvokeOn>1</entityIdOfObjectMethodIsInvokeOn>
    </il.ac.technion.nlp.nli.core.method__call.MethodCall>
  </entry>
  <entry>
    <string>test-190</string>
    <il.ac.technion.nlp.nli.core.method__call.MethodCall>
      <methodId>
        <declaringClassCanonicalName>il.ac.technion.nlp.nli.dataset1.domains.messenger.Messenger</declaringClassCanonicalName>
        <name>deleteChatGroups</name>
        <parameterClassNames>
          <string>java.util.Collection</string>
        </parameterClassNames>
      </methodId>
      <arguments>
        <il.ac.technion.nlp.nli.core.method__call.NonPrimitiveArgument>
          <nonPrimitiveEntityIds class="ofergivoli.olib.data_structures.set.SafeHashSet" serialization="custom">
            <unserializable-parents/>
            <set>
              <default/>
              <int>2</int>
              <float>0.75</float>
              <int>1</int>
              <string>13</string>
            </set>
          </nonPrimitiveEntityIds>
        </il.ac.technion.nlp.nli.core.method__call.NonPrimitiveArgument>
      </arguments>
      <entityIdOfObjectMethodIsInvokeOn>1</entityIdOfObjectMethodIsInvokeOn>
    </il.ac.technion.nlp.nli.core.method__call.MethodCall>
  </entry>
  <entry>
    <string>test-94</string>
    <il.ac.technion.nlp.nli.core.method__call.MethodCall>
      <methodId>
        <declaringClassCanonicalName>il.ac.technion.nlp.nli.dataset1.domains.container_management.entities.ContainerManagementSystem</declaringClassCanonicalName>
        <name>loadContainers</name>
        <parameterClassNames>
          <string>java.util.Collection</string>
        </parameterClassNames>
      </methodId>
      <arguments>
        <il.ac.technion.nlp.nli.core.method__call.NonPrimitiveArgument>
          <nonPrimitiveEntityIds class="ofergivoli.olib.data_structures.set.SafeHashSet" serialization="custom">
            <unserializable-parents/>
            <set>
              <default/>
              <int>4</int>
              <float>0.75</float>
              <int>2</int>
              <string>2</string>
              <string>3</string>
            </set>
          </nonPrimitiveEntityIds>
        </il.ac.technion.nlp.nli.core.method__call.NonPrimitiveArgument>
      </arguments>
      <entityIdOfObjectMethodIsInvokeOn>1</entityIdOfObjectMethodIsInvokeOn>
    </il.ac.technion.nlp.nli.core.method__call.MethodCall>
  </entry>
  <entry>
    <string>test-250</string>
    <il.ac.technion.nlp.nli.core.method__call.MethodCall>
      <methodId>
        <declaringClassCanonicalName>il.ac.technion.nlp.nli.dataset1.domains.file_manager.entities.FileManager</declaringClassCanonicalName>
        <name>moveFiles</name>
        <parameterClassNames>
          <string>java.util.Collection</string>
          <string>il.ac.technion.nlp.nli.dataset1.domains.file_manager.entities.Directory</string>
        </parameterClassNames>
      </methodId>
      <arguments>
        <il.ac.technion.nlp.nli.core.method__call.NonPrimitiveArgument>
          <nonPrimitiveEntityIds class="ofergivoli.olib.data_structures.set.SafeHashSet" serialization="custom">
            <unserializable-parents/>
            <set>
              <default/>
              <int>4</int>
              <float>0.75</float>
              <int>2</int>
              <string>8</string>
              <string>9</string>
            </set>
          </nonPrimitiveEntityIds>
        </il.ac.technion.nlp.nli.core.method__call.NonPrimitiveArgument>
        <il.ac.technion.nlp.nli.core.method__call.NonPrimitiveArgument>
          <nonPrimitiveEntityIds class="ofergivoli.olib.data_structures.set.SafeHashSet" serialization="custom">
            <unserializable-parents/>
            <set>
              <default/>
              <int>2</int>
              <float>0.75</float>
              <int>1</int>
              <string>3</string>
            </set>
          </nonPrimitiveEntityIds>
        </il.ac.technion.nlp.nli.core.method__call.NonPrimitiveArgument>
      </arguments>
      <entityIdOfObjectMethodIsInvokeOn>1</entityIdOfObjectMethodIsInvokeOn>
    </il.ac.technion.nlp.nli.core.method__call.MethodCall>
  </entry>
  <entry>
    <string>test-371</string>
    <il.ac.technion.nlp.nli.core.method__call.MethodCall>
      <methodId>
        <declaringClassCanonicalName>il.ac.technion.nlp.nli.dataset1.domains.list.entities.SpecialList</declaringClassCanonicalName>
        <name>moveToBeginning</name>
        <parameterClassNames>
          <string>il.ac.technion.nlp.nli.dataset1.domains.list.entities.ListElement</string>
        </parameterClassNames>
      </methodId>
      <arguments>
        <il.ac.technion.nlp.nli.core.method__call.NonPrimitiveArgument>
          <nonPrimitiveEntityIds class="ofergivoli.olib.data_structures.set.SafeHashSet" serialization="custom">
            <unserializable-parents/>
            <set>
              <default/>
              <int>2</int>
              <float>0.75</float>
              <int>1</int>
              <string>6</string>
            </set>
          </nonPrimitiveEntityIds>
        </il.ac.technion.nlp.nli.core.method__call.NonPrimitiveArgument>
      </arguments>
      <entityIdOfObjectMethodIsInvokeOn>1</entityIdOfObjectMethodIsInvokeOn>
    </il.ac.technion.nlp.nli.core.method__call.MethodCall>
  </entry>
  <entry>
    <string>test-492</string>
    <il.ac.technion.nlp.nli.core.method__call.MethodCall>
      <methodId>
        <declaringClassCanonicalName>il.ac.technion.nlp.nli.dataset1.domains.messenger.Messenger</declaringClassCanonicalName>
        <name>createChatGroup</name>
        <parameterClassNames>
          <string>java.util.Collection</string>
        </parameterClassNames>
      </methodId>
      <arguments>
        <il.ac.technion.nlp.nli.core.method__call.NonPrimitiveArgument>
          <nonPrimitiveEntityIds class="ofergivoli.olib.data_structures.set.SafeHashSet" serialization="custom">
            <unserializable-parents/>
            <set>
              <default/>
              <int>4</int>
              <float>0.75</float>
              <int>3</int>
              <string>4</string>
              <string>6</string>
              <string>3</string>
            </set>
          </nonPrimitiveEntityIds>
        </il.ac.technion.nlp.nli.core.method__call.NonPrimitiveArgument>
      </arguments>
      <entityIdOfObjectMethodIsInvokeOn>1</entityIdOfObjectMethodIsInvokeOn>
    </il.ac.technion.nlp.nli.core.method__call.MethodCall>
  </entry>
  <entry>
    <string>test-95</string>
    <il.ac.technion.nlp.nli.core.method__call.MethodCall>
      <methodId>
        <declaringClassCanonicalName>il.ac.technion.nlp.nli.dataset1.domains.lighting_control.entities.LightingControlSystem</declaringClassCanonicalName>
        <name>turnLightOn</name>
        <parameterClassNames>
          <string>java.util.Collection</string>
        </parameterClassNames>
      </methodId>
      <arguments>
        <il.ac.technion.nlp.nli.core.method__call.NonPrimitiveArgument>
          <nonPrimitiveEntityIds class="ofergivoli.olib.data_structures.set.SafeHashSet" serialization="custom">
            <unserializable-parents/>
            <set>
              <default/>
              <int>4</int>
              <float>0.75</float>
              <int>3</int>
              <string>11</string>
              <string>12</string>
              <string>10</string>
            </set>
          </nonPrimitiveEntityIds>
        </il.ac.technion.nlp.nli.core.method__call.NonPrimitiveArgument>
      </arguments>
      <entityIdOfObjectMethodIsInvokeOn>1</entityIdOfObjectMethodIsInvokeOn>
    </il.ac.technion.nlp.nli.core.method__call.MethodCall>
  </entry>
  <entry>
    <string>test-130</string>
    <il.ac.technion.nlp.nli.core.method__call.MethodCall>
      <methodId>
        <declaringClassCanonicalName>il.ac.technion.nlp.nli.dataset1.domains.workforce_management.entities.WorkforceManagementSystem</declaringClassCanonicalName>
        <name>assignEmployeesToNewManager</name>
        <parameterClassNames>
          <string>java.util.Collection</string>
          <string>il.ac.technion.nlp.nli.dataset1.domains.workforce_management.entities.Employee</string>
        </parameterClassNames>
      </methodId>
      <arguments>
        <il.ac.technion.nlp.nli.core.method__call.NonPrimitiveArgument>
          <nonPrimitiveEntityIds class="ofergivoli.olib.data_structures.set.SafeHashSet" serialization="custom">
            <unserializable-parents/>
            <set>
              <default/>
              <int>2</int>
              <float>0.75</float>
              <int>1</int>
              <string>5</string>
            </set>
          </nonPrimitiveEntityIds>
        </il.ac.technion.nlp.nli.core.method__call.NonPrimitiveArgument>
        <il.ac.technion.nlp.nli.core.method__call.NonPrimitiveArgument>
          <nonPrimitiveEntityIds class="ofergivoli.olib.data_structures.set.SafeHashSet" serialization="custom">
            <unserializable-parents/>
            <set>
              <default/>
              <int>2</int>
              <float>0.75</float>
              <int>1</int>
              <string>4</string>
            </set>
          </nonPrimitiveEntityIds>
        </il.ac.technion.nlp.nli.core.method__call.NonPrimitiveArgument>
      </arguments>
      <entityIdOfObjectMethodIsInvokeOn>1</entityIdOfObjectMethodIsInvokeOn>
    </il.ac.technion.nlp.nli.core.method__call.MethodCall>
  </entry>
  <entry>
    <string>test-251</string>
    <il.ac.technion.nlp.nli.core.method__call.MethodCall>
      <methodId>
        <declaringClassCanonicalName>il.ac.technion.nlp.nli.dataset1.domains.messenger.Messenger</declaringClassCanonicalName>
        <name>muteChatGroups</name>
        <parameterClassNames>
          <string>java.util.Collection</string>
        </parameterClassNames>
      </methodId>
      <arguments>
        <il.ac.technion.nlp.nli.core.method__call.NonPrimitiveArgument>
          <nonPrimitiveEntityIds class="ofergivoli.olib.data_structures.set.SafeHashSet" serialization="custom">
            <unserializable-parents/>
            <set>
              <default/>
              <int>2</int>
              <float>0.75</float>
              <int>1</int>
              <string>11</string>
            </set>
          </nonPrimitiveEntityIds>
        </il.ac.technion.nlp.nli.core.method__call.NonPrimitiveArgument>
      </arguments>
      <entityIdOfObjectMethodIsInvokeOn>1</entityIdOfObjectMethodIsInvokeOn>
    </il.ac.technion.nlp.nli.core.method__call.MethodCall>
  </entry>
  <entry>
    <string>test-372</string>
    <il.ac.technion.nlp.nli.core.method__call.MethodCall>
      <methodId>
        <declaringClassCanonicalName>il.ac.technion.nlp.nli.dataset1.domains.file_manager.entities.FileManager</declaringClassCanonicalName>
        <name>removeFiles</name>
        <parameterClassNames>
          <string>java.util.Collection</string>
        </parameterClassNames>
      </methodId>
      <arguments>
        <il.ac.technion.nlp.nli.core.method__call.NonPrimitiveArgument>
          <nonPrimitiveEntityIds class="ofergivoli.olib.data_structures.set.SafeHashSet" serialization="custom">
            <unserializable-parents/>
            <set>
              <default/>
              <int>4</int>
              <float>0.75</float>
              <int>3</int>
              <string>4</string>
              <string>6</string>
              <string>7</string>
            </set>
          </nonPrimitiveEntityIds>
        </il.ac.technion.nlp.nli.core.method__call.NonPrimitiveArgument>
      </arguments>
      <entityIdOfObjectMethodIsInvokeOn>1</entityIdOfObjectMethodIsInvokeOn>
    </il.ac.technion.nlp.nli.core.method__call.MethodCall>
  </entry>
  <entry>
    <string>test-493</string>
    <il.ac.technion.nlp.nli.core.method__call.MethodCall>
      <methodId>
        <declaringClassCanonicalName>il.ac.technion.nlp.nli.dataset1.domains.messenger.Messenger</declaringClassCanonicalName>
        <name>muteChatGroups</name>
        <parameterClassNames>
          <string>java.util.Collection</string>
        </parameterClassNames>
      </methodId>
      <arguments>
        <il.ac.technion.nlp.nli.core.method__call.NonPrimitiveArgument>
          <nonPrimitiveEntityIds class="ofergivoli.olib.data_structures.set.SafeHashSet" serialization="custom">
            <unserializable-parents/>
            <set>
              <default/>
              <int>4</int>
              <float>0.75</float>
              <int>2</int>
              <string>12</string>
              <string>13</string>
            </set>
          </nonPrimitiveEntityIds>
        </il.ac.technion.nlp.nli.core.method__call.NonPrimitiveArgument>
      </arguments>
      <entityIdOfObjectMethodIsInvokeOn>1</entityIdOfObjectMethodIsInvokeOn>
    </il.ac.technion.nlp.nli.core.method__call.MethodCall>
  </entry>
  <entry>
    <string>test-92</string>
    <il.ac.technion.nlp.nli.core.method__call.MethodCall>
      <methodId>
        <declaringClassCanonicalName>il.ac.technion.nlp.nli.dataset1.domains.messenger.Messenger</declaringClassCanonicalName>
        <name>deleteChatGroups</name>
        <parameterClassNames>
          <string>java.util.Collection</string>
        </parameterClassNames>
      </methodId>
      <arguments>
        <il.ac.technion.nlp.nli.core.method__call.NonPrimitiveArgument>
          <nonPrimitiveEntityIds class="ofergivoli.olib.data_structures.set.SafeHashSet" serialization="custom">
            <unserializable-parents/>
            <set>
              <default/>
              <int>2</int>
              <float>0.75</float>
              <int>1</int>
              <string>12</string>
            </set>
          </nonPrimitiveEntityIds>
        </il.ac.technion.nlp.nli.core.method__call.NonPrimitiveArgument>
      </arguments>
      <entityIdOfObjectMethodIsInvokeOn>1</entityIdOfObjectMethodIsInvokeOn>
    </il.ac.technion.nlp.nli.core.method__call.MethodCall>
  </entry>
  <entry>
    <string>test-490</string>
    <il.ac.technion.nlp.nli.core.method__call.MethodCall>
      <methodId>
        <declaringClassCanonicalName>il.ac.technion.nlp.nli.dataset1.domains.messenger.Messenger</declaringClassCanonicalName>
        <name>muteChatGroups</name>
        <parameterClassNames>
          <string>java.util.Collection</string>
        </parameterClassNames>
      </methodId>
      <arguments>
        <il.ac.technion.nlp.nli.core.method__call.NonPrimitiveArgument>
          <nonPrimitiveEntityIds class="ofergivoli.olib.data_structures.set.SafeHashSet" serialization="custom">
            <unserializable-parents/>
            <set>
              <default/>
              <int>4</int>
              <float>0.75</float>
              <int>3</int>
              <string>15</string>
              <string>12</string>
              <string>13</string>
            </set>
          </nonPrimitiveEntityIds>
        </il.ac.technion.nlp.nli.core.method__call.NonPrimitiveArgument>
      </arguments>
      <entityIdOfObjectMethodIsInvokeOn>1</entityIdOfObjectMethodIsInvokeOn>
    </il.ac.technion.nlp.nli.core.method__call.MethodCall>
  </entry>
  <entry>
    <string>test-93</string>
    <il.ac.technion.nlp.nli.core.method__call.MethodCall>
      <methodId>
        <declaringClassCanonicalName>il.ac.technion.nlp.nli.dataset1.domains.workforce_management.entities.WorkforceManagementSystem</declaringClassCanonicalName>
        <name>assignEmployeeToNewPosition</name>
        <parameterClassNames>
          <string>il.ac.technion.nlp.nli.dataset1.domains.workforce_management.entities.Employee</string>
          <string>il.ac.technion.nlp.nli.dataset1.domains.workforce_management.entities.Position</string>
        </parameterClassNames>
      </methodId>
      <arguments>
        <il.ac.technion.nlp.nli.core.method__call.NonPrimitiveArgument>
          <nonPrimitiveEntityIds class="ofergivoli.olib.data_structures.set.SafeHashSet" serialization="custom">
            <unserializable-parents/>
            <set>
              <default/>
              <int>2</int>
              <float>0.75</float>
              <int>1</int>
              <string>2</string>
            </set>
          </nonPrimitiveEntityIds>
        </il.ac.technion.nlp.nli.core.method__call.NonPrimitiveArgument>
        <il.ac.technion.nlp.nli.core.method__call.PrimitiveArgument>
          <primitiveEntities class="list">
            <il.ac.technion.nlp.nli.core.state.PrimitiveEntity>
              <value class="il.ac.technion.nlp.nli.dataset1.domains.workforce_management.entities.Position">DEVELOPER</value>
            </il.ac.technion.nlp.nli.core.state.PrimitiveEntity>
          </primitiveEntities>
        </il.ac.technion.nlp.nli.core.method__call.PrimitiveArgument>
      </arguments>
      <entityIdOfObjectMethodIsInvokeOn>1</entityIdOfObjectMethodIsInvokeOn>
    </il.ac.technion.nlp.nli.core.method__call.MethodCall>
  </entry>
  <entry>
    <string>test-370</string>
    <il.ac.technion.nlp.nli.core.method__call.MethodCall>
      <methodId>
        <declaringClassCanonicalName>il.ac.technion.nlp.nli.dataset1.domains.workforce_management.entities.WorkforceManagementSystem</declaringClassCanonicalName>
        <name>fireEmployees</name>
        <parameterClassNames>
          <string>java.util.Collection</string>
        </parameterClassNames>
      </methodId>
      <arguments>
        <il.ac.technion.nlp.nli.core.method__call.NonPrimitiveArgument>
          <nonPrimitiveEntityIds class="ofergivoli.olib.data_structures.set.SafeHashSet" serialization="custom">
            <unserializable-parents/>
            <set>
              <default/>
              <int>4</int>
              <float>0.75</float>
              <int>2</int>
              <string>5</string>
              <string>6</string>
            </set>
          </nonPrimitiveEntityIds>
        </il.ac.technion.nlp.nli.core.method__call.NonPrimitiveArgument>
      </arguments>
      <entityIdOfObjectMethodIsInvokeOn>1</entityIdOfObjectMethodIsInvokeOn>
    </il.ac.technion.nlp.nli.core.method__call.MethodCall>
  </entry>
  <entry>
    <string>test-491</string>
    <il.ac.technion.nlp.nli.core.method__call.MethodCall>
      <methodId>
        <declaringClassCanonicalName>il.ac.technion.nlp.nli.dataset1.domains.lighting_control.entities.LightingControlSystem</declaringClassCanonicalName>
        <name>turnLightOff</name>
        <parameterClassNames>
          <string>java.util.Collection</string>
        </parameterClassNames>
      </methodId>
      <arguments>
        <il.ac.technion.nlp.nli.core.method__call.NonPrimitiveArgument>
          <nonPrimitiveEntityIds class="ofergivoli.olib.data_structures.set.SafeHashSet" serialization="custom">
            <unserializable-parents/>
            <set>
              <default/>
              <int>8</int>
              <float>0.75</float>
              <int>5</int>
              <string>2</string>
              <string>3</string>
              <string>4</string>
              <string>5</string>
              <string>6</string>
            </set>
          </nonPrimitiveEntityIds>
        </il.ac.technion.nlp.nli.core.method__call.NonPrimitiveArgument>
      </arguments>
      <entityIdOfObjectMethodIsInvokeOn>1</entityIdOfObjectMethodIsInvokeOn>
    </il.ac.technion.nlp.nli.core.method__call.MethodCall>
  </entry>
  <entry>
    <string>test-90</string>
    <il.ac.technion.nlp.nli.core.method__call.MethodCall>
      <methodId>
        <declaringClassCanonicalName>il.ac.technion.nlp.nli.dataset1.domains.lighting_control.entities.LightingControlSystem</declaringClassCanonicalName>
        <name>turnLightOff</name>
        <parameterClassNames>
          <string>java.util.Collection</string>
        </parameterClassNames>
      </methodId>
      <arguments>
        <il.ac.technion.nlp.nli.core.method__call.NonPrimitiveArgument>
          <nonPrimitiveEntityIds class="ofergivoli.olib.data_structures.set.SafeHashSet" serialization="custom">
            <unserializable-parents/>
            <set>
              <default/>
              <int>8</int>
              <float>0.75</float>
              <int>4</int>
              <string>8</string>
              <string>5</string>
              <string>6</string>
              <string>7</string>
            </set>
          </nonPrimitiveEntityIds>
        </il.ac.technion.nlp.nli.core.method__call.NonPrimitiveArgument>
      </arguments>
      <entityIdOfObjectMethodIsInvokeOn>1</entityIdOfObjectMethodIsInvokeOn>
    </il.ac.technion.nlp.nli.core.method__call.MethodCall>
  </entry>
  <entry>
    <string>test-133</string>
    <il.ac.technion.nlp.nli.core.method__call.MethodCall>
      <methodId>
        <declaringClassCanonicalName>il.ac.technion.nlp.nli.dataset1.domains.workforce_management.entities.WorkforceManagementSystem</declaringClassCanonicalName>
        <name>assignEmployeesToNewManager</name>
        <parameterClassNames>
          <string>java.util.Collection</string>
          <string>il.ac.technion.nlp.nli.dataset1.domains.workforce_management.entities.Employee</string>
        </parameterClassNames>
      </methodId>
      <arguments>
        <il.ac.technion.nlp.nli.core.method__call.NonPrimitiveArgument>
          <nonPrimitiveEntityIds class="ofergivoli.olib.data_structures.set.SafeHashSet" serialization="custom">
            <unserializable-parents/>
            <set>
              <default/>
              <int>2</int>
              <float>0.75</float>
              <int>1</int>
              <string>6</string>
            </set>
          </nonPrimitiveEntityIds>
        </il.ac.technion.nlp.nli.core.method__call.NonPrimitiveArgument>
        <il.ac.technion.nlp.nli.core.method__call.NonPrimitiveArgument>
          <nonPrimitiveEntityIds class="ofergivoli.olib.data_structures.set.SafeHashSet" serialization="custom">
            <unserializable-parents/>
            <set>
              <default/>
              <int>2</int>
              <float>0.75</float>
              <int>1</int>
              <string>5</string>
            </set>
          </nonPrimitiveEntityIds>
        </il.ac.technion.nlp.nli.core.method__call.NonPrimitiveArgument>
      </arguments>
      <entityIdOfObjectMethodIsInvokeOn>1</entityIdOfObjectMethodIsInvokeOn>
    </il.ac.technion.nlp.nli.core.method__call.MethodCall>
  </entry>
  <entry>
    <string>test-254</string>
    <il.ac.technion.nlp.nli.core.method__call.MethodCall>
      <methodId>
        <declaringClassCanonicalName>il.ac.technion.nlp.nli.dataset1.domains.container_management.entities.ContainerManagementSystem</declaringClassCanonicalName>
        <name>loadContainers</name>
        <parameterClassNames>
          <string>java.util.Collection</string>
        </parameterClassNames>
      </methodId>
      <arguments>
        <il.ac.technion.nlp.nli.core.method__call.NonPrimitiveArgument>
          <nonPrimitiveEntityIds class="ofergivoli.olib.data_structures.set.SafeHashSet" serialization="custom">
            <unserializable-parents/>
            <set>
              <default/>
              <int>4</int>
              <float>0.75</float>
              <int>2</int>
              <string>4</string>
              <string>3</string>
            </set>
          </nonPrimitiveEntityIds>
        </il.ac.technion.nlp.nli.core.method__call.NonPrimitiveArgument>
      </arguments>
      <entityIdOfObjectMethodIsInvokeOn>1</entityIdOfObjectMethodIsInvokeOn>
    </il.ac.technion.nlp.nli.core.method__call.MethodCall>
  </entry>
  <entry>
    <string>test-375</string>
    <il.ac.technion.nlp.nli.core.method__call.MethodCall>
      <methodId>
        <declaringClassCanonicalName>il.ac.technion.nlp.nli.dataset1.domains.lighting_control.entities.LightingControlSystem</declaringClassCanonicalName>
        <name>turnLightOn</name>
        <parameterClassNames>
          <string>java.util.Collection</string>
        </parameterClassNames>
      </methodId>
      <arguments>
        <il.ac.technion.nlp.nli.core.method__call.NonPrimitiveArgument>
          <nonPrimitiveEntityIds class="ofergivoli.olib.data_structures.set.SafeHashSet" serialization="custom">
            <unserializable-parents/>
            <set>
              <default/>
              <int>2</int>
              <float>0.75</float>
              <int>1</int>
              <string>5</string>
            </set>
          </nonPrimitiveEntityIds>
        </il.ac.technion.nlp.nli.core.method__call.NonPrimitiveArgument>
      </arguments>
      <entityIdOfObjectMethodIsInvokeOn>1</entityIdOfObjectMethodIsInvokeOn>
    </il.ac.technion.nlp.nli.core.method__call.MethodCall>
  </entry>
  <entry>
    <string>test-496</string>
    <il.ac.technion.nlp.nli.core.method__call.MethodCall>
      <methodId>
        <declaringClassCanonicalName>il.ac.technion.nlp.nli.dataset1.domains.list.entities.SpecialList</declaringClassCanonicalName>
        <name>moveToBeginning</name>
        <parameterClassNames>
          <string>il.ac.technion.nlp.nli.dataset1.domains.list.entities.ListElement</string>
        </parameterClassNames>
      </methodId>
      <arguments>
        <il.ac.technion.nlp.nli.core.method__call.NonPrimitiveArgument>
          <nonPrimitiveEntityIds class="ofergivoli.olib.data_structures.set.SafeHashSet" serialization="custom">
            <unserializable-parents/>
            <set>
              <default/>
              <int>2</int>
              <float>0.75</float>
              <int>1</int>
              <string>4</string>
            </set>
          </nonPrimitiveEntityIds>
        </il.ac.technion.nlp.nli.core.method__call.NonPrimitiveArgument>
      </arguments>
      <entityIdOfObjectMethodIsInvokeOn>1</entityIdOfObjectMethodIsInvokeOn>
    </il.ac.technion.nlp.nli.core.method__call.MethodCall>
  </entry>
  <entry>
    <string>test-91</string>
    <il.ac.technion.nlp.nli.core.method__call.MethodCall>
      <methodId>
        <declaringClassCanonicalName>il.ac.technion.nlp.nli.dataset1.domains.list.entities.SpecialList</declaringClassCanonicalName>
        <name>moveToEnd</name>
        <parameterClassNames>
          <string>il.ac.technion.nlp.nli.dataset1.domains.list.entities.ListElement</string>
        </parameterClassNames>
      </methodId>
      <arguments>
        <il.ac.technion.nlp.nli.core.method__call.NonPrimitiveArgument>
          <nonPrimitiveEntityIds class="ofergivoli.olib.data_structures.set.SafeHashSet" serialization="custom">
            <unserializable-parents/>
            <set>
              <default/>
              <int>2</int>
              <float>0.75</float>
              <int>1</int>
              <string>5</string>
            </set>
          </nonPrimitiveEntityIds>
        </il.ac.technion.nlp.nli.core.method__call.NonPrimitiveArgument>
      </arguments>
      <entityIdOfObjectMethodIsInvokeOn>1</entityIdOfObjectMethodIsInvokeOn>
    </il.ac.technion.nlp.nli.core.method__call.MethodCall>
  </entry>
  <entry>
    <string>test-134</string>
    <il.ac.technion.nlp.nli.core.method__call.MethodCall>
      <methodId>
        <declaringClassCanonicalName>il.ac.technion.nlp.nli.dataset1.domains.file_manager.entities.FileManager</declaringClassCanonicalName>
        <name>moveFiles</name>
        <parameterClassNames>
          <string>java.util.Collection</string>
          <string>il.ac.technion.nlp.nli.dataset1.domains.file_manager.entities.Directory</string>
        </parameterClassNames>
      </methodId>
      <arguments>
        <il.ac.technion.nlp.nli.core.method__call.NonPrimitiveArgument>
          <nonPrimitiveEntityIds class="ofergivoli.olib.data_structures.set.SafeHashSet" serialization="custom">
            <unserializable-parents/>
            <set>
              <default/>
              <int>4</int>
              <float>0.75</float>
              <int>2</int>
              <string>4</string>
              <string>5</string>
            </set>
          </nonPrimitiveEntityIds>
        </il.ac.technion.nlp.nli.core.method__call.NonPrimitiveArgument>
        <il.ac.technion.nlp.nli.core.method__call.NonPrimitiveArgument>
          <nonPrimitiveEntityIds class="ofergivoli.olib.data_structures.set.SafeHashSet" serialization="custom">
            <unserializable-parents/>
            <set>
              <default/>
              <int>2</int>
              <float>0.75</float>
              <int>1</int>
              <string>6</string>
            </set>
          </nonPrimitiveEntityIds>
        </il.ac.technion.nlp.nli.core.method__call.NonPrimitiveArgument>
      </arguments>
      <entityIdOfObjectMethodIsInvokeOn>1</entityIdOfObjectMethodIsInvokeOn>
    </il.ac.technion.nlp.nli.core.method__call.MethodCall>
  </entry>
  <entry>
    <string>test-255</string>
    <il.ac.technion.nlp.nli.core.method__call.MethodCall>
      <methodId>
        <declaringClassCanonicalName>il.ac.technion.nlp.nli.dataset1.domains.list.entities.SpecialList</declaringClassCanonicalName>
        <name>moveToBeginning</name>
        <parameterClassNames>
          <string>il.ac.technion.nlp.nli.dataset1.domains.list.entities.ListElement</string>
        </parameterClassNames>
      </methodId>
      <arguments>
        <il.ac.technion.nlp.nli.core.method__call.NonPrimitiveArgument>
          <nonPrimitiveEntityIds class="ofergivoli.olib.data_structures.set.SafeHashSet" serialization="custom">
            <unserializable-parents/>
            <set>
              <default/>
              <int>2</int>
              <float>0.75</float>
              <int>1</int>
              <string>4</string>
            </set>
          </nonPrimitiveEntityIds>
        </il.ac.technion.nlp.nli.core.method__call.NonPrimitiveArgument>
      </arguments>
      <entityIdOfObjectMethodIsInvokeOn>1</entityIdOfObjectMethodIsInvokeOn>
    </il.ac.technion.nlp.nli.core.method__call.MethodCall>
  </entry>
  <entry>
    <string>test-376</string>
    <il.ac.technion.nlp.nli.core.method__call.MethodCall>
      <methodId>
        <declaringClassCanonicalName>il.ac.technion.nlp.nli.dataset1.domains.lighting_control.entities.LightingControlSystem</declaringClassCanonicalName>
        <name>turnLightOn</name>
        <parameterClassNames>
          <string>java.util.Collection</string>
        </parameterClassNames>
      </methodId>
      <arguments>
        <il.ac.technion.nlp.nli.core.method__call.NonPrimitiveArgument>
          <nonPrimitiveEntityIds class="ofergivoli.olib.data_structures.set.SafeHashSet" serialization="custom">
            <unserializable-parents/>
            <set>
              <default/>
              <int>4</int>
              <float>0.75</float>
              <int>2</int>
              <string>5</string>
              <string>3</string>
            </set>
          </nonPrimitiveEntityIds>
        </il.ac.technion.nlp.nli.core.method__call.NonPrimitiveArgument>
      </arguments>
      <entityIdOfObjectMethodIsInvokeOn>1</entityIdOfObjectMethodIsInvokeOn>
    </il.ac.technion.nlp.nli.core.method__call.MethodCall>
  </entry>
  <entry>
    <string>test-497</string>
    <il.ac.technion.nlp.nli.core.method__call.MethodCall>
      <methodId>
        <declaringClassCanonicalName>il.ac.technion.nlp.nli.dataset1.domains.file_manager.entities.FileManager</declaringClassCanonicalName>
        <name>moveFiles</name>
        <parameterClassNames>
          <string>java.util.Collection</string>
          <string>il.ac.technion.nlp.nli.dataset1.domains.file_manager.entities.Directory</string>
        </parameterClassNames>
      </methodId>
      <arguments>
        <il.ac.technion.nlp.nli.core.method__call.NonPrimitiveArgument>
          <nonPrimitiveEntityIds class="ofergivoli.olib.data_structures.set.SafeHashSet" serialization="custom">
            <unserializable-parents/>
            <set>
              <default/>
              <int>4</int>
              <float>0.75</float>
              <int>2</int>
              <string>6</string>
              <string>7</string>
            </set>
          </nonPrimitiveEntityIds>
        </il.ac.technion.nlp.nli.core.method__call.NonPrimitiveArgument>
        <il.ac.technion.nlp.nli.core.method__call.NonPrimitiveArgument>
          <nonPrimitiveEntityIds class="ofergivoli.olib.data_structures.set.SafeHashSet" serialization="custom">
            <unserializable-parents/>
            <set>
              <default/>
              <int>2</int>
              <float>0.75</float>
              <int>1</int>
              <string>3</string>
            </set>
          </nonPrimitiveEntityIds>
        </il.ac.technion.nlp.nli.core.method__call.NonPrimitiveArgument>
      </arguments>
      <entityIdOfObjectMethodIsInvokeOn>1</entityIdOfObjectMethodIsInvokeOn>
    </il.ac.technion.nlp.nli.core.method__call.MethodCall>
  </entry>
  <entry>
    <string>test-131</string>
    <il.ac.technion.nlp.nli.core.method__call.MethodCall>
      <methodId>
        <declaringClassCanonicalName>il.ac.technion.nlp.nli.dataset1.domains.container_management.entities.ContainerManagementSystem</declaringClassCanonicalName>
        <name>loadContainers</name>
        <parameterClassNames>
          <string>java.util.Collection</string>
        </parameterClassNames>
      </methodId>
      <arguments>
        <il.ac.technion.nlp.nli.core.method__call.NonPrimitiveArgument>
          <nonPrimitiveEntityIds class="ofergivoli.olib.data_structures.set.SafeHashSet" serialization="custom">
            <unserializable-parents/>
            <set>
              <default/>
              <int>4</int>
              <float>0.75</float>
              <int>2</int>
              <string>2</string>
              <string>3</string>
            </set>
          </nonPrimitiveEntityIds>
        </il.ac.technion.nlp.nli.core.method__call.NonPrimitiveArgument>
      </arguments>
      <entityIdOfObjectMethodIsInvokeOn>1</entityIdOfObjectMethodIsInvokeOn>
    </il.ac.technion.nlp.nli.core.method__call.MethodCall>
  </entry>
  <entry>
    <string>test-252</string>
    <il.ac.technion.nlp.nli.core.method__call.MethodCall>
      <methodId>
        <declaringClassCanonicalName>il.ac.technion.nlp.nli.dataset1.domains.messenger.Messenger</declaringClassCanonicalName>
        <name>unmuteChatGroups</name>
        <parameterClassNames>
          <string>java.util.Collection</string>
        </parameterClassNames>
      </methodId>
      <arguments>
        <il.ac.technion.nlp.nli.core.method__call.NonPrimitiveArgument>
          <nonPrimitiveEntityIds class="ofergivoli.olib.data_structures.set.SafeHashSet" serialization="custom">
            <unserializable-parents/>
            <set>
              <default/>
              <int>4</int>
              <float>0.75</float>
              <int>2</int>
              <string>9</string>
              <string>10</string>
            </set>
          </nonPrimitiveEntityIds>
        </il.ac.technion.nlp.nli.core.method__call.NonPrimitiveArgument>
      </arguments>
      <entityIdOfObjectMethodIsInvokeOn>1</entityIdOfObjectMethodIsInvokeOn>
    </il.ac.technion.nlp.nli.core.method__call.MethodCall>
  </entry>
  <entry>
    <string>test-373</string>
    <il.ac.technion.nlp.nli.core.method__call.MethodCall>
      <methodId>
        <declaringClassCanonicalName>il.ac.technion.nlp.nli.dataset1.domains.messenger.Messenger</declaringClassCanonicalName>
        <name>muteChatGroups</name>
        <parameterClassNames>
          <string>java.util.Collection</string>
        </parameterClassNames>
      </methodId>
      <arguments>
        <il.ac.technion.nlp.nli.core.method__call.NonPrimitiveArgument>
          <nonPrimitiveEntityIds class="ofergivoli.olib.data_structures.set.SafeHashSet" serialization="custom">
            <unserializable-parents/>
            <set>
              <default/>
              <int>4</int>
              <float>0.75</float>
              <int>3</int>
              <string>8</string>
              <string>7</string>
              <string>10</string>
            </set>
          </nonPrimitiveEntityIds>
        </il.ac.technion.nlp.nli.core.method__call.NonPrimitiveArgument>
      </arguments>
      <entityIdOfObjectMethodIsInvokeOn>1</entityIdOfObjectMethodIsInvokeOn>
    </il.ac.technion.nlp.nli.core.method__call.MethodCall>
  </entry>
  <entry>
    <string>test-494</string>
    <il.ac.technion.nlp.nli.core.method__call.MethodCall>
      <methodId>
        <declaringClassCanonicalName>il.ac.technion.nlp.nli.dataset1.domains.lighting_control.entities.LightingControlSystem</declaringClassCanonicalName>
        <name>turnLightOff</name>
        <parameterClassNames>
          <string>java.util.Collection</string>
        </parameterClassNames>
      </methodId>
      <arguments>
        <il.ac.technion.nlp.nli.core.method__call.NonPrimitiveArgument>
          <nonPrimitiveEntityIds class="ofergivoli.olib.data_structures.set.SafeHashSet" serialization="custom">
            <unserializable-parents/>
            <set>
              <default/>
              <int>4</int>
              <float>0.75</float>
              <int>2</int>
              <string>5</string>
              <string>9</string>
            </set>
          </nonPrimitiveEntityIds>
        </il.ac.technion.nlp.nli.core.method__call.NonPrimitiveArgument>
      </arguments>
      <entityIdOfObjectMethodIsInvokeOn>1</entityIdOfObjectMethodIsInvokeOn>
    </il.ac.technion.nlp.nli.core.method__call.MethodCall>
  </entry>
  <entry>
    <string>test-132</string>
    <il.ac.technion.nlp.nli.core.method__call.MethodCall>
      <methodId>
        <declaringClassCanonicalName>il.ac.technion.nlp.nli.dataset1.domains.container_management.entities.ContainerManagementSystem</declaringClassCanonicalName>
        <name>removeContainers</name>
        <parameterClassNames>
          <string>java.util.Collection</string>
        </parameterClassNames>
      </methodId>
      <arguments>
        <il.ac.technion.nlp.nli.core.method__call.NonPrimitiveArgument>
          <nonPrimitiveEntityIds class="ofergivoli.olib.data_structures.set.SafeHashSet" serialization="custom">
            <unserializable-parents/>
            <set>
              <default/>
              <int>4</int>
              <float>0.75</float>
              <int>2</int>
              <string>6</string>
              <string>3</string>
            </set>
          </nonPrimitiveEntityIds>
        </il.ac.technion.nlp.nli.core.method__call.NonPrimitiveArgument>
      </arguments>
      <entityIdOfObjectMethodIsInvokeOn>1</entityIdOfObjectMethodIsInvokeOn>
    </il.ac.technion.nlp.nli.core.method__call.MethodCall>
  </entry>
  <entry>
    <string>test-253</string>
    <il.ac.technion.nlp.nli.core.method__call.MethodCall>
      <methodId>
        <declaringClassCanonicalName>il.ac.technion.nlp.nli.dataset1.domains.messenger.Messenger</declaringClassCanonicalName>
        <name>unmuteChatGroups</name>
        <parameterClassNames>
          <string>java.util.Collection</string>
        </parameterClassNames>
      </methodId>
      <arguments>
        <il.ac.technion.nlp.nli.core.method__call.NonPrimitiveArgument>
          <nonPrimitiveEntityIds class="ofergivoli.olib.data_structures.set.SafeHashSet" serialization="custom">
            <unserializable-parents/>
            <set>
              <default/>
              <int>2</int>
              <float>0.75</float>
              <int>1</int>
              <string>12</string>
            </set>
          </nonPrimitiveEntityIds>
        </il.ac.technion.nlp.nli.core.method__call.NonPrimitiveArgument>
      </arguments>
      <entityIdOfObjectMethodIsInvokeOn>1</entityIdOfObjectMethodIsInvokeOn>
    </il.ac.technion.nlp.nli.core.method__call.MethodCall>
  </entry>
  <entry>
    <string>test-374</string>
    <il.ac.technion.nlp.nli.core.method__call.MethodCall>
      <methodId>
        <declaringClassCanonicalName>il.ac.technion.nlp.nli.dataset1.domains.container_management.entities.ContainerManagementSystem</declaringClassCanonicalName>
        <name>loadContainers</name>
        <parameterClassNames>
          <string>java.util.Collection</string>
        </parameterClassNames>
      </methodId>
      <arguments>
        <il.ac.technion.nlp.nli.core.method__call.NonPrimitiveArgument>
          <nonPrimitiveEntityIds class="ofergivoli.olib.data_structures.set.SafeHashSet" serialization="custom">
            <unserializable-parents/>
            <set>
              <default/>
              <int>2</int>
              <float>0.75</float>
              <int>1</int>
              <string>5</string>
            </set>
          </nonPrimitiveEntityIds>
        </il.ac.technion.nlp.nli.core.method__call.NonPrimitiveArgument>
      </arguments>
      <entityIdOfObjectMethodIsInvokeOn>1</entityIdOfObjectMethodIsInvokeOn>
    </il.ac.technion.nlp.nli.core.method__call.MethodCall>
  </entry>
  <entry>
    <string>test-495</string>
    <il.ac.technion.nlp.nli.core.method__call.MethodCall>
      <methodId>
        <declaringClassCanonicalName>il.ac.technion.nlp.nli.dataset1.domains.file_manager.entities.FileManager</declaringClassCanonicalName>
        <name>removeFiles</name>
        <parameterClassNames>
          <string>java.util.Collection</string>
        </parameterClassNames>
      </methodId>
      <arguments>
        <il.ac.technion.nlp.nli.core.method__call.NonPrimitiveArgument>
          <nonPrimitiveEntityIds class="ofergivoli.olib.data_structures.set.SafeHashSet" serialization="custom">
            <unserializable-parents/>
            <set>
              <default/>
              <int>4</int>
              <float>0.75</float>
              <int>2</int>
              <string>4</string>
              <string>8</string>
            </set>
          </nonPrimitiveEntityIds>
        </il.ac.technion.nlp.nli.core.method__call.NonPrimitiveArgument>
      </arguments>
      <entityIdOfObjectMethodIsInvokeOn>1</entityIdOfObjectMethodIsInvokeOn>
    </il.ac.technion.nlp.nli.core.method__call.MethodCall>
  </entry>
  <entry>
    <string>test-137</string>
    <il.ac.technion.nlp.nli.core.method__call.MethodCall>
      <methodId>
        <declaringClassCanonicalName>il.ac.technion.nlp.nli.dataset1.domains.messenger.Messenger</declaringClassCanonicalName>
        <name>deleteChatGroups</name>
        <parameterClassNames>
          <string>java.util.Collection</string>
        </parameterClassNames>
      </methodId>
      <arguments>
        <il.ac.technion.nlp.nli.core.method__call.NonPrimitiveArgument>
          <nonPrimitiveEntityIds class="ofergivoli.olib.data_structures.set.SafeHashSet" serialization="custom">
            <unserializable-parents/>
            <set>
              <default/>
              <int>4</int>
              <float>0.75</float>
              <int>2</int>
              <string>9</string>
              <string>7</string>
            </set>
          </nonPrimitiveEntityIds>
        </il.ac.technion.nlp.nli.core.method__call.NonPrimitiveArgument>
      </arguments>
      <entityIdOfObjectMethodIsInvokeOn>1</entityIdOfObjectMethodIsInvokeOn>
    </il.ac.technion.nlp.nli.core.method__call.MethodCall>
  </entry>
  <entry>
    <string>test-258</string>
    <il.ac.technion.nlp.nli.core.method__call.MethodCall>
      <methodId>
        <declaringClassCanonicalName>il.ac.technion.nlp.nli.dataset1.domains.file_manager.entities.FileManager</declaringClassCanonicalName>
        <name>moveFiles</name>
        <parameterClassNames>
          <string>java.util.Collection</string>
          <string>il.ac.technion.nlp.nli.dataset1.domains.file_manager.entities.Directory</string>
        </parameterClassNames>
      </methodId>
      <arguments>
        <il.ac.technion.nlp.nli.core.method__call.NonPrimitiveArgument>
          <nonPrimitiveEntityIds class="ofergivoli.olib.data_structures.set.SafeHashSet" serialization="custom">
            <unserializable-parents/>
            <set>
              <default/>
              <int>2</int>
              <float>0.75</float>
              <int>1</int>
              <string>8</string>
            </set>
          </nonPrimitiveEntityIds>
        </il.ac.technion.nlp.nli.core.method__call.NonPrimitiveArgument>
        <il.ac.technion.nlp.nli.core.method__call.NonPrimitiveArgument>
          <nonPrimitiveEntityIds class="ofergivoli.olib.data_structures.set.SafeHashSet" serialization="custom">
            <unserializable-parents/>
            <set>
              <default/>
              <int>2</int>
              <float>0.75</float>
              <int>1</int>
              <string>3</string>
            </set>
          </nonPrimitiveEntityIds>
        </il.ac.technion.nlp.nli.core.method__call.NonPrimitiveArgument>
      </arguments>
      <entityIdOfObjectMethodIsInvokeOn>1</entityIdOfObjectMethodIsInvokeOn>
    </il.ac.technion.nlp.nli.core.method__call.MethodCall>
  </entry>
  <entry>
    <string>test-379</string>
    <il.ac.technion.nlp.nli.core.method__call.MethodCall>
      <methodId>
        <declaringClassCanonicalName>il.ac.technion.nlp.nli.dataset1.domains.calendar.entities.Calendar</declaringClassCanonicalName>
        <name>setEventColor</name>
        <parameterClassNames>
          <string>java.util.Collection</string>
          <string>il.ac.technion.nlp.nli.core.state.entities.Color</string>
        </parameterClassNames>
      </methodId>
      <arguments>
        <il.ac.technion.nlp.nli.core.method__call.NonPrimitiveArgument>
          <nonPrimitiveEntityIds class="ofergivoli.olib.data_structures.set.SafeHashSet" serialization="custom">
            <unserializable-parents/>
            <set>
              <default/>
              <int>2</int>
              <float>0.75</float>
              <int>1</int>
              <string>7</string>
            </set>
          </nonPrimitiveEntityIds>
        </il.ac.technion.nlp.nli.core.method__call.NonPrimitiveArgument>
        <il.ac.technion.nlp.nli.core.method__call.PrimitiveArgument>
          <primitiveEntities class="list">
            <il.ac.technion.nlp.nli.core.state.PrimitiveEntity>
              <value class="il.ac.technion.nlp.nli.core.state.entities.Color">RED</value>
            </il.ac.technion.nlp.nli.core.state.PrimitiveEntity>
          </primitiveEntities>
        </il.ac.technion.nlp.nli.core.method__call.PrimitiveArgument>
      </arguments>
      <entityIdOfObjectMethodIsInvokeOn>1</entityIdOfObjectMethodIsInvokeOn>
    </il.ac.technion.nlp.nli.core.method__call.MethodCall>
  </entry>
  <entry>
    <string>test-138</string>
    <il.ac.technion.nlp.nli.core.method__call.MethodCall>
      <methodId>
        <declaringClassCanonicalName>il.ac.technion.nlp.nli.dataset1.domains.calendar.entities.Calendar</declaringClassCanonicalName>
        <name>removeEvents</name>
        <parameterClassNames>
          <string>java.util.Collection</string>
        </parameterClassNames>
      </methodId>
      <arguments>
        <il.ac.technion.nlp.nli.core.method__call.NonPrimitiveArgument>
          <nonPrimitiveEntityIds class="ofergivoli.olib.data_structures.set.SafeHashSet" serialization="custom">
            <unserializable-parents/>
            <set>
              <default/>
              <int>4</int>
              <float>0.75</float>
              <int>2</int>
              <string>2</string>
              <string>3</string>
            </set>
          </nonPrimitiveEntityIds>
        </il.ac.technion.nlp.nli.core.method__call.NonPrimitiveArgument>
      </arguments>
      <entityIdOfObjectMethodIsInvokeOn>1</entityIdOfObjectMethodIsInvokeOn>
    </il.ac.technion.nlp.nli.core.method__call.MethodCall>
  </entry>
  <entry>
    <string>test-259</string>
    <il.ac.technion.nlp.nli.core.method__call.MethodCall>
      <methodId>
        <declaringClassCanonicalName>il.ac.technion.nlp.nli.dataset1.domains.messenger.Messenger</declaringClassCanonicalName>
        <name>deleteChatGroups</name>
        <parameterClassNames>
          <string>java.util.Collection</string>
        </parameterClassNames>
      </methodId>
      <arguments>
        <il.ac.technion.nlp.nli.core.method__call.NonPrimitiveArgument>
          <nonPrimitiveEntityIds class="ofergivoli.olib.data_structures.set.SafeHashSet" serialization="custom">
            <unserializable-parents/>
            <set>
              <default/>
              <int>2</int>
              <float>0.75</float>
              <int>1</int>
              <string>10</string>
            </set>
          </nonPrimitiveEntityIds>
        </il.ac.technion.nlp.nli.core.method__call.NonPrimitiveArgument>
      </arguments>
      <entityIdOfObjectMethodIsInvokeOn>1</entityIdOfObjectMethodIsInvokeOn>
    </il.ac.technion.nlp.nli.core.method__call.MethodCall>
  </entry>
  <entry>
    <string>test-135</string>
    <il.ac.technion.nlp.nli.core.method__call.MethodCall>
      <methodId>
        <declaringClassCanonicalName>il.ac.technion.nlp.nli.dataset1.domains.container_management.entities.ContainerManagementSystem</declaringClassCanonicalName>
        <name>removeContainers</name>
        <parameterClassNames>
          <string>java.util.Collection</string>
        </parameterClassNames>
      </methodId>
      <arguments>
        <il.ac.technion.nlp.nli.core.method__call.NonPrimitiveArgument>
          <nonPrimitiveEntityIds class="ofergivoli.olib.data_structures.set.SafeHashSet" serialization="custom">
            <unserializable-parents/>
            <set>
              <default/>
              <int>4</int>
              <float>0.75</float>
              <int>3</int>
              <string>4</string>
              <string>5</string>
              <string>3</string>
            </set>
          </nonPrimitiveEntityIds>
        </il.ac.technion.nlp.nli.core.method__call.NonPrimitiveArgument>
      </arguments>
      <entityIdOfObjectMethodIsInvokeOn>1</entityIdOfObjectMethodIsInvokeOn>
    </il.ac.technion.nlp.nli.core.method__call.MethodCall>
  </entry>
  <entry>
    <string>test-256</string>
    <il.ac.technion.nlp.nli.core.method__call.MethodCall>
      <methodId>
        <declaringClassCanonicalName>il.ac.technion.nlp.nli.dataset1.domains.file_manager.entities.FileManager</declaringClassCanonicalName>
        <name>moveFiles</name>
        <parameterClassNames>
          <string>java.util.Collection</string>
          <string>il.ac.technion.nlp.nli.dataset1.domains.file_manager.entities.Directory</string>
        </parameterClassNames>
      </methodId>
      <arguments>
        <il.ac.technion.nlp.nli.core.method__call.NonPrimitiveArgument>
          <nonPrimitiveEntityIds class="ofergivoli.olib.data_structures.set.SafeHashSet" serialization="custom">
            <unserializable-parents/>
            <set>
              <default/>
              <int>4</int>
              <float>0.75</float>
              <int>2</int>
              <string>4</string>
              <string>6</string>
            </set>
          </nonPrimitiveEntityIds>
        </il.ac.technion.nlp.nli.core.method__call.NonPrimitiveArgument>
        <il.ac.technion.nlp.nli.core.method__call.NonPrimitiveArgument>
          <nonPrimitiveEntityIds class="ofergivoli.olib.data_structures.set.SafeHashSet" serialization="custom">
            <unserializable-parents/>
            <set>
              <default/>
              <int>2</int>
              <float>0.75</float>
              <int>1</int>
              <string>8</string>
            </set>
          </nonPrimitiveEntityIds>
        </il.ac.technion.nlp.nli.core.method__call.NonPrimitiveArgument>
      </arguments>
      <entityIdOfObjectMethodIsInvokeOn>1</entityIdOfObjectMethodIsInvokeOn>
    </il.ac.technion.nlp.nli.core.method__call.MethodCall>
  </entry>
  <entry>
    <string>test-377</string>
    <il.ac.technion.nlp.nli.core.method__call.MethodCall>
      <methodId>
        <declaringClassCanonicalName>il.ac.technion.nlp.nli.dataset1.domains.workforce_management.entities.WorkforceManagementSystem</declaringClassCanonicalName>
        <name>fireEmployees</name>
        <parameterClassNames>
          <string>java.util.Collection</string>
        </parameterClassNames>
      </methodId>
      <arguments>
        <il.ac.technion.nlp.nli.core.method__call.NonPrimitiveArgument>
          <nonPrimitiveEntityIds class="ofergivoli.olib.data_structures.set.SafeHashSet" serialization="custom">
            <unserializable-parents/>
            <set>
              <default/>
              <int>4</int>
              <float>0.75</float>
              <int>2</int>
              <string>2</string>
              <string>3</string>
            </set>
          </nonPrimitiveEntityIds>
        </il.ac.technion.nlp.nli.core.method__call.NonPrimitiveArgument>
      </arguments>
      <entityIdOfObjectMethodIsInvokeOn>1</entityIdOfObjectMethodIsInvokeOn>
    </il.ac.technion.nlp.nli.core.method__call.MethodCall>
  </entry>
  <entry>
    <string>test-498</string>
    <il.ac.technion.nlp.nli.core.method__call.MethodCall>
      <methodId>
        <declaringClassCanonicalName>il.ac.technion.nlp.nli.dataset1.domains.workforce_management.entities.WorkforceManagementSystem</declaringClassCanonicalName>
        <name>updateSalary</name>
        <parameterClassNames>
          <string>il.ac.technion.nlp.nli.dataset1.domains.workforce_management.entities.Employee</string>
          <string>int</string>
        </parameterClassNames>
      </methodId>
      <arguments>
        <il.ac.technion.nlp.nli.core.method__call.NonPrimitiveArgument>
          <nonPrimitiveEntityIds class="ofergivoli.olib.data_structures.set.SafeHashSet" serialization="custom">
            <unserializable-parents/>
            <set>
              <default/>
              <int>2</int>
              <float>0.75</float>
              <int>1</int>
              <string>4</string>
            </set>
          </nonPrimitiveEntityIds>
        </il.ac.technion.nlp.nli.core.method__call.NonPrimitiveArgument>
        <il.ac.technion.nlp.nli.core.method__call.PrimitiveArgument>
          <primitiveEntities class="list">
            <il.ac.technion.nlp.nli.core.state.PrimitiveEntity>
              <value class="int">95641</value>
            </il.ac.technion.nlp.nli.core.state.PrimitiveEntity>
          </primitiveEntities>
        </il.ac.technion.nlp.nli.core.method__call.PrimitiveArgument>
      </arguments>
      <entityIdOfObjectMethodIsInvokeOn>1</entityIdOfObjectMethodIsInvokeOn>
    </il.ac.technion.nlp.nli.core.method__call.MethodCall>
  </entry>
  <entry>
    <string>test-136</string>
    <il.ac.technion.nlp.nli.core.method__call.MethodCall>
      <methodId>
        <declaringClassCanonicalName>il.ac.technion.nlp.nli.dataset1.domains.file_manager.entities.FileManager</declaringClassCanonicalName>
        <name>moveFiles</name>
        <parameterClassNames>
          <string>java.util.Collection</string>
          <string>il.ac.technion.nlp.nli.dataset1.domains.file_manager.entities.Directory</string>
        </parameterClassNames>
      </methodId>
      <arguments>
        <il.ac.technion.nlp.nli.core.method__call.NonPrimitiveArgument>
          <nonPrimitiveEntityIds class="ofergivoli.olib.data_structures.set.SafeHashSet" serialization="custom">
            <unserializable-parents/>
            <set>
              <default/>
              <int>2</int>
              <float>0.75</float>
              <int>1</int>
              <string>11</string>
            </set>
          </nonPrimitiveEntityIds>
        </il.ac.technion.nlp.nli.core.method__call.NonPrimitiveArgument>
        <il.ac.technion.nlp.nli.core.method__call.NonPrimitiveArgument>
          <nonPrimitiveEntityIds class="ofergivoli.olib.data_structures.set.SafeHashSet" serialization="custom">
            <unserializable-parents/>
            <set>
              <default/>
              <int>2</int>
              <float>0.75</float>
              <int>1</int>
              <string>3</string>
            </set>
          </nonPrimitiveEntityIds>
        </il.ac.technion.nlp.nli.core.method__call.NonPrimitiveArgument>
      </arguments>
      <entityIdOfObjectMethodIsInvokeOn>1</entityIdOfObjectMethodIsInvokeOn>
    </il.ac.technion.nlp.nli.core.method__call.MethodCall>
  </entry>
  <entry>
    <string>test-257</string>
    <il.ac.technion.nlp.nli.core.method__call.MethodCall>
      <methodId>
        <declaringClassCanonicalName>il.ac.technion.nlp.nli.dataset1.domains.list.entities.SpecialList</declaringClassCanonicalName>
        <name>moveToEnd</name>
        <parameterClassNames>
          <string>il.ac.technion.nlp.nli.dataset1.domains.list.entities.ListElement</string>
        </parameterClassNames>
      </methodId>
      <arguments>
        <il.ac.technion.nlp.nli.core.method__call.NonPrimitiveArgument>
          <nonPrimitiveEntityIds class="ofergivoli.olib.data_structures.set.SafeHashSet" serialization="custom">
            <unserializable-parents/>
            <set>
              <default/>
              <int>2</int>
              <float>0.75</float>
              <int>1</int>
              <string>3</string>
            </set>
          </nonPrimitiveEntityIds>
        </il.ac.technion.nlp.nli.core.method__call.NonPrimitiveArgument>
      </arguments>
      <entityIdOfObjectMethodIsInvokeOn>1</entityIdOfObjectMethodIsInvokeOn>
    </il.ac.technion.nlp.nli.core.method__call.MethodCall>
  </entry>
  <entry>
    <string>test-378</string>
    <il.ac.technion.nlp.nli.core.method__call.MethodCall>
      <methodId>
        <declaringClassCanonicalName>il.ac.technion.nlp.nli.dataset1.domains.file_manager.entities.FileManager</declaringClassCanonicalName>
        <name>removeFiles</name>
        <parameterClassNames>
          <string>java.util.Collection</string>
        </parameterClassNames>
      </methodId>
      <arguments>
        <il.ac.technion.nlp.nli.core.method__call.NonPrimitiveArgument>
          <nonPrimitiveEntityIds class="ofergivoli.olib.data_structures.set.SafeHashSet" serialization="custom">
            <unserializable-parents/>
            <set>
              <default/>
              <int>2</int>
              <float>0.75</float>
              <int>1</int>
              <string>8</string>
            </set>
          </nonPrimitiveEntityIds>
        </il.ac.technion.nlp.nli.core.method__call.NonPrimitiveArgument>
      </arguments>
      <entityIdOfObjectMethodIsInvokeOn>1</entityIdOfObjectMethodIsInvokeOn>
    </il.ac.technion.nlp.nli.core.method__call.MethodCall>
  </entry>
  <entry>
    <string>test-499</string>
    <il.ac.technion.nlp.nli.core.method__call.MethodCall>
      <methodId>
        <declaringClassCanonicalName>il.ac.technion.nlp.nli.dataset1.domains.file_manager.entities.FileManager</declaringClassCanonicalName>
        <name>removeFiles</name>
        <parameterClassNames>
          <string>java.util.Collection</string>
        </parameterClassNames>
      </methodId>
      <arguments>
        <il.ac.technion.nlp.nli.core.method__call.NonPrimitiveArgument>
          <nonPrimitiveEntityIds class="ofergivoli.olib.data_structures.set.SafeHashSet" serialization="custom">
            <unserializable-parents/>
            <set>
              <default/>
              <int>2</int>
              <float>0.75</float>
              <int>1</int>
              <string>4</string>
            </set>
          </nonPrimitiveEntityIds>
        </il.ac.technion.nlp.nli.core.method__call.NonPrimitiveArgument>
      </arguments>
      <entityIdOfObjectMethodIsInvokeOn>1</entityIdOfObjectMethodIsInvokeOn>
    </il.ac.technion.nlp.nli.core.method__call.MethodCall>
  </entry>
  <entry>
    <string>test-98</string>
    <il.ac.technion.nlp.nli.core.method__call.MethodCall>
      <methodId>
        <declaringClassCanonicalName>il.ac.technion.nlp.nli.dataset1.domains.list.entities.SpecialList</declaringClassCanonicalName>
        <name>moveToBeginning</name>
        <parameterClassNames>
          <string>il.ac.technion.nlp.nli.dataset1.domains.list.entities.ListElement</string>
        </parameterClassNames>
      </methodId>
      <arguments>
        <il.ac.technion.nlp.nli.core.method__call.NonPrimitiveArgument>
          <nonPrimitiveEntityIds class="ofergivoli.olib.data_structures.set.SafeHashSet" serialization="custom">
            <unserializable-parents/>
            <set>
              <default/>
              <int>2</int>
              <float>0.75</float>
              <int>1</int>
              <string>2</string>
            </set>
          </nonPrimitiveEntityIds>
        </il.ac.technion.nlp.nli.core.method__call.NonPrimitiveArgument>
      </arguments>
      <entityIdOfObjectMethodIsInvokeOn>1</entityIdOfObjectMethodIsInvokeOn>
    </il.ac.technion.nlp.nli.core.method__call.MethodCall>
  </entry>
  <entry>
    <string>test-99</string>
    <il.ac.technion.nlp.nli.core.method__call.MethodCall>
      <methodId>
        <declaringClassCanonicalName>il.ac.technion.nlp.nli.dataset1.domains.file_manager.entities.FileManager</declaringClassCanonicalName>
        <name>moveFiles</name>
        <parameterClassNames>
          <string>java.util.Collection</string>
          <string>il.ac.technion.nlp.nli.dataset1.domains.file_manager.entities.Directory</string>
        </parameterClassNames>
      </methodId>
      <arguments>
        <il.ac.technion.nlp.nli.core.method__call.NonPrimitiveArgument>
          <nonPrimitiveEntityIds class="ofergivoli.olib.data_structures.set.SafeHashSet" serialization="custom">
            <unserializable-parents/>
            <set>
              <default/>
              <int>4</int>
              <float>0.75</float>
              <int>2</int>
              <string>8</string>
              <string>7</string>
            </set>
          </nonPrimitiveEntityIds>
        </il.ac.technion.nlp.nli.core.method__call.NonPrimitiveArgument>
        <il.ac.technion.nlp.nli.core.method__call.NonPrimitiveArgument>
          <nonPrimitiveEntityIds class="ofergivoli.olib.data_structures.set.SafeHashSet" serialization="custom">
            <unserializable-parents/>
            <set>
              <default/>
              <int>2</int>
              <float>0.75</float>
              <int>1</int>
              <string>3</string>
            </set>
          </nonPrimitiveEntityIds>
        </il.ac.technion.nlp.nli.core.method__call.NonPrimitiveArgument>
      </arguments>
      <entityIdOfObjectMethodIsInvokeOn>1</entityIdOfObjectMethodIsInvokeOn>
    </il.ac.technion.nlp.nli.core.method__call.MethodCall>
  </entry>
  <entry>
    <string>test-96</string>
    <il.ac.technion.nlp.nli.core.method__call.MethodCall>
      <methodId>
        <declaringClassCanonicalName>il.ac.technion.nlp.nli.dataset1.domains.lighting_control.entities.LightingControlSystem</declaringClassCanonicalName>
        <name>turnLightOn</name>
        <parameterClassNames>
          <string>java.util.Collection</string>
        </parameterClassNames>
      </methodId>
      <arguments>
        <il.ac.technion.nlp.nli.core.method__call.NonPrimitiveArgument>
          <nonPrimitiveEntityIds class="ofergivoli.olib.data_structures.set.SafeHashSet" serialization="custom">
            <unserializable-parents/>
            <set>
              <default/>
              <int>4</int>
              <float>0.75</float>
              <int>2</int>
              <string>2</string>
              <string>3</string>
            </set>
          </nonPrimitiveEntityIds>
        </il.ac.technion.nlp.nli.core.method__call.NonPrimitiveArgument>
      </arguments>
      <entityIdOfObjectMethodIsInvokeOn>1</entityIdOfObjectMethodIsInvokeOn>
    </il.ac.technion.nlp.nli.core.method__call.MethodCall>
  </entry>
  <entry>
    <string>test-139</string>
    <il.ac.technion.nlp.nli.core.method__call.MethodCall>
      <methodId>
        <declaringClassCanonicalName>il.ac.technion.nlp.nli.dataset1.domains.calendar.entities.Calendar</declaringClassCanonicalName>
        <name>setEventColor</name>
        <parameterClassNames>
          <string>java.util.Collection</string>
          <string>il.ac.technion.nlp.nli.core.state.entities.Color</string>
        </parameterClassNames>
      </methodId>
      <arguments>
        <il.ac.technion.nlp.nli.core.method__call.NonPrimitiveArgument>
          <nonPrimitiveEntityIds class="ofergivoli.olib.data_structures.set.SafeHashSet" serialization="custom">
            <unserializable-parents/>
            <set>
              <default/>
              <int>2</int>
              <float>0.75</float>
              <int>1</int>
              <string>2</string>
            </set>
          </nonPrimitiveEntityIds>
        </il.ac.technion.nlp.nli.core.method__call.NonPrimitiveArgument>
        <il.ac.technion.nlp.nli.core.method__call.PrimitiveArgument>
          <primitiveEntities class="list">
            <il.ac.technion.nlp.nli.core.state.PrimitiveEntity>
              <value class="il.ac.technion.nlp.nli.core.state.entities.Color">RED</value>
            </il.ac.technion.nlp.nli.core.state.PrimitiveEntity>
          </primitiveEntities>
        </il.ac.technion.nlp.nli.core.method__call.PrimitiveArgument>
      </arguments>
      <entityIdOfObjectMethodIsInvokeOn>1</entityIdOfObjectMethodIsInvokeOn>
    </il.ac.technion.nlp.nli.core.method__call.MethodCall>
  </entry>
  <entry>
    <string>test-97</string>
    <il.ac.technion.nlp.nli.core.method__call.MethodCall>
      <methodId>
        <declaringClassCanonicalName>il.ac.technion.nlp.nli.dataset1.domains.lighting_control.entities.LightingControlSystem</declaringClassCanonicalName>
        <name>turnLightOn</name>
        <parameterClassNames>
          <string>java.util.Collection</string>
        </parameterClassNames>
      </methodId>
      <arguments>
        <il.ac.technion.nlp.nli.core.method__call.NonPrimitiveArgument>
          <nonPrimitiveEntityIds class="ofergivoli.olib.data_structures.set.SafeHashSet" serialization="custom">
            <unserializable-parents/>
            <set>
              <default/>
              <int>8</int>
              <float>0.75</float>
              <int>4</int>
              <string>8</string>
              <string>9</string>
              <string>6</string>
              <string>7</string>
            </set>
          </nonPrimitiveEntityIds>
        </il.ac.technion.nlp.nli.core.method__call.NonPrimitiveArgument>
      </arguments>
      <entityIdOfObjectMethodIsInvokeOn>1</entityIdOfObjectMethodIsInvokeOn>
    </il.ac.technion.nlp.nli.core.method__call.MethodCall>
  </entry>
  <entry>
    <string>test-83</string>
    <il.ac.technion.nlp.nli.core.method__call.MethodCall>
      <methodId>
        <declaringClassCanonicalName>il.ac.technion.nlp.nli.dataset1.domains.file_manager.entities.FileManager</declaringClassCanonicalName>
        <name>moveFiles</name>
        <parameterClassNames>
          <string>java.util.Collection</string>
          <string>il.ac.technion.nlp.nli.dataset1.domains.file_manager.entities.Directory</string>
        </parameterClassNames>
      </methodId>
      <arguments>
        <il.ac.technion.nlp.nli.core.method__call.NonPrimitiveArgument>
          <nonPrimitiveEntityIds class="ofergivoli.olib.data_structures.set.SafeHashSet" serialization="custom">
            <unserializable-parents/>
            <set>
              <default/>
              <int>2</int>
              <float>0.75</float>
              <int>1</int>
              <string>4</string>
            </set>
          </nonPrimitiveEntityIds>
        </il.ac.technion.nlp.nli.core.method__call.NonPrimitiveArgument>
        <il.ac.technion.nlp.nli.core.method__call.NonPrimitiveArgument>
          <nonPrimitiveEntityIds class="ofergivoli.olib.data_structures.set.SafeHashSet" serialization="custom">
            <unserializable-parents/>
            <set>
              <default/>
              <int>2</int>
              <float>0.75</float>
              <int>1</int>
              <string>6</string>
            </set>
          </nonPrimitiveEntityIds>
        </il.ac.technion.nlp.nli.core.method__call.NonPrimitiveArgument>
      </arguments>
      <entityIdOfObjectMethodIsInvokeOn>1</entityIdOfObjectMethodIsInvokeOn>
    </il.ac.technion.nlp.nli.core.method__call.MethodCall>
  </entry>
  <entry>
    <string>test-140</string>
    <il.ac.technion.nlp.nli.core.method__call.MethodCall>
      <methodId>
        <declaringClassCanonicalName>il.ac.technion.nlp.nli.dataset1.domains.list.entities.SpecialList</declaringClassCanonicalName>
        <name>moveToBeginning</name>
        <parameterClassNames>
          <string>il.ac.technion.nlp.nli.dataset1.domains.list.entities.ListElement</string>
        </parameterClassNames>
      </methodId>
      <arguments>
        <il.ac.technion.nlp.nli.core.method__call.NonPrimitiveArgument>
          <nonPrimitiveEntityIds class="ofergivoli.olib.data_structures.set.SafeHashSet" serialization="custom">
            <unserializable-parents/>
            <set>
              <default/>
              <int>2</int>
              <float>0.75</float>
              <int>1</int>
              <string>2</string>
            </set>
          </nonPrimitiveEntityIds>
        </il.ac.technion.nlp.nli.core.method__call.NonPrimitiveArgument>
      </arguments>
      <entityIdOfObjectMethodIsInvokeOn>1</entityIdOfObjectMethodIsInvokeOn>
    </il.ac.technion.nlp.nli.core.method__call.MethodCall>
  </entry>
  <entry>
    <string>test-261</string>
    <il.ac.technion.nlp.nli.core.method__call.MethodCall>
      <methodId>
        <declaringClassCanonicalName>il.ac.technion.nlp.nli.dataset1.domains.list.entities.SpecialList</declaringClassCanonicalName>
        <name>remove</name>
        <parameterClassNames>
          <string>java.util.Collection</string>
        </parameterClassNames>
      </methodId>
      <arguments>
        <il.ac.technion.nlp.nli.core.method__call.NonPrimitiveArgument>
          <nonPrimitiveEntityIds class="ofergivoli.olib.data_structures.set.SafeHashSet" serialization="custom">
            <unserializable-parents/>
            <set>
              <default/>
              <int>4</int>
              <float>0.75</float>
              <int>2</int>
              <string>5</string>
              <string>2</string>
            </set>
          </nonPrimitiveEntityIds>
        </il.ac.technion.nlp.nli.core.method__call.NonPrimitiveArgument>
      </arguments>
      <entityIdOfObjectMethodIsInvokeOn>1</entityIdOfObjectMethodIsInvokeOn>
    </il.ac.technion.nlp.nli.core.method__call.MethodCall>
  </entry>
  <entry>
    <string>test-382</string>
    <il.ac.technion.nlp.nli.core.method__call.MethodCall>
      <methodId>
        <declaringClassCanonicalName>il.ac.technion.nlp.nli.dataset1.domains.calendar.entities.Calendar</declaringClassCanonicalName>
        <name>setEventColor</name>
        <parameterClassNames>
          <string>java.util.Collection</string>
          <string>il.ac.technion.nlp.nli.core.state.entities.Color</string>
        </parameterClassNames>
      </methodId>
      <arguments>
        <il.ac.technion.nlp.nli.core.method__call.NonPrimitiveArgument>
          <nonPrimitiveEntityIds class="ofergivoli.olib.data_structures.set.SafeHashSet" serialization="custom">
            <unserializable-parents/>
            <set>
              <default/>
              <int>4</int>
              <float>0.75</float>
              <int>2</int>
              <string>4</string>
              <string>2</string>
            </set>
          </nonPrimitiveEntityIds>
        </il.ac.technion.nlp.nli.core.method__call.NonPrimitiveArgument>
        <il.ac.technion.nlp.nli.core.method__call.PrimitiveArgument>
          <primitiveEntities class="list">
            <il.ac.technion.nlp.nli.core.state.PrimitiveEntity>
              <value class="il.ac.technion.nlp.nli.core.state.entities.Color">GREEN</value>
            </il.ac.technion.nlp.nli.core.state.PrimitiveEntity>
          </primitiveEntities>
        </il.ac.technion.nlp.nli.core.method__call.PrimitiveArgument>
      </arguments>
      <entityIdOfObjectMethodIsInvokeOn>1</entityIdOfObjectMethodIsInvokeOn>
    </il.ac.technion.nlp.nli.core.method__call.MethodCall>
  </entry>
  <entry>
    <string>test-84</string>
    <il.ac.technion.nlp.nli.core.method__call.MethodCall>
      <methodId>
        <declaringClassCanonicalName>il.ac.technion.nlp.nli.dataset1.domains.calendar.entities.Calendar</declaringClassCanonicalName>
        <name>removeEvents</name>
        <parameterClassNames>
          <string>java.util.Collection</string>
        </parameterClassNames>
      </methodId>
      <arguments>
        <il.ac.technion.nlp.nli.core.method__call.NonPrimitiveArgument>
          <nonPrimitiveEntityIds class="ofergivoli.olib.data_structures.set.SafeHashSet" serialization="custom">
            <unserializable-parents/>
            <set>
              <default/>
              <int>2</int>
              <float>0.75</float>
              <int>1</int>
              <string>6</string>
            </set>
          </nonPrimitiveEntityIds>
        </il.ac.technion.nlp.nli.core.method__call.NonPrimitiveArgument>
      </arguments>
      <entityIdOfObjectMethodIsInvokeOn>1</entityIdOfObjectMethodIsInvokeOn>
    </il.ac.technion.nlp.nli.core.method__call.MethodCall>
  </entry>
  <entry>
    <string>test-141</string>
    <il.ac.technion.nlp.nli.core.method__call.MethodCall>
      <methodId>
        <declaringClassCanonicalName>il.ac.technion.nlp.nli.dataset1.domains.container_management.entities.ContainerManagementSystem</declaringClassCanonicalName>
        <name>removeContainers</name>
        <parameterClassNames>
          <string>java.util.Collection</string>
        </parameterClassNames>
      </methodId>
      <arguments>
        <il.ac.technion.nlp.nli.core.method__call.NonPrimitiveArgument>
          <nonPrimitiveEntityIds class="ofergivoli.olib.data_structures.set.SafeHashSet" serialization="custom">
            <unserializable-parents/>
            <set>
              <default/>
              <int>4</int>
              <float>0.75</float>
              <int>2</int>
              <string>5</string>
              <string>3</string>
            </set>
          </nonPrimitiveEntityIds>
        </il.ac.technion.nlp.nli.core.method__call.NonPrimitiveArgument>
      </arguments>
      <entityIdOfObjectMethodIsInvokeOn>1</entityIdOfObjectMethodIsInvokeOn>
    </il.ac.technion.nlp.nli.core.method__call.MethodCall>
  </entry>
  <entry>
    <string>test-262</string>
    <il.ac.technion.nlp.nli.core.method__call.MethodCall>
      <methodId>
        <declaringClassCanonicalName>il.ac.technion.nlp.nli.dataset1.domains.lighting_control.entities.LightingControlSystem</declaringClassCanonicalName>
        <name>turnLightOff</name>
        <parameterClassNames>
          <string>java.util.Collection</string>
        </parameterClassNames>
      </methodId>
      <arguments>
        <il.ac.technion.nlp.nli.core.method__call.NonPrimitiveArgument>
          <nonPrimitiveEntityIds class="ofergivoli.olib.data_structures.set.SafeHashSet" serialization="custom">
            <unserializable-parents/>
            <set>
              <default/>
              <int>4</int>
              <float>0.75</float>
              <int>3</int>
              <string>9</string>
              <string>6</string>
              <string>10</string>
            </set>
          </nonPrimitiveEntityIds>
        </il.ac.technion.nlp.nli.core.method__call.NonPrimitiveArgument>
      </arguments>
      <entityIdOfObjectMethodIsInvokeOn>1</entityIdOfObjectMethodIsInvokeOn>
    </il.ac.technion.nlp.nli.core.method__call.MethodCall>
  </entry>
  <entry>
    <string>test-383</string>
    <il.ac.technion.nlp.nli.core.method__call.MethodCall>
      <methodId>
        <declaringClassCanonicalName>il.ac.technion.nlp.nli.dataset1.domains.lighting_control.entities.LightingControlSystem</declaringClassCanonicalName>
        <name>turnLightOff</name>
        <parameterClassNames>
          <string>java.util.Collection</string>
        </parameterClassNames>
      </methodId>
      <arguments>
        <il.ac.technion.nlp.nli.core.method__call.NonPrimitiveArgument>
          <nonPrimitiveEntityIds class="ofergivoli.olib.data_structures.set.SafeHashSet" serialization="custom">
            <unserializable-parents/>
            <set>
              <default/>
              <int>8</int>
              <float>0.75</float>
              <int>4</int>
              <string>8</string>
              <string>5</string>
              <string>6</string>
              <string>7</string>
            </set>
          </nonPrimitiveEntityIds>
        </il.ac.technion.nlp.nli.core.method__call.NonPrimitiveArgument>
      </arguments>
      <entityIdOfObjectMethodIsInvokeOn>1</entityIdOfObjectMethodIsInvokeOn>
    </il.ac.technion.nlp.nli.core.method__call.MethodCall>
  </entry>
  <entry>
    <string>test-81</string>
    <il.ac.technion.nlp.nli.core.method__call.MethodCall>
      <methodId>
        <declaringClassCanonicalName>il.ac.technion.nlp.nli.dataset1.domains.lighting_control.entities.LightingControlSystem</declaringClassCanonicalName>
        <name>turnLightOn</name>
        <parameterClassNames>
          <string>java.util.Collection</string>
        </parameterClassNames>
      </methodId>
      <arguments>
        <il.ac.technion.nlp.nli.core.method__call.NonPrimitiveArgument>
          <nonPrimitiveEntityIds class="ofergivoli.olib.data_structures.set.SafeHashSet" serialization="custom">
            <unserializable-parents/>
            <set>
              <default/>
              <int>8</int>
              <float>0.75</float>
              <int>5</int>
              <string>8</string>
              <string>4</string>
              <string>5</string>
              <string>6</string>
              <string>7</string>
            </set>
          </nonPrimitiveEntityIds>
        </il.ac.technion.nlp.nli.core.method__call.NonPrimitiveArgument>
      </arguments>
      <entityIdOfObjectMethodIsInvokeOn>1</entityIdOfObjectMethodIsInvokeOn>
    </il.ac.technion.nlp.nli.core.method__call.MethodCall>
  </entry>
  <entry>
    <string>test-380</string>
    <il.ac.technion.nlp.nli.core.method__call.MethodCall>
      <methodId>
        <declaringClassCanonicalName>il.ac.technion.nlp.nli.dataset1.domains.container_management.entities.ContainerManagementSystem</declaringClassCanonicalName>
        <name>removeContainers</name>
        <parameterClassNames>
          <string>java.util.Collection</string>
        </parameterClassNames>
      </methodId>
      <arguments>
        <il.ac.technion.nlp.nli.core.method__call.NonPrimitiveArgument>
          <nonPrimitiveEntityIds class="ofergivoli.olib.data_structures.set.SafeHashSet" serialization="custom">
            <unserializable-parents/>
            <set>
              <default/>
              <int>8</int>
              <float>0.75</float>
              <int>4</int>
              <string>3</string>
              <string>5</string>
              <string>6</string>
              <string>7</string>
            </set>
          </nonPrimitiveEntityIds>
        </il.ac.technion.nlp.nli.core.method__call.NonPrimitiveArgument>
      </arguments>
      <entityIdOfObjectMethodIsInvokeOn>1</entityIdOfObjectMethodIsInvokeOn>
    </il.ac.technion.nlp.nli.core.method__call.MethodCall>
  </entry>
  <entry>
    <string>test-82</string>
    <il.ac.technion.nlp.nli.core.method__call.MethodCall>
      <methodId>
        <declaringClassCanonicalName>il.ac.technion.nlp.nli.dataset1.domains.container_management.entities.ContainerManagementSystem</declaringClassCanonicalName>
        <name>unloadContainers</name>
        <parameterClassNames>
          <string>java.util.Collection</string>
        </parameterClassNames>
      </methodId>
      <arguments>
        <il.ac.technion.nlp.nli.core.method__call.NonPrimitiveArgument>
          <nonPrimitiveEntityIds class="ofergivoli.olib.data_structures.set.SafeHashSet" serialization="custom">
            <unserializable-parents/>
            <set>
              <default/>
              <int>4</int>
              <float>0.75</float>
              <int>3</int>
              <string>4</string>
              <string>5</string>
              <string>3</string>
            </set>
          </nonPrimitiveEntityIds>
        </il.ac.technion.nlp.nli.core.method__call.NonPrimitiveArgument>
      </arguments>
      <entityIdOfObjectMethodIsInvokeOn>1</entityIdOfObjectMethodIsInvokeOn>
    </il.ac.technion.nlp.nli.core.method__call.MethodCall>
  </entry>
  <entry>
    <string>test-260</string>
    <il.ac.technion.nlp.nli.core.method__call.MethodCall>
      <methodId>
        <declaringClassCanonicalName>il.ac.technion.nlp.nli.dataset1.domains.list.entities.SpecialList</declaringClassCanonicalName>
        <name>moveToEnd</name>
        <parameterClassNames>
          <string>il.ac.technion.nlp.nli.dataset1.domains.list.entities.ListElement</string>
        </parameterClassNames>
      </methodId>
      <arguments>
        <il.ac.technion.nlp.nli.core.method__call.NonPrimitiveArgument>
          <nonPrimitiveEntityIds class="ofergivoli.olib.data_structures.set.SafeHashSet" serialization="custom">
            <unserializable-parents/>
            <set>
              <default/>
              <int>2</int>
              <float>0.75</float>
              <int>1</int>
              <string>4</string>
            </set>
          </nonPrimitiveEntityIds>
        </il.ac.technion.nlp.nli.core.method__call.NonPrimitiveArgument>
      </arguments>
      <entityIdOfObjectMethodIsInvokeOn>1</entityIdOfObjectMethodIsInvokeOn>
    </il.ac.technion.nlp.nli.core.method__call.MethodCall>
  </entry>
  <entry>
    <string>test-381</string>
    <il.ac.technion.nlp.nli.core.method__call.MethodCall>
      <methodId>
        <declaringClassCanonicalName>il.ac.technion.nlp.nli.dataset1.domains.list.entities.SpecialList</declaringClassCanonicalName>
        <name>moveToBeginning</name>
        <parameterClassNames>
          <string>il.ac.technion.nlp.nli.dataset1.domains.list.entities.ListElement</string>
        </parameterClassNames>
      </methodId>
      <arguments>
        <il.ac.technion.nlp.nli.core.method__call.NonPrimitiveArgument>
          <nonPrimitiveEntityIds class="ofergivoli.olib.data_structures.set.SafeHashSet" serialization="custom">
            <unserializable-parents/>
            <set>
              <default/>
              <int>2</int>
              <float>0.75</float>
              <int>1</int>
              <string>5</string>
            </set>
          </nonPrimitiveEntityIds>
        </il.ac.technion.nlp.nli.core.method__call.NonPrimitiveArgument>
      </arguments>
      <entityIdOfObjectMethodIsInvokeOn>1</entityIdOfObjectMethodIsInvokeOn>
    </il.ac.technion.nlp.nli.core.method__call.MethodCall>
  </entry>
  <entry>
    <string>test-144</string>
    <il.ac.technion.nlp.nli.core.method__call.MethodCall>
      <methodId>
        <declaringClassCanonicalName>il.ac.technion.nlp.nli.dataset1.domains.lighting_control.entities.LightingControlSystem</declaringClassCanonicalName>
        <name>turnLightOff</name>
        <parameterClassNames>
          <string>java.util.Collection</string>
        </parameterClassNames>
      </methodId>
      <arguments>
        <il.ac.technion.nlp.nli.core.method__call.NonPrimitiveArgument>
          <nonPrimitiveEntityIds class="ofergivoli.olib.data_structures.set.SafeHashSet" serialization="custom">
            <unserializable-parents/>
            <set>
              <default/>
              <int>8</int>
              <float>0.75</float>
              <int>4</int>
              <string>2</string>
              <string>3</string>
              <string>4</string>
              <string>5</string>
            </set>
          </nonPrimitiveEntityIds>
        </il.ac.technion.nlp.nli.core.method__call.NonPrimitiveArgument>
      </arguments>
      <entityIdOfObjectMethodIsInvokeOn>1</entityIdOfObjectMethodIsInvokeOn>
    </il.ac.technion.nlp.nli.core.method__call.MethodCall>
  </entry>
  <entry>
    <string>test-265</string>
    <il.ac.technion.nlp.nli.core.method__call.MethodCall>
      <methodId>
        <declaringClassCanonicalName>il.ac.technion.nlp.nli.dataset1.domains.file_manager.entities.FileManager</declaringClassCanonicalName>
        <name>removeFiles</name>
        <parameterClassNames>
          <string>java.util.Collection</string>
        </parameterClassNames>
      </methodId>
      <arguments>
        <il.ac.technion.nlp.nli.core.method__call.NonPrimitiveArgument>
          <nonPrimitiveEntityIds class="ofergivoli.olib.data_structures.set.SafeHashSet" serialization="custom">
            <unserializable-parents/>
            <set>
              <default/>
              <int>2</int>
              <float>0.75</float>
              <int>1</int>
              <string>4</string>
            </set>
          </nonPrimitiveEntityIds>
        </il.ac.technion.nlp.nli.core.method__call.NonPrimitiveArgument>
      </arguments>
      <entityIdOfObjectMethodIsInvokeOn>1</entityIdOfObjectMethodIsInvokeOn>
    </il.ac.technion.nlp.nli.core.method__call.MethodCall>
  </entry>
  <entry>
    <string>test-386</string>
    <il.ac.technion.nlp.nli.core.method__call.MethodCall>
      <methodId>
        <declaringClassCanonicalName>il.ac.technion.nlp.nli.dataset1.domains.calendar.entities.Calendar</declaringClassCanonicalName>
        <name>removeEvents</name>
        <parameterClassNames>
          <string>java.util.Collection</string>
        </parameterClassNames>
      </methodId>
      <arguments>
        <il.ac.technion.nlp.nli.core.method__call.NonPrimitiveArgument>
          <nonPrimitiveEntityIds class="ofergivoli.olib.data_structures.set.SafeHashSet" serialization="custom">
            <unserializable-parents/>
            <set>
              <default/>
              <int>4</int>
              <float>0.75</float>
              <int>3</int>
              <string>4</string>
              <string>5</string>
              <string>6</string>
            </set>
          </nonPrimitiveEntityIds>
        </il.ac.technion.nlp.nli.core.method__call.NonPrimitiveArgument>
      </arguments>
      <entityIdOfObjectMethodIsInvokeOn>1</entityIdOfObjectMethodIsInvokeOn>
    </il.ac.technion.nlp.nli.core.method__call.MethodCall>
  </entry>
  <entry>
    <string>test-80</string>
    <il.ac.technion.nlp.nli.core.method__call.MethodCall>
      <methodId>
        <declaringClassCanonicalName>il.ac.technion.nlp.nli.dataset1.domains.file_manager.entities.FileManager</declaringClassCanonicalName>
        <name>removeFiles</name>
        <parameterClassNames>
          <string>java.util.Collection</string>
        </parameterClassNames>
      </methodId>
      <arguments>
        <il.ac.technion.nlp.nli.core.method__call.NonPrimitiveArgument>
          <nonPrimitiveEntityIds class="ofergivoli.olib.data_structures.set.SafeHashSet" serialization="custom">
            <unserializable-parents/>
            <set>
              <default/>
              <int>2</int>
              <float>0.75</float>
              <int>1</int>
              <string>4</string>
            </set>
          </nonPrimitiveEntityIds>
        </il.ac.technion.nlp.nli.core.method__call.NonPrimitiveArgument>
      </arguments>
      <entityIdOfObjectMethodIsInvokeOn>1</entityIdOfObjectMethodIsInvokeOn>
    </il.ac.technion.nlp.nli.core.method__call.MethodCall>
  </entry>
  <entry>
    <string>test-145</string>
    <il.ac.technion.nlp.nli.core.method__call.MethodCall>
      <methodId>
        <declaringClassCanonicalName>il.ac.technion.nlp.nli.dataset1.domains.calendar.entities.Calendar</declaringClassCanonicalName>
        <name>setEventColor</name>
        <parameterClassNames>
          <string>java.util.Collection</string>
          <string>il.ac.technion.nlp.nli.core.state.entities.Color</string>
        </parameterClassNames>
      </methodId>
      <arguments>
        <il.ac.technion.nlp.nli.core.method__call.NonPrimitiveArgument>
          <nonPrimitiveEntityIds class="ofergivoli.olib.data_structures.set.SafeHashSet" serialization="custom">
            <unserializable-parents/>
            <set>
              <default/>
              <int>4</int>
              <float>0.75</float>
              <int>3</int>
              <string>4</string>
              <string>5</string>
              <string>3</string>
            </set>
          </nonPrimitiveEntityIds>
        </il.ac.technion.nlp.nli.core.method__call.NonPrimitiveArgument>
        <il.ac.technion.nlp.nli.core.method__call.PrimitiveArgument>
          <primitiveEntities class="list">
            <il.ac.technion.nlp.nli.core.state.PrimitiveEntity>
              <value class="il.ac.technion.nlp.nli.core.state.entities.Color">BLUE</value>
            </il.ac.technion.nlp.nli.core.state.PrimitiveEntity>
          </primitiveEntities>
        </il.ac.technion.nlp.nli.core.method__call.PrimitiveArgument>
      </arguments>
      <entityIdOfObjectMethodIsInvokeOn>1</entityIdOfObjectMethodIsInvokeOn>
    </il.ac.technion.nlp.nli.core.method__call.MethodCall>
  </entry>
  <entry>
    <string>test-266</string>
    <il.ac.technion.nlp.nli.core.method__call.MethodCall>
      <methodId>
        <declaringClassCanonicalName>il.ac.technion.nlp.nli.dataset1.domains.container_management.entities.ContainerManagementSystem</declaringClassCanonicalName>
        <name>removeContainers</name>
        <parameterClassNames>
          <string>java.util.Collection</string>
        </parameterClassNames>
      </methodId>
      <arguments>
        <il.ac.technion.nlp.nli.core.method__call.NonPrimitiveArgument>
          <nonPrimitiveEntityIds class="ofergivoli.olib.data_structures.set.SafeHashSet" serialization="custom">
            <unserializable-parents/>
            <set>
              <default/>
              <int>4</int>
              <float>0.75</float>
              <int>3</int>
              <string>5</string>
              <string>6</string>
              <string>3</string>
            </set>
          </nonPrimitiveEntityIds>
        </il.ac.technion.nlp.nli.core.method__call.NonPrimitiveArgument>
      </arguments>
      <entityIdOfObjectMethodIsInvokeOn>1</entityIdOfObjectMethodIsInvokeOn>
    </il.ac.technion.nlp.nli.core.method__call.MethodCall>
  </entry>
  <entry>
    <string>test-387</string>
    <il.ac.technion.nlp.nli.core.method__call.MethodCall>
      <methodId>
        <declaringClassCanonicalName>il.ac.technion.nlp.nli.dataset1.domains.lighting_control.entities.LightingControlSystem</declaringClassCanonicalName>
        <name>turnLightOn</name>
        <parameterClassNames>
          <string>java.util.Collection</string>
        </parameterClassNames>
      </methodId>
      <arguments>
        <il.ac.technion.nlp.nli.core.method__call.NonPrimitiveArgument>
          <nonPrimitiveEntityIds class="ofergivoli.olib.data_structures.set.SafeHashSet" serialization="custom">
            <unserializable-parents/>
            <set>
              <default/>
              <int>8</int>
              <float>0.75</float>
              <int>5</int>
              <string>2</string>
              <string>3</string>
              <string>4</string>
              <string>5</string>
              <string>6</string>
            </set>
          </nonPrimitiveEntityIds>
        </il.ac.technion.nlp.nli.core.method__call.NonPrimitiveArgument>
      </arguments>
      <entityIdOfObjectMethodIsInvokeOn>1</entityIdOfObjectMethodIsInvokeOn>
    </il.ac.technion.nlp.nli.core.method__call.MethodCall>
  </entry>
  <entry>
    <string>test-142</string>
    <il.ac.technion.nlp.nli.core.method__call.MethodCall>
      <methodId>
        <declaringClassCanonicalName>il.ac.technion.nlp.nli.dataset1.domains.workforce_management.entities.WorkforceManagementSystem</declaringClassCanonicalName>
        <name>updateSalary</name>
        <parameterClassNames>
          <string>il.ac.technion.nlp.nli.dataset1.domains.workforce_management.entities.Employee</string>
          <string>int</string>
        </parameterClassNames>
      </methodId>
      <arguments>
        <il.ac.technion.nlp.nli.core.method__call.NonPrimitiveArgument>
          <nonPrimitiveEntityIds class="ofergivoli.olib.data_structures.set.SafeHashSet" serialization="custom">
            <unserializable-parents/>
            <set>
              <default/>
              <int>2</int>
              <float>0.75</float>
              <int>1</int>
              <string>4</string>
            </set>
          </nonPrimitiveEntityIds>
        </il.ac.technion.nlp.nli.core.method__call.NonPrimitiveArgument>
        <il.ac.technion.nlp.nli.core.method__call.PrimitiveArgument>
          <primitiveEntities class="list">
            <il.ac.technion.nlp.nli.core.state.PrimitiveEntity>
              <value class="int">96863</value>
            </il.ac.technion.nlp.nli.core.state.PrimitiveEntity>
          </primitiveEntities>
        </il.ac.technion.nlp.nli.core.method__call.PrimitiveArgument>
      </arguments>
      <entityIdOfObjectMethodIsInvokeOn>1</entityIdOfObjectMethodIsInvokeOn>
    </il.ac.technion.nlp.nli.core.method__call.MethodCall>
  </entry>
  <entry>
    <string>test-263</string>
    <il.ac.technion.nlp.nli.core.method__call.MethodCall>
      <methodId>
        <declaringClassCanonicalName>il.ac.technion.nlp.nli.dataset1.domains.messenger.Messenger</declaringClassCanonicalName>
        <name>muteChatGroups</name>
        <parameterClassNames>
          <string>java.util.Collection</string>
        </parameterClassNames>
      </methodId>
      <arguments>
        <il.ac.technion.nlp.nli.core.method__call.NonPrimitiveArgument>
          <nonPrimitiveEntityIds class="ofergivoli.olib.data_structures.set.SafeHashSet" serialization="custom">
            <unserializable-parents/>
            <set>
              <default/>
              <int>4</int>
              <float>0.75</float>
              <int>2</int>
              <string>11</string>
              <string>12</string>
            </set>
          </nonPrimitiveEntityIds>
        </il.ac.technion.nlp.nli.core.method__call.NonPrimitiveArgument>
      </arguments>
      <entityIdOfObjectMethodIsInvokeOn>1</entityIdOfObjectMethodIsInvokeOn>
    </il.ac.technion.nlp.nli.core.method__call.MethodCall>
  </entry>
  <entry>
    <string>test-384</string>
    <il.ac.technion.nlp.nli.core.method__call.MethodCall>
      <methodId>
        <declaringClassCanonicalName>il.ac.technion.nlp.nli.dataset1.domains.container_management.entities.ContainerManagementSystem</declaringClassCanonicalName>
        <name>loadContainers</name>
        <parameterClassNames>
          <string>java.util.Collection</string>
        </parameterClassNames>
      </methodId>
      <arguments>
        <il.ac.technion.nlp.nli.core.method__call.NonPrimitiveArgument>
          <nonPrimitiveEntityIds class="ofergivoli.olib.data_structures.set.SafeHashSet" serialization="custom">
            <unserializable-parents/>
            <set>
              <default/>
              <int>4</int>
              <float>0.75</float>
              <int>2</int>
              <string>4</string>
              <string>3</string>
            </set>
          </nonPrimitiveEntityIds>
        </il.ac.technion.nlp.nli.core.method__call.NonPrimitiveArgument>
      </arguments>
      <entityIdOfObjectMethodIsInvokeOn>1</entityIdOfObjectMethodIsInvokeOn>
    </il.ac.technion.nlp.nli.core.method__call.MethodCall>
  </entry>
  <entry>
    <string>test-143</string>
    <il.ac.technion.nlp.nli.core.method__call.MethodCall>
      <methodId>
        <declaringClassCanonicalName>il.ac.technion.nlp.nli.dataset1.domains.lighting_control.entities.LightingControlSystem</declaringClassCanonicalName>
        <name>turnLightOn</name>
        <parameterClassNames>
          <string>java.util.Collection</string>
        </parameterClassNames>
      </methodId>
      <arguments>
        <il.ac.technion.nlp.nli.core.method__call.NonPrimitiveArgument>
          <nonPrimitiveEntityIds class="ofergivoli.olib.data_structures.set.SafeHashSet" serialization="custom">
            <unserializable-parents/>
            <set>
              <default/>
              <int>8</int>
              <float>0.75</float>
              <int>5</int>
              <string>8</string>
              <string>4</string>
              <string>5</string>
              <string>6</string>
              <string>7</string>
            </set>
          </nonPrimitiveEntityIds>
        </il.ac.technion.nlp.nli.core.method__call.NonPrimitiveArgument>
      </arguments>
      <entityIdOfObjectMethodIsInvokeOn>1</entityIdOfObjectMethodIsInvokeOn>
    </il.ac.technion.nlp.nli.core.method__call.MethodCall>
  </entry>
  <entry>
    <string>test-264</string>
    <il.ac.technion.nlp.nli.core.method__call.MethodCall>
      <methodId>
        <declaringClassCanonicalName>il.ac.technion.nlp.nli.dataset1.domains.workforce_management.entities.WorkforceManagementSystem</declaringClassCanonicalName>
        <name>assignEmployeesToNewManager</name>
        <parameterClassNames>
          <string>java.util.Collection</string>
          <string>il.ac.technion.nlp.nli.dataset1.domains.workforce_management.entities.Employee</string>
        </parameterClassNames>
      </methodId>
      <arguments>
        <il.ac.technion.nlp.nli.core.method__call.NonPrimitiveArgument>
          <nonPrimitiveEntityIds class="ofergivoli.olib.data_structures.set.SafeHashSet" serialization="custom">
            <unserializable-parents/>
            <set>
              <default/>
              <int>4</int>
              <float>0.75</float>
              <int>2</int>
              <string>5</string>
              <string>2</string>
            </set>
          </nonPrimitiveEntityIds>
        </il.ac.technion.nlp.nli.core.method__call.NonPrimitiveArgument>
        <il.ac.technion.nlp.nli.core.method__call.NonPrimitiveArgument>
          <nonPrimitiveEntityIds class="ofergivoli.olib.data_structures.set.SafeHashSet" serialization="custom">
            <unserializable-parents/>
            <set>
              <default/>
              <int>2</int>
              <float>0.75</float>
              <int>1</int>
              <string>6</string>
            </set>
          </nonPrimitiveEntityIds>
        </il.ac.technion.nlp.nli.core.method__call.NonPrimitiveArgument>
      </arguments>
      <entityIdOfObjectMethodIsInvokeOn>1</entityIdOfObjectMethodIsInvokeOn>
    </il.ac.technion.nlp.nli.core.method__call.MethodCall>
  </entry>
  <entry>
    <string>test-385</string>
    <il.ac.technion.nlp.nli.core.method__call.MethodCall>
      <methodId>
        <declaringClassCanonicalName>il.ac.technion.nlp.nli.dataset1.domains.workforce_management.entities.WorkforceManagementSystem</declaringClassCanonicalName>
        <name>fireEmployees</name>
        <parameterClassNames>
          <string>java.util.Collection</string>
        </parameterClassNames>
      </methodId>
      <arguments>
        <il.ac.technion.nlp.nli.core.method__call.NonPrimitiveArgument>
          <nonPrimitiveEntityIds class="ofergivoli.olib.data_structures.set.SafeHashSet" serialization="custom">
            <unserializable-parents/>
            <set>
              <default/>
              <int>4</int>
              <float>0.75</float>
              <int>3</int>
              <string>5</string>
              <string>2</string>
              <string>3</string>
            </set>
          </nonPrimitiveEntityIds>
        </il.ac.technion.nlp.nli.core.method__call.NonPrimitiveArgument>
      </arguments>
      <entityIdOfObjectMethodIsInvokeOn>1</entityIdOfObjectMethodIsInvokeOn>
    </il.ac.technion.nlp.nli.core.method__call.MethodCall>
  </entry>
  <entry>
    <string>test-148</string>
    <il.ac.technion.nlp.nli.core.method__call.MethodCall>
      <methodId>
        <declaringClassCanonicalName>il.ac.technion.nlp.nli.dataset1.domains.messenger.Messenger</declaringClassCanonicalName>
        <name>unmuteChatGroups</name>
        <parameterClassNames>
          <string>java.util.Collection</string>
        </parameterClassNames>
      </methodId>
      <arguments>
        <il.ac.technion.nlp.nli.core.method__call.NonPrimitiveArgument>
          <nonPrimitiveEntityIds class="ofergivoli.olib.data_structures.set.SafeHashSet" serialization="custom">
            <unserializable-parents/>
            <set>
              <default/>
              <int>4</int>
              <float>0.75</float>
              <int>3</int>
              <string>15</string>
              <string>12</string>
              <string>13</string>
            </set>
          </nonPrimitiveEntityIds>
        </il.ac.technion.nlp.nli.core.method__call.NonPrimitiveArgument>
      </arguments>
      <entityIdOfObjectMethodIsInvokeOn>1</entityIdOfObjectMethodIsInvokeOn>
    </il.ac.technion.nlp.nli.core.method__call.MethodCall>
  </entry>
  <entry>
    <string>test-269</string>
    <il.ac.technion.nlp.nli.core.method__call.MethodCall>
      <methodId>
        <declaringClassCanonicalName>il.ac.technion.nlp.nli.dataset1.domains.list.entities.SpecialList</declaringClassCanonicalName>
        <name>remove</name>
        <parameterClassNames>
          <string>java.util.Collection</string>
        </parameterClassNames>
      </methodId>
      <arguments>
        <il.ac.technion.nlp.nli.core.method__call.NonPrimitiveArgument>
          <nonPrimitiveEntityIds class="ofergivoli.olib.data_structures.set.SafeHashSet" serialization="custom">
            <unserializable-parents/>
            <set>
              <default/>
              <int>2</int>
              <float>0.75</float>
              <int>1</int>
              <string>3</string>
            </set>
          </nonPrimitiveEntityIds>
        </il.ac.technion.nlp.nli.core.method__call.NonPrimitiveArgument>
      </arguments>
      <entityIdOfObjectMethodIsInvokeOn>1</entityIdOfObjectMethodIsInvokeOn>
    </il.ac.technion.nlp.nli.core.method__call.MethodCall>
  </entry>
  <entry>
    <string>test-149</string>
    <il.ac.technion.nlp.nli.core.method__call.MethodCall>
      <methodId>
        <declaringClassCanonicalName>il.ac.technion.nlp.nli.dataset1.domains.container_management.entities.ContainerManagementSystem</declaringClassCanonicalName>
        <name>removeContainers</name>
        <parameterClassNames>
          <string>java.util.Collection</string>
        </parameterClassNames>
      </methodId>
      <arguments>
        <il.ac.technion.nlp.nli.core.method__call.NonPrimitiveArgument>
          <nonPrimitiveEntityIds class="ofergivoli.olib.data_structures.set.SafeHashSet" serialization="custom">
            <unserializable-parents/>
            <set>
              <default/>
              <int>2</int>
              <float>0.75</float>
              <int>1</int>
              <string>4</string>
            </set>
          </nonPrimitiveEntityIds>
        </il.ac.technion.nlp.nli.core.method__call.NonPrimitiveArgument>
      </arguments>
      <entityIdOfObjectMethodIsInvokeOn>1</entityIdOfObjectMethodIsInvokeOn>
    </il.ac.technion.nlp.nli.core.method__call.MethodCall>
  </entry>
  <entry>
    <string>test-89</string>
    <il.ac.technion.nlp.nli.core.method__call.MethodCall>
      <methodId>
        <declaringClassCanonicalName>il.ac.technion.nlp.nli.dataset1.domains.messenger.Messenger</declaringClassCanonicalName>
        <name>createChatGroup</name>
        <parameterClassNames>
          <string>java.util.Collection</string>
        </parameterClassNames>
      </methodId>
      <arguments>
        <il.ac.technion.nlp.nli.core.method__call.NonPrimitiveArgument>
          <nonPrimitiveEntityIds class="ofergivoli.olib.data_structures.set.SafeHashSet" serialization="custom">
            <unserializable-parents/>
            <set>
              <default/>
              <int>4</int>
              <float>0.75</float>
              <int>2</int>
              <string>11</string>
              <string>4</string>
            </set>
          </nonPrimitiveEntityIds>
        </il.ac.technion.nlp.nli.core.method__call.NonPrimitiveArgument>
      </arguments>
      <entityIdOfObjectMethodIsInvokeOn>1</entityIdOfObjectMethodIsInvokeOn>
    </il.ac.technion.nlp.nli.core.method__call.MethodCall>
  </entry>
  <entry>
    <string>test-146</string>
    <il.ac.technion.nlp.nli.core.method__call.MethodCall>
      <methodId>
        <declaringClassCanonicalName>il.ac.technion.nlp.nli.dataset1.domains.messenger.Messenger</declaringClassCanonicalName>
        <name>deleteChatGroups</name>
        <parameterClassNames>
          <string>java.util.Collection</string>
        </parameterClassNames>
      </methodId>
      <arguments>
        <il.ac.technion.nlp.nli.core.method__call.NonPrimitiveArgument>
          <nonPrimitiveEntityIds class="ofergivoli.olib.data_structures.set.SafeHashSet" serialization="custom">
            <unserializable-parents/>
            <set>
              <default/>
              <int>4</int>
              <float>0.75</float>
              <int>2</int>
              <string>11</string>
              <string>9</string>
            </set>
          </nonPrimitiveEntityIds>
        </il.ac.technion.nlp.nli.core.method__call.NonPrimitiveArgument>
      </arguments>
      <entityIdOfObjectMethodIsInvokeOn>1</entityIdOfObjectMethodIsInvokeOn>
    </il.ac.technion.nlp.nli.core.method__call.MethodCall>
  </entry>
  <entry>
    <string>test-267</string>
    <il.ac.technion.nlp.nli.core.method__call.MethodCall>
      <methodId>
        <declaringClassCanonicalName>il.ac.technion.nlp.nli.dataset1.domains.calendar.entities.Calendar</declaringClassCanonicalName>
        <name>removeEvents</name>
        <parameterClassNames>
          <string>java.util.Collection</string>
        </parameterClassNames>
      </methodId>
      <arguments>
        <il.ac.technion.nlp.nli.core.method__call.NonPrimitiveArgument>
          <nonPrimitiveEntityIds class="ofergivoli.olib.data_structures.set.SafeHashSet" serialization="custom">
            <unserializable-parents/>
            <set>
              <default/>
              <int>4</int>
              <float>0.75</float>
              <int>2</int>
              <string>5</string>
              <string>2</string>
            </set>
          </nonPrimitiveEntityIds>
        </il.ac.technion.nlp.nli.core.method__call.NonPrimitiveArgument>
      </arguments>
      <entityIdOfObjectMethodIsInvokeOn>1</entityIdOfObjectMethodIsInvokeOn>
    </il.ac.technion.nlp.nli.core.method__call.MethodCall>
  </entry>
  <entry>
    <string>test-388</string>
    <il.ac.technion.nlp.nli.core.method__call.MethodCall>
      <methodId>
        <declaringClassCanonicalName>il.ac.technion.nlp.nli.dataset1.domains.list.entities.SpecialList</declaringClassCanonicalName>
        <name>remove</name>
        <parameterClassNames>
          <string>java.util.Collection</string>
        </parameterClassNames>
      </methodId>
      <arguments>
        <il.ac.technion.nlp.nli.core.method__call.NonPrimitiveArgument>
          <nonPrimitiveEntityIds class="ofergivoli.olib.data_structures.set.SafeHashSet" serialization="custom">
            <unserializable-parents/>
            <set>
              <default/>
              <int>2</int>
              <float>0.75</float>
              <int>1</int>
              <string>6</string>
            </set>
          </nonPrimitiveEntityIds>
        </il.ac.technion.nlp.nli.core.method__call.NonPrimitiveArgument>
      </arguments>
      <entityIdOfObjectMethodIsInvokeOn>1</entityIdOfObjectMethodIsInvokeOn>
    </il.ac.technion.nlp.nli.core.method__call.MethodCall>
  </entry>
  <entry>
    <string>test-147</string>
    <il.ac.technion.nlp.nli.core.method__call.MethodCall>
      <methodId>
        <declaringClassCanonicalName>il.ac.technion.nlp.nli.dataset1.domains.file_manager.entities.FileManager</declaringClassCanonicalName>
        <name>moveFiles</name>
        <parameterClassNames>
          <string>java.util.Collection</string>
          <string>il.ac.technion.nlp.nli.dataset1.domains.file_manager.entities.Directory</string>
        </parameterClassNames>
      </methodId>
      <arguments>
        <il.ac.technion.nlp.nli.core.method__call.NonPrimitiveArgument>
          <nonPrimitiveEntityIds class="ofergivoli.olib.data_structures.set.SafeHashSet" serialization="custom">
            <unserializable-parents/>
            <set>
              <default/>
              <int>2</int>
              <float>0.75</float>
              <int>1</int>
              <string>5</string>
            </set>
          </nonPrimitiveEntityIds>
        </il.ac.technion.nlp.nli.core.method__call.NonPrimitiveArgument>
        <il.ac.technion.nlp.nli.core.method__call.NonPrimitiveArgument>
          <nonPrimitiveEntityIds class="ofergivoli.olib.data_structures.set.SafeHashSet" serialization="custom">
            <unserializable-parents/>
            <set>
              <default/>
              <int>2</int>
              <float>0.75</float>
              <int>1</int>
              <string>6</string>
            </set>
          </nonPrimitiveEntityIds>
        </il.ac.technion.nlp.nli.core.method__call.NonPrimitiveArgument>
      </arguments>
      <entityIdOfObjectMethodIsInvokeOn>1</entityIdOfObjectMethodIsInvokeOn>
    </il.ac.technion.nlp.nli.core.method__call.MethodCall>
  </entry>
  <entry>
    <string>test-268</string>
    <il.ac.technion.nlp.nli.core.method__call.MethodCall>
      <methodId>
        <declaringClassCanonicalName>il.ac.technion.nlp.nli.dataset1.domains.calendar.entities.Calendar</declaringClassCanonicalName>
        <name>setEventColor</name>
        <parameterClassNames>
          <string>java.util.Collection</string>
          <string>il.ac.technion.nlp.nli.core.state.entities.Color</string>
        </parameterClassNames>
      </methodId>
      <arguments>
        <il.ac.technion.nlp.nli.core.method__call.NonPrimitiveArgument>
          <nonPrimitiveEntityIds class="ofergivoli.olib.data_structures.set.SafeHashSet" serialization="custom">
            <unserializable-parents/>
            <set>
              <default/>
              <int>4</int>
              <float>0.75</float>
              <int>3</int>
              <string>4</string>
              <string>5</string>
              <string>6</string>
            </set>
          </nonPrimitiveEntityIds>
        </il.ac.technion.nlp.nli.core.method__call.NonPrimitiveArgument>
        <il.ac.technion.nlp.nli.core.method__call.PrimitiveArgument>
          <primitiveEntities class="list">
            <il.ac.technion.nlp.nli.core.state.PrimitiveEntity>
              <value class="il.ac.technion.nlp.nli.core.state.entities.Color">RED</value>
            </il.ac.technion.nlp.nli.core.state.PrimitiveEntity>
          </primitiveEntities>
        </il.ac.technion.nlp.nli.core.method__call.PrimitiveArgument>
      </arguments>
      <entityIdOfObjectMethodIsInvokeOn>1</entityIdOfObjectMethodIsInvokeOn>
    </il.ac.technion.nlp.nli.core.method__call.MethodCall>
  </entry>
  <entry>
    <string>test-389</string>
    <il.ac.technion.nlp.nli.core.method__call.MethodCall>
      <methodId>
        <declaringClassCanonicalName>il.ac.technion.nlp.nli.dataset1.domains.messenger.Messenger</declaringClassCanonicalName>
        <name>deleteChatGroups</name>
        <parameterClassNames>
          <string>java.util.Collection</string>
        </parameterClassNames>
      </methodId>
      <arguments>
        <il.ac.technion.nlp.nli.core.method__call.NonPrimitiveArgument>
          <nonPrimitiveEntityIds class="ofergivoli.olib.data_structures.set.SafeHashSet" serialization="custom">
            <unserializable-parents/>
            <set>
              <default/>
              <int>4</int>
              <float>0.75</float>
              <int>2</int>
              <string>8</string>
              <string>9</string>
            </set>
          </nonPrimitiveEntityIds>
        </il.ac.technion.nlp.nli.core.method__call.NonPrimitiveArgument>
      </arguments>
      <entityIdOfObjectMethodIsInvokeOn>1</entityIdOfObjectMethodIsInvokeOn>
    </il.ac.technion.nlp.nli.core.method__call.MethodCall>
  </entry>
  <entry>
    <string>test-87</string>
    <il.ac.technion.nlp.nli.core.method__call.MethodCall>
      <methodId>
        <declaringClassCanonicalName>il.ac.technion.nlp.nli.dataset1.domains.list.entities.SpecialList</declaringClassCanonicalName>
        <name>remove</name>
        <parameterClassNames>
          <string>java.util.Collection</string>
        </parameterClassNames>
      </methodId>
      <arguments>
        <il.ac.technion.nlp.nli.core.method__call.NonPrimitiveArgument>
          <nonPrimitiveEntityIds class="ofergivoli.olib.data_structures.set.SafeHashSet" serialization="custom">
            <unserializable-parents/>
            <set>
              <default/>
              <int>2</int>
              <float>0.75</float>
              <int>1</int>
              <string>5</string>
            </set>
          </nonPrimitiveEntityIds>
        </il.ac.technion.nlp.nli.core.method__call.NonPrimitiveArgument>
      </arguments>
      <entityIdOfObjectMethodIsInvokeOn>1</entityIdOfObjectMethodIsInvokeOn>
    </il.ac.technion.nlp.nli.core.method__call.MethodCall>
  </entry>
  <entry>
    <string>test-88</string>
    <il.ac.technion.nlp.nli.core.method__call.MethodCall>
      <methodId>
        <declaringClassCanonicalName>il.ac.technion.nlp.nli.dataset1.domains.list.entities.SpecialList</declaringClassCanonicalName>
        <name>moveToEnd</name>
        <parameterClassNames>
          <string>il.ac.technion.nlp.nli.dataset1.domains.list.entities.ListElement</string>
        </parameterClassNames>
      </methodId>
      <arguments>
        <il.ac.technion.nlp.nli.core.method__call.NonPrimitiveArgument>
          <nonPrimitiveEntityIds class="ofergivoli.olib.data_structures.set.SafeHashSet" serialization="custom">
            <unserializable-parents/>
            <set>
              <default/>
              <int>2</int>
              <float>0.75</float>
              <int>1</int>
              <string>7</string>
            </set>
          </nonPrimitiveEntityIds>
        </il.ac.technion.nlp.nli.core.method__call.NonPrimitiveArgument>
      </arguments>
      <entityIdOfObjectMethodIsInvokeOn>1</entityIdOfObjectMethodIsInvokeOn>
    </il.ac.technion.nlp.nli.core.method__call.MethodCall>
  </entry>
  <entry>
    <string>test-85</string>
    <il.ac.technion.nlp.nli.core.method__call.MethodCall>
      <methodId>
        <declaringClassCanonicalName>il.ac.technion.nlp.nli.dataset1.domains.calendar.entities.Calendar</declaringClassCanonicalName>
        <name>removeEvents</name>
        <parameterClassNames>
          <string>java.util.Collection</string>
        </parameterClassNames>
      </methodId>
      <arguments>
        <il.ac.technion.nlp.nli.core.method__call.NonPrimitiveArgument>
          <nonPrimitiveEntityIds class="ofergivoli.olib.data_structures.set.SafeHashSet" serialization="custom">
            <unserializable-parents/>
            <set>
              <default/>
              <int>2</int>
              <float>0.75</float>
              <int>1</int>
              <string>4</string>
            </set>
          </nonPrimitiveEntityIds>
        </il.ac.technion.nlp.nli.core.method__call.NonPrimitiveArgument>
      </arguments>
      <entityIdOfObjectMethodIsInvokeOn>1</entityIdOfObjectMethodIsInvokeOn>
    </il.ac.technion.nlp.nli.core.method__call.MethodCall>
  </entry>
  <entry>
    <string>test-86</string>
    <il.ac.technion.nlp.nli.core.method__call.MethodCall>
      <methodId>
        <declaringClassCanonicalName>il.ac.technion.nlp.nli.dataset1.domains.workforce_management.entities.WorkforceManagementSystem</declaringClassCanonicalName>
        <name>updateSalary</name>
        <parameterClassNames>
          <string>il.ac.technion.nlp.nli.dataset1.domains.workforce_management.entities.Employee</string>
          <string>int</string>
        </parameterClassNames>
      </methodId>
      <arguments>
        <il.ac.technion.nlp.nli.core.method__call.NonPrimitiveArgument>
          <nonPrimitiveEntityIds class="ofergivoli.olib.data_structures.set.SafeHashSet" serialization="custom">
            <unserializable-parents/>
            <set>
              <default/>
              <int>2</int>
              <float>0.75</float>
              <int>1</int>
              <string>2</string>
            </set>
          </nonPrimitiveEntityIds>
        </il.ac.technion.nlp.nli.core.method__call.NonPrimitiveArgument>
        <il.ac.technion.nlp.nli.core.method__call.PrimitiveArgument>
          <primitiveEntities class="list">
            <il.ac.technion.nlp.nli.core.state.PrimitiveEntity>
              <value class="int">55192</value>
            </il.ac.technion.nlp.nli.core.state.PrimitiveEntity>
          </primitiveEntities>
        </il.ac.technion.nlp.nli.core.method__call.PrimitiveArgument>
      </arguments>
      <entityIdOfObjectMethodIsInvokeOn>1</entityIdOfObjectMethodIsInvokeOn>
    </il.ac.technion.nlp.nli.core.method__call.MethodCall>
  </entry>
  <entry>
    <string>test-151</string>
    <il.ac.technion.nlp.nli.core.method__call.MethodCall>
      <methodId>
        <declaringClassCanonicalName>il.ac.technion.nlp.nli.dataset1.domains.messenger.Messenger</declaringClassCanonicalName>
        <name>unmuteChatGroups</name>
        <parameterClassNames>
          <string>java.util.Collection</string>
        </parameterClassNames>
      </methodId>
      <arguments>
        <il.ac.technion.nlp.nli.core.method__call.NonPrimitiveArgument>
          <nonPrimitiveEntityIds class="ofergivoli.olib.data_structures.set.SafeHashSet" serialization="custom">
            <unserializable-parents/>
            <set>
              <default/>
              <int>4</int>
              <float>0.75</float>
              <int>3</int>
              <string>12</string>
              <string>13</string>
              <string>14</string>
            </set>
          </nonPrimitiveEntityIds>
        </il.ac.technion.nlp.nli.core.method__call.NonPrimitiveArgument>
      </arguments>
      <entityIdOfObjectMethodIsInvokeOn>1</entityIdOfObjectMethodIsInvokeOn>
    </il.ac.technion.nlp.nli.core.method__call.MethodCall>
  </entry>
  <entry>
    <string>test-272</string>
    <il.ac.technion.nlp.nli.core.method__call.MethodCall>
      <methodId>
        <declaringClassCanonicalName>il.ac.technion.nlp.nli.dataset1.domains.messenger.Messenger</declaringClassCanonicalName>
        <name>muteChatGroups</name>
        <parameterClassNames>
          <string>java.util.Collection</string>
        </parameterClassNames>
      </methodId>
      <arguments>
        <il.ac.technion.nlp.nli.core.method__call.NonPrimitiveArgument>
          <nonPrimitiveEntityIds class="ofergivoli.olib.data_structures.set.SafeHashSet" serialization="custom">
            <unserializable-parents/>
            <set>
              <default/>
              <int>4</int>
              <float>0.75</float>
              <int>2</int>
              <string>11</string>
              <string>10</string>
            </set>
          </nonPrimitiveEntityIds>
        </il.ac.technion.nlp.nli.core.method__call.NonPrimitiveArgument>
      </arguments>
      <entityIdOfObjectMethodIsInvokeOn>1</entityIdOfObjectMethodIsInvokeOn>
    </il.ac.technion.nlp.nli.core.method__call.MethodCall>
  </entry>
  <entry>
    <string>test-393</string>
    <il.ac.technion.nlp.nli.core.method__call.MethodCall>
      <methodId>
        <declaringClassCanonicalName>il.ac.technion.nlp.nli.dataset1.domains.file_manager.entities.FileManager</declaringClassCanonicalName>
        <name>moveFiles</name>
        <parameterClassNames>
          <string>java.util.Collection</string>
          <string>il.ac.technion.nlp.nli.dataset1.domains.file_manager.entities.Directory</string>
        </parameterClassNames>
      </methodId>
      <arguments>
        <il.ac.technion.nlp.nli.core.method__call.NonPrimitiveArgument>
          <nonPrimitiveEntityIds class="ofergivoli.olib.data_structures.set.SafeHashSet" serialization="custom">
            <unserializable-parents/>
            <set>
              <default/>
              <int>2</int>
              <float>0.75</float>
              <int>1</int>
              <string>10</string>
            </set>
          </nonPrimitiveEntityIds>
        </il.ac.technion.nlp.nli.core.method__call.NonPrimitiveArgument>
        <il.ac.technion.nlp.nli.core.method__call.NonPrimitiveArgument>
          <nonPrimitiveEntityIds class="ofergivoli.olib.data_structures.set.SafeHashSet" serialization="custom">
            <unserializable-parents/>
            <set>
              <default/>
              <int>2</int>
              <float>0.75</float>
              <int>1</int>
              <string>3</string>
            </set>
          </nonPrimitiveEntityIds>
        </il.ac.technion.nlp.nli.core.method__call.NonPrimitiveArgument>
      </arguments>
      <entityIdOfObjectMethodIsInvokeOn>1</entityIdOfObjectMethodIsInvokeOn>
    </il.ac.technion.nlp.nli.core.method__call.MethodCall>
  </entry>
  <entry>
    <string>test-152</string>
    <il.ac.technion.nlp.nli.core.method__call.MethodCall>
      <methodId>
        <declaringClassCanonicalName>il.ac.technion.nlp.nli.dataset1.domains.workforce_management.entities.WorkforceManagementSystem</declaringClassCanonicalName>
        <name>updateSalary</name>
        <parameterClassNames>
          <string>il.ac.technion.nlp.nli.dataset1.domains.workforce_management.entities.Employee</string>
          <string>int</string>
        </parameterClassNames>
      </methodId>
      <arguments>
        <il.ac.technion.nlp.nli.core.method__call.NonPrimitiveArgument>
          <nonPrimitiveEntityIds class="ofergivoli.olib.data_structures.set.SafeHashSet" serialization="custom">
            <unserializable-parents/>
            <set>
              <default/>
              <int>2</int>
              <float>0.75</float>
              <int>1</int>
              <string>3</string>
            </set>
          </nonPrimitiveEntityIds>
        </il.ac.technion.nlp.nli.core.method__call.NonPrimitiveArgument>
        <il.ac.technion.nlp.nli.core.method__call.PrimitiveArgument>
          <primitiveEntities class="list">
            <il.ac.technion.nlp.nli.core.state.PrimitiveEntity>
              <value class="int">81927</value>
            </il.ac.technion.nlp.nli.core.state.PrimitiveEntity>
          </primitiveEntities>
        </il.ac.technion.nlp.nli.core.method__call.PrimitiveArgument>
      </arguments>
      <entityIdOfObjectMethodIsInvokeOn>1</entityIdOfObjectMethodIsInvokeOn>
    </il.ac.technion.nlp.nli.core.method__call.MethodCall>
  </entry>
  <entry>
    <string>test-273</string>
    <il.ac.technion.nlp.nli.core.method__call.MethodCall>
      <methodId>
        <declaringClassCanonicalName>il.ac.technion.nlp.nli.dataset1.domains.messenger.Messenger</declaringClassCanonicalName>
        <name>unmuteChatGroups</name>
        <parameterClassNames>
          <string>java.util.Collection</string>
        </parameterClassNames>
      </methodId>
      <arguments>
        <il.ac.technion.nlp.nli.core.method__call.NonPrimitiveArgument>
          <nonPrimitiveEntityIds class="ofergivoli.olib.data_structures.set.SafeHashSet" serialization="custom">
            <unserializable-parents/>
            <set>
              <default/>
              <int>4</int>
              <float>0.75</float>
              <int>2</int>
              <string>13</string>
              <string>14</string>
            </set>
          </nonPrimitiveEntityIds>
        </il.ac.technion.nlp.nli.core.method__call.NonPrimitiveArgument>
      </arguments>
      <entityIdOfObjectMethodIsInvokeOn>1</entityIdOfObjectMethodIsInvokeOn>
    </il.ac.technion.nlp.nli.core.method__call.MethodCall>
  </entry>
  <entry>
    <string>test-394</string>
    <il.ac.technion.nlp.nli.core.method__call.MethodCall>
      <methodId>
        <declaringClassCanonicalName>il.ac.technion.nlp.nli.dataset1.domains.workforce_management.entities.WorkforceManagementSystem</declaringClassCanonicalName>
        <name>updateSalary</name>
        <parameterClassNames>
          <string>il.ac.technion.nlp.nli.dataset1.domains.workforce_management.entities.Employee</string>
          <string>int</string>
        </parameterClassNames>
      </methodId>
      <arguments>
        <il.ac.technion.nlp.nli.core.method__call.NonPrimitiveArgument>
          <nonPrimitiveEntityIds class="ofergivoli.olib.data_structures.set.SafeHashSet" serialization="custom">
            <unserializable-parents/>
            <set>
              <default/>
              <int>2</int>
              <float>0.75</float>
              <int>1</int>
              <string>3</string>
            </set>
          </nonPrimitiveEntityIds>
        </il.ac.technion.nlp.nli.core.method__call.NonPrimitiveArgument>
        <il.ac.technion.nlp.nli.core.method__call.PrimitiveArgument>
          <primitiveEntities class="list">
            <il.ac.technion.nlp.nli.core.state.PrimitiveEntity>
              <value class="int">82795</value>
            </il.ac.technion.nlp.nli.core.state.PrimitiveEntity>
          </primitiveEntities>
        </il.ac.technion.nlp.nli.core.method__call.PrimitiveArgument>
      </arguments>
      <entityIdOfObjectMethodIsInvokeOn>1</entityIdOfObjectMethodIsInvokeOn>
    </il.ac.technion.nlp.nli.core.method__call.MethodCall>
  </entry>
  <entry>
    <string>test-270</string>
    <il.ac.technion.nlp.nli.core.method__call.MethodCall>
      <methodId>
        <declaringClassCanonicalName>il.ac.technion.nlp.nli.dataset1.domains.lighting_control.entities.LightingControlSystem</declaringClassCanonicalName>
        <name>turnLightOff</name>
        <parameterClassNames>
          <string>java.util.Collection</string>
        </parameterClassNames>
      </methodId>
      <arguments>
        <il.ac.technion.nlp.nli.core.method__call.NonPrimitiveArgument>
          <nonPrimitiveEntityIds class="ofergivoli.olib.data_structures.set.SafeHashSet" serialization="custom">
            <unserializable-parents/>
            <set>
              <default/>
              <int>8</int>
              <float>0.75</float>
              <int>4</int>
              <string>11</string>
              <string>9</string>
              <string>5</string>
              <string>6</string>
            </set>
          </nonPrimitiveEntityIds>
        </il.ac.technion.nlp.nli.core.method__call.NonPrimitiveArgument>
      </arguments>
      <entityIdOfObjectMethodIsInvokeOn>1</entityIdOfObjectMethodIsInvokeOn>
    </il.ac.technion.nlp.nli.core.method__call.MethodCall>
  </entry>
  <entry>
    <string>test-391</string>
    <il.ac.technion.nlp.nli.core.method__call.MethodCall>
      <methodId>
        <declaringClassCanonicalName>il.ac.technion.nlp.nli.dataset1.domains.lighting_control.entities.LightingControlSystem</declaringClassCanonicalName>
        <name>turnLightOn</name>
        <parameterClassNames>
          <string>java.util.Collection</string>
        </parameterClassNames>
      </methodId>
      <arguments>
        <il.ac.technion.nlp.nli.core.method__call.NonPrimitiveArgument>
          <nonPrimitiveEntityIds class="ofergivoli.olib.data_structures.set.SafeHashSet" serialization="custom">
            <unserializable-parents/>
            <set>
              <default/>
              <int>4</int>
              <float>0.75</float>
              <int>2</int>
              <string>2</string>
              <string>3</string>
            </set>
          </nonPrimitiveEntityIds>
        </il.ac.technion.nlp.nli.core.method__call.NonPrimitiveArgument>
      </arguments>
      <entityIdOfObjectMethodIsInvokeOn>1</entityIdOfObjectMethodIsInvokeOn>
    </il.ac.technion.nlp.nli.core.method__call.MethodCall>
  </entry>
  <entry>
    <string>test-150</string>
    <il.ac.technion.nlp.nli.core.method__call.MethodCall>
      <methodId>
        <declaringClassCanonicalName>il.ac.technion.nlp.nli.dataset1.domains.calendar.entities.Calendar</declaringClassCanonicalName>
        <name>removeEvents</name>
        <parameterClassNames>
          <string>java.util.Collection</string>
        </parameterClassNames>
      </methodId>
      <arguments>
        <il.ac.technion.nlp.nli.core.method__call.NonPrimitiveArgument>
          <nonPrimitiveEntityIds class="ofergivoli.olib.data_structures.set.SafeHashSet" serialization="custom">
            <unserializable-parents/>
            <set>
              <default/>
              <int>2</int>
              <float>0.75</float>
              <int>1</int>
              <string>3</string>
            </set>
          </nonPrimitiveEntityIds>
        </il.ac.technion.nlp.nli.core.method__call.NonPrimitiveArgument>
      </arguments>
      <entityIdOfObjectMethodIsInvokeOn>1</entityIdOfObjectMethodIsInvokeOn>
    </il.ac.technion.nlp.nli.core.method__call.MethodCall>
  </entry>
  <entry>
    <string>test-271</string>
    <il.ac.technion.nlp.nli.core.method__call.MethodCall>
      <methodId>
        <declaringClassCanonicalName>il.ac.technion.nlp.nli.dataset1.domains.list.entities.SpecialList</declaringClassCanonicalName>
        <name>remove</name>
        <parameterClassNames>
          <string>java.util.Collection</string>
        </parameterClassNames>
      </methodId>
      <arguments>
        <il.ac.technion.nlp.nli.core.method__call.NonPrimitiveArgument>
          <nonPrimitiveEntityIds class="ofergivoli.olib.data_structures.set.SafeHashSet" serialization="custom">
            <unserializable-parents/>
            <set>
              <default/>
              <int>8</int>
              <float>0.75</float>
              <int>4</int>
              <string>2</string>
              <string>3</string>
              <string>4</string>
              <string>5</string>
            </set>
          </nonPrimitiveEntityIds>
        </il.ac.technion.nlp.nli.core.method__call.NonPrimitiveArgument>
      </arguments>
      <entityIdOfObjectMethodIsInvokeOn>1</entityIdOfObjectMethodIsInvokeOn>
    </il.ac.technion.nlp.nli.core.method__call.MethodCall>
  </entry>
  <entry>
    <string>test-392</string>
    <il.ac.technion.nlp.nli.core.method__call.MethodCall>
      <methodId>
        <declaringClassCanonicalName>il.ac.technion.nlp.nli.dataset1.domains.list.entities.SpecialList</declaringClassCanonicalName>
        <name>remove</name>
        <parameterClassNames>
          <string>java.util.Collection</string>
        </parameterClassNames>
      </methodId>
      <arguments>
        <il.ac.technion.nlp.nli.core.method__call.NonPrimitiveArgument>
          <nonPrimitiveEntityIds class="ofergivoli.olib.data_structures.set.SafeHashSet" serialization="custom">
            <unserializable-parents/>
            <set>
              <default/>
              <int>8</int>
              <float>0.75</float>
              <int>4</int>
              <string>2</string>
              <string>3</string>
              <string>5</string>
              <string>6</string>
            </set>
          </nonPrimitiveEntityIds>
        </il.ac.technion.nlp.nli.core.method__call.NonPrimitiveArgument>
      </arguments>
      <entityIdOfObjectMethodIsInvokeOn>1</entityIdOfObjectMethodIsInvokeOn>
    </il.ac.technion.nlp.nli.core.method__call.MethodCall>
  </entry>
  <entry>
    <string>test-155</string>
    <il.ac.technion.nlp.nli.core.method__call.MethodCall>
      <methodId>
        <declaringClassCanonicalName>il.ac.technion.nlp.nli.dataset1.domains.calendar.entities.Calendar</declaringClassCanonicalName>
        <name>setEventColor</name>
        <parameterClassNames>
          <string>java.util.Collection</string>
          <string>il.ac.technion.nlp.nli.core.state.entities.Color</string>
        </parameterClassNames>
      </methodId>
      <arguments>
        <il.ac.technion.nlp.nli.core.method__call.NonPrimitiveArgument>
          <nonPrimitiveEntityIds class="ofergivoli.olib.data_structures.set.SafeHashSet" serialization="custom">
            <unserializable-parents/>
            <set>
              <default/>
              <int>2</int>
              <float>0.75</float>
              <int>1</int>
              <string>6</string>
            </set>
          </nonPrimitiveEntityIds>
        </il.ac.technion.nlp.nli.core.method__call.NonPrimitiveArgument>
        <il.ac.technion.nlp.nli.core.method__call.PrimitiveArgument>
          <primitiveEntities class="list">
            <il.ac.technion.nlp.nli.core.state.PrimitiveEntity>
              <value class="il.ac.technion.nlp.nli.core.state.entities.Color">BLACK</value>
            </il.ac.technion.nlp.nli.core.state.PrimitiveEntity>
          </primitiveEntities>
        </il.ac.technion.nlp.nli.core.method__call.PrimitiveArgument>
      </arguments>
      <entityIdOfObjectMethodIsInvokeOn>1</entityIdOfObjectMethodIsInvokeOn>
    </il.ac.technion.nlp.nli.core.method__call.MethodCall>
  </entry>
  <entry>
    <string>test-276</string>
    <il.ac.technion.nlp.nli.core.method__call.MethodCall>
      <methodId>
        <declaringClassCanonicalName>il.ac.technion.nlp.nli.dataset1.domains.lighting_control.entities.LightingControlSystem</declaringClassCanonicalName>
        <name>turnLightOff</name>
        <parameterClassNames>
          <string>java.util.Collection</string>
        </parameterClassNames>
      </methodId>
      <arguments>
        <il.ac.technion.nlp.nli.core.method__call.NonPrimitiveArgument>
          <nonPrimitiveEntityIds class="ofergivoli.olib.data_structures.set.SafeHashSet" serialization="custom">
            <unserializable-parents/>
            <set>
              <default/>
              <int>4</int>
              <float>0.75</float>
              <int>3</int>
              <string>5</string>
              <string>3</string>
              <string>7</string>
            </set>
          </nonPrimitiveEntityIds>
        </il.ac.technion.nlp.nli.core.method__call.NonPrimitiveArgument>
      </arguments>
      <entityIdOfObjectMethodIsInvokeOn>1</entityIdOfObjectMethodIsInvokeOn>
    </il.ac.technion.nlp.nli.core.method__call.MethodCall>
  </entry>
  <entry>
    <string>test-397</string>
    <il.ac.technion.nlp.nli.core.method__call.MethodCall>
      <methodId>
        <declaringClassCanonicalName>il.ac.technion.nlp.nli.dataset1.domains.calendar.entities.Calendar</declaringClassCanonicalName>
        <name>removeEvents</name>
        <parameterClassNames>
          <string>java.util.Collection</string>
        </parameterClassNames>
      </methodId>
      <arguments>
        <il.ac.technion.nlp.nli.core.method__call.NonPrimitiveArgument>
          <nonPrimitiveEntityIds class="ofergivoli.olib.data_structures.set.SafeHashSet" serialization="custom">
            <unserializable-parents/>
            <set>
              <default/>
              <int>2</int>
              <float>0.75</float>
              <int>1</int>
              <string>5</string>
            </set>
          </nonPrimitiveEntityIds>
        </il.ac.technion.nlp.nli.core.method__call.NonPrimitiveArgument>
      </arguments>
      <entityIdOfObjectMethodIsInvokeOn>1</entityIdOfObjectMethodIsInvokeOn>
    </il.ac.technion.nlp.nli.core.method__call.MethodCall>
  </entry>
  <entry>
    <string>test-156</string>
    <il.ac.technion.nlp.nli.core.method__call.MethodCall>
      <methodId>
        <declaringClassCanonicalName>il.ac.technion.nlp.nli.dataset1.domains.calendar.entities.Calendar</declaringClassCanonicalName>
        <name>removeEvents</name>
        <parameterClassNames>
          <string>java.util.Collection</string>
        </parameterClassNames>
      </methodId>
      <arguments>
        <il.ac.technion.nlp.nli.core.method__call.NonPrimitiveArgument>
          <nonPrimitiveEntityIds class="ofergivoli.olib.data_structures.set.SafeHashSet" serialization="custom">
            <unserializable-parents/>
            <set>
              <default/>
              <int>4</int>
              <float>0.75</float>
              <int>2</int>
              <string>4</string>
              <string>3</string>
            </set>
          </nonPrimitiveEntityIds>
        </il.ac.technion.nlp.nli.core.method__call.NonPrimitiveArgument>
      </arguments>
      <entityIdOfObjectMethodIsInvokeOn>1</entityIdOfObjectMethodIsInvokeOn>
    </il.ac.technion.nlp.nli.core.method__call.MethodCall>
  </entry>
  <entry>
    <string>test-277</string>
    <il.ac.technion.nlp.nli.core.method__call.MethodCall>
      <methodId>
        <declaringClassCanonicalName>il.ac.technion.nlp.nli.dataset1.domains.list.entities.SpecialList</declaringClassCanonicalName>
        <name>moveToBeginning</name>
        <parameterClassNames>
          <string>il.ac.technion.nlp.nli.dataset1.domains.list.entities.ListElement</string>
        </parameterClassNames>
      </methodId>
      <arguments>
        <il.ac.technion.nlp.nli.core.method__call.NonPrimitiveArgument>
          <nonPrimitiveEntityIds class="ofergivoli.olib.data_structures.set.SafeHashSet" serialization="custom">
            <unserializable-parents/>
            <set>
              <default/>
              <int>2</int>
              <float>0.75</float>
              <int>1</int>
              <string>5</string>
            </set>
          </nonPrimitiveEntityIds>
        </il.ac.technion.nlp.nli.core.method__call.NonPrimitiveArgument>
      </arguments>
      <entityIdOfObjectMethodIsInvokeOn>1</entityIdOfObjectMethodIsInvokeOn>
    </il.ac.technion.nlp.nli.core.method__call.MethodCall>
  </entry>
  <entry>
    <string>test-398</string>
    <il.ac.technion.nlp.nli.core.method__call.MethodCall>
      <methodId>
        <declaringClassCanonicalName>il.ac.technion.nlp.nli.dataset1.domains.container_management.entities.ContainerManagementSystem</declaringClassCanonicalName>
        <name>unloadContainers</name>
        <parameterClassNames>
          <string>java.util.Collection</string>
        </parameterClassNames>
      </methodId>
      <arguments>
        <il.ac.technion.nlp.nli.core.method__call.NonPrimitiveArgument>
          <nonPrimitiveEntityIds class="ofergivoli.olib.data_structures.set.SafeHashSet" serialization="custom">
            <unserializable-parents/>
            <set>
              <default/>
              <int>4</int>
              <float>0.75</float>
              <int>3</int>
              <string>4</string>
              <string>5</string>
              <string>3</string>
            </set>
          </nonPrimitiveEntityIds>
        </il.ac.technion.nlp.nli.core.method__call.NonPrimitiveArgument>
      </arguments>
      <entityIdOfObjectMethodIsInvokeOn>1</entityIdOfObjectMethodIsInvokeOn>
    </il.ac.technion.nlp.nli.core.method__call.MethodCall>
  </entry>
  <entry>
    <string>test-153</string>
    <il.ac.technion.nlp.nli.core.method__call.MethodCall>
      <methodId>
        <declaringClassCanonicalName>il.ac.technion.nlp.nli.dataset1.domains.workforce_management.entities.WorkforceManagementSystem</declaringClassCanonicalName>
        <name>assignEmployeeToNewPosition</name>
        <parameterClassNames>
          <string>il.ac.technion.nlp.nli.dataset1.domains.workforce_management.entities.Employee</string>
          <string>il.ac.technion.nlp.nli.dataset1.domains.workforce_management.entities.Position</string>
        </parameterClassNames>
      </methodId>
      <arguments>
        <il.ac.technion.nlp.nli.core.method__call.NonPrimitiveArgument>
          <nonPrimitiveEntityIds class="ofergivoli.olib.data_structures.set.SafeHashSet" serialization="custom">
            <unserializable-parents/>
            <set>
              <default/>
              <int>2</int>
              <float>0.75</float>
              <int>1</int>
              <string>2</string>
            </set>
          </nonPrimitiveEntityIds>
        </il.ac.technion.nlp.nli.core.method__call.NonPrimitiveArgument>
        <il.ac.technion.nlp.nli.core.method__call.PrimitiveArgument>
          <primitiveEntities class="list">
            <il.ac.technion.nlp.nli.core.state.PrimitiveEntity>
              <value class="il.ac.technion.nlp.nli.dataset1.domains.workforce_management.entities.Position">DEVELOPER</value>
            </il.ac.technion.nlp.nli.core.state.PrimitiveEntity>
          </primitiveEntities>
        </il.ac.technion.nlp.nli.core.method__call.PrimitiveArgument>
      </arguments>
      <entityIdOfObjectMethodIsInvokeOn>1</entityIdOfObjectMethodIsInvokeOn>
    </il.ac.technion.nlp.nli.core.method__call.MethodCall>
  </entry>
  <entry>
    <string>test-274</string>
    <il.ac.technion.nlp.nli.core.method__call.MethodCall>
      <methodId>
        <declaringClassCanonicalName>il.ac.technion.nlp.nli.dataset1.domains.calendar.entities.Calendar</declaringClassCanonicalName>
        <name>setEventColor</name>
        <parameterClassNames>
          <string>java.util.Collection</string>
          <string>il.ac.technion.nlp.nli.core.state.entities.Color</string>
        </parameterClassNames>
      </methodId>
      <arguments>
        <il.ac.technion.nlp.nli.core.method__call.NonPrimitiveArgument>
          <nonPrimitiveEntityIds class="ofergivoli.olib.data_structures.set.SafeHashSet" serialization="custom">
            <unserializable-parents/>
            <set>
              <default/>
              <int>2</int>
              <float>0.75</float>
              <int>1</int>
              <string>4</string>
            </set>
          </nonPrimitiveEntityIds>
        </il.ac.technion.nlp.nli.core.method__call.NonPrimitiveArgument>
        <il.ac.technion.nlp.nli.core.method__call.PrimitiveArgument>
          <primitiveEntities class="list">
            <il.ac.technion.nlp.nli.core.state.PrimitiveEntity>
              <value class="il.ac.technion.nlp.nli.core.state.entities.Color">BLACK</value>
            </il.ac.technion.nlp.nli.core.state.PrimitiveEntity>
          </primitiveEntities>
        </il.ac.technion.nlp.nli.core.method__call.PrimitiveArgument>
      </arguments>
      <entityIdOfObjectMethodIsInvokeOn>1</entityIdOfObjectMethodIsInvokeOn>
    </il.ac.technion.nlp.nli.core.method__call.MethodCall>
  </entry>
  <entry>
    <string>test-395</string>
    <il.ac.technion.nlp.nli.core.method__call.MethodCall>
      <methodId>
        <declaringClassCanonicalName>il.ac.technion.nlp.nli.dataset1.domains.file_manager.entities.FileManager</declaringClassCanonicalName>
        <name>moveFiles</name>
        <parameterClassNames>
          <string>java.util.Collection</string>
          <string>il.ac.technion.nlp.nli.dataset1.domains.file_manager.entities.Directory</string>
        </parameterClassNames>
      </methodId>
      <arguments>
        <il.ac.technion.nlp.nli.core.method__call.NonPrimitiveArgument>
          <nonPrimitiveEntityIds class="ofergivoli.olib.data_structures.set.SafeHashSet" serialization="custom">
            <unserializable-parents/>
            <set>
              <default/>
              <int>2</int>
              <float>0.75</float>
              <int>1</int>
              <string>4</string>
            </set>
          </nonPrimitiveEntityIds>
        </il.ac.technion.nlp.nli.core.method__call.NonPrimitiveArgument>
        <il.ac.technion.nlp.nli.core.method__call.NonPrimitiveArgument>
          <nonPrimitiveEntityIds class="ofergivoli.olib.data_structures.set.SafeHashSet" serialization="custom">
            <unserializable-parents/>
            <set>
              <default/>
              <int>2</int>
              <float>0.75</float>
              <int>1</int>
              <string>8</string>
            </set>
          </nonPrimitiveEntityIds>
        </il.ac.technion.nlp.nli.core.method__call.NonPrimitiveArgument>
      </arguments>
      <entityIdOfObjectMethodIsInvokeOn>1</entityIdOfObjectMethodIsInvokeOn>
    </il.ac.technion.nlp.nli.core.method__call.MethodCall>
  </entry>
  <entry>
    <string>test-154</string>
    <il.ac.technion.nlp.nli.core.method__call.MethodCall>
      <methodId>
        <declaringClassCanonicalName>il.ac.technion.nlp.nli.dataset1.domains.calendar.entities.Calendar</declaringClassCanonicalName>
        <name>removeEvents</name>
        <parameterClassNames>
          <string>java.util.Collection</string>
        </parameterClassNames>
      </methodId>
      <arguments>
        <il.ac.technion.nlp.nli.core.method__call.NonPrimitiveArgument>
          <nonPrimitiveEntityIds class="ofergivoli.olib.data_structures.set.SafeHashSet" serialization="custom">
            <unserializable-parents/>
            <set>
              <default/>
              <int>8</int>
              <float>0.75</float>
              <int>4</int>
              <string>8</string>
              <string>2</string>
              <string>4</string>
              <string>6</string>
            </set>
          </nonPrimitiveEntityIds>
        </il.ac.technion.nlp.nli.core.method__call.NonPrimitiveArgument>
      </arguments>
      <entityIdOfObjectMethodIsInvokeOn>1</entityIdOfObjectMethodIsInvokeOn>
    </il.ac.technion.nlp.nli.core.method__call.MethodCall>
  </entry>
  <entry>
    <string>test-275</string>
    <il.ac.technion.nlp.nli.core.method__call.MethodCall>
      <methodId>
        <declaringClassCanonicalName>il.ac.technion.nlp.nli.dataset1.domains.messenger.Messenger</declaringClassCanonicalName>
        <name>createChatGroup</name>
        <parameterClassNames>
          <string>java.util.Collection</string>
        </parameterClassNames>
      </methodId>
      <arguments>
        <il.ac.technion.nlp.nli.core.method__call.NonPrimitiveArgument>
          <nonPrimitiveEntityIds class="ofergivoli.olib.data_structures.set.SafeHashSet" serialization="custom">
            <unserializable-parents/>
            <set>
              <default/>
              <int>4</int>
              <float>0.75</float>
              <int>2</int>
              <string>4</string>
              <string>3</string>
            </set>
          </nonPrimitiveEntityIds>
        </il.ac.technion.nlp.nli.core.method__call.NonPrimitiveArgument>
      </arguments>
      <entityIdOfObjectMethodIsInvokeOn>1</entityIdOfObjectMethodIsInvokeOn>
    </il.ac.technion.nlp.nli.core.method__call.MethodCall>
  </entry>
  <entry>
    <string>test-396</string>
    <il.ac.technion.nlp.nli.core.method__call.MethodCall>
      <methodId>
        <declaringClassCanonicalName>il.ac.technion.nlp.nli.dataset1.domains.workforce_management.entities.WorkforceManagementSystem</declaringClassCanonicalName>
        <name>fireEmployees</name>
        <parameterClassNames>
          <string>java.util.Collection</string>
        </parameterClassNames>
      </methodId>
      <arguments>
        <il.ac.technion.nlp.nli.core.method__call.NonPrimitiveArgument>
          <nonPrimitiveEntityIds class="ofergivoli.olib.data_structures.set.SafeHashSet" serialization="custom">
            <unserializable-parents/>
            <set>
              <default/>
              <int>4</int>
              <float>0.75</float>
              <int>2</int>
              <string>2</string>
              <string>3</string>
            </set>
          </nonPrimitiveEntityIds>
        </il.ac.technion.nlp.nli.core.method__call.NonPrimitiveArgument>
      </arguments>
      <entityIdOfObjectMethodIsInvokeOn>1</entityIdOfObjectMethodIsInvokeOn>
    </il.ac.technion.nlp.nli.core.method__call.MethodCall>
  </entry>
  <entry>
    <string>test-159</string>
    <il.ac.technion.nlp.nli.core.method__call.MethodCall>
      <methodId>
        <declaringClassCanonicalName>il.ac.technion.nlp.nli.dataset1.domains.list.entities.SpecialList</declaringClassCanonicalName>
        <name>moveToEnd</name>
        <parameterClassNames>
          <string>il.ac.technion.nlp.nli.dataset1.domains.list.entities.ListElement</string>
        </parameterClassNames>
      </methodId>
      <arguments>
        <il.ac.technion.nlp.nli.core.method__call.NonPrimitiveArgument>
          <nonPrimitiveEntityIds class="ofergivoli.olib.data_structures.set.SafeHashSet" serialization="custom">
            <unserializable-parents/>
            <set>
              <default/>
              <int>2</int>
              <float>0.75</float>
              <int>1</int>
              <string>4</string>
            </set>
          </nonPrimitiveEntityIds>
        </il.ac.technion.nlp.nli.core.method__call.NonPrimitiveArgument>
      </arguments>
      <entityIdOfObjectMethodIsInvokeOn>1</entityIdOfObjectMethodIsInvokeOn>
    </il.ac.technion.nlp.nli.core.method__call.MethodCall>
  </entry>
  <entry>
    <string>test-157</string>
    <il.ac.technion.nlp.nli.core.method__call.MethodCall>
      <methodId>
        <declaringClassCanonicalName>il.ac.technion.nlp.nli.dataset1.domains.calendar.entities.Calendar</declaringClassCanonicalName>
        <name>removeEvents</name>
        <parameterClassNames>
          <string>java.util.Collection</string>
        </parameterClassNames>
      </methodId>
      <arguments>
        <il.ac.technion.nlp.nli.core.method__call.NonPrimitiveArgument>
          <nonPrimitiveEntityIds class="ofergivoli.olib.data_structures.set.SafeHashSet" serialization="custom">
            <unserializable-parents/>
            <set>
              <default/>
              <int>2</int>
              <float>0.75</float>
              <int>1</int>
              <string>6</string>
            </set>
          </nonPrimitiveEntityIds>
        </il.ac.technion.nlp.nli.core.method__call.NonPrimitiveArgument>
      </arguments>
      <entityIdOfObjectMethodIsInvokeOn>1</entityIdOfObjectMethodIsInvokeOn>
    </il.ac.technion.nlp.nli.core.method__call.MethodCall>
  </entry>
  <entry>
    <string>test-278</string>
    <il.ac.technion.nlp.nli.core.method__call.MethodCall>
      <methodId>
        <declaringClassCanonicalName>il.ac.technion.nlp.nli.dataset1.domains.lighting_control.entities.LightingControlSystem</declaringClassCanonicalName>
        <name>turnLightOn</name>
        <parameterClassNames>
          <string>java.util.Collection</string>
        </parameterClassNames>
      </methodId>
      <arguments>
        <il.ac.technion.nlp.nli.core.method__call.NonPrimitiveArgument>
          <nonPrimitiveEntityIds class="ofergivoli.olib.data_structures.set.SafeHashSet" serialization="custom">
            <unserializable-parents/>
            <set>
              <default/>
              <int>8</int>
              <float>0.75</float>
              <int>5</int>
              <string>8</string>
              <string>4</string>
              <string>5</string>
              <string>6</string>
              <string>7</string>
            </set>
          </nonPrimitiveEntityIds>
        </il.ac.technion.nlp.nli.core.method__call.NonPrimitiveArgument>
      </arguments>
      <entityIdOfObjectMethodIsInvokeOn>1</entityIdOfObjectMethodIsInvokeOn>
    </il.ac.technion.nlp.nli.core.method__call.MethodCall>
  </entry>
  <entry>
    <string>test-399</string>
    <il.ac.technion.nlp.nli.core.method__call.MethodCall>
      <methodId>
        <declaringClassCanonicalName>il.ac.technion.nlp.nli.dataset1.domains.messenger.Messenger</declaringClassCanonicalName>
        <name>muteChatGroups</name>
        <parameterClassNames>
          <string>java.util.Collection</string>
        </parameterClassNames>
      </methodId>
      <arguments>
        <il.ac.technion.nlp.nli.core.method__call.NonPrimitiveArgument>
          <nonPrimitiveEntityIds class="ofergivoli.olib.data_structures.set.SafeHashSet" serialization="custom">
            <unserializable-parents/>
            <set>
              <default/>
              <int>2</int>
              <float>0.75</float>
              <int>1</int>
              <string>14</string>
            </set>
          </nonPrimitiveEntityIds>
        </il.ac.technion.nlp.nli.core.method__call.NonPrimitiveArgument>
      </arguments>
      <entityIdOfObjectMethodIsInvokeOn>1</entityIdOfObjectMethodIsInvokeOn>
    </il.ac.technion.nlp.nli.core.method__call.MethodCall>
  </entry>
  <entry>
    <string>test-158</string>
    <il.ac.technion.nlp.nli.core.method__call.MethodCall>
      <methodId>
        <declaringClassCanonicalName>il.ac.technion.nlp.nli.dataset1.domains.workforce_management.entities.WorkforceManagementSystem</declaringClassCanonicalName>
        <name>fireEmployees</name>
        <parameterClassNames>
          <string>java.util.Collection</string>
        </parameterClassNames>
      </methodId>
      <arguments>
        <il.ac.technion.nlp.nli.core.method__call.NonPrimitiveArgument>
          <nonPrimitiveEntityIds class="ofergivoli.olib.data_structures.set.SafeHashSet" serialization="custom">
            <unserializable-parents/>
            <set>
              <default/>
              <int>4</int>
              <float>0.75</float>
              <int>2</int>
              <string>2</string>
              <string>3</string>
            </set>
          </nonPrimitiveEntityIds>
        </il.ac.technion.nlp.nli.core.method__call.NonPrimitiveArgument>
      </arguments>
      <entityIdOfObjectMethodIsInvokeOn>1</entityIdOfObjectMethodIsInvokeOn>
    </il.ac.technion.nlp.nli.core.method__call.MethodCall>
  </entry>
  <entry>
    <string>test-279</string>
    <il.ac.technion.nlp.nli.core.method__call.MethodCall>
      <methodId>
        <declaringClassCanonicalName>il.ac.technion.nlp.nli.dataset1.domains.messenger.Messenger</declaringClassCanonicalName>
        <name>deleteChatGroups</name>
        <parameterClassNames>
          <string>java.util.Collection</string>
        </parameterClassNames>
      </methodId>
      <arguments>
        <il.ac.technion.nlp.nli.core.method__call.NonPrimitiveArgument>
          <nonPrimitiveEntityIds class="ofergivoli.olib.data_structures.set.SafeHashSet" serialization="custom">
            <unserializable-parents/>
            <set>
              <default/>
              <int>2</int>
              <float>0.75</float>
              <int>1</int>
              <string>9</string>
            </set>
          </nonPrimitiveEntityIds>
        </il.ac.technion.nlp.nli.core.method__call.NonPrimitiveArgument>
      </arguments>
      <entityIdOfObjectMethodIsInvokeOn>1</entityIdOfObjectMethodIsInvokeOn>
    </il.ac.technion.nlp.nli.core.method__call.MethodCall>
  </entry>
  <entry>
    <string>test-390</string>
    <il.ac.technion.nlp.nli.core.method__call.MethodCall>
      <methodId>
        <declaringClassCanonicalName>il.ac.technion.nlp.nli.dataset1.domains.list.entities.SpecialList</declaringClassCanonicalName>
        <name>remove</name>
        <parameterClassNames>
          <string>java.util.Collection</string>
        </parameterClassNames>
      </methodId>
      <arguments>
        <il.ac.technion.nlp.nli.core.method__call.NonPrimitiveArgument>
          <nonPrimitiveEntityIds class="ofergivoli.olib.data_structures.set.SafeHashSet" serialization="custom">
            <unserializable-parents/>
            <set>
              <default/>
              <int>4</int>
              <float>0.75</float>
              <int>3</int>
              <string>4</string>
              <string>5</string>
              <string>2</string>
            </set>
          </nonPrimitiveEntityIds>
        </il.ac.technion.nlp.nli.core.method__call.NonPrimitiveArgument>
      </arguments>
      <entityIdOfObjectMethodIsInvokeOn>1</entityIdOfObjectMethodIsInvokeOn>
    </il.ac.technion.nlp.nli.core.method__call.MethodCall>
  </entry>
  <entry>
    <string>test-162</string>
    <il.ac.technion.nlp.nli.core.method__call.MethodCall>
      <methodId>
        <declaringClassCanonicalName>il.ac.technion.nlp.nli.dataset1.domains.messenger.Messenger</declaringClassCanonicalName>
        <name>createChatGroup</name>
        <parameterClassNames>
          <string>java.util.Collection</string>
        </parameterClassNames>
      </methodId>
      <arguments>
        <il.ac.technion.nlp.nli.core.method__call.NonPrimitiveArgument>
          <nonPrimitiveEntityIds class="ofergivoli.olib.data_structures.set.SafeHashSet" serialization="custom">
            <unserializable-parents/>
            <set>
              <default/>
              <int>4</int>
              <float>0.75</float>
              <int>2</int>
              <string>5</string>
              <string>10</string>
            </set>
          </nonPrimitiveEntityIds>
        </il.ac.technion.nlp.nli.core.method__call.NonPrimitiveArgument>
      </arguments>
      <entityIdOfObjectMethodIsInvokeOn>1</entityIdOfObjectMethodIsInvokeOn>
    </il.ac.technion.nlp.nli.core.method__call.MethodCall>
  </entry>
  <entry>
    <string>test-283</string>
    <il.ac.technion.nlp.nli.core.method__call.MethodCall>
      <methodId>
        <declaringClassCanonicalName>il.ac.technion.nlp.nli.dataset1.domains.messenger.Messenger</declaringClassCanonicalName>
        <name>deleteChatGroups</name>
        <parameterClassNames>
          <string>java.util.Collection</string>
        </parameterClassNames>
      </methodId>
      <arguments>
        <il.ac.technion.nlp.nli.core.method__call.NonPrimitiveArgument>
          <nonPrimitiveEntityIds class="ofergivoli.olib.data_structures.set.SafeHashSet" serialization="custom">
            <unserializable-parents/>
            <set>
              <default/>
              <int>4</int>
              <float>0.75</float>
              <int>3</int>
              <string>15</string>
              <string>13</string>
              <string>14</string>
            </set>
          </nonPrimitiveEntityIds>
        </il.ac.technion.nlp.nli.core.method__call.NonPrimitiveArgument>
      </arguments>
      <entityIdOfObjectMethodIsInvokeOn>1</entityIdOfObjectMethodIsInvokeOn>
    </il.ac.technion.nlp.nli.core.method__call.MethodCall>
  </entry>
  <entry>
    <string>test-163</string>
    <il.ac.technion.nlp.nli.core.method__call.MethodCall>
      <methodId>
        <declaringClassCanonicalName>il.ac.technion.nlp.nli.dataset1.domains.file_manager.entities.FileManager</declaringClassCanonicalName>
        <name>moveFiles</name>
        <parameterClassNames>
          <string>java.util.Collection</string>
          <string>il.ac.technion.nlp.nli.dataset1.domains.file_manager.entities.Directory</string>
        </parameterClassNames>
      </methodId>
      <arguments>
        <il.ac.technion.nlp.nli.core.method__call.NonPrimitiveArgument>
          <nonPrimitiveEntityIds class="ofergivoli.olib.data_structures.set.SafeHashSet" serialization="custom">
            <unserializable-parents/>
            <set>
              <default/>
              <int>2</int>
              <float>0.75</float>
              <int>1</int>
              <string>8</string>
            </set>
          </nonPrimitiveEntityIds>
        </il.ac.technion.nlp.nli.core.method__call.NonPrimitiveArgument>
        <il.ac.technion.nlp.nli.core.method__call.NonPrimitiveArgument>
          <nonPrimitiveEntityIds class="ofergivoli.olib.data_structures.set.SafeHashSet" serialization="custom">
            <unserializable-parents/>
            <set>
              <default/>
              <int>2</int>
              <float>0.75</float>
              <int>1</int>
              <string>3</string>
            </set>
          </nonPrimitiveEntityIds>
        </il.ac.technion.nlp.nli.core.method__call.NonPrimitiveArgument>
      </arguments>
      <entityIdOfObjectMethodIsInvokeOn>1</entityIdOfObjectMethodIsInvokeOn>
    </il.ac.technion.nlp.nli.core.method__call.MethodCall>
  </entry>
  <entry>
    <string>test-284</string>
    <il.ac.technion.nlp.nli.core.method__call.MethodCall>
      <methodId>
        <declaringClassCanonicalName>il.ac.technion.nlp.nli.dataset1.domains.lighting_control.entities.LightingControlSystem</declaringClassCanonicalName>
        <name>turnLightOff</name>
        <parameterClassNames>
          <string>java.util.Collection</string>
        </parameterClassNames>
      </methodId>
      <arguments>
        <il.ac.technion.nlp.nli.core.method__call.NonPrimitiveArgument>
          <nonPrimitiveEntityIds class="ofergivoli.olib.data_structures.set.SafeHashSet" serialization="custom">
            <unserializable-parents/>
            <set>
              <default/>
              <int>8</int>
              <float>0.75</float>
              <int>4</int>
              <string>3</string>
              <string>5</string>
              <string>6</string>
              <string>7</string>
            </set>
          </nonPrimitiveEntityIds>
        </il.ac.technion.nlp.nli.core.method__call.NonPrimitiveArgument>
      </arguments>
      <entityIdOfObjectMethodIsInvokeOn>1</entityIdOfObjectMethodIsInvokeOn>
    </il.ac.technion.nlp.nli.core.method__call.MethodCall>
  </entry>
  <entry>
    <string>test-160</string>
    <il.ac.technion.nlp.nli.core.method__call.MethodCall>
      <methodId>
        <declaringClassCanonicalName>il.ac.technion.nlp.nli.dataset1.domains.messenger.Messenger</declaringClassCanonicalName>
        <name>muteChatGroups</name>
        <parameterClassNames>
          <string>java.util.Collection</string>
        </parameterClassNames>
      </methodId>
      <arguments>
        <il.ac.technion.nlp.nli.core.method__call.NonPrimitiveArgument>
          <nonPrimitiveEntityIds class="ofergivoli.olib.data_structures.set.SafeHashSet" serialization="custom">
            <unserializable-parents/>
            <set>
              <default/>
              <int>4</int>
              <float>0.75</float>
              <int>2</int>
              <string>8</string>
              <string>9</string>
            </set>
          </nonPrimitiveEntityIds>
        </il.ac.technion.nlp.nli.core.method__call.NonPrimitiveArgument>
      </arguments>
      <entityIdOfObjectMethodIsInvokeOn>1</entityIdOfObjectMethodIsInvokeOn>
    </il.ac.technion.nlp.nli.core.method__call.MethodCall>
  </entry>
  <entry>
    <string>test-281</string>
    <il.ac.technion.nlp.nli.core.method__call.MethodCall>
      <methodId>
        <declaringClassCanonicalName>il.ac.technion.nlp.nli.dataset1.domains.messenger.Messenger</declaringClassCanonicalName>
        <name>unmuteChatGroups</name>
        <parameterClassNames>
          <string>java.util.Collection</string>
        </parameterClassNames>
      </methodId>
      <arguments>
        <il.ac.technion.nlp.nli.core.method__call.NonPrimitiveArgument>
          <nonPrimitiveEntityIds class="ofergivoli.olib.data_structures.set.SafeHashSet" serialization="custom">
            <unserializable-parents/>
            <set>
              <default/>
              <int>4</int>
              <float>0.75</float>
              <int>2</int>
              <string>12</string>
              <string>9</string>
            </set>
          </nonPrimitiveEntityIds>
        </il.ac.technion.nlp.nli.core.method__call.NonPrimitiveArgument>
      </arguments>
      <entityIdOfObjectMethodIsInvokeOn>1</entityIdOfObjectMethodIsInvokeOn>
    </il.ac.technion.nlp.nli.core.method__call.MethodCall>
  </entry>
  <entry>
    <string>test-161</string>
    <il.ac.technion.nlp.nli.core.method__call.MethodCall>
      <methodId>
        <declaringClassCanonicalName>il.ac.technion.nlp.nli.dataset1.domains.workforce_management.entities.WorkforceManagementSystem</declaringClassCanonicalName>
        <name>assignEmployeeToNewPosition</name>
        <parameterClassNames>
          <string>il.ac.technion.nlp.nli.dataset1.domains.workforce_management.entities.Employee</string>
          <string>il.ac.technion.nlp.nli.dataset1.domains.workforce_management.entities.Position</string>
        </parameterClassNames>
      </methodId>
      <arguments>
        <il.ac.technion.nlp.nli.core.method__call.NonPrimitiveArgument>
          <nonPrimitiveEntityIds class="ofergivoli.olib.data_structures.set.SafeHashSet" serialization="custom">
            <unserializable-parents/>
            <set>
              <default/>
              <int>2</int>
              <float>0.75</float>
              <int>1</int>
              <string>3</string>
            </set>
          </nonPrimitiveEntityIds>
        </il.ac.technion.nlp.nli.core.method__call.NonPrimitiveArgument>
        <il.ac.technion.nlp.nli.core.method__call.PrimitiveArgument>
          <primitiveEntities class="list">
            <il.ac.technion.nlp.nli.core.state.PrimitiveEntity>
              <value class="il.ac.technion.nlp.nli.dataset1.domains.workforce_management.entities.Position">DEVELOPER</value>
            </il.ac.technion.nlp.nli.core.state.PrimitiveEntity>
          </primitiveEntities>
        </il.ac.technion.nlp.nli.core.method__call.PrimitiveArgument>
      </arguments>
      <entityIdOfObjectMethodIsInvokeOn>1</entityIdOfObjectMethodIsInvokeOn>
    </il.ac.technion.nlp.nli.core.method__call.MethodCall>
  </entry>
  <entry>
    <string>test-282</string>
    <il.ac.technion.nlp.nli.core.method__call.MethodCall>
      <methodId>
        <declaringClassCanonicalName>il.ac.technion.nlp.nli.dataset1.domains.calendar.entities.Calendar</declaringClassCanonicalName>
        <name>setEventColor</name>
        <parameterClassNames>
          <string>java.util.Collection</string>
          <string>il.ac.technion.nlp.nli.core.state.entities.Color</string>
        </parameterClassNames>
      </methodId>
      <arguments>
        <il.ac.technion.nlp.nli.core.method__call.NonPrimitiveArgument>
          <nonPrimitiveEntityIds class="ofergivoli.olib.data_structures.set.SafeHashSet" serialization="custom">
            <unserializable-parents/>
            <set>
              <default/>
              <int>2</int>
              <float>0.75</float>
              <int>1</int>
              <string>5</string>
            </set>
          </nonPrimitiveEntityIds>
        </il.ac.technion.nlp.nli.core.method__call.NonPrimitiveArgument>
        <il.ac.technion.nlp.nli.core.method__call.PrimitiveArgument>
          <primitiveEntities class="list">
            <il.ac.technion.nlp.nli.core.state.PrimitiveEntity>
              <value class="il.ac.technion.nlp.nli.core.state.entities.Color">BLUE</value>
            </il.ac.technion.nlp.nli.core.state.PrimitiveEntity>
          </primitiveEntities>
        </il.ac.technion.nlp.nli.core.method__call.PrimitiveArgument>
      </arguments>
      <entityIdOfObjectMethodIsInvokeOn>1</entityIdOfObjectMethodIsInvokeOn>
    </il.ac.technion.nlp.nli.core.method__call.MethodCall>
  </entry>
  <entry>
    <string>test-166</string>
    <il.ac.technion.nlp.nli.core.method__call.MethodCall>
      <methodId>
        <declaringClassCanonicalName>il.ac.technion.nlp.nli.dataset1.domains.file_manager.entities.FileManager</declaringClassCanonicalName>
        <name>removeFiles</name>
        <parameterClassNames>
          <string>java.util.Collection</string>
        </parameterClassNames>
      </methodId>
      <arguments>
        <il.ac.technion.nlp.nli.core.method__call.NonPrimitiveArgument>
          <nonPrimitiveEntityIds class="ofergivoli.olib.data_structures.set.SafeHashSet" serialization="custom">
            <unserializable-parents/>
            <set>
              <default/>
              <int>2</int>
              <float>0.75</float>
              <int>1</int>
              <string>7</string>
            </set>
          </nonPrimitiveEntityIds>
        </il.ac.technion.nlp.nli.core.method__call.NonPrimitiveArgument>
      </arguments>
      <entityIdOfObjectMethodIsInvokeOn>1</entityIdOfObjectMethodIsInvokeOn>
    </il.ac.technion.nlp.nli.core.method__call.MethodCall>
  </entry>
  <entry>
    <string>test-287</string>
    <il.ac.technion.nlp.nli.core.method__call.MethodCall>
      <methodId>
        <declaringClassCanonicalName>il.ac.technion.nlp.nli.dataset1.domains.messenger.Messenger</declaringClassCanonicalName>
        <name>createChatGroup</name>
        <parameterClassNames>
          <string>java.util.Collection</string>
        </parameterClassNames>
      </methodId>
      <arguments>
        <il.ac.technion.nlp.nli.core.method__call.NonPrimitiveArgument>
          <nonPrimitiveEntityIds class="ofergivoli.olib.data_structures.set.SafeHashSet" serialization="custom">
            <unserializable-parents/>
            <set>
              <default/>
              <int>4</int>
              <float>0.75</float>
              <int>2</int>
              <string>4</string>
              <string>6</string>
            </set>
          </nonPrimitiveEntityIds>
        </il.ac.technion.nlp.nli.core.method__call.NonPrimitiveArgument>
      </arguments>
      <entityIdOfObjectMethodIsInvokeOn>1</entityIdOfObjectMethodIsInvokeOn>
    </il.ac.technion.nlp.nli.core.method__call.MethodCall>
  </entry>
  <entry>
    <string>test-167</string>
    <il.ac.technion.nlp.nli.core.method__call.MethodCall>
      <methodId>
        <declaringClassCanonicalName>il.ac.technion.nlp.nli.dataset1.domains.messenger.Messenger</declaringClassCanonicalName>
        <name>deleteChatGroups</name>
        <parameterClassNames>
          <string>java.util.Collection</string>
        </parameterClassNames>
      </methodId>
      <arguments>
        <il.ac.technion.nlp.nli.core.method__call.NonPrimitiveArgument>
          <nonPrimitiveEntityIds class="ofergivoli.olib.data_structures.set.SafeHashSet" serialization="custom">
            <unserializable-parents/>
            <set>
              <default/>
              <int>2</int>
              <float>0.75</float>
              <int>1</int>
              <string>8</string>
            </set>
          </nonPrimitiveEntityIds>
        </il.ac.technion.nlp.nli.core.method__call.NonPrimitiveArgument>
      </arguments>
      <entityIdOfObjectMethodIsInvokeOn>1</entityIdOfObjectMethodIsInvokeOn>
    </il.ac.technion.nlp.nli.core.method__call.MethodCall>
  </entry>
  <entry>
    <string>test-288</string>
    <il.ac.technion.nlp.nli.core.method__call.MethodCall>
      <methodId>
        <declaringClassCanonicalName>il.ac.technion.nlp.nli.dataset1.domains.list.entities.SpecialList</declaringClassCanonicalName>
        <name>remove</name>
        <parameterClassNames>
          <string>java.util.Collection</string>
        </parameterClassNames>
      </methodId>
      <arguments>
        <il.ac.technion.nlp.nli.core.method__call.NonPrimitiveArgument>
          <nonPrimitiveEntityIds class="ofergivoli.olib.data_structures.set.SafeHashSet" serialization="custom">
            <unserializable-parents/>
            <set>
              <default/>
              <int>4</int>
              <float>0.75</float>
              <int>2</int>
              <string>4</string>
              <string>3</string>
            </set>
          </nonPrimitiveEntityIds>
        </il.ac.technion.nlp.nli.core.method__call.NonPrimitiveArgument>
      </arguments>
      <entityIdOfObjectMethodIsInvokeOn>1</entityIdOfObjectMethodIsInvokeOn>
    </il.ac.technion.nlp.nli.core.method__call.MethodCall>
  </entry>
  <entry>
    <string>test-164</string>
    <il.ac.technion.nlp.nli.core.method__call.MethodCall>
      <methodId>
        <declaringClassCanonicalName>il.ac.technion.nlp.nli.dataset1.domains.messenger.Messenger</declaringClassCanonicalName>
        <name>createChatGroup</name>
        <parameterClassNames>
          <string>java.util.Collection</string>
        </parameterClassNames>
      </methodId>
      <arguments>
        <il.ac.technion.nlp.nli.core.method__call.NonPrimitiveArgument>
          <nonPrimitiveEntityIds class="ofergivoli.olib.data_structures.set.SafeHashSet" serialization="custom">
            <unserializable-parents/>
            <set>
              <default/>
              <int>4</int>
              <float>0.75</float>
              <int>3</int>
              <string>2</string>
              <string>3</string>
              <string>7</string>
            </set>
          </nonPrimitiveEntityIds>
        </il.ac.technion.nlp.nli.core.method__call.NonPrimitiveArgument>
      </arguments>
      <entityIdOfObjectMethodIsInvokeOn>1</entityIdOfObjectMethodIsInvokeOn>
    </il.ac.technion.nlp.nli.core.method__call.MethodCall>
  </entry>
  <entry>
    <string>test-285</string>
    <il.ac.technion.nlp.nli.core.method__call.MethodCall>
      <methodId>
        <declaringClassCanonicalName>il.ac.technion.nlp.nli.dataset1.domains.file_manager.entities.FileManager</declaringClassCanonicalName>
        <name>moveFiles</name>
        <parameterClassNames>
          <string>java.util.Collection</string>
          <string>il.ac.technion.nlp.nli.dataset1.domains.file_manager.entities.Directory</string>
        </parameterClassNames>
      </methodId>
      <arguments>
        <il.ac.technion.nlp.nli.core.method__call.NonPrimitiveArgument>
          <nonPrimitiveEntityIds class="ofergivoli.olib.data_structures.set.SafeHashSet" serialization="custom">
            <unserializable-parents/>
            <set>
              <default/>
              <int>4</int>
              <float>0.75</float>
              <int>3</int>
              <string>4</string>
              <string>5</string>
              <string>6</string>
            </set>
          </nonPrimitiveEntityIds>
        </il.ac.technion.nlp.nli.core.method__call.NonPrimitiveArgument>
        <il.ac.technion.nlp.nli.core.method__call.NonPrimitiveArgument>
          <nonPrimitiveEntityIds class="ofergivoli.olib.data_structures.set.SafeHashSet" serialization="custom">
            <unserializable-parents/>
            <set>
              <default/>
              <int>2</int>
              <float>0.75</float>
              <int>1</int>
              <string>7</string>
            </set>
          </nonPrimitiveEntityIds>
        </il.ac.technion.nlp.nli.core.method__call.NonPrimitiveArgument>
      </arguments>
      <entityIdOfObjectMethodIsInvokeOn>1</entityIdOfObjectMethodIsInvokeOn>
    </il.ac.technion.nlp.nli.core.method__call.MethodCall>
  </entry>
  <entry>
    <string>test-165</string>
    <il.ac.technion.nlp.nli.core.method__call.MethodCall>
      <methodId>
        <declaringClassCanonicalName>il.ac.technion.nlp.nli.dataset1.domains.workforce_management.entities.WorkforceManagementSystem</declaringClassCanonicalName>
        <name>fireEmployees</name>
        <parameterClassNames>
          <string>java.util.Collection</string>
        </parameterClassNames>
      </methodId>
      <arguments>
        <il.ac.technion.nlp.nli.core.method__call.NonPrimitiveArgument>
          <nonPrimitiveEntityIds class="ofergivoli.olib.data_structures.set.SafeHashSet" serialization="custom">
            <unserializable-parents/>
            <set>
              <default/>
              <int>4</int>
              <float>0.75</float>
              <int>2</int>
              <string>2</string>
              <string>3</string>
            </set>
          </nonPrimitiveEntityIds>
        </il.ac.technion.nlp.nli.core.method__call.NonPrimitiveArgument>
      </arguments>
      <entityIdOfObjectMethodIsInvokeOn>1</entityIdOfObjectMethodIsInvokeOn>
    </il.ac.technion.nlp.nli.core.method__call.MethodCall>
  </entry>
  <entry>
    <string>test-286</string>
    <il.ac.technion.nlp.nli.core.method__call.MethodCall>
      <methodId>
        <declaringClassCanonicalName>il.ac.technion.nlp.nli.dataset1.domains.messenger.Messenger</declaringClassCanonicalName>
        <name>createChatGroup</name>
        <parameterClassNames>
          <string>java.util.Collection</string>
        </parameterClassNames>
      </methodId>
      <arguments>
        <il.ac.technion.nlp.nli.core.method__call.NonPrimitiveArgument>
          <nonPrimitiveEntityIds class="ofergivoli.olib.data_structures.set.SafeHashSet" serialization="custom">
            <unserializable-parents/>
            <set>
              <default/>
              <int>4</int>
              <float>0.75</float>
              <int>2</int>
              <string>2</string>
              <string>7</string>
            </set>
          </nonPrimitiveEntityIds>
        </il.ac.technion.nlp.nli.core.method__call.NonPrimitiveArgument>
      </arguments>
      <entityIdOfObjectMethodIsInvokeOn>1</entityIdOfObjectMethodIsInvokeOn>
    </il.ac.technion.nlp.nli.core.method__call.MethodCall>
  </entry>
  <entry>
    <string>test-168</string>
    <il.ac.technion.nlp.nli.core.method__call.MethodCall>
      <methodId>
        <declaringClassCanonicalName>il.ac.technion.nlp.nli.dataset1.domains.messenger.Messenger</declaringClassCanonicalName>
        <name>createChatGroup</name>
        <parameterClassNames>
          <string>java.util.Collection</string>
        </parameterClassNames>
      </methodId>
      <arguments>
        <il.ac.technion.nlp.nli.core.method__call.NonPrimitiveArgument>
          <nonPrimitiveEntityIds class="ofergivoli.olib.data_structures.set.SafeHashSet" serialization="custom">
            <unserializable-parents/>
            <set>
              <default/>
              <int>4</int>
              <float>0.75</float>
              <int>3</int>
              <string>5</string>
              <string>2</string>
              <string>3</string>
            </set>
          </nonPrimitiveEntityIds>
        </il.ac.technion.nlp.nli.core.method__call.NonPrimitiveArgument>
      </arguments>
      <entityIdOfObjectMethodIsInvokeOn>1</entityIdOfObjectMethodIsInvokeOn>
    </il.ac.technion.nlp.nli.core.method__call.MethodCall>
  </entry>
  <entry>
    <string>test-289</string>
    <il.ac.technion.nlp.nli.core.method__call.MethodCall>
      <methodId>
        <declaringClassCanonicalName>il.ac.technion.nlp.nli.dataset1.domains.container_management.entities.ContainerManagementSystem</declaringClassCanonicalName>
        <name>removeContainers</name>
        <parameterClassNames>
          <string>java.util.Collection</string>
        </parameterClassNames>
      </methodId>
      <arguments>
        <il.ac.technion.nlp.nli.core.method__call.NonPrimitiveArgument>
          <nonPrimitiveEntityIds class="ofergivoli.olib.data_structures.set.SafeHashSet" serialization="custom">
            <unserializable-parents/>
            <set>
              <default/>
              <int>2</int>
              <float>0.75</float>
              <int>1</int>
              <string>2</string>
            </set>
          </nonPrimitiveEntityIds>
        </il.ac.technion.nlp.nli.core.method__call.NonPrimitiveArgument>
      </arguments>
      <entityIdOfObjectMethodIsInvokeOn>1</entityIdOfObjectMethodIsInvokeOn>
    </il.ac.technion.nlp.nli.core.method__call.MethodCall>
  </entry>
  <entry>
    <string>test-169</string>
    <il.ac.technion.nlp.nli.core.method__call.MethodCall>
      <methodId>
        <declaringClassCanonicalName>il.ac.technion.nlp.nli.dataset1.domains.messenger.Messenger</declaringClassCanonicalName>
        <name>unmuteChatGroups</name>
        <parameterClassNames>
          <string>java.util.Collection</string>
        </parameterClassNames>
      </methodId>
      <arguments>
        <il.ac.technion.nlp.nli.core.method__call.NonPrimitiveArgument>
          <nonPrimitiveEntityIds class="ofergivoli.olib.data_structures.set.SafeHashSet" serialization="custom">
            <unserializable-parents/>
            <set>
              <default/>
              <int>4</int>
              <float>0.75</float>
              <int>3</int>
              <string>11</string>
              <string>13</string>
              <string>14</string>
            </set>
          </nonPrimitiveEntityIds>
        </il.ac.technion.nlp.nli.core.method__call.NonPrimitiveArgument>
      </arguments>
      <entityIdOfObjectMethodIsInvokeOn>1</entityIdOfObjectMethodIsInvokeOn>
    </il.ac.technion.nlp.nli.core.method__call.MethodCall>
  </entry>
  <entry>
    <string>test-280</string>
    <il.ac.technion.nlp.nli.core.method__call.MethodCall>
      <methodId>
        <declaringClassCanonicalName>il.ac.technion.nlp.nli.dataset1.domains.file_manager.entities.FileManager</declaringClassCanonicalName>
        <name>removeFiles</name>
        <parameterClassNames>
          <string>java.util.Collection</string>
        </parameterClassNames>
      </methodId>
      <arguments>
        <il.ac.technion.nlp.nli.core.method__call.NonPrimitiveArgument>
          <nonPrimitiveEntityIds class="ofergivoli.olib.data_structures.set.SafeHashSet" serialization="custom">
            <unserializable-parents/>
            <set>
              <default/>
              <int>4</int>
              <float>0.75</float>
              <int>2</int>
              <string>8</string>
              <string>6</string>
            </set>
          </nonPrimitiveEntityIds>
        </il.ac.technion.nlp.nli.core.method__call.NonPrimitiveArgument>
      </arguments>
      <entityIdOfObjectMethodIsInvokeOn>1</entityIdOfObjectMethodIsInvokeOn>
    </il.ac.technion.nlp.nli.core.method__call.MethodCall>
  </entry>
  <entry>
    <string>test-570</string>
    <il.ac.technion.nlp.nli.core.method__call.MethodCall>
      <methodId>
        <declaringClassCanonicalName>il.ac.technion.nlp.nli.dataset1.domains.calendar.entities.Calendar</declaringClassCanonicalName>
        <name>setEventColor</name>
        <parameterClassNames>
          <string>java.util.Collection</string>
          <string>il.ac.technion.nlp.nli.core.state.entities.Color</string>
        </parameterClassNames>
      </methodId>
      <arguments>
        <il.ac.technion.nlp.nli.core.method__call.NonPrimitiveArgument>
          <nonPrimitiveEntityIds class="ofergivoli.olib.data_structures.set.SafeHashSet" serialization="custom">
            <unserializable-parents/>
            <set>
              <default/>
              <int>4</int>
              <float>0.75</float>
              <int>3</int>
              <string>2</string>
              <string>6</string>
              <string>3</string>
            </set>
          </nonPrimitiveEntityIds>
        </il.ac.technion.nlp.nli.core.method__call.NonPrimitiveArgument>
        <il.ac.technion.nlp.nli.core.method__call.PrimitiveArgument>
          <primitiveEntities class="list">
            <il.ac.technion.nlp.nli.core.state.PrimitiveEntity>
              <value class="il.ac.technion.nlp.nli.core.state.entities.Color">RED</value>
            </il.ac.technion.nlp.nli.core.state.PrimitiveEntity>
          </primitiveEntities>
        </il.ac.technion.nlp.nli.core.method__call.PrimitiveArgument>
      </arguments>
      <entityIdOfObjectMethodIsInvokeOn>1</entityIdOfObjectMethodIsInvokeOn>
    </il.ac.technion.nlp.nli.core.method__call.MethodCall>
  </entry>
  <entry>
    <string>test-210</string>
    <il.ac.technion.nlp.nli.core.method__call.MethodCall>
      <methodId>
        <declaringClassCanonicalName>il.ac.technion.nlp.nli.dataset1.domains.file_manager.entities.FileManager</declaringClassCanonicalName>
        <name>removeFiles</name>
        <parameterClassNames>
          <string>java.util.Collection</string>
        </parameterClassNames>
      </methodId>
      <arguments>
        <il.ac.technion.nlp.nli.core.method__call.NonPrimitiveArgument>
          <nonPrimitiveEntityIds class="ofergivoli.olib.data_structures.set.SafeHashSet" serialization="custom">
            <unserializable-parents/>
            <set>
              <default/>
              <int>4</int>
              <float>0.75</float>
              <int>3</int>
              <string>8</string>
              <string>5</string>
              <string>6</string>
            </set>
          </nonPrimitiveEntityIds>
        </il.ac.technion.nlp.nli.core.method__call.NonPrimitiveArgument>
      </arguments>
      <entityIdOfObjectMethodIsInvokeOn>1</entityIdOfObjectMethodIsInvokeOn>
    </il.ac.technion.nlp.nli.core.method__call.MethodCall>
  </entry>
  <entry>
    <string>test-331</string>
    <il.ac.technion.nlp.nli.core.method__call.MethodCall>
      <methodId>
        <declaringClassCanonicalName>il.ac.technion.nlp.nli.dataset1.domains.workforce_management.entities.WorkforceManagementSystem</declaringClassCanonicalName>
        <name>assignEmployeesToNewManager</name>
        <parameterClassNames>
          <string>java.util.Collection</string>
          <string>il.ac.technion.nlp.nli.dataset1.domains.workforce_management.entities.Employee</string>
        </parameterClassNames>
      </methodId>
      <arguments>
        <il.ac.technion.nlp.nli.core.method__call.NonPrimitiveArgument>
          <nonPrimitiveEntityIds class="ofergivoli.olib.data_structures.set.SafeHashSet" serialization="custom">
            <unserializable-parents/>
            <set>
              <default/>
              <int>4</int>
              <float>0.75</float>
              <int>2</int>
              <string>5</string>
              <string>6</string>
            </set>
          </nonPrimitiveEntityIds>
        </il.ac.technion.nlp.nli.core.method__call.NonPrimitiveArgument>
        <il.ac.technion.nlp.nli.core.method__call.NonPrimitiveArgument>
          <nonPrimitiveEntityIds class="ofergivoli.olib.data_structures.set.SafeHashSet" serialization="custom">
            <unserializable-parents/>
            <set>
              <default/>
              <int>2</int>
              <float>0.75</float>
              <int>1</int>
              <string>2</string>
            </set>
          </nonPrimitiveEntityIds>
        </il.ac.technion.nlp.nli.core.method__call.NonPrimitiveArgument>
      </arguments>
      <entityIdOfObjectMethodIsInvokeOn>1</entityIdOfObjectMethodIsInvokeOn>
    </il.ac.technion.nlp.nli.core.method__call.MethodCall>
  </entry>
  <entry>
    <string>test-452</string>
    <il.ac.technion.nlp.nli.core.method__call.MethodCall>
      <methodId>
        <declaringClassCanonicalName>il.ac.technion.nlp.nli.dataset1.domains.container_management.entities.ContainerManagementSystem</declaringClassCanonicalName>
        <name>removeContainers</name>
        <parameterClassNames>
          <string>java.util.Collection</string>
        </parameterClassNames>
      </methodId>
      <arguments>
        <il.ac.technion.nlp.nli.core.method__call.NonPrimitiveArgument>
          <nonPrimitiveEntityIds class="ofergivoli.olib.data_structures.set.SafeHashSet" serialization="custom">
            <unserializable-parents/>
            <set>
              <default/>
              <int>2</int>
              <float>0.75</float>
              <int>1</int>
              <string>3</string>
            </set>
          </nonPrimitiveEntityIds>
        </il.ac.technion.nlp.nli.core.method__call.NonPrimitiveArgument>
      </arguments>
      <entityIdOfObjectMethodIsInvokeOn>1</entityIdOfObjectMethodIsInvokeOn>
    </il.ac.technion.nlp.nli.core.method__call.MethodCall>
  </entry>
  <entry>
    <string>test-573</string>
    <il.ac.technion.nlp.nli.core.method__call.MethodCall>
      <methodId>
        <declaringClassCanonicalName>il.ac.technion.nlp.nli.dataset1.domains.list.entities.SpecialList</declaringClassCanonicalName>
        <name>remove</name>
        <parameterClassNames>
          <string>java.util.Collection</string>
        </parameterClassNames>
      </methodId>
      <arguments>
        <il.ac.technion.nlp.nli.core.method__call.NonPrimitiveArgument>
          <nonPrimitiveEntityIds class="ofergivoli.olib.data_structures.set.SafeHashSet" serialization="custom">
            <unserializable-parents/>
            <set>
              <default/>
              <int>4</int>
              <float>0.75</float>
              <int>3</int>
              <string>4</string>
              <string>5</string>
              <string>3</string>
            </set>
          </nonPrimitiveEntityIds>
        </il.ac.technion.nlp.nli.core.method__call.NonPrimitiveArgument>
      </arguments>
      <entityIdOfObjectMethodIsInvokeOn>1</entityIdOfObjectMethodIsInvokeOn>
    </il.ac.technion.nlp.nli.core.method__call.MethodCall>
  </entry>
  <entry>
    <string>test-211</string>
    <il.ac.technion.nlp.nli.core.method__call.MethodCall>
      <methodId>
        <declaringClassCanonicalName>il.ac.technion.nlp.nli.dataset1.domains.container_management.entities.ContainerManagementSystem</declaringClassCanonicalName>
        <name>loadContainers</name>
        <parameterClassNames>
          <string>java.util.Collection</string>
        </parameterClassNames>
      </methodId>
      <arguments>
        <il.ac.technion.nlp.nli.core.method__call.NonPrimitiveArgument>
          <nonPrimitiveEntityIds class="ofergivoli.olib.data_structures.set.SafeHashSet" serialization="custom">
            <unserializable-parents/>
            <set>
              <default/>
              <int>4</int>
              <float>0.75</float>
              <int>3</int>
              <string>4</string>
              <string>2</string>
              <string>3</string>
            </set>
          </nonPrimitiveEntityIds>
        </il.ac.technion.nlp.nli.core.method__call.NonPrimitiveArgument>
      </arguments>
      <entityIdOfObjectMethodIsInvokeOn>1</entityIdOfObjectMethodIsInvokeOn>
    </il.ac.technion.nlp.nli.core.method__call.MethodCall>
  </entry>
  <entry>
    <string>test-332</string>
    <il.ac.technion.nlp.nli.core.method__call.MethodCall>
      <methodId>
        <declaringClassCanonicalName>il.ac.technion.nlp.nli.dataset1.domains.workforce_management.entities.WorkforceManagementSystem</declaringClassCanonicalName>
        <name>updateSalary</name>
        <parameterClassNames>
          <string>il.ac.technion.nlp.nli.dataset1.domains.workforce_management.entities.Employee</string>
          <string>int</string>
        </parameterClassNames>
      </methodId>
      <arguments>
        <il.ac.technion.nlp.nli.core.method__call.NonPrimitiveArgument>
          <nonPrimitiveEntityIds class="ofergivoli.olib.data_structures.set.SafeHashSet" serialization="custom">
            <unserializable-parents/>
            <set>
              <default/>
              <int>2</int>
              <float>0.75</float>
              <int>1</int>
              <string>2</string>
            </set>
          </nonPrimitiveEntityIds>
        </il.ac.technion.nlp.nli.core.method__call.NonPrimitiveArgument>
        <il.ac.technion.nlp.nli.core.method__call.PrimitiveArgument>
          <primitiveEntities class="list">
            <il.ac.technion.nlp.nli.core.state.PrimitiveEntity>
              <value class="int">87767</value>
            </il.ac.technion.nlp.nli.core.state.PrimitiveEntity>
          </primitiveEntities>
        </il.ac.technion.nlp.nli.core.method__call.PrimitiveArgument>
      </arguments>
      <entityIdOfObjectMethodIsInvokeOn>1</entityIdOfObjectMethodIsInvokeOn>
    </il.ac.technion.nlp.nli.core.method__call.MethodCall>
  </entry>
  <entry>
    <string>test-453</string>
    <il.ac.technion.nlp.nli.core.method__call.MethodCall>
      <methodId>
        <declaringClassCanonicalName>il.ac.technion.nlp.nli.dataset1.domains.calendar.entities.Calendar</declaringClassCanonicalName>
        <name>removeEvents</name>
        <parameterClassNames>
          <string>java.util.Collection</string>
        </parameterClassNames>
      </methodId>
      <arguments>
        <il.ac.technion.nlp.nli.core.method__call.NonPrimitiveArgument>
          <nonPrimitiveEntityIds class="ofergivoli.olib.data_structures.set.SafeHashSet" serialization="custom">
            <unserializable-parents/>
            <set>
              <default/>
              <int>2</int>
              <float>0.75</float>
              <int>1</int>
              <string>6</string>
            </set>
          </nonPrimitiveEntityIds>
        </il.ac.technion.nlp.nli.core.method__call.NonPrimitiveArgument>
      </arguments>
      <entityIdOfObjectMethodIsInvokeOn>1</entityIdOfObjectMethodIsInvokeOn>
    </il.ac.technion.nlp.nli.core.method__call.MethodCall>
  </entry>
  <entry>
    <string>test-574</string>
    <il.ac.technion.nlp.nli.core.method__call.MethodCall>
      <methodId>
        <declaringClassCanonicalName>il.ac.technion.nlp.nli.dataset1.domains.workforce_management.entities.WorkforceManagementSystem</declaringClassCanonicalName>
        <name>assignEmployeeToNewPosition</name>
        <parameterClassNames>
          <string>il.ac.technion.nlp.nli.dataset1.domains.workforce_management.entities.Employee</string>
          <string>il.ac.technion.nlp.nli.dataset1.domains.workforce_management.entities.Position</string>
        </parameterClassNames>
      </methodId>
      <arguments>
        <il.ac.technion.nlp.nli.core.method__call.NonPrimitiveArgument>
          <nonPrimitiveEntityIds class="ofergivoli.olib.data_structures.set.SafeHashSet" serialization="custom">
            <unserializable-parents/>
            <set>
              <default/>
              <int>2</int>
              <float>0.75</float>
              <int>1</int>
              <string>3</string>
            </set>
          </nonPrimitiveEntityIds>
        </il.ac.technion.nlp.nli.core.method__call.NonPrimitiveArgument>
        <il.ac.technion.nlp.nli.core.method__call.PrimitiveArgument>
          <primitiveEntities class="list">
            <il.ac.technion.nlp.nli.core.state.PrimitiveEntity>
              <value class="il.ac.technion.nlp.nli.dataset1.domains.workforce_management.entities.Position">MANAGER</value>
            </il.ac.technion.nlp.nli.core.state.PrimitiveEntity>
          </primitiveEntities>
        </il.ac.technion.nlp.nli.core.method__call.PrimitiveArgument>
      </arguments>
      <entityIdOfObjectMethodIsInvokeOn>1</entityIdOfObjectMethodIsInvokeOn>
    </il.ac.technion.nlp.nli.core.method__call.MethodCall>
  </entry>
  <entry>
    <string>test-450</string>
    <il.ac.technion.nlp.nli.core.method__call.MethodCall>
      <methodId>
        <declaringClassCanonicalName>il.ac.technion.nlp.nli.dataset1.domains.messenger.Messenger</declaringClassCanonicalName>
        <name>createChatGroup</name>
        <parameterClassNames>
          <string>java.util.Collection</string>
        </parameterClassNames>
      </methodId>
      <arguments>
        <il.ac.technion.nlp.nli.core.method__call.NonPrimitiveArgument>
          <nonPrimitiveEntityIds class="ofergivoli.olib.data_structures.set.SafeHashSet" serialization="custom">
            <unserializable-parents/>
            <set>
              <default/>
              <int>4</int>
              <float>0.75</float>
              <int>3</int>
              <string>8</string>
              <string>5</string>
              <string>10</string>
            </set>
          </nonPrimitiveEntityIds>
        </il.ac.technion.nlp.nli.core.method__call.NonPrimitiveArgument>
      </arguments>
      <entityIdOfObjectMethodIsInvokeOn>1</entityIdOfObjectMethodIsInvokeOn>
    </il.ac.technion.nlp.nli.core.method__call.MethodCall>
  </entry>
  <entry>
    <string>test-571</string>
    <il.ac.technion.nlp.nli.core.method__call.MethodCall>
      <methodId>
        <declaringClassCanonicalName>il.ac.technion.nlp.nli.dataset1.domains.workforce_management.entities.WorkforceManagementSystem</declaringClassCanonicalName>
        <name>assignEmployeesToNewManager</name>
        <parameterClassNames>
          <string>java.util.Collection</string>
          <string>il.ac.technion.nlp.nli.dataset1.domains.workforce_management.entities.Employee</string>
        </parameterClassNames>
      </methodId>
      <arguments>
        <il.ac.technion.nlp.nli.core.method__call.NonPrimitiveArgument>
          <nonPrimitiveEntityIds class="ofergivoli.olib.data_structures.set.SafeHashSet" serialization="custom">
            <unserializable-parents/>
            <set>
              <default/>
              <int>2</int>
              <float>0.75</float>
              <int>1</int>
              <string>6</string>
            </set>
          </nonPrimitiveEntityIds>
        </il.ac.technion.nlp.nli.core.method__call.NonPrimitiveArgument>
        <il.ac.technion.nlp.nli.core.method__call.NonPrimitiveArgument>
          <nonPrimitiveEntityIds class="ofergivoli.olib.data_structures.set.SafeHashSet" serialization="custom">
            <unserializable-parents/>
            <set>
              <default/>
              <int>2</int>
              <float>0.75</float>
              <int>1</int>
              <string>2</string>
            </set>
          </nonPrimitiveEntityIds>
        </il.ac.technion.nlp.nli.core.method__call.NonPrimitiveArgument>
      </arguments>
      <entityIdOfObjectMethodIsInvokeOn>1</entityIdOfObjectMethodIsInvokeOn>
    </il.ac.technion.nlp.nli.core.method__call.MethodCall>
  </entry>
  <entry>
    <string>test-330</string>
    <il.ac.technion.nlp.nli.core.method__call.MethodCall>
      <methodId>
        <declaringClassCanonicalName>il.ac.technion.nlp.nli.dataset1.domains.lighting_control.entities.LightingControlSystem</declaringClassCanonicalName>
        <name>turnLightOff</name>
        <parameterClassNames>
          <string>java.util.Collection</string>
        </parameterClassNames>
      </methodId>
      <arguments>
        <il.ac.technion.nlp.nli.core.method__call.NonPrimitiveArgument>
          <nonPrimitiveEntityIds class="ofergivoli.olib.data_structures.set.SafeHashSet" serialization="custom">
            <unserializable-parents/>
            <set>
              <default/>
              <int>4</int>
              <float>0.75</float>
              <int>2</int>
              <string>8</string>
              <string>9</string>
            </set>
          </nonPrimitiveEntityIds>
        </il.ac.technion.nlp.nli.core.method__call.NonPrimitiveArgument>
      </arguments>
      <entityIdOfObjectMethodIsInvokeOn>1</entityIdOfObjectMethodIsInvokeOn>
    </il.ac.technion.nlp.nli.core.method__call.MethodCall>
  </entry>
  <entry>
    <string>test-451</string>
    <il.ac.technion.nlp.nli.core.method__call.MethodCall>
      <methodId>
        <declaringClassCanonicalName>il.ac.technion.nlp.nli.dataset1.domains.workforce_management.entities.WorkforceManagementSystem</declaringClassCanonicalName>
        <name>updateSalary</name>
        <parameterClassNames>
          <string>il.ac.technion.nlp.nli.dataset1.domains.workforce_management.entities.Employee</string>
          <string>int</string>
        </parameterClassNames>
      </methodId>
      <arguments>
        <il.ac.technion.nlp.nli.core.method__call.NonPrimitiveArgument>
          <nonPrimitiveEntityIds class="ofergivoli.olib.data_structures.set.SafeHashSet" serialization="custom">
            <unserializable-parents/>
            <set>
              <default/>
              <int>2</int>
              <float>0.75</float>
              <int>1</int>
              <string>3</string>
            </set>
          </nonPrimitiveEntityIds>
        </il.ac.technion.nlp.nli.core.method__call.NonPrimitiveArgument>
        <il.ac.technion.nlp.nli.core.method__call.PrimitiveArgument>
          <primitiveEntities class="list">
            <il.ac.technion.nlp.nli.core.state.PrimitiveEntity>
              <value class="int">78721</value>
            </il.ac.technion.nlp.nli.core.state.PrimitiveEntity>
          </primitiveEntities>
        </il.ac.technion.nlp.nli.core.method__call.PrimitiveArgument>
      </arguments>
      <entityIdOfObjectMethodIsInvokeOn>1</entityIdOfObjectMethodIsInvokeOn>
    </il.ac.technion.nlp.nli.core.method__call.MethodCall>
  </entry>
  <entry>
    <string>test-572</string>
    <il.ac.technion.nlp.nli.core.method__call.MethodCall>
      <methodId>
        <declaringClassCanonicalName>il.ac.technion.nlp.nli.dataset1.domains.messenger.Messenger</declaringClassCanonicalName>
        <name>unmuteChatGroups</name>
        <parameterClassNames>
          <string>java.util.Collection</string>
        </parameterClassNames>
      </methodId>
      <arguments>
        <il.ac.technion.nlp.nli.core.method__call.NonPrimitiveArgument>
          <nonPrimitiveEntityIds class="ofergivoli.olib.data_structures.set.SafeHashSet" serialization="custom">
            <unserializable-parents/>
            <set>
              <default/>
              <int>2</int>
              <float>0.75</float>
              <int>1</int>
              <string>11</string>
            </set>
          </nonPrimitiveEntityIds>
        </il.ac.technion.nlp.nli.core.method__call.NonPrimitiveArgument>
      </arguments>
      <entityIdOfObjectMethodIsInvokeOn>1</entityIdOfObjectMethodIsInvokeOn>
    </il.ac.technion.nlp.nli.core.method__call.MethodCall>
  </entry>
  <entry>
    <string>test-214</string>
    <il.ac.technion.nlp.nli.core.method__call.MethodCall>
      <methodId>
        <declaringClassCanonicalName>il.ac.technion.nlp.nli.dataset1.domains.file_manager.entities.FileManager</declaringClassCanonicalName>
        <name>moveFiles</name>
        <parameterClassNames>
          <string>java.util.Collection</string>
          <string>il.ac.technion.nlp.nli.dataset1.domains.file_manager.entities.Directory</string>
        </parameterClassNames>
      </methodId>
      <arguments>
        <il.ac.technion.nlp.nli.core.method__call.NonPrimitiveArgument>
          <nonPrimitiveEntityIds class="ofergivoli.olib.data_structures.set.SafeHashSet" serialization="custom">
            <unserializable-parents/>
            <set>
              <default/>
              <int>4</int>
              <float>0.75</float>
              <int>3</int>
              <string>4</string>
              <string>5</string>
              <string>6</string>
            </set>
          </nonPrimitiveEntityIds>
        </il.ac.technion.nlp.nli.core.method__call.NonPrimitiveArgument>
        <il.ac.technion.nlp.nli.core.method__call.NonPrimitiveArgument>
          <nonPrimitiveEntityIds class="ofergivoli.olib.data_structures.set.SafeHashSet" serialization="custom">
            <unserializable-parents/>
            <set>
              <default/>
              <int>2</int>
              <float>0.75</float>
              <int>1</int>
              <string>7</string>
            </set>
          </nonPrimitiveEntityIds>
        </il.ac.technion.nlp.nli.core.method__call.NonPrimitiveArgument>
      </arguments>
      <entityIdOfObjectMethodIsInvokeOn>1</entityIdOfObjectMethodIsInvokeOn>
    </il.ac.technion.nlp.nli.core.method__call.MethodCall>
  </entry>
  <entry>
    <string>test-335</string>
    <il.ac.technion.nlp.nli.core.method__call.MethodCall>
      <methodId>
        <declaringClassCanonicalName>il.ac.technion.nlp.nli.dataset1.domains.lighting_control.entities.LightingControlSystem</declaringClassCanonicalName>
        <name>turnLightOff</name>
        <parameterClassNames>
          <string>java.util.Collection</string>
        </parameterClassNames>
      </methodId>
      <arguments>
        <il.ac.technion.nlp.nli.core.method__call.NonPrimitiveArgument>
          <nonPrimitiveEntityIds class="ofergivoli.olib.data_structures.set.SafeHashSet" serialization="custom">
            <unserializable-parents/>
            <set>
              <default/>
              <int>4</int>
              <float>0.75</float>
              <int>2</int>
              <string>5</string>
              <string>7</string>
            </set>
          </nonPrimitiveEntityIds>
        </il.ac.technion.nlp.nli.core.method__call.NonPrimitiveArgument>
      </arguments>
      <entityIdOfObjectMethodIsInvokeOn>1</entityIdOfObjectMethodIsInvokeOn>
    </il.ac.technion.nlp.nli.core.method__call.MethodCall>
  </entry>
  <entry>
    <string>test-456</string>
    <il.ac.technion.nlp.nli.core.method__call.MethodCall>
      <methodId>
        <declaringClassCanonicalName>il.ac.technion.nlp.nli.dataset1.domains.container_management.entities.ContainerManagementSystem</declaringClassCanonicalName>
        <name>loadContainers</name>
        <parameterClassNames>
          <string>java.util.Collection</string>
        </parameterClassNames>
      </methodId>
      <arguments>
        <il.ac.technion.nlp.nli.core.method__call.NonPrimitiveArgument>
          <nonPrimitiveEntityIds class="ofergivoli.olib.data_structures.set.SafeHashSet" serialization="custom">
            <unserializable-parents/>
            <set>
              <default/>
              <int>4</int>
              <float>0.75</float>
              <int>3</int>
              <string>4</string>
              <string>5</string>
              <string>3</string>
            </set>
          </nonPrimitiveEntityIds>
        </il.ac.technion.nlp.nli.core.method__call.NonPrimitiveArgument>
      </arguments>
      <entityIdOfObjectMethodIsInvokeOn>1</entityIdOfObjectMethodIsInvokeOn>
    </il.ac.technion.nlp.nli.core.method__call.MethodCall>
  </entry>
  <entry>
    <string>test-577</string>
    <il.ac.technion.nlp.nli.core.method__call.MethodCall>
      <methodId>
        <declaringClassCanonicalName>il.ac.technion.nlp.nli.dataset1.domains.messenger.Messenger</declaringClassCanonicalName>
        <name>muteChatGroups</name>
        <parameterClassNames>
          <string>java.util.Collection</string>
        </parameterClassNames>
      </methodId>
      <arguments>
        <il.ac.technion.nlp.nli.core.method__call.NonPrimitiveArgument>
          <nonPrimitiveEntityIds class="ofergivoli.olib.data_structures.set.SafeHashSet" serialization="custom">
            <unserializable-parents/>
            <set>
              <default/>
              <int>2</int>
              <float>0.75</float>
              <int>1</int>
              <string>13</string>
            </set>
          </nonPrimitiveEntityIds>
        </il.ac.technion.nlp.nli.core.method__call.NonPrimitiveArgument>
      </arguments>
      <entityIdOfObjectMethodIsInvokeOn>1</entityIdOfObjectMethodIsInvokeOn>
    </il.ac.technion.nlp.nli.core.method__call.MethodCall>
  </entry>
  <entry>
    <string>test-215</string>
    <il.ac.technion.nlp.nli.core.method__call.MethodCall>
      <methodId>
        <declaringClassCanonicalName>il.ac.technion.nlp.nli.dataset1.domains.messenger.Messenger</declaringClassCanonicalName>
        <name>muteChatGroups</name>
        <parameterClassNames>
          <string>java.util.Collection</string>
        </parameterClassNames>
      </methodId>
      <arguments>
        <il.ac.technion.nlp.nli.core.method__call.NonPrimitiveArgument>
          <nonPrimitiveEntityIds class="ofergivoli.olib.data_structures.set.SafeHashSet" serialization="custom">
            <unserializable-parents/>
            <set>
              <default/>
              <int>4</int>
              <float>0.75</float>
              <int>2</int>
              <string>9</string>
              <string>10</string>
            </set>
          </nonPrimitiveEntityIds>
        </il.ac.technion.nlp.nli.core.method__call.NonPrimitiveArgument>
      </arguments>
      <entityIdOfObjectMethodIsInvokeOn>1</entityIdOfObjectMethodIsInvokeOn>
    </il.ac.technion.nlp.nli.core.method__call.MethodCall>
  </entry>
  <entry>
    <string>test-336</string>
    <il.ac.technion.nlp.nli.core.method__call.MethodCall>
      <methodId>
        <declaringClassCanonicalName>il.ac.technion.nlp.nli.dataset1.domains.container_management.entities.ContainerManagementSystem</declaringClassCanonicalName>
        <name>removeContainers</name>
        <parameterClassNames>
          <string>java.util.Collection</string>
        </parameterClassNames>
      </methodId>
      <arguments>
        <il.ac.technion.nlp.nli.core.method__call.NonPrimitiveArgument>
          <nonPrimitiveEntityIds class="ofergivoli.olib.data_structures.set.SafeHashSet" serialization="custom">
            <unserializable-parents/>
            <set>
              <default/>
              <int>4</int>
              <float>0.75</float>
              <int>2</int>
              <string>5</string>
              <string>2</string>
            </set>
          </nonPrimitiveEntityIds>
        </il.ac.technion.nlp.nli.core.method__call.NonPrimitiveArgument>
      </arguments>
      <entityIdOfObjectMethodIsInvokeOn>1</entityIdOfObjectMethodIsInvokeOn>
    </il.ac.technion.nlp.nli.core.method__call.MethodCall>
  </entry>
  <entry>
    <string>test-457</string>
    <il.ac.technion.nlp.nli.core.method__call.MethodCall>
      <methodId>
        <declaringClassCanonicalName>il.ac.technion.nlp.nli.dataset1.domains.list.entities.SpecialList</declaringClassCanonicalName>
        <name>moveToBeginning</name>
        <parameterClassNames>
          <string>il.ac.technion.nlp.nli.dataset1.domains.list.entities.ListElement</string>
        </parameterClassNames>
      </methodId>
      <arguments>
        <il.ac.technion.nlp.nli.core.method__call.NonPrimitiveArgument>
          <nonPrimitiveEntityIds class="ofergivoli.olib.data_structures.set.SafeHashSet" serialization="custom">
            <unserializable-parents/>
            <set>
              <default/>
              <int>2</int>
              <float>0.75</float>
              <int>1</int>
              <string>2</string>
            </set>
          </nonPrimitiveEntityIds>
        </il.ac.technion.nlp.nli.core.method__call.NonPrimitiveArgument>
      </arguments>
      <entityIdOfObjectMethodIsInvokeOn>1</entityIdOfObjectMethodIsInvokeOn>
    </il.ac.technion.nlp.nli.core.method__call.MethodCall>
  </entry>
  <entry>
    <string>test-578</string>
    <il.ac.technion.nlp.nli.core.method__call.MethodCall>
      <methodId>
        <declaringClassCanonicalName>il.ac.technion.nlp.nli.dataset1.domains.list.entities.SpecialList</declaringClassCanonicalName>
        <name>remove</name>
        <parameterClassNames>
          <string>java.util.Collection</string>
        </parameterClassNames>
      </methodId>
      <arguments>
        <il.ac.technion.nlp.nli.core.method__call.NonPrimitiveArgument>
          <nonPrimitiveEntityIds class="ofergivoli.olib.data_structures.set.SafeHashSet" serialization="custom">
            <unserializable-parents/>
            <set>
              <default/>
              <int>2</int>
              <float>0.75</float>
              <int>1</int>
              <string>3</string>
            </set>
          </nonPrimitiveEntityIds>
        </il.ac.technion.nlp.nli.core.method__call.NonPrimitiveArgument>
      </arguments>
      <entityIdOfObjectMethodIsInvokeOn>1</entityIdOfObjectMethodIsInvokeOn>
    </il.ac.technion.nlp.nli.core.method__call.MethodCall>
  </entry>
  <entry>
    <string>test-212</string>
    <il.ac.technion.nlp.nli.core.method__call.MethodCall>
      <methodId>
        <declaringClassCanonicalName>il.ac.technion.nlp.nli.dataset1.domains.lighting_control.entities.LightingControlSystem</declaringClassCanonicalName>
        <name>turnLightOn</name>
        <parameterClassNames>
          <string>java.util.Collection</string>
        </parameterClassNames>
      </methodId>
      <arguments>
        <il.ac.technion.nlp.nli.core.method__call.NonPrimitiveArgument>
          <nonPrimitiveEntityIds class="ofergivoli.olib.data_structures.set.SafeHashSet" serialization="custom">
            <unserializable-parents/>
            <set>
              <default/>
              <int>4</int>
              <float>0.75</float>
              <int>3</int>
              <string>4</string>
              <string>2</string>
              <string>3</string>
            </set>
          </nonPrimitiveEntityIds>
        </il.ac.technion.nlp.nli.core.method__call.NonPrimitiveArgument>
      </arguments>
      <entityIdOfObjectMethodIsInvokeOn>1</entityIdOfObjectMethodIsInvokeOn>
    </il.ac.technion.nlp.nli.core.method__call.MethodCall>
  </entry>
  <entry>
    <string>test-333</string>
    <il.ac.technion.nlp.nli.core.method__call.MethodCall>
      <methodId>
        <declaringClassCanonicalName>il.ac.technion.nlp.nli.dataset1.domains.messenger.Messenger</declaringClassCanonicalName>
        <name>deleteChatGroups</name>
        <parameterClassNames>
          <string>java.util.Collection</string>
        </parameterClassNames>
      </methodId>
      <arguments>
        <il.ac.technion.nlp.nli.core.method__call.NonPrimitiveArgument>
          <nonPrimitiveEntityIds class="ofergivoli.olib.data_structures.set.SafeHashSet" serialization="custom">
            <unserializable-parents/>
            <set>
              <default/>
              <int>2</int>
              <float>0.75</float>
              <int>1</int>
              <string>14</string>
            </set>
          </nonPrimitiveEntityIds>
        </il.ac.technion.nlp.nli.core.method__call.NonPrimitiveArgument>
      </arguments>
      <entityIdOfObjectMethodIsInvokeOn>1</entityIdOfObjectMethodIsInvokeOn>
    </il.ac.technion.nlp.nli.core.method__call.MethodCall>
  </entry>
  <entry>
    <string>test-454</string>
    <il.ac.technion.nlp.nli.core.method__call.MethodCall>
      <methodId>
        <declaringClassCanonicalName>il.ac.technion.nlp.nli.dataset1.domains.lighting_control.entities.LightingControlSystem</declaringClassCanonicalName>
        <name>turnLightOn</name>
        <parameterClassNames>
          <string>java.util.Collection</string>
        </parameterClassNames>
      </methodId>
      <arguments>
        <il.ac.technion.nlp.nli.core.method__call.NonPrimitiveArgument>
          <nonPrimitiveEntityIds class="ofergivoli.olib.data_structures.set.SafeHashSet" serialization="custom">
            <unserializable-parents/>
            <set>
              <default/>
              <int>4</int>
              <float>0.75</float>
              <int>2</int>
              <string>5</string>
              <string>6</string>
            </set>
          </nonPrimitiveEntityIds>
        </il.ac.technion.nlp.nli.core.method__call.NonPrimitiveArgument>
      </arguments>
      <entityIdOfObjectMethodIsInvokeOn>1</entityIdOfObjectMethodIsInvokeOn>
    </il.ac.technion.nlp.nli.core.method__call.MethodCall>
  </entry>
  <entry>
    <string>test-575</string>
    <il.ac.technion.nlp.nli.core.method__call.MethodCall>
      <methodId>
        <declaringClassCanonicalName>il.ac.technion.nlp.nli.dataset1.domains.file_manager.entities.FileManager</declaringClassCanonicalName>
        <name>removeFiles</name>
        <parameterClassNames>
          <string>java.util.Collection</string>
        </parameterClassNames>
      </methodId>
      <arguments>
        <il.ac.technion.nlp.nli.core.method__call.NonPrimitiveArgument>
          <nonPrimitiveEntityIds class="ofergivoli.olib.data_structures.set.SafeHashSet" serialization="custom">
            <unserializable-parents/>
            <set>
              <default/>
              <int>4</int>
              <float>0.75</float>
              <int>3</int>
              <string>4</string>
              <string>8</string>
              <string>5</string>
            </set>
          </nonPrimitiveEntityIds>
        </il.ac.technion.nlp.nli.core.method__call.NonPrimitiveArgument>
      </arguments>
      <entityIdOfObjectMethodIsInvokeOn>1</entityIdOfObjectMethodIsInvokeOn>
    </il.ac.technion.nlp.nli.core.method__call.MethodCall>
  </entry>
  <entry>
    <string>test-213</string>
    <il.ac.technion.nlp.nli.core.method__call.MethodCall>
      <methodId>
        <declaringClassCanonicalName>il.ac.technion.nlp.nli.dataset1.domains.calendar.entities.Calendar</declaringClassCanonicalName>
        <name>setEventColor</name>
        <parameterClassNames>
          <string>java.util.Collection</string>
          <string>il.ac.technion.nlp.nli.core.state.entities.Color</string>
        </parameterClassNames>
      </methodId>
      <arguments>
        <il.ac.technion.nlp.nli.core.method__call.NonPrimitiveArgument>
          <nonPrimitiveEntityIds class="ofergivoli.olib.data_structures.set.SafeHashSet" serialization="custom">
            <unserializable-parents/>
            <set>
              <default/>
              <int>4</int>
              <float>0.75</float>
              <int>2</int>
              <string>4</string>
              <string>5</string>
            </set>
          </nonPrimitiveEntityIds>
        </il.ac.technion.nlp.nli.core.method__call.NonPrimitiveArgument>
        <il.ac.technion.nlp.nli.core.method__call.PrimitiveArgument>
          <primitiveEntities class="list">
            <il.ac.technion.nlp.nli.core.state.PrimitiveEntity>
              <value class="il.ac.technion.nlp.nli.core.state.entities.Color">GREEN</value>
            </il.ac.technion.nlp.nli.core.state.PrimitiveEntity>
          </primitiveEntities>
        </il.ac.technion.nlp.nli.core.method__call.PrimitiveArgument>
      </arguments>
      <entityIdOfObjectMethodIsInvokeOn>1</entityIdOfObjectMethodIsInvokeOn>
    </il.ac.technion.nlp.nli.core.method__call.MethodCall>
  </entry>
  <entry>
    <string>test-334</string>
    <il.ac.technion.nlp.nli.core.method__call.MethodCall>
      <methodId>
        <declaringClassCanonicalName>il.ac.technion.nlp.nli.dataset1.domains.messenger.Messenger</declaringClassCanonicalName>
        <name>muteChatGroups</name>
        <parameterClassNames>
          <string>java.util.Collection</string>
        </parameterClassNames>
      </methodId>
      <arguments>
        <il.ac.technion.nlp.nli.core.method__call.NonPrimitiveArgument>
          <nonPrimitiveEntityIds class="ofergivoli.olib.data_structures.set.SafeHashSet" serialization="custom">
            <unserializable-parents/>
            <set>
              <default/>
              <int>2</int>
              <float>0.75</float>
              <int>1</int>
              <string>12</string>
            </set>
          </nonPrimitiveEntityIds>
        </il.ac.technion.nlp.nli.core.method__call.NonPrimitiveArgument>
      </arguments>
      <entityIdOfObjectMethodIsInvokeOn>1</entityIdOfObjectMethodIsInvokeOn>
    </il.ac.technion.nlp.nli.core.method__call.MethodCall>
  </entry>
  <entry>
    <string>test-455</string>
    <il.ac.technion.nlp.nli.core.method__call.MethodCall>
      <methodId>
        <declaringClassCanonicalName>il.ac.technion.nlp.nli.dataset1.domains.list.entities.SpecialList</declaringClassCanonicalName>
        <name>moveToEnd</name>
        <parameterClassNames>
          <string>il.ac.technion.nlp.nli.dataset1.domains.list.entities.ListElement</string>
        </parameterClassNames>
      </methodId>
      <arguments>
        <il.ac.technion.nlp.nli.core.method__call.NonPrimitiveArgument>
          <nonPrimitiveEntityIds class="ofergivoli.olib.data_structures.set.SafeHashSet" serialization="custom">
            <unserializable-parents/>
            <set>
              <default/>
              <int>2</int>
              <float>0.75</float>
              <int>1</int>
              <string>5</string>
            </set>
          </nonPrimitiveEntityIds>
        </il.ac.technion.nlp.nli.core.method__call.NonPrimitiveArgument>
      </arguments>
      <entityIdOfObjectMethodIsInvokeOn>1</entityIdOfObjectMethodIsInvokeOn>
    </il.ac.technion.nlp.nli.core.method__call.MethodCall>
  </entry>
  <entry>
    <string>test-576</string>
    <il.ac.technion.nlp.nli.core.method__call.MethodCall>
      <methodId>
        <declaringClassCanonicalName>il.ac.technion.nlp.nli.dataset1.domains.file_manager.entities.FileManager</declaringClassCanonicalName>
        <name>removeFiles</name>
        <parameterClassNames>
          <string>java.util.Collection</string>
        </parameterClassNames>
      </methodId>
      <arguments>
        <il.ac.technion.nlp.nli.core.method__call.NonPrimitiveArgument>
          <nonPrimitiveEntityIds class="ofergivoli.olib.data_structures.set.SafeHashSet" serialization="custom">
            <unserializable-parents/>
            <set>
              <default/>
              <int>4</int>
              <float>0.75</float>
              <int>2</int>
              <string>4</string>
              <string>8</string>
            </set>
          </nonPrimitiveEntityIds>
        </il.ac.technion.nlp.nli.core.method__call.NonPrimitiveArgument>
      </arguments>
      <entityIdOfObjectMethodIsInvokeOn>1</entityIdOfObjectMethodIsInvokeOn>
    </il.ac.technion.nlp.nli.core.method__call.MethodCall>
  </entry>
  <entry>
    <string>test-218</string>
    <il.ac.technion.nlp.nli.core.method__call.MethodCall>
      <methodId>
        <declaringClassCanonicalName>il.ac.technion.nlp.nli.dataset1.domains.list.entities.SpecialList</declaringClassCanonicalName>
        <name>moveToEnd</name>
        <parameterClassNames>
          <string>il.ac.technion.nlp.nli.dataset1.domains.list.entities.ListElement</string>
        </parameterClassNames>
      </methodId>
      <arguments>
        <il.ac.technion.nlp.nli.core.method__call.NonPrimitiveArgument>
          <nonPrimitiveEntityIds class="ofergivoli.olib.data_structures.set.SafeHashSet" serialization="custom">
            <unserializable-parents/>
            <set>
              <default/>
              <int>2</int>
              <float>0.75</float>
              <int>1</int>
              <string>4</string>
            </set>
          </nonPrimitiveEntityIds>
        </il.ac.technion.nlp.nli.core.method__call.NonPrimitiveArgument>
      </arguments>
      <entityIdOfObjectMethodIsInvokeOn>1</entityIdOfObjectMethodIsInvokeOn>
    </il.ac.technion.nlp.nli.core.method__call.MethodCall>
  </entry>
  <entry>
    <string>test-339</string>
    <il.ac.technion.nlp.nli.core.method__call.MethodCall>
      <methodId>
        <declaringClassCanonicalName>il.ac.technion.nlp.nli.dataset1.domains.file_manager.entities.FileManager</declaringClassCanonicalName>
        <name>moveFiles</name>
        <parameterClassNames>
          <string>java.util.Collection</string>
          <string>il.ac.technion.nlp.nli.dataset1.domains.file_manager.entities.Directory</string>
        </parameterClassNames>
      </methodId>
      <arguments>
        <il.ac.technion.nlp.nli.core.method__call.NonPrimitiveArgument>
          <nonPrimitiveEntityIds class="ofergivoli.olib.data_structures.set.SafeHashSet" serialization="custom">
            <unserializable-parents/>
            <set>
              <default/>
              <int>2</int>
              <float>0.75</float>
              <int>1</int>
              <string>8</string>
            </set>
          </nonPrimitiveEntityIds>
        </il.ac.technion.nlp.nli.core.method__call.NonPrimitiveArgument>
        <il.ac.technion.nlp.nli.core.method__call.NonPrimitiveArgument>
          <nonPrimitiveEntityIds class="ofergivoli.olib.data_structures.set.SafeHashSet" serialization="custom">
            <unserializable-parents/>
            <set>
              <default/>
              <int>2</int>
              <float>0.75</float>
              <int>1</int>
              <string>3</string>
            </set>
          </nonPrimitiveEntityIds>
        </il.ac.technion.nlp.nli.core.method__call.NonPrimitiveArgument>
      </arguments>
      <entityIdOfObjectMethodIsInvokeOn>1</entityIdOfObjectMethodIsInvokeOn>
    </il.ac.technion.nlp.nli.core.method__call.MethodCall>
  </entry>
  <entry>
    <string>test-219</string>
    <il.ac.technion.nlp.nli.core.method__call.MethodCall>
      <methodId>
        <declaringClassCanonicalName>il.ac.technion.nlp.nli.dataset1.domains.list.entities.SpecialList</declaringClassCanonicalName>
        <name>moveToBeginning</name>
        <parameterClassNames>
          <string>il.ac.technion.nlp.nli.dataset1.domains.list.entities.ListElement</string>
        </parameterClassNames>
      </methodId>
      <arguments>
        <il.ac.technion.nlp.nli.core.method__call.NonPrimitiveArgument>
          <nonPrimitiveEntityIds class="ofergivoli.olib.data_structures.set.SafeHashSet" serialization="custom">
            <unserializable-parents/>
            <set>
              <default/>
              <int>2</int>
              <float>0.75</float>
              <int>1</int>
              <string>6</string>
            </set>
          </nonPrimitiveEntityIds>
        </il.ac.technion.nlp.nli.core.method__call.NonPrimitiveArgument>
      </arguments>
      <entityIdOfObjectMethodIsInvokeOn>1</entityIdOfObjectMethodIsInvokeOn>
    </il.ac.technion.nlp.nli.core.method__call.MethodCall>
  </entry>
  <entry>
    <string>test-216</string>
    <il.ac.technion.nlp.nli.core.method__call.MethodCall>
      <methodId>
        <declaringClassCanonicalName>il.ac.technion.nlp.nli.dataset1.domains.list.entities.SpecialList</declaringClassCanonicalName>
        <name>moveToBeginning</name>
        <parameterClassNames>
          <string>il.ac.technion.nlp.nli.dataset1.domains.list.entities.ListElement</string>
        </parameterClassNames>
      </methodId>
      <arguments>
        <il.ac.technion.nlp.nli.core.method__call.NonPrimitiveArgument>
          <nonPrimitiveEntityIds class="ofergivoli.olib.data_structures.set.SafeHashSet" serialization="custom">
            <unserializable-parents/>
            <set>
              <default/>
              <int>2</int>
              <float>0.75</float>
              <int>1</int>
              <string>6</string>
            </set>
          </nonPrimitiveEntityIds>
        </il.ac.technion.nlp.nli.core.method__call.NonPrimitiveArgument>
      </arguments>
      <entityIdOfObjectMethodIsInvokeOn>1</entityIdOfObjectMethodIsInvokeOn>
    </il.ac.technion.nlp.nli.core.method__call.MethodCall>
  </entry>
  <entry>
    <string>test-337</string>
    <il.ac.technion.nlp.nli.core.method__call.MethodCall>
      <methodId>
        <declaringClassCanonicalName>il.ac.technion.nlp.nli.dataset1.domains.lighting_control.entities.LightingControlSystem</declaringClassCanonicalName>
        <name>turnLightOff</name>
        <parameterClassNames>
          <string>java.util.Collection</string>
        </parameterClassNames>
      </methodId>
      <arguments>
        <il.ac.technion.nlp.nli.core.method__call.NonPrimitiveArgument>
          <nonPrimitiveEntityIds class="ofergivoli.olib.data_structures.set.SafeHashSet" serialization="custom">
            <unserializable-parents/>
            <set>
              <default/>
              <int>8</int>
              <float>0.75</float>
              <int>4</int>
              <string>2</string>
              <string>3</string>
              <string>4</string>
              <string>5</string>
            </set>
          </nonPrimitiveEntityIds>
        </il.ac.technion.nlp.nli.core.method__call.NonPrimitiveArgument>
      </arguments>
      <entityIdOfObjectMethodIsInvokeOn>1</entityIdOfObjectMethodIsInvokeOn>
    </il.ac.technion.nlp.nli.core.method__call.MethodCall>
  </entry>
  <entry>
    <string>test-458</string>
    <il.ac.technion.nlp.nli.core.method__call.MethodCall>
      <methodId>
        <declaringClassCanonicalName>il.ac.technion.nlp.nli.dataset1.domains.list.entities.SpecialList</declaringClassCanonicalName>
        <name>moveToBeginning</name>
        <parameterClassNames>
          <string>il.ac.technion.nlp.nli.dataset1.domains.list.entities.ListElement</string>
        </parameterClassNames>
      </methodId>
      <arguments>
        <il.ac.technion.nlp.nli.core.method__call.NonPrimitiveArgument>
          <nonPrimitiveEntityIds class="ofergivoli.olib.data_structures.set.SafeHashSet" serialization="custom">
            <unserializable-parents/>
            <set>
              <default/>
              <int>2</int>
              <float>0.75</float>
              <int>1</int>
              <string>5</string>
            </set>
          </nonPrimitiveEntityIds>
        </il.ac.technion.nlp.nli.core.method__call.NonPrimitiveArgument>
      </arguments>
      <entityIdOfObjectMethodIsInvokeOn>1</entityIdOfObjectMethodIsInvokeOn>
    </il.ac.technion.nlp.nli.core.method__call.MethodCall>
  </entry>
  <entry>
    <string>test-579</string>
    <il.ac.technion.nlp.nli.core.method__call.MethodCall>
      <methodId>
        <declaringClassCanonicalName>il.ac.technion.nlp.nli.dataset1.domains.file_manager.entities.FileManager</declaringClassCanonicalName>
        <name>removeFiles</name>
        <parameterClassNames>
          <string>java.util.Collection</string>
        </parameterClassNames>
      </methodId>
      <arguments>
        <il.ac.technion.nlp.nli.core.method__call.NonPrimitiveArgument>
          <nonPrimitiveEntityIds class="ofergivoli.olib.data_structures.set.SafeHashSet" serialization="custom">
            <unserializable-parents/>
            <set>
              <default/>
              <int>4</int>
              <float>0.75</float>
              <int>2</int>
              <string>9</string>
              <string>7</string>
            </set>
          </nonPrimitiveEntityIds>
        </il.ac.technion.nlp.nli.core.method__call.NonPrimitiveArgument>
      </arguments>
      <entityIdOfObjectMethodIsInvokeOn>1</entityIdOfObjectMethodIsInvokeOn>
    </il.ac.technion.nlp.nli.core.method__call.MethodCall>
  </entry>
  <entry>
    <string>test-217</string>
    <il.ac.technion.nlp.nli.core.method__call.MethodCall>
      <methodId>
        <declaringClassCanonicalName>il.ac.technion.nlp.nli.dataset1.domains.container_management.entities.ContainerManagementSystem</declaringClassCanonicalName>
        <name>unloadContainers</name>
        <parameterClassNames>
          <string>java.util.Collection</string>
        </parameterClassNames>
      </methodId>
      <arguments>
        <il.ac.technion.nlp.nli.core.method__call.NonPrimitiveArgument>
          <nonPrimitiveEntityIds class="ofergivoli.olib.data_structures.set.SafeHashSet" serialization="custom">
            <unserializable-parents/>
            <set>
              <default/>
              <int>4</int>
              <float>0.75</float>
              <int>3</int>
              <string>5</string>
              <string>2</string>
              <string>3</string>
            </set>
          </nonPrimitiveEntityIds>
        </il.ac.technion.nlp.nli.core.method__call.NonPrimitiveArgument>
      </arguments>
      <entityIdOfObjectMethodIsInvokeOn>1</entityIdOfObjectMethodIsInvokeOn>
    </il.ac.technion.nlp.nli.core.method__call.MethodCall>
  </entry>
  <entry>
    <string>test-338</string>
    <il.ac.technion.nlp.nli.core.method__call.MethodCall>
      <methodId>
        <declaringClassCanonicalName>il.ac.technion.nlp.nli.dataset1.domains.calendar.entities.Calendar</declaringClassCanonicalName>
        <name>setEventColor</name>
        <parameterClassNames>
          <string>java.util.Collection</string>
          <string>il.ac.technion.nlp.nli.core.state.entities.Color</string>
        </parameterClassNames>
      </methodId>
      <arguments>
        <il.ac.technion.nlp.nli.core.method__call.NonPrimitiveArgument>
          <nonPrimitiveEntityIds class="ofergivoli.olib.data_structures.set.SafeHashSet" serialization="custom">
            <unserializable-parents/>
            <set>
              <default/>
              <int>2</int>
              <float>0.75</float>
              <int>1</int>
              <string>5</string>
            </set>
          </nonPrimitiveEntityIds>
        </il.ac.technion.nlp.nli.core.method__call.NonPrimitiveArgument>
        <il.ac.technion.nlp.nli.core.method__call.PrimitiveArgument>
          <primitiveEntities class="list">
            <il.ac.technion.nlp.nli.core.state.PrimitiveEntity>
              <value class="il.ac.technion.nlp.nli.core.state.entities.Color">BLACK</value>
            </il.ac.technion.nlp.nli.core.state.PrimitiveEntity>
          </primitiveEntities>
        </il.ac.technion.nlp.nli.core.method__call.PrimitiveArgument>
      </arguments>
      <entityIdOfObjectMethodIsInvokeOn>1</entityIdOfObjectMethodIsInvokeOn>
    </il.ac.technion.nlp.nli.core.method__call.MethodCall>
  </entry>
  <entry>
    <string>test-459</string>
    <il.ac.technion.nlp.nli.core.method__call.MethodCall>
      <methodId>
        <declaringClassCanonicalName>il.ac.technion.nlp.nli.dataset1.domains.file_manager.entities.FileManager</declaringClassCanonicalName>
        <name>removeFiles</name>
        <parameterClassNames>
          <string>java.util.Collection</string>
        </parameterClassNames>
      </methodId>
      <arguments>
        <il.ac.technion.nlp.nli.core.method__call.NonPrimitiveArgument>
          <nonPrimitiveEntityIds class="ofergivoli.olib.data_structures.set.SafeHashSet" serialization="custom">
            <unserializable-parents/>
            <set>
              <default/>
              <int>2</int>
              <float>0.75</float>
              <int>1</int>
              <string>11</string>
            </set>
          </nonPrimitiveEntityIds>
        </il.ac.technion.nlp.nli.core.method__call.NonPrimitiveArgument>
      </arguments>
      <entityIdOfObjectMethodIsInvokeOn>1</entityIdOfObjectMethodIsInvokeOn>
    </il.ac.technion.nlp.nli.core.method__call.MethodCall>
  </entry>
  <entry>
    <string>test-209</string>
    <il.ac.technion.nlp.nli.core.method__call.MethodCall>
      <methodId>
        <declaringClassCanonicalName>il.ac.technion.nlp.nli.dataset1.domains.list.entities.SpecialList</declaringClassCanonicalName>
        <name>moveToEnd</name>
        <parameterClassNames>
          <string>il.ac.technion.nlp.nli.dataset1.domains.list.entities.ListElement</string>
        </parameterClassNames>
      </methodId>
      <arguments>
        <il.ac.technion.nlp.nli.core.method__call.NonPrimitiveArgument>
          <nonPrimitiveEntityIds class="ofergivoli.olib.data_structures.set.SafeHashSet" serialization="custom">
            <unserializable-parents/>
            <set>
              <default/>
              <int>2</int>
              <float>0.75</float>
              <int>1</int>
              <string>4</string>
            </set>
          </nonPrimitiveEntityIds>
        </il.ac.technion.nlp.nli.core.method__call.NonPrimitiveArgument>
      </arguments>
      <entityIdOfObjectMethodIsInvokeOn>1</entityIdOfObjectMethodIsInvokeOn>
    </il.ac.technion.nlp.nli.core.method__call.MethodCall>
  </entry>
  <entry>
    <string>test-580</string>
    <il.ac.technion.nlp.nli.core.method__call.MethodCall>
      <methodId>
        <declaringClassCanonicalName>il.ac.technion.nlp.nli.dataset1.domains.calendar.entities.Calendar</declaringClassCanonicalName>
        <name>removeEvents</name>
        <parameterClassNames>
          <string>java.util.Collection</string>
        </parameterClassNames>
      </methodId>
      <arguments>
        <il.ac.technion.nlp.nli.core.method__call.NonPrimitiveArgument>
          <nonPrimitiveEntityIds class="ofergivoli.olib.data_structures.set.SafeHashSet" serialization="custom">
            <unserializable-parents/>
            <set>
              <default/>
              <int>2</int>
              <float>0.75</float>
              <int>1</int>
              <string>3</string>
            </set>
          </nonPrimitiveEntityIds>
        </il.ac.technion.nlp.nli.core.method__call.NonPrimitiveArgument>
      </arguments>
      <entityIdOfObjectMethodIsInvokeOn>1</entityIdOfObjectMethodIsInvokeOn>
    </il.ac.technion.nlp.nli.core.method__call.MethodCall>
  </entry>
  <entry>
    <string>test-460</string>
    <il.ac.technion.nlp.nli.core.method__call.MethodCall>
      <methodId>
        <declaringClassCanonicalName>il.ac.technion.nlp.nli.dataset1.domains.workforce_management.entities.WorkforceManagementSystem</declaringClassCanonicalName>
        <name>assignEmployeesToNewManager</name>
        <parameterClassNames>
          <string>java.util.Collection</string>
          <string>il.ac.technion.nlp.nli.dataset1.domains.workforce_management.entities.Employee</string>
        </parameterClassNames>
      </methodId>
      <arguments>
        <il.ac.technion.nlp.nli.core.method__call.NonPrimitiveArgument>
          <nonPrimitiveEntityIds class="ofergivoli.olib.data_structures.set.SafeHashSet" serialization="custom">
            <unserializable-parents/>
            <set>
              <default/>
              <int>2</int>
              <float>0.75</float>
              <int>1</int>
              <string>5</string>
            </set>
          </nonPrimitiveEntityIds>
        </il.ac.technion.nlp.nli.core.method__call.NonPrimitiveArgument>
        <il.ac.technion.nlp.nli.core.method__call.NonPrimitiveArgument>
          <nonPrimitiveEntityIds class="ofergivoli.olib.data_structures.set.SafeHashSet" serialization="custom">
            <unserializable-parents/>
            <set>
              <default/>
              <int>2</int>
              <float>0.75</float>
              <int>1</int>
              <string>4</string>
            </set>
          </nonPrimitiveEntityIds>
        </il.ac.technion.nlp.nli.core.method__call.NonPrimitiveArgument>
      </arguments>
      <entityIdOfObjectMethodIsInvokeOn>1</entityIdOfObjectMethodIsInvokeOn>
    </il.ac.technion.nlp.nli.core.method__call.MethodCall>
  </entry>
  <entry>
    <string>test-581</string>
    <il.ac.technion.nlp.nli.core.method__call.MethodCall>
      <methodId>
        <declaringClassCanonicalName>il.ac.technion.nlp.nli.dataset1.domains.list.entities.SpecialList</declaringClassCanonicalName>
        <name>remove</name>
        <parameterClassNames>
          <string>java.util.Collection</string>
        </parameterClassNames>
      </methodId>
      <arguments>
        <il.ac.technion.nlp.nli.core.method__call.NonPrimitiveArgument>
          <nonPrimitiveEntityIds class="ofergivoli.olib.data_structures.set.SafeHashSet" serialization="custom">
            <unserializable-parents/>
            <set>
              <default/>
              <int>4</int>
              <float>0.75</float>
              <int>2</int>
              <string>2</string>
              <string>6</string>
            </set>
          </nonPrimitiveEntityIds>
        </il.ac.technion.nlp.nli.core.method__call.NonPrimitiveArgument>
      </arguments>
      <entityIdOfObjectMethodIsInvokeOn>1</entityIdOfObjectMethodIsInvokeOn>
    </il.ac.technion.nlp.nli.core.method__call.MethodCall>
  </entry>
  <entry>
    <string>test-100</string>
    <il.ac.technion.nlp.nli.core.method__call.MethodCall>
      <methodId>
        <declaringClassCanonicalName>il.ac.technion.nlp.nli.dataset1.domains.file_manager.entities.FileManager</declaringClassCanonicalName>
        <name>removeFiles</name>
        <parameterClassNames>
          <string>java.util.Collection</string>
        </parameterClassNames>
      </methodId>
      <arguments>
        <il.ac.technion.nlp.nli.core.method__call.NonPrimitiveArgument>
          <nonPrimitiveEntityIds class="ofergivoli.olib.data_structures.set.SafeHashSet" serialization="custom">
            <unserializable-parents/>
            <set>
              <default/>
              <int>4</int>
              <float>0.75</float>
              <int>3</int>
              <string>4</string>
              <string>8</string>
              <string>7</string>
            </set>
          </nonPrimitiveEntityIds>
        </il.ac.technion.nlp.nli.core.method__call.NonPrimitiveArgument>
      </arguments>
      <entityIdOfObjectMethodIsInvokeOn>1</entityIdOfObjectMethodIsInvokeOn>
    </il.ac.technion.nlp.nli.core.method__call.MethodCall>
  </entry>
  <entry>
    <string>test-221</string>
    <il.ac.technion.nlp.nli.core.method__call.MethodCall>
      <methodId>
        <declaringClassCanonicalName>il.ac.technion.nlp.nli.dataset1.domains.lighting_control.entities.LightingControlSystem</declaringClassCanonicalName>
        <name>turnLightOn</name>
        <parameterClassNames>
          <string>java.util.Collection</string>
        </parameterClassNames>
      </methodId>
      <arguments>
        <il.ac.technion.nlp.nli.core.method__call.NonPrimitiveArgument>
          <nonPrimitiveEntityIds class="ofergivoli.olib.data_structures.set.SafeHashSet" serialization="custom">
            <unserializable-parents/>
            <set>
              <default/>
              <int>8</int>
              <float>0.75</float>
              <int>5</int>
              <string>2</string>
              <string>3</string>
              <string>4</string>
              <string>5</string>
              <string>6</string>
            </set>
          </nonPrimitiveEntityIds>
        </il.ac.technion.nlp.nli.core.method__call.NonPrimitiveArgument>
      </arguments>
      <entityIdOfObjectMethodIsInvokeOn>1</entityIdOfObjectMethodIsInvokeOn>
    </il.ac.technion.nlp.nli.core.method__call.MethodCall>
  </entry>
  <entry>
    <string>test-342</string>
    <il.ac.technion.nlp.nli.core.method__call.MethodCall>
      <methodId>
        <declaringClassCanonicalName>il.ac.technion.nlp.nli.dataset1.domains.lighting_control.entities.LightingControlSystem</declaringClassCanonicalName>
        <name>turnLightOff</name>
        <parameterClassNames>
          <string>java.util.Collection</string>
        </parameterClassNames>
      </methodId>
      <arguments>
        <il.ac.technion.nlp.nli.core.method__call.NonPrimitiveArgument>
          <nonPrimitiveEntityIds class="ofergivoli.olib.data_structures.set.SafeHashSet" serialization="custom">
            <unserializable-parents/>
            <set>
              <default/>
              <int>8</int>
              <float>0.75</float>
              <int>5</int>
              <string>8</string>
              <string>9</string>
              <string>2</string>
              <string>4</string>
              <string>10</string>
            </set>
          </nonPrimitiveEntityIds>
        </il.ac.technion.nlp.nli.core.method__call.NonPrimitiveArgument>
      </arguments>
      <entityIdOfObjectMethodIsInvokeOn>1</entityIdOfObjectMethodIsInvokeOn>
    </il.ac.technion.nlp.nli.core.method__call.MethodCall>
  </entry>
  <entry>
    <string>test-463</string>
    <il.ac.technion.nlp.nli.core.method__call.MethodCall>
      <methodId>
        <declaringClassCanonicalName>il.ac.technion.nlp.nli.dataset1.domains.list.entities.SpecialList</declaringClassCanonicalName>
        <name>remove</name>
        <parameterClassNames>
          <string>java.util.Collection</string>
        </parameterClassNames>
      </methodId>
      <arguments>
        <il.ac.technion.nlp.nli.core.method__call.NonPrimitiveArgument>
          <nonPrimitiveEntityIds class="ofergivoli.olib.data_structures.set.SafeHashSet" serialization="custom">
            <unserializable-parents/>
            <set>
              <default/>
              <int>2</int>
              <float>0.75</float>
              <int>1</int>
              <string>4</string>
            </set>
          </nonPrimitiveEntityIds>
        </il.ac.technion.nlp.nli.core.method__call.NonPrimitiveArgument>
      </arguments>
      <entityIdOfObjectMethodIsInvokeOn>1</entityIdOfObjectMethodIsInvokeOn>
    </il.ac.technion.nlp.nli.core.method__call.MethodCall>
  </entry>
  <entry>
    <string>test-584</string>
    <il.ac.technion.nlp.nli.core.method__call.MethodCall>
      <methodId>
        <declaringClassCanonicalName>il.ac.technion.nlp.nli.dataset1.domains.list.entities.SpecialList</declaringClassCanonicalName>
        <name>moveToEnd</name>
        <parameterClassNames>
          <string>il.ac.technion.nlp.nli.dataset1.domains.list.entities.ListElement</string>
        </parameterClassNames>
      </methodId>
      <arguments>
        <il.ac.technion.nlp.nli.core.method__call.NonPrimitiveArgument>
          <nonPrimitiveEntityIds class="ofergivoli.olib.data_structures.set.SafeHashSet" serialization="custom">
            <unserializable-parents/>
            <set>
              <default/>
              <int>2</int>
              <float>0.75</float>
              <int>1</int>
              <string>5</string>
            </set>
          </nonPrimitiveEntityIds>
        </il.ac.technion.nlp.nli.core.method__call.NonPrimitiveArgument>
      </arguments>
      <entityIdOfObjectMethodIsInvokeOn>1</entityIdOfObjectMethodIsInvokeOn>
    </il.ac.technion.nlp.nli.core.method__call.MethodCall>
  </entry>
  <entry>
    <string>test-101</string>
    <il.ac.technion.nlp.nli.core.method__call.MethodCall>
      <methodId>
        <declaringClassCanonicalName>il.ac.technion.nlp.nli.dataset1.domains.file_manager.entities.FileManager</declaringClassCanonicalName>
        <name>removeFiles</name>
        <parameterClassNames>
          <string>java.util.Collection</string>
        </parameterClassNames>
      </methodId>
      <arguments>
        <il.ac.technion.nlp.nli.core.method__call.NonPrimitiveArgument>
          <nonPrimitiveEntityIds class="ofergivoli.olib.data_structures.set.SafeHashSet" serialization="custom">
            <unserializable-parents/>
            <set>
              <default/>
              <int>2</int>
              <float>0.75</float>
              <int>1</int>
              <string>4</string>
            </set>
          </nonPrimitiveEntityIds>
        </il.ac.technion.nlp.nli.core.method__call.NonPrimitiveArgument>
      </arguments>
      <entityIdOfObjectMethodIsInvokeOn>1</entityIdOfObjectMethodIsInvokeOn>
    </il.ac.technion.nlp.nli.core.method__call.MethodCall>
  </entry>
  <entry>
    <string>test-222</string>
    <il.ac.technion.nlp.nli.core.method__call.MethodCall>
      <methodId>
        <declaringClassCanonicalName>il.ac.technion.nlp.nli.dataset1.domains.workforce_management.entities.WorkforceManagementSystem</declaringClassCanonicalName>
        <name>assignEmployeeToNewPosition</name>
        <parameterClassNames>
          <string>il.ac.technion.nlp.nli.dataset1.domains.workforce_management.entities.Employee</string>
          <string>il.ac.technion.nlp.nli.dataset1.domains.workforce_management.entities.Position</string>
        </parameterClassNames>
      </methodId>
      <arguments>
        <il.ac.technion.nlp.nli.core.method__call.NonPrimitiveArgument>
          <nonPrimitiveEntityIds class="ofergivoli.olib.data_structures.set.SafeHashSet" serialization="custom">
            <unserializable-parents/>
            <set>
              <default/>
              <int>2</int>
              <float>0.75</float>
              <int>1</int>
              <string>6</string>
            </set>
          </nonPrimitiveEntityIds>
        </il.ac.technion.nlp.nli.core.method__call.NonPrimitiveArgument>
        <il.ac.technion.nlp.nli.core.method__call.PrimitiveArgument>
          <primitiveEntities class="list">
            <il.ac.technion.nlp.nli.core.state.PrimitiveEntity>
              <value class="il.ac.technion.nlp.nli.dataset1.domains.workforce_management.entities.Position">MANAGER</value>
            </il.ac.technion.nlp.nli.core.state.PrimitiveEntity>
          </primitiveEntities>
        </il.ac.technion.nlp.nli.core.method__call.PrimitiveArgument>
      </arguments>
      <entityIdOfObjectMethodIsInvokeOn>1</entityIdOfObjectMethodIsInvokeOn>
    </il.ac.technion.nlp.nli.core.method__call.MethodCall>
  </entry>
  <entry>
    <string>test-343</string>
    <il.ac.technion.nlp.nli.core.method__call.MethodCall>
      <methodId>
        <declaringClassCanonicalName>il.ac.technion.nlp.nli.dataset1.domains.lighting_control.entities.LightingControlSystem</declaringClassCanonicalName>
        <name>turnLightOn</name>
        <parameterClassNames>
          <string>java.util.Collection</string>
        </parameterClassNames>
      </methodId>
      <arguments>
        <il.ac.technion.nlp.nli.core.method__call.NonPrimitiveArgument>
          <nonPrimitiveEntityIds class="ofergivoli.olib.data_structures.set.SafeHashSet" serialization="custom">
            <unserializable-parents/>
            <set>
              <default/>
              <int>4</int>
              <float>0.75</float>
              <int>2</int>
              <string>4</string>
              <string>5</string>
            </set>
          </nonPrimitiveEntityIds>
        </il.ac.technion.nlp.nli.core.method__call.NonPrimitiveArgument>
      </arguments>
      <entityIdOfObjectMethodIsInvokeOn>1</entityIdOfObjectMethodIsInvokeOn>
    </il.ac.technion.nlp.nli.core.method__call.MethodCall>
  </entry>
  <entry>
    <string>test-464</string>
    <il.ac.technion.nlp.nli.core.method__call.MethodCall>
      <methodId>
        <declaringClassCanonicalName>il.ac.technion.nlp.nli.dataset1.domains.list.entities.SpecialList</declaringClassCanonicalName>
        <name>moveToEnd</name>
        <parameterClassNames>
          <string>il.ac.technion.nlp.nli.dataset1.domains.list.entities.ListElement</string>
        </parameterClassNames>
      </methodId>
      <arguments>
        <il.ac.technion.nlp.nli.core.method__call.NonPrimitiveArgument>
          <nonPrimitiveEntityIds class="ofergivoli.olib.data_structures.set.SafeHashSet" serialization="custom">
            <unserializable-parents/>
            <set>
              <default/>
              <int>2</int>
              <float>0.75</float>
              <int>1</int>
              <string>4</string>
            </set>
          </nonPrimitiveEntityIds>
        </il.ac.technion.nlp.nli.core.method__call.NonPrimitiveArgument>
      </arguments>
      <entityIdOfObjectMethodIsInvokeOn>1</entityIdOfObjectMethodIsInvokeOn>
    </il.ac.technion.nlp.nli.core.method__call.MethodCall>
  </entry>
  <entry>
    <string>test-585</string>
    <il.ac.technion.nlp.nli.core.method__call.MethodCall>
      <methodId>
        <declaringClassCanonicalName>il.ac.technion.nlp.nli.dataset1.domains.workforce_management.entities.WorkforceManagementSystem</declaringClassCanonicalName>
        <name>updateSalary</name>
        <parameterClassNames>
          <string>il.ac.technion.nlp.nli.dataset1.domains.workforce_management.entities.Employee</string>
          <string>int</string>
        </parameterClassNames>
      </methodId>
      <arguments>
        <il.ac.technion.nlp.nli.core.method__call.NonPrimitiveArgument>
          <nonPrimitiveEntityIds class="ofergivoli.olib.data_structures.set.SafeHashSet" serialization="custom">
            <unserializable-parents/>
            <set>
              <default/>
              <int>2</int>
              <float>0.75</float>
              <int>1</int>
              <string>4</string>
            </set>
          </nonPrimitiveEntityIds>
        </il.ac.technion.nlp.nli.core.method__call.NonPrimitiveArgument>
        <il.ac.technion.nlp.nli.core.method__call.PrimitiveArgument>
          <primitiveEntities class="list">
            <il.ac.technion.nlp.nli.core.state.PrimitiveEntity>
              <value class="int">61110</value>
            </il.ac.technion.nlp.nli.core.state.PrimitiveEntity>
          </primitiveEntities>
        </il.ac.technion.nlp.nli.core.method__call.PrimitiveArgument>
      </arguments>
      <entityIdOfObjectMethodIsInvokeOn>1</entityIdOfObjectMethodIsInvokeOn>
    </il.ac.technion.nlp.nli.core.method__call.MethodCall>
  </entry>
  <entry>
    <string>test-340</string>
    <il.ac.technion.nlp.nli.core.method__call.MethodCall>
      <methodId>
        <declaringClassCanonicalName>il.ac.technion.nlp.nli.dataset1.domains.workforce_management.entities.WorkforceManagementSystem</declaringClassCanonicalName>
        <name>updateSalary</name>
        <parameterClassNames>
          <string>il.ac.technion.nlp.nli.dataset1.domains.workforce_management.entities.Employee</string>
          <string>int</string>
        </parameterClassNames>
      </methodId>
      <arguments>
        <il.ac.technion.nlp.nli.core.method__call.NonPrimitiveArgument>
          <nonPrimitiveEntityIds class="ofergivoli.olib.data_structures.set.SafeHashSet" serialization="custom">
            <unserializable-parents/>
            <set>
              <default/>
              <int>2</int>
              <float>0.75</float>
              <int>1</int>
              <string>4</string>
            </set>
          </nonPrimitiveEntityIds>
        </il.ac.technion.nlp.nli.core.method__call.NonPrimitiveArgument>
        <il.ac.technion.nlp.nli.core.method__call.PrimitiveArgument>
          <primitiveEntities class="list">
            <il.ac.technion.nlp.nli.core.state.PrimitiveEntity>
              <value class="int">63671</value>
            </il.ac.technion.nlp.nli.core.state.PrimitiveEntity>
          </primitiveEntities>
        </il.ac.technion.nlp.nli.core.method__call.PrimitiveArgument>
      </arguments>
      <entityIdOfObjectMethodIsInvokeOn>1</entityIdOfObjectMethodIsInvokeOn>
    </il.ac.technion.nlp.nli.core.method__call.MethodCall>
  </entry>
  <entry>
    <string>test-461</string>
    <il.ac.technion.nlp.nli.core.method__call.MethodCall>
      <methodId>
        <declaringClassCanonicalName>il.ac.technion.nlp.nli.dataset1.domains.messenger.Messenger</declaringClassCanonicalName>
        <name>deleteChatGroups</name>
        <parameterClassNames>
          <string>java.util.Collection</string>
        </parameterClassNames>
      </methodId>
      <arguments>
        <il.ac.technion.nlp.nli.core.method__call.NonPrimitiveArgument>
          <nonPrimitiveEntityIds class="ofergivoli.olib.data_structures.set.SafeHashSet" serialization="custom">
            <unserializable-parents/>
            <set>
              <default/>
              <int>4</int>
              <float>0.75</float>
              <int>3</int>
              <string>11</string>
              <string>9</string>
              <string>10</string>
            </set>
          </nonPrimitiveEntityIds>
        </il.ac.technion.nlp.nli.core.method__call.NonPrimitiveArgument>
      </arguments>
      <entityIdOfObjectMethodIsInvokeOn>1</entityIdOfObjectMethodIsInvokeOn>
    </il.ac.technion.nlp.nli.core.method__call.MethodCall>
  </entry>
  <entry>
    <string>test-582</string>
    <il.ac.technion.nlp.nli.core.method__call.MethodCall>
      <methodId>
        <declaringClassCanonicalName>il.ac.technion.nlp.nli.dataset1.domains.messenger.Messenger</declaringClassCanonicalName>
        <name>createChatGroup</name>
        <parameterClassNames>
          <string>java.util.Collection</string>
        </parameterClassNames>
      </methodId>
      <arguments>
        <il.ac.technion.nlp.nli.core.method__call.NonPrimitiveArgument>
          <nonPrimitiveEntityIds class="ofergivoli.olib.data_structures.set.SafeHashSet" serialization="custom">
            <unserializable-parents/>
            <set>
              <default/>
              <int>4</int>
              <float>0.75</float>
              <int>3</int>
              <string>4</string>
              <string>2</string>
              <string>6</string>
            </set>
          </nonPrimitiveEntityIds>
        </il.ac.technion.nlp.nli.core.method__call.NonPrimitiveArgument>
      </arguments>
      <entityIdOfObjectMethodIsInvokeOn>1</entityIdOfObjectMethodIsInvokeOn>
    </il.ac.technion.nlp.nli.core.method__call.MethodCall>
  </entry>
  <entry>
    <string>test-220</string>
    <il.ac.technion.nlp.nli.core.method__call.MethodCall>
      <methodId>
        <declaringClassCanonicalName>il.ac.technion.nlp.nli.dataset1.domains.messenger.Messenger</declaringClassCanonicalName>
        <name>muteChatGroups</name>
        <parameterClassNames>
          <string>java.util.Collection</string>
        </parameterClassNames>
      </methodId>
      <arguments>
        <il.ac.technion.nlp.nli.core.method__call.NonPrimitiveArgument>
          <nonPrimitiveEntityIds class="ofergivoli.olib.data_structures.set.SafeHashSet" serialization="custom">
            <unserializable-parents/>
            <set>
              <default/>
              <int>4</int>
              <float>0.75</float>
              <int>2</int>
              <string>11</string>
              <string>10</string>
            </set>
          </nonPrimitiveEntityIds>
        </il.ac.technion.nlp.nli.core.method__call.NonPrimitiveArgument>
      </arguments>
      <entityIdOfObjectMethodIsInvokeOn>1</entityIdOfObjectMethodIsInvokeOn>
    </il.ac.technion.nlp.nli.core.method__call.MethodCall>
  </entry>
  <entry>
    <string>test-341</string>
    <il.ac.technion.nlp.nli.core.method__call.MethodCall>
      <methodId>
        <declaringClassCanonicalName>il.ac.technion.nlp.nli.dataset1.domains.container_management.entities.ContainerManagementSystem</declaringClassCanonicalName>
        <name>removeContainers</name>
        <parameterClassNames>
          <string>java.util.Collection</string>
        </parameterClassNames>
      </methodId>
      <arguments>
        <il.ac.technion.nlp.nli.core.method__call.NonPrimitiveArgument>
          <nonPrimitiveEntityIds class="ofergivoli.olib.data_structures.set.SafeHashSet" serialization="custom">
            <unserializable-parents/>
            <set>
              <default/>
              <int>2</int>
              <float>0.75</float>
              <int>1</int>
              <string>2</string>
            </set>
          </nonPrimitiveEntityIds>
        </il.ac.technion.nlp.nli.core.method__call.NonPrimitiveArgument>
      </arguments>
      <entityIdOfObjectMethodIsInvokeOn>1</entityIdOfObjectMethodIsInvokeOn>
    </il.ac.technion.nlp.nli.core.method__call.MethodCall>
  </entry>
  <entry>
    <string>test-462</string>
    <il.ac.technion.nlp.nli.core.method__call.MethodCall>
      <methodId>
        <declaringClassCanonicalName>il.ac.technion.nlp.nli.dataset1.domains.lighting_control.entities.LightingControlSystem</declaringClassCanonicalName>
        <name>turnLightOn</name>
        <parameterClassNames>
          <string>java.util.Collection</string>
        </parameterClassNames>
      </methodId>
      <arguments>
        <il.ac.technion.nlp.nli.core.method__call.NonPrimitiveArgument>
          <nonPrimitiveEntityIds class="ofergivoli.olib.data_structures.set.SafeHashSet" serialization="custom">
            <unserializable-parents/>
            <set>
              <default/>
              <int>4</int>
              <float>0.75</float>
              <int>3</int>
              <string>8</string>
              <string>5</string>
              <string>6</string>
            </set>
          </nonPrimitiveEntityIds>
        </il.ac.technion.nlp.nli.core.method__call.NonPrimitiveArgument>
      </arguments>
      <entityIdOfObjectMethodIsInvokeOn>1</entityIdOfObjectMethodIsInvokeOn>
    </il.ac.technion.nlp.nli.core.method__call.MethodCall>
  </entry>
  <entry>
    <string>test-583</string>
    <il.ac.technion.nlp.nli.core.method__call.MethodCall>
      <methodId>
        <declaringClassCanonicalName>il.ac.technion.nlp.nli.dataset1.domains.calendar.entities.Calendar</declaringClassCanonicalName>
        <name>setEventColor</name>
        <parameterClassNames>
          <string>java.util.Collection</string>
          <string>il.ac.technion.nlp.nli.core.state.entities.Color</string>
        </parameterClassNames>
      </methodId>
      <arguments>
        <il.ac.technion.nlp.nli.core.method__call.NonPrimitiveArgument>
          <nonPrimitiveEntityIds class="ofergivoli.olib.data_structures.set.SafeHashSet" serialization="custom">
            <unserializable-parents/>
            <set>
              <default/>
              <int>2</int>
              <float>0.75</float>
              <int>1</int>
              <string>3</string>
            </set>
          </nonPrimitiveEntityIds>
        </il.ac.technion.nlp.nli.core.method__call.NonPrimitiveArgument>
        <il.ac.technion.nlp.nli.core.method__call.PrimitiveArgument>
          <primitiveEntities class="list">
            <il.ac.technion.nlp.nli.core.state.PrimitiveEntity>
              <value class="il.ac.technion.nlp.nli.core.state.entities.Color">BLACK</value>
            </il.ac.technion.nlp.nli.core.state.PrimitiveEntity>
          </primitiveEntities>
        </il.ac.technion.nlp.nli.core.method__call.PrimitiveArgument>
      </arguments>
      <entityIdOfObjectMethodIsInvokeOn>1</entityIdOfObjectMethodIsInvokeOn>
    </il.ac.technion.nlp.nli.core.method__call.MethodCall>
  </entry>
  <entry>
    <string>test-104</string>
    <il.ac.technion.nlp.nli.core.method__call.MethodCall>
      <methodId>
        <declaringClassCanonicalName>il.ac.technion.nlp.nli.dataset1.domains.file_manager.entities.FileManager</declaringClassCanonicalName>
        <name>removeFiles</name>
        <parameterClassNames>
          <string>java.util.Collection</string>
        </parameterClassNames>
      </methodId>
      <arguments>
        <il.ac.technion.nlp.nli.core.method__call.NonPrimitiveArgument>
          <nonPrimitiveEntityIds class="ofergivoli.olib.data_structures.set.SafeHashSet" serialization="custom">
            <unserializable-parents/>
            <set>
              <default/>
              <int>2</int>
              <float>0.75</float>
              <int>1</int>
              <string>5</string>
            </set>
          </nonPrimitiveEntityIds>
        </il.ac.technion.nlp.nli.core.method__call.NonPrimitiveArgument>
      </arguments>
      <entityIdOfObjectMethodIsInvokeOn>1</entityIdOfObjectMethodIsInvokeOn>
    </il.ac.technion.nlp.nli.core.method__call.MethodCall>
  </entry>
  <entry>
    <string>test-225</string>
    <il.ac.technion.nlp.nli.core.method__call.MethodCall>
      <methodId>
        <declaringClassCanonicalName>il.ac.technion.nlp.nli.dataset1.domains.container_management.entities.ContainerManagementSystem</declaringClassCanonicalName>
        <name>loadContainers</name>
        <parameterClassNames>
          <string>java.util.Collection</string>
        </parameterClassNames>
      </methodId>
      <arguments>
        <il.ac.technion.nlp.nli.core.method__call.NonPrimitiveArgument>
          <nonPrimitiveEntityIds class="ofergivoli.olib.data_structures.set.SafeHashSet" serialization="custom">
            <unserializable-parents/>
            <set>
              <default/>
              <int>8</int>
              <float>0.75</float>
              <int>4</int>
              <string>3</string>
              <string>4</string>
              <string>5</string>
              <string>6</string>
            </set>
          </nonPrimitiveEntityIds>
        </il.ac.technion.nlp.nli.core.method__call.NonPrimitiveArgument>
      </arguments>
      <entityIdOfObjectMethodIsInvokeOn>1</entityIdOfObjectMethodIsInvokeOn>
    </il.ac.technion.nlp.nli.core.method__call.MethodCall>
  </entry>
  <entry>
    <string>test-346</string>
    <il.ac.technion.nlp.nli.core.method__call.MethodCall>
      <methodId>
        <declaringClassCanonicalName>il.ac.technion.nlp.nli.dataset1.domains.lighting_control.entities.LightingControlSystem</declaringClassCanonicalName>
        <name>turnLightOff</name>
        <parameterClassNames>
          <string>java.util.Collection</string>
        </parameterClassNames>
      </methodId>
      <arguments>
        <il.ac.technion.nlp.nli.core.method__call.NonPrimitiveArgument>
          <nonPrimitiveEntityIds class="ofergivoli.olib.data_structures.set.SafeHashSet" serialization="custom">
            <unserializable-parents/>
            <set>
              <default/>
              <int>8</int>
              <float>0.75</float>
              <int>4</int>
              <string>4</string>
              <string>5</string>
              <string>6</string>
              <string>7</string>
            </set>
          </nonPrimitiveEntityIds>
        </il.ac.technion.nlp.nli.core.method__call.NonPrimitiveArgument>
      </arguments>
      <entityIdOfObjectMethodIsInvokeOn>1</entityIdOfObjectMethodIsInvokeOn>
    </il.ac.technion.nlp.nli.core.method__call.MethodCall>
  </entry>
  <entry>
    <string>test-467</string>
    <il.ac.technion.nlp.nli.core.method__call.MethodCall>
      <methodId>
        <declaringClassCanonicalName>il.ac.technion.nlp.nli.dataset1.domains.lighting_control.entities.LightingControlSystem</declaringClassCanonicalName>
        <name>turnLightOn</name>
        <parameterClassNames>
          <string>java.util.Collection</string>
        </parameterClassNames>
      </methodId>
      <arguments>
        <il.ac.technion.nlp.nli.core.method__call.NonPrimitiveArgument>
          <nonPrimitiveEntityIds class="ofergivoli.olib.data_structures.set.SafeHashSet" serialization="custom">
            <unserializable-parents/>
            <set>
              <default/>
              <int>8</int>
              <float>0.75</float>
              <int>4</int>
              <string>8</string>
              <string>5</string>
              <string>6</string>
              <string>7</string>
            </set>
          </nonPrimitiveEntityIds>
        </il.ac.technion.nlp.nli.core.method__call.NonPrimitiveArgument>
      </arguments>
      <entityIdOfObjectMethodIsInvokeOn>1</entityIdOfObjectMethodIsInvokeOn>
    </il.ac.technion.nlp.nli.core.method__call.MethodCall>
  </entry>
  <entry>
    <string>test-588</string>
    <il.ac.technion.nlp.nli.core.method__call.MethodCall>
      <methodId>
        <declaringClassCanonicalName>il.ac.technion.nlp.nli.dataset1.domains.messenger.Messenger</declaringClassCanonicalName>
        <name>deleteChatGroups</name>
        <parameterClassNames>
          <string>java.util.Collection</string>
        </parameterClassNames>
      </methodId>
      <arguments>
        <il.ac.technion.nlp.nli.core.method__call.NonPrimitiveArgument>
          <nonPrimitiveEntityIds class="ofergivoli.olib.data_structures.set.SafeHashSet" serialization="custom">
            <unserializable-parents/>
            <set>
              <default/>
              <int>2</int>
              <float>0.75</float>
              <int>1</int>
              <string>13</string>
            </set>
          </nonPrimitiveEntityIds>
        </il.ac.technion.nlp.nli.core.method__call.NonPrimitiveArgument>
      </arguments>
      <entityIdOfObjectMethodIsInvokeOn>1</entityIdOfObjectMethodIsInvokeOn>
    </il.ac.technion.nlp.nli.core.method__call.MethodCall>
  </entry>
  <entry>
    <string>test-105</string>
    <il.ac.technion.nlp.nli.core.method__call.MethodCall>
      <methodId>
        <declaringClassCanonicalName>il.ac.technion.nlp.nli.dataset1.domains.container_management.entities.ContainerManagementSystem</declaringClassCanonicalName>
        <name>unloadContainers</name>
        <parameterClassNames>
          <string>java.util.Collection</string>
        </parameterClassNames>
      </methodId>
      <arguments>
        <il.ac.technion.nlp.nli.core.method__call.NonPrimitiveArgument>
          <nonPrimitiveEntityIds class="ofergivoli.olib.data_structures.set.SafeHashSet" serialization="custom">
            <unserializable-parents/>
            <set>
              <default/>
              <int>4</int>
              <float>0.75</float>
              <int>2</int>
              <string>2</string>
              <string>3</string>
            </set>
          </nonPrimitiveEntityIds>
        </il.ac.technion.nlp.nli.core.method__call.NonPrimitiveArgument>
      </arguments>
      <entityIdOfObjectMethodIsInvokeOn>1</entityIdOfObjectMethodIsInvokeOn>
    </il.ac.technion.nlp.nli.core.method__call.MethodCall>
  </entry>
  <entry>
    <string>test-226</string>
    <il.ac.technion.nlp.nli.core.method__call.MethodCall>
      <methodId>
        <declaringClassCanonicalName>il.ac.technion.nlp.nli.dataset1.domains.workforce_management.entities.WorkforceManagementSystem</declaringClassCanonicalName>
        <name>fireEmployees</name>
        <parameterClassNames>
          <string>java.util.Collection</string>
        </parameterClassNames>
      </methodId>
      <arguments>
        <il.ac.technion.nlp.nli.core.method__call.NonPrimitiveArgument>
          <nonPrimitiveEntityIds class="ofergivoli.olib.data_structures.set.SafeHashSet" serialization="custom">
            <unserializable-parents/>
            <set>
              <default/>
              <int>4</int>
              <float>0.75</float>
              <int>3</int>
              <string>5</string>
              <string>2</string>
              <string>3</string>
            </set>
          </nonPrimitiveEntityIds>
        </il.ac.technion.nlp.nli.core.method__call.NonPrimitiveArgument>
      </arguments>
      <entityIdOfObjectMethodIsInvokeOn>1</entityIdOfObjectMethodIsInvokeOn>
    </il.ac.technion.nlp.nli.core.method__call.MethodCall>
  </entry>
  <entry>
    <string>test-347</string>
    <il.ac.technion.nlp.nli.core.method__call.MethodCall>
      <methodId>
        <declaringClassCanonicalName>il.ac.technion.nlp.nli.dataset1.domains.file_manager.entities.FileManager</declaringClassCanonicalName>
        <name>moveFiles</name>
        <parameterClassNames>
          <string>java.util.Collection</string>
          <string>il.ac.technion.nlp.nli.dataset1.domains.file_manager.entities.Directory</string>
        </parameterClassNames>
      </methodId>
      <arguments>
        <il.ac.technion.nlp.nli.core.method__call.NonPrimitiveArgument>
          <nonPrimitiveEntityIds class="ofergivoli.olib.data_structures.set.SafeHashSet" serialization="custom">
            <unserializable-parents/>
            <set>
              <default/>
              <int>4</int>
              <float>0.75</float>
              <int>2</int>
              <string>6</string>
              <string>7</string>
            </set>
          </nonPrimitiveEntityIds>
        </il.ac.technion.nlp.nli.core.method__call.NonPrimitiveArgument>
        <il.ac.technion.nlp.nli.core.method__call.NonPrimitiveArgument>
          <nonPrimitiveEntityIds class="ofergivoli.olib.data_structures.set.SafeHashSet" serialization="custom">
            <unserializable-parents/>
            <set>
              <default/>
              <int>2</int>
              <float>0.75</float>
              <int>1</int>
              <string>3</string>
            </set>
          </nonPrimitiveEntityIds>
        </il.ac.technion.nlp.nli.core.method__call.NonPrimitiveArgument>
      </arguments>
      <entityIdOfObjectMethodIsInvokeOn>1</entityIdOfObjectMethodIsInvokeOn>
    </il.ac.technion.nlp.nli.core.method__call.MethodCall>
  </entry>
  <entry>
    <string>test-468</string>
    <il.ac.technion.nlp.nli.core.method__call.MethodCall>
      <methodId>
        <declaringClassCanonicalName>il.ac.technion.nlp.nli.dataset1.domains.calendar.entities.Calendar</declaringClassCanonicalName>
        <name>setEventColor</name>
        <parameterClassNames>
          <string>java.util.Collection</string>
          <string>il.ac.technion.nlp.nli.core.state.entities.Color</string>
        </parameterClassNames>
      </methodId>
      <arguments>
        <il.ac.technion.nlp.nli.core.method__call.NonPrimitiveArgument>
          <nonPrimitiveEntityIds class="ofergivoli.olib.data_structures.set.SafeHashSet" serialization="custom">
            <unserializable-parents/>
            <set>
              <default/>
              <int>2</int>
              <float>0.75</float>
              <int>1</int>
              <string>4</string>
            </set>
          </nonPrimitiveEntityIds>
        </il.ac.technion.nlp.nli.core.method__call.NonPrimitiveArgument>
        <il.ac.technion.nlp.nli.core.method__call.PrimitiveArgument>
          <primitiveEntities class="list">
            <il.ac.technion.nlp.nli.core.state.PrimitiveEntity>
              <value class="il.ac.technion.nlp.nli.core.state.entities.Color">BLACK</value>
            </il.ac.technion.nlp.nli.core.state.PrimitiveEntity>
          </primitiveEntities>
        </il.ac.technion.nlp.nli.core.method__call.PrimitiveArgument>
      </arguments>
      <entityIdOfObjectMethodIsInvokeOn>1</entityIdOfObjectMethodIsInvokeOn>
    </il.ac.technion.nlp.nli.core.method__call.MethodCall>
  </entry>
  <entry>
    <string>test-589</string>
    <il.ac.technion.nlp.nli.core.method__call.MethodCall>
      <methodId>
        <declaringClassCanonicalName>il.ac.technion.nlp.nli.dataset1.domains.calendar.entities.Calendar</declaringClassCanonicalName>
        <name>setEventColor</name>
        <parameterClassNames>
          <string>java.util.Collection</string>
          <string>il.ac.technion.nlp.nli.core.state.entities.Color</string>
        </parameterClassNames>
      </methodId>
      <arguments>
        <il.ac.technion.nlp.nli.core.method__call.NonPrimitiveArgument>
          <nonPrimitiveEntityIds class="ofergivoli.olib.data_structures.set.SafeHashSet" serialization="custom">
            <unserializable-parents/>
            <set>
              <default/>
              <int>4</int>
              <float>0.75</float>
              <int>2</int>
              <string>5</string>
              <string>2</string>
            </set>
          </nonPrimitiveEntityIds>
        </il.ac.technion.nlp.nli.core.method__call.NonPrimitiveArgument>
        <il.ac.technion.nlp.nli.core.method__call.PrimitiveArgument>
          <primitiveEntities class="list">
            <il.ac.technion.nlp.nli.core.state.PrimitiveEntity>
              <value class="il.ac.technion.nlp.nli.core.state.entities.Color">BLACK</value>
            </il.ac.technion.nlp.nli.core.state.PrimitiveEntity>
          </primitiveEntities>
        </il.ac.technion.nlp.nli.core.method__call.PrimitiveArgument>
      </arguments>
      <entityIdOfObjectMethodIsInvokeOn>1</entityIdOfObjectMethodIsInvokeOn>
    </il.ac.technion.nlp.nli.core.method__call.MethodCall>
  </entry>
  <entry>
    <string>test-102</string>
    <il.ac.technion.nlp.nli.core.method__call.MethodCall>
      <methodId>
        <declaringClassCanonicalName>il.ac.technion.nlp.nli.dataset1.domains.list.entities.SpecialList</declaringClassCanonicalName>
        <name>remove</name>
        <parameterClassNames>
          <string>java.util.Collection</string>
        </parameterClassNames>
      </methodId>
      <arguments>
        <il.ac.technion.nlp.nli.core.method__call.NonPrimitiveArgument>
          <nonPrimitiveEntityIds class="ofergivoli.olib.data_structures.set.SafeHashSet" serialization="custom">
            <unserializable-parents/>
            <set>
              <default/>
              <int>8</int>
              <float>0.75</float>
              <int>5</int>
              <string>2</string>
              <string>4</string>
              <string>5</string>
              <string>6</string>
              <string>7</string>
            </set>
          </nonPrimitiveEntityIds>
        </il.ac.technion.nlp.nli.core.method__call.NonPrimitiveArgument>
      </arguments>
      <entityIdOfObjectMethodIsInvokeOn>1</entityIdOfObjectMethodIsInvokeOn>
    </il.ac.technion.nlp.nli.core.method__call.MethodCall>
  </entry>
  <entry>
    <string>test-223</string>
    <il.ac.technion.nlp.nli.core.method__call.MethodCall>
      <methodId>
        <declaringClassCanonicalName>il.ac.technion.nlp.nli.dataset1.domains.list.entities.SpecialList</declaringClassCanonicalName>
        <name>remove</name>
        <parameterClassNames>
          <string>java.util.Collection</string>
        </parameterClassNames>
      </methodId>
      <arguments>
        <il.ac.technion.nlp.nli.core.method__call.NonPrimitiveArgument>
          <nonPrimitiveEntityIds class="ofergivoli.olib.data_structures.set.SafeHashSet" serialization="custom">
            <unserializable-parents/>
            <set>
              <default/>
              <int>2</int>
              <float>0.75</float>
              <int>1</int>
              <string>2</string>
            </set>
          </nonPrimitiveEntityIds>
        </il.ac.technion.nlp.nli.core.method__call.NonPrimitiveArgument>
      </arguments>
      <entityIdOfObjectMethodIsInvokeOn>1</entityIdOfObjectMethodIsInvokeOn>
    </il.ac.technion.nlp.nli.core.method__call.MethodCall>
  </entry>
  <entry>
    <string>test-344</string>
    <il.ac.technion.nlp.nli.core.method__call.MethodCall>
      <methodId>
        <declaringClassCanonicalName>il.ac.technion.nlp.nli.dataset1.domains.messenger.Messenger</declaringClassCanonicalName>
        <name>deleteChatGroups</name>
        <parameterClassNames>
          <string>java.util.Collection</string>
        </parameterClassNames>
      </methodId>
      <arguments>
        <il.ac.technion.nlp.nli.core.method__call.NonPrimitiveArgument>
          <nonPrimitiveEntityIds class="ofergivoli.olib.data_structures.set.SafeHashSet" serialization="custom">
            <unserializable-parents/>
            <set>
              <default/>
              <int>4</int>
              <float>0.75</float>
              <int>2</int>
              <string>8</string>
              <string>10</string>
            </set>
          </nonPrimitiveEntityIds>
        </il.ac.technion.nlp.nli.core.method__call.NonPrimitiveArgument>
      </arguments>
      <entityIdOfObjectMethodIsInvokeOn>1</entityIdOfObjectMethodIsInvokeOn>
    </il.ac.technion.nlp.nli.core.method__call.MethodCall>
  </entry>
  <entry>
    <string>test-465</string>
    <il.ac.technion.nlp.nli.core.method__call.MethodCall>
      <methodId>
        <declaringClassCanonicalName>il.ac.technion.nlp.nli.dataset1.domains.workforce_management.entities.WorkforceManagementSystem</declaringClassCanonicalName>
        <name>assignEmployeeToNewPosition</name>
        <parameterClassNames>
          <string>il.ac.technion.nlp.nli.dataset1.domains.workforce_management.entities.Employee</string>
          <string>il.ac.technion.nlp.nli.dataset1.domains.workforce_management.entities.Position</string>
        </parameterClassNames>
      </methodId>
      <arguments>
        <il.ac.technion.nlp.nli.core.method__call.NonPrimitiveArgument>
          <nonPrimitiveEntityIds class="ofergivoli.olib.data_structures.set.SafeHashSet" serialization="custom">
            <unserializable-parents/>
            <set>
              <default/>
              <int>2</int>
              <float>0.75</float>
              <int>1</int>
              <string>3</string>
            </set>
          </nonPrimitiveEntityIds>
        </il.ac.technion.nlp.nli.core.method__call.NonPrimitiveArgument>
        <il.ac.technion.nlp.nli.core.method__call.PrimitiveArgument>
          <primitiveEntities class="list">
            <il.ac.technion.nlp.nli.core.state.PrimitiveEntity>
              <value class="il.ac.technion.nlp.nli.dataset1.domains.workforce_management.entities.Position">DEVELOPER</value>
            </il.ac.technion.nlp.nli.core.state.PrimitiveEntity>
          </primitiveEntities>
        </il.ac.technion.nlp.nli.core.method__call.PrimitiveArgument>
      </arguments>
      <entityIdOfObjectMethodIsInvokeOn>1</entityIdOfObjectMethodIsInvokeOn>
    </il.ac.technion.nlp.nli.core.method__call.MethodCall>
  </entry>
  <entry>
    <string>test-586</string>
    <il.ac.technion.nlp.nli.core.method__call.MethodCall>
      <methodId>
        <declaringClassCanonicalName>il.ac.technion.nlp.nli.dataset1.domains.calendar.entities.Calendar</declaringClassCanonicalName>
        <name>setEventColor</name>
        <parameterClassNames>
          <string>java.util.Collection</string>
          <string>il.ac.technion.nlp.nli.core.state.entities.Color</string>
        </parameterClassNames>
      </methodId>
      <arguments>
        <il.ac.technion.nlp.nli.core.method__call.NonPrimitiveArgument>
          <nonPrimitiveEntityIds class="ofergivoli.olib.data_structures.set.SafeHashSet" serialization="custom">
            <unserializable-parents/>
            <set>
              <default/>
              <int>8</int>
              <float>0.75</float>
              <int>4</int>
              <string>2</string>
              <string>4</string>
              <string>5</string>
              <string>6</string>
            </set>
          </nonPrimitiveEntityIds>
        </il.ac.technion.nlp.nli.core.method__call.NonPrimitiveArgument>
        <il.ac.technion.nlp.nli.core.method__call.PrimitiveArgument>
          <primitiveEntities class="list">
            <il.ac.technion.nlp.nli.core.state.PrimitiveEntity>
              <value class="il.ac.technion.nlp.nli.core.state.entities.Color">GREEN</value>
            </il.ac.technion.nlp.nli.core.state.PrimitiveEntity>
          </primitiveEntities>
        </il.ac.technion.nlp.nli.core.method__call.PrimitiveArgument>
      </arguments>
      <entityIdOfObjectMethodIsInvokeOn>1</entityIdOfObjectMethodIsInvokeOn>
    </il.ac.technion.nlp.nli.core.method__call.MethodCall>
  </entry>
  <entry>
    <string>test-103</string>
    <il.ac.technion.nlp.nli.core.method__call.MethodCall>
      <methodId>
        <declaringClassCanonicalName>il.ac.technion.nlp.nli.dataset1.domains.container_management.entities.ContainerManagementSystem</declaringClassCanonicalName>
        <name>removeContainers</name>
        <parameterClassNames>
          <string>java.util.Collection</string>
        </parameterClassNames>
      </methodId>
      <arguments>
        <il.ac.technion.nlp.nli.core.method__call.NonPrimitiveArgument>
          <nonPrimitiveEntityIds class="ofergivoli.olib.data_structures.set.SafeHashSet" serialization="custom">
            <unserializable-parents/>
            <set>
              <default/>
              <int>2</int>
              <float>0.75</float>
              <int>1</int>
              <string>4</string>
            </set>
          </nonPrimitiveEntityIds>
        </il.ac.technion.nlp.nli.core.method__call.NonPrimitiveArgument>
      </arguments>
      <entityIdOfObjectMethodIsInvokeOn>1</entityIdOfObjectMethodIsInvokeOn>
    </il.ac.technion.nlp.nli.core.method__call.MethodCall>
  </entry>
  <entry>
    <string>test-224</string>
    <il.ac.technion.nlp.nli.core.method__call.MethodCall>
      <methodId>
        <declaringClassCanonicalName>il.ac.technion.nlp.nli.dataset1.domains.file_manager.entities.FileManager</declaringClassCanonicalName>
        <name>removeFiles</name>
        <parameterClassNames>
          <string>java.util.Collection</string>
        </parameterClassNames>
      </methodId>
      <arguments>
        <il.ac.technion.nlp.nli.core.method__call.NonPrimitiveArgument>
          <nonPrimitiveEntityIds class="ofergivoli.olib.data_structures.set.SafeHashSet" serialization="custom">
            <unserializable-parents/>
            <set>
              <default/>
              <int>2</int>
              <float>0.75</float>
              <int>1</int>
              <string>5</string>
            </set>
          </nonPrimitiveEntityIds>
        </il.ac.technion.nlp.nli.core.method__call.NonPrimitiveArgument>
      </arguments>
      <entityIdOfObjectMethodIsInvokeOn>1</entityIdOfObjectMethodIsInvokeOn>
    </il.ac.technion.nlp.nli.core.method__call.MethodCall>
  </entry>
  <entry>
    <string>test-345</string>
    <il.ac.technion.nlp.nli.core.method__call.MethodCall>
      <methodId>
        <declaringClassCanonicalName>il.ac.technion.nlp.nli.dataset1.domains.file_manager.entities.FileManager</declaringClassCanonicalName>
        <name>moveFiles</name>
        <parameterClassNames>
          <string>java.util.Collection</string>
          <string>il.ac.technion.nlp.nli.dataset1.domains.file_manager.entities.Directory</string>
        </parameterClassNames>
      </methodId>
      <arguments>
        <il.ac.technion.nlp.nli.core.method__call.NonPrimitiveArgument>
          <nonPrimitiveEntityIds class="ofergivoli.olib.data_structures.set.SafeHashSet" serialization="custom">
            <unserializable-parents/>
            <set>
              <default/>
              <int>4</int>
              <float>0.75</float>
              <int>2</int>
              <string>4</string>
              <string>5</string>
            </set>
          </nonPrimitiveEntityIds>
        </il.ac.technion.nlp.nli.core.method__call.NonPrimitiveArgument>
        <il.ac.technion.nlp.nli.core.method__call.NonPrimitiveArgument>
          <nonPrimitiveEntityIds class="ofergivoli.olib.data_structures.set.SafeHashSet" serialization="custom">
            <unserializable-parents/>
            <set>
              <default/>
              <int>2</int>
              <float>0.75</float>
              <int>1</int>
              <string>6</string>
            </set>
          </nonPrimitiveEntityIds>
        </il.ac.technion.nlp.nli.core.method__call.NonPrimitiveArgument>
      </arguments>
      <entityIdOfObjectMethodIsInvokeOn>1</entityIdOfObjectMethodIsInvokeOn>
    </il.ac.technion.nlp.nli.core.method__call.MethodCall>
  </entry>
  <entry>
    <string>test-466</string>
    <il.ac.technion.nlp.nli.core.method__call.MethodCall>
      <methodId>
        <declaringClassCanonicalName>il.ac.technion.nlp.nli.dataset1.domains.messenger.Messenger</declaringClassCanonicalName>
        <name>unmuteChatGroups</name>
        <parameterClassNames>
          <string>java.util.Collection</string>
        </parameterClassNames>
      </methodId>
      <arguments>
        <il.ac.technion.nlp.nli.core.method__call.NonPrimitiveArgument>
          <nonPrimitiveEntityIds class="ofergivoli.olib.data_structures.set.SafeHashSet" serialization="custom">
            <unserializable-parents/>
            <set>
              <default/>
              <int>4</int>
              <float>0.75</float>
              <int>2</int>
              <string>8</string>
              <string>7</string>
            </set>
          </nonPrimitiveEntityIds>
        </il.ac.technion.nlp.nli.core.method__call.NonPrimitiveArgument>
      </arguments>
      <entityIdOfObjectMethodIsInvokeOn>1</entityIdOfObjectMethodIsInvokeOn>
    </il.ac.technion.nlp.nli.core.method__call.MethodCall>
  </entry>
  <entry>
    <string>test-587</string>
    <il.ac.technion.nlp.nli.core.method__call.MethodCall>
      <methodId>
        <declaringClassCanonicalName>il.ac.technion.nlp.nli.dataset1.domains.container_management.entities.ContainerManagementSystem</declaringClassCanonicalName>
        <name>removeContainers</name>
        <parameterClassNames>
          <string>java.util.Collection</string>
        </parameterClassNames>
      </methodId>
      <arguments>
        <il.ac.technion.nlp.nli.core.method__call.NonPrimitiveArgument>
          <nonPrimitiveEntityIds class="ofergivoli.olib.data_structures.set.SafeHashSet" serialization="custom">
            <unserializable-parents/>
            <set>
              <default/>
              <int>4</int>
              <float>0.75</float>
              <int>2</int>
              <string>4</string>
              <string>2</string>
            </set>
          </nonPrimitiveEntityIds>
        </il.ac.technion.nlp.nli.core.method__call.NonPrimitiveArgument>
      </arguments>
      <entityIdOfObjectMethodIsInvokeOn>1</entityIdOfObjectMethodIsInvokeOn>
    </il.ac.technion.nlp.nli.core.method__call.MethodCall>
  </entry>
  <entry>
    <string>test-108</string>
    <il.ac.technion.nlp.nli.core.method__call.MethodCall>
      <methodId>
        <declaringClassCanonicalName>il.ac.technion.nlp.nli.dataset1.domains.calendar.entities.Calendar</declaringClassCanonicalName>
        <name>removeEvents</name>
        <parameterClassNames>
          <string>java.util.Collection</string>
        </parameterClassNames>
      </methodId>
      <arguments>
        <il.ac.technion.nlp.nli.core.method__call.NonPrimitiveArgument>
          <nonPrimitiveEntityIds class="ofergivoli.olib.data_structures.set.SafeHashSet" serialization="custom">
            <unserializable-parents/>
            <set>
              <default/>
              <int>2</int>
              <float>0.75</float>
              <int>1</int>
              <string>3</string>
            </set>
          </nonPrimitiveEntityIds>
        </il.ac.technion.nlp.nli.core.method__call.NonPrimitiveArgument>
      </arguments>
      <entityIdOfObjectMethodIsInvokeOn>1</entityIdOfObjectMethodIsInvokeOn>
    </il.ac.technion.nlp.nli.core.method__call.MethodCall>
  </entry>
  <entry>
    <string>test-229</string>
    <il.ac.technion.nlp.nli.core.method__call.MethodCall>
      <methodId>
        <declaringClassCanonicalName>il.ac.technion.nlp.nli.dataset1.domains.calendar.entities.Calendar</declaringClassCanonicalName>
        <name>setEventColor</name>
        <parameterClassNames>
          <string>java.util.Collection</string>
          <string>il.ac.technion.nlp.nli.core.state.entities.Color</string>
        </parameterClassNames>
      </methodId>
      <arguments>
        <il.ac.technion.nlp.nli.core.method__call.NonPrimitiveArgument>
          <nonPrimitiveEntityIds class="ofergivoli.olib.data_structures.set.SafeHashSet" serialization="custom">
            <unserializable-parents/>
            <set>
              <default/>
              <int>2</int>
              <float>0.75</float>
              <int>1</int>
              <string>3</string>
            </set>
          </nonPrimitiveEntityIds>
        </il.ac.technion.nlp.nli.core.method__call.NonPrimitiveArgument>
        <il.ac.technion.nlp.nli.core.method__call.PrimitiveArgument>
          <primitiveEntities class="list">
            <il.ac.technion.nlp.nli.core.state.PrimitiveEntity>
              <value class="il.ac.technion.nlp.nli.core.state.entities.Color">RED</value>
            </il.ac.technion.nlp.nli.core.state.PrimitiveEntity>
          </primitiveEntities>
        </il.ac.technion.nlp.nli.core.method__call.PrimitiveArgument>
      </arguments>
      <entityIdOfObjectMethodIsInvokeOn>1</entityIdOfObjectMethodIsInvokeOn>
    </il.ac.technion.nlp.nli.core.method__call.MethodCall>
  </entry>
  <entry>
    <string>test-109</string>
    <il.ac.technion.nlp.nli.core.method__call.MethodCall>
      <methodId>
        <declaringClassCanonicalName>il.ac.technion.nlp.nli.dataset1.domains.messenger.Messenger</declaringClassCanonicalName>
        <name>unmuteChatGroups</name>
        <parameterClassNames>
          <string>java.util.Collection</string>
        </parameterClassNames>
      </methodId>
      <arguments>
        <il.ac.technion.nlp.nli.core.method__call.NonPrimitiveArgument>
          <nonPrimitiveEntityIds class="ofergivoli.olib.data_structures.set.SafeHashSet" serialization="custom">
            <unserializable-parents/>
            <set>
              <default/>
              <int>2</int>
              <float>0.75</float>
              <int>1</int>
              <string>11</string>
            </set>
          </nonPrimitiveEntityIds>
        </il.ac.technion.nlp.nli.core.method__call.NonPrimitiveArgument>
      </arguments>
      <entityIdOfObjectMethodIsInvokeOn>1</entityIdOfObjectMethodIsInvokeOn>
    </il.ac.technion.nlp.nli.core.method__call.MethodCall>
  </entry>
  <entry>
    <string>test-106</string>
    <il.ac.technion.nlp.nli.core.method__call.MethodCall>
      <methodId>
        <declaringClassCanonicalName>il.ac.technion.nlp.nli.dataset1.domains.lighting_control.entities.LightingControlSystem</declaringClassCanonicalName>
        <name>turnLightOff</name>
        <parameterClassNames>
          <string>java.util.Collection</string>
        </parameterClassNames>
      </methodId>
      <arguments>
        <il.ac.technion.nlp.nli.core.method__call.NonPrimitiveArgument>
          <nonPrimitiveEntityIds class="ofergivoli.olib.data_structures.set.SafeHashSet" serialization="custom">
            <unserializable-parents/>
            <set>
              <default/>
              <int>4</int>
              <float>0.75</float>
              <int>2</int>
              <string>2</string>
              <string>3</string>
            </set>
          </nonPrimitiveEntityIds>
        </il.ac.technion.nlp.nli.core.method__call.NonPrimitiveArgument>
      </arguments>
      <entityIdOfObjectMethodIsInvokeOn>1</entityIdOfObjectMethodIsInvokeOn>
    </il.ac.technion.nlp.nli.core.method__call.MethodCall>
  </entry>
  <entry>
    <string>test-227</string>
    <il.ac.technion.nlp.nli.core.method__call.MethodCall>
      <methodId>
        <declaringClassCanonicalName>il.ac.technion.nlp.nli.dataset1.domains.container_management.entities.ContainerManagementSystem</declaringClassCanonicalName>
        <name>loadContainers</name>
        <parameterClassNames>
          <string>java.util.Collection</string>
        </parameterClassNames>
      </methodId>
      <arguments>
        <il.ac.technion.nlp.nli.core.method__call.NonPrimitiveArgument>
          <nonPrimitiveEntityIds class="ofergivoli.olib.data_structures.set.SafeHashSet" serialization="custom">
            <unserializable-parents/>
            <set>
              <default/>
              <int>2</int>
              <float>0.75</float>
              <int>1</int>
              <string>7</string>
            </set>
          </nonPrimitiveEntityIds>
        </il.ac.technion.nlp.nli.core.method__call.NonPrimitiveArgument>
      </arguments>
      <entityIdOfObjectMethodIsInvokeOn>1</entityIdOfObjectMethodIsInvokeOn>
    </il.ac.technion.nlp.nli.core.method__call.MethodCall>
  </entry>
  <entry>
    <string>test-348</string>
    <il.ac.technion.nlp.nli.core.method__call.MethodCall>
      <methodId>
        <declaringClassCanonicalName>il.ac.technion.nlp.nli.dataset1.domains.file_manager.entities.FileManager</declaringClassCanonicalName>
        <name>moveFiles</name>
        <parameterClassNames>
          <string>java.util.Collection</string>
          <string>il.ac.technion.nlp.nli.dataset1.domains.file_manager.entities.Directory</string>
        </parameterClassNames>
      </methodId>
      <arguments>
        <il.ac.technion.nlp.nli.core.method__call.NonPrimitiveArgument>
          <nonPrimitiveEntityIds class="ofergivoli.olib.data_structures.set.SafeHashSet" serialization="custom">
            <unserializable-parents/>
            <set>
              <default/>
              <int>4</int>
              <float>0.75</float>
              <int>2</int>
              <string>8</string>
              <string>7</string>
            </set>
          </nonPrimitiveEntityIds>
        </il.ac.technion.nlp.nli.core.method__call.NonPrimitiveArgument>
        <il.ac.technion.nlp.nli.core.method__call.NonPrimitiveArgument>
          <nonPrimitiveEntityIds class="ofergivoli.olib.data_structures.set.SafeHashSet" serialization="custom">
            <unserializable-parents/>
            <set>
              <default/>
              <int>2</int>
              <float>0.75</float>
              <int>1</int>
              <string>3</string>
            </set>
          </nonPrimitiveEntityIds>
        </il.ac.technion.nlp.nli.core.method__call.NonPrimitiveArgument>
      </arguments>
      <entityIdOfObjectMethodIsInvokeOn>1</entityIdOfObjectMethodIsInvokeOn>
    </il.ac.technion.nlp.nli.core.method__call.MethodCall>
  </entry>
  <entry>
    <string>test-469</string>
    <il.ac.technion.nlp.nli.core.method__call.MethodCall>
      <methodId>
        <declaringClassCanonicalName>il.ac.technion.nlp.nli.dataset1.domains.calendar.entities.Calendar</declaringClassCanonicalName>
        <name>setEventColor</name>
        <parameterClassNames>
          <string>java.util.Collection</string>
          <string>il.ac.technion.nlp.nli.core.state.entities.Color</string>
        </parameterClassNames>
      </methodId>
      <arguments>
        <il.ac.technion.nlp.nli.core.method__call.NonPrimitiveArgument>
          <nonPrimitiveEntityIds class="ofergivoli.olib.data_structures.set.SafeHashSet" serialization="custom">
            <unserializable-parents/>
            <set>
              <default/>
              <int>8</int>
              <float>0.75</float>
              <int>4</int>
              <string>3</string>
              <string>4</string>
              <string>5</string>
              <string>6</string>
            </set>
          </nonPrimitiveEntityIds>
        </il.ac.technion.nlp.nli.core.method__call.NonPrimitiveArgument>
        <il.ac.technion.nlp.nli.core.method__call.PrimitiveArgument>
          <primitiveEntities class="list">
            <il.ac.technion.nlp.nli.core.state.PrimitiveEntity>
              <value class="il.ac.technion.nlp.nli.core.state.entities.Color">RED</value>
            </il.ac.technion.nlp.nli.core.state.PrimitiveEntity>
          </primitiveEntities>
        </il.ac.technion.nlp.nli.core.method__call.PrimitiveArgument>
      </arguments>
      <entityIdOfObjectMethodIsInvokeOn>1</entityIdOfObjectMethodIsInvokeOn>
    </il.ac.technion.nlp.nli.core.method__call.MethodCall>
  </entry>
  <entry>
    <string>test-107</string>
    <il.ac.technion.nlp.nli.core.method__call.MethodCall>
      <methodId>
        <declaringClassCanonicalName>il.ac.technion.nlp.nli.dataset1.domains.list.entities.SpecialList</declaringClassCanonicalName>
        <name>remove</name>
        <parameterClassNames>
          <string>java.util.Collection</string>
        </parameterClassNames>
      </methodId>
      <arguments>
        <il.ac.technion.nlp.nli.core.method__call.NonPrimitiveArgument>
          <nonPrimitiveEntityIds class="ofergivoli.olib.data_structures.set.SafeHashSet" serialization="custom">
            <unserializable-parents/>
            <set>
              <default/>
              <int>2</int>
              <float>0.75</float>
              <int>1</int>
              <string>4</string>
            </set>
          </nonPrimitiveEntityIds>
        </il.ac.technion.nlp.nli.core.method__call.NonPrimitiveArgument>
      </arguments>
      <entityIdOfObjectMethodIsInvokeOn>1</entityIdOfObjectMethodIsInvokeOn>
    </il.ac.technion.nlp.nli.core.method__call.MethodCall>
  </entry>
  <entry>
    <string>test-228</string>
    <il.ac.technion.nlp.nli.core.method__call.MethodCall>
      <methodId>
        <declaringClassCanonicalName>il.ac.technion.nlp.nli.dataset1.domains.container_management.entities.ContainerManagementSystem</declaringClassCanonicalName>
        <name>loadContainers</name>
        <parameterClassNames>
          <string>java.util.Collection</string>
        </parameterClassNames>
      </methodId>
      <arguments>
        <il.ac.technion.nlp.nli.core.method__call.NonPrimitiveArgument>
          <nonPrimitiveEntityIds class="ofergivoli.olib.data_structures.set.SafeHashSet" serialization="custom">
            <unserializable-parents/>
            <set>
              <default/>
              <int>4</int>
              <float>0.75</float>
              <int>2</int>
              <string>4</string>
              <string>2</string>
            </set>
          </nonPrimitiveEntityIds>
        </il.ac.technion.nlp.nli.core.method__call.NonPrimitiveArgument>
      </arguments>
      <entityIdOfObjectMethodIsInvokeOn>1</entityIdOfObjectMethodIsInvokeOn>
    </il.ac.technion.nlp.nli.core.method__call.MethodCall>
  </entry>
  <entry>
    <string>test-349</string>
    <il.ac.technion.nlp.nli.core.method__call.MethodCall>
      <methodId>
        <declaringClassCanonicalName>il.ac.technion.nlp.nli.dataset1.domains.calendar.entities.Calendar</declaringClassCanonicalName>
        <name>setEventColor</name>
        <parameterClassNames>
          <string>java.util.Collection</string>
          <string>il.ac.technion.nlp.nli.core.state.entities.Color</string>
        </parameterClassNames>
      </methodId>
      <arguments>
        <il.ac.technion.nlp.nli.core.method__call.NonPrimitiveArgument>
          <nonPrimitiveEntityIds class="ofergivoli.olib.data_structures.set.SafeHashSet" serialization="custom">
            <unserializable-parents/>
            <set>
              <default/>
              <int>4</int>
              <float>0.75</float>
              <int>3</int>
              <string>5</string>
              <string>2</string>
              <string>3</string>
            </set>
          </nonPrimitiveEntityIds>
        </il.ac.technion.nlp.nli.core.method__call.NonPrimitiveArgument>
        <il.ac.technion.nlp.nli.core.method__call.PrimitiveArgument>
          <primitiveEntities class="list">
            <il.ac.technion.nlp.nli.core.state.PrimitiveEntity>
              <value class="il.ac.technion.nlp.nli.core.state.entities.Color">RED</value>
            </il.ac.technion.nlp.nli.core.state.PrimitiveEntity>
          </primitiveEntities>
        </il.ac.technion.nlp.nli.core.method__call.PrimitiveArgument>
      </arguments>
      <entityIdOfObjectMethodIsInvokeOn>1</entityIdOfObjectMethodIsInvokeOn>
    </il.ac.technion.nlp.nli.core.method__call.MethodCall>
  </entry>
  <entry>
    <string>test-470</string>
    <il.ac.technion.nlp.nli.core.method__call.MethodCall>
      <methodId>
        <declaringClassCanonicalName>il.ac.technion.nlp.nli.dataset1.domains.lighting_control.entities.LightingControlSystem</declaringClassCanonicalName>
        <name>turnLightOff</name>
        <parameterClassNames>
          <string>java.util.Collection</string>
        </parameterClassNames>
      </methodId>
      <arguments>
        <il.ac.technion.nlp.nli.core.method__call.NonPrimitiveArgument>
          <nonPrimitiveEntityIds class="ofergivoli.olib.data_structures.set.SafeHashSet" serialization="custom">
            <unserializable-parents/>
            <set>
              <default/>
              <int>8</int>
              <float>0.75</float>
              <int>5</int>
              <string>2</string>
              <string>3</string>
              <string>4</string>
              <string>5</string>
              <string>6</string>
            </set>
          </nonPrimitiveEntityIds>
        </il.ac.technion.nlp.nli.core.method__call.NonPrimitiveArgument>
      </arguments>
      <entityIdOfObjectMethodIsInvokeOn>1</entityIdOfObjectMethodIsInvokeOn>
    </il.ac.technion.nlp.nli.core.method__call.MethodCall>
  </entry>
  <entry>
    <string>test-591</string>
    <il.ac.technion.nlp.nli.core.method__call.MethodCall>
      <methodId>
        <declaringClassCanonicalName>il.ac.technion.nlp.nli.dataset1.domains.workforce_management.entities.WorkforceManagementSystem</declaringClassCanonicalName>
        <name>fireEmployees</name>
        <parameterClassNames>
          <string>java.util.Collection</string>
        </parameterClassNames>
      </methodId>
      <arguments>
        <il.ac.technion.nlp.nli.core.method__call.NonPrimitiveArgument>
          <nonPrimitiveEntityIds class="ofergivoli.olib.data_structures.set.SafeHashSet" serialization="custom">
            <unserializable-parents/>
            <set>
              <default/>
              <int>4</int>
              <float>0.75</float>
              <int>2</int>
              <string>4</string>
              <string>5</string>
            </set>
          </nonPrimitiveEntityIds>
        </il.ac.technion.nlp.nli.core.method__call.NonPrimitiveArgument>
      </arguments>
      <entityIdOfObjectMethodIsInvokeOn>1</entityIdOfObjectMethodIsInvokeOn>
    </il.ac.technion.nlp.nli.core.method__call.MethodCall>
  </entry>
  <entry>
    <string>test-350</string>
    <il.ac.technion.nlp.nli.core.method__call.MethodCall>
      <methodId>
        <declaringClassCanonicalName>il.ac.technion.nlp.nli.dataset1.domains.lighting_control.entities.LightingControlSystem</declaringClassCanonicalName>
        <name>turnLightOff</name>
        <parameterClassNames>
          <string>java.util.Collection</string>
        </parameterClassNames>
      </methodId>
      <arguments>
        <il.ac.technion.nlp.nli.core.method__call.NonPrimitiveArgument>
          <nonPrimitiveEntityIds class="ofergivoli.olib.data_structures.set.SafeHashSet" serialization="custom">
            <unserializable-parents/>
            <set>
              <default/>
              <int>4</int>
              <float>0.75</float>
              <int>3</int>
              <string>4</string>
              <string>2</string>
              <string>3</string>
            </set>
          </nonPrimitiveEntityIds>
        </il.ac.technion.nlp.nli.core.method__call.NonPrimitiveArgument>
      </arguments>
      <entityIdOfObjectMethodIsInvokeOn>1</entityIdOfObjectMethodIsInvokeOn>
    </il.ac.technion.nlp.nli.core.method__call.MethodCall>
  </entry>
  <entry>
    <string>test-471</string>
    <il.ac.technion.nlp.nli.core.method__call.MethodCall>
      <methodId>
        <declaringClassCanonicalName>il.ac.technion.nlp.nli.dataset1.domains.workforce_management.entities.WorkforceManagementSystem</declaringClassCanonicalName>
        <name>assignEmployeesToNewManager</name>
        <parameterClassNames>
          <string>java.util.Collection</string>
          <string>il.ac.technion.nlp.nli.dataset1.domains.workforce_management.entities.Employee</string>
        </parameterClassNames>
      </methodId>
      <arguments>
        <il.ac.technion.nlp.nli.core.method__call.NonPrimitiveArgument>
          <nonPrimitiveEntityIds class="ofergivoli.olib.data_structures.set.SafeHashSet" serialization="custom">
            <unserializable-parents/>
            <set>
              <default/>
              <int>2</int>
              <float>0.75</float>
              <int>1</int>
              <string>2</string>
            </set>
          </nonPrimitiveEntityIds>
        </il.ac.technion.nlp.nli.core.method__call.NonPrimitiveArgument>
        <il.ac.technion.nlp.nli.core.method__call.NonPrimitiveArgument>
          <nonPrimitiveEntityIds class="ofergivoli.olib.data_structures.set.SafeHashSet" serialization="custom">
            <unserializable-parents/>
            <set>
              <default/>
              <int>2</int>
              <float>0.75</float>
              <int>1</int>
              <string>5</string>
            </set>
          </nonPrimitiveEntityIds>
        </il.ac.technion.nlp.nli.core.method__call.NonPrimitiveArgument>
      </arguments>
      <entityIdOfObjectMethodIsInvokeOn>1</entityIdOfObjectMethodIsInvokeOn>
    </il.ac.technion.nlp.nli.core.method__call.MethodCall>
  </entry>
  <entry>
    <string>test-592</string>
    <il.ac.technion.nlp.nli.core.method__call.MethodCall>
      <methodId>
        <declaringClassCanonicalName>il.ac.technion.nlp.nli.dataset1.domains.list.entities.SpecialList</declaringClassCanonicalName>
        <name>moveToEnd</name>
        <parameterClassNames>
          <string>il.ac.technion.nlp.nli.dataset1.domains.list.entities.ListElement</string>
        </parameterClassNames>
      </methodId>
      <arguments>
        <il.ac.technion.nlp.nli.core.method__call.NonPrimitiveArgument>
          <nonPrimitiveEntityIds class="ofergivoli.olib.data_structures.set.SafeHashSet" serialization="custom">
            <unserializable-parents/>
            <set>
              <default/>
              <int>2</int>
              <float>0.75</float>
              <int>1</int>
              <string>4</string>
            </set>
          </nonPrimitiveEntityIds>
        </il.ac.technion.nlp.nli.core.method__call.NonPrimitiveArgument>
      </arguments>
      <entityIdOfObjectMethodIsInvokeOn>1</entityIdOfObjectMethodIsInvokeOn>
    </il.ac.technion.nlp.nli.core.method__call.MethodCall>
  </entry>
  <entry>
    <string>test-590</string>
    <il.ac.technion.nlp.nli.core.method__call.MethodCall>
      <methodId>
        <declaringClassCanonicalName>il.ac.technion.nlp.nli.dataset1.domains.file_manager.entities.FileManager</declaringClassCanonicalName>
        <name>removeFiles</name>
        <parameterClassNames>
          <string>java.util.Collection</string>
        </parameterClassNames>
      </methodId>
      <arguments>
        <il.ac.technion.nlp.nli.core.method__call.NonPrimitiveArgument>
          <nonPrimitiveEntityIds class="ofergivoli.olib.data_structures.set.SafeHashSet" serialization="custom">
            <unserializable-parents/>
            <set>
              <default/>
              <int>8</int>
              <float>0.75</float>
              <int>4</int>
              <string>11</string>
              <string>4</string>
              <string>6</string>
              <string>7</string>
            </set>
          </nonPrimitiveEntityIds>
        </il.ac.technion.nlp.nli.core.method__call.NonPrimitiveArgument>
      </arguments>
      <entityIdOfObjectMethodIsInvokeOn>1</entityIdOfObjectMethodIsInvokeOn>
    </il.ac.technion.nlp.nli.core.method__call.MethodCall>
  </entry>
  <entry>
    <string>test-111</string>
    <il.ac.technion.nlp.nli.core.method__call.MethodCall>
      <methodId>
        <declaringClassCanonicalName>il.ac.technion.nlp.nli.dataset1.domains.file_manager.entities.FileManager</declaringClassCanonicalName>
        <name>moveFiles</name>
        <parameterClassNames>
          <string>java.util.Collection</string>
          <string>il.ac.technion.nlp.nli.dataset1.domains.file_manager.entities.Directory</string>
        </parameterClassNames>
      </methodId>
      <arguments>
        <il.ac.technion.nlp.nli.core.method__call.NonPrimitiveArgument>
          <nonPrimitiveEntityIds class="ofergivoli.olib.data_structures.set.SafeHashSet" serialization="custom">
            <unserializable-parents/>
            <set>
              <default/>
              <int>4</int>
              <float>0.75</float>
              <int>2</int>
              <string>8</string>
              <string>9</string>
            </set>
          </nonPrimitiveEntityIds>
        </il.ac.technion.nlp.nli.core.method__call.NonPrimitiveArgument>
        <il.ac.technion.nlp.nli.core.method__call.NonPrimitiveArgument>
          <nonPrimitiveEntityIds class="ofergivoli.olib.data_structures.set.SafeHashSet" serialization="custom">
            <unserializable-parents/>
            <set>
              <default/>
              <int>2</int>
              <float>0.75</float>
              <int>1</int>
              <string>3</string>
            </set>
          </nonPrimitiveEntityIds>
        </il.ac.technion.nlp.nli.core.method__call.NonPrimitiveArgument>
      </arguments>
      <entityIdOfObjectMethodIsInvokeOn>1</entityIdOfObjectMethodIsInvokeOn>
    </il.ac.technion.nlp.nli.core.method__call.MethodCall>
  </entry>
  <entry>
    <string>test-232</string>
    <il.ac.technion.nlp.nli.core.method__call.MethodCall>
      <methodId>
        <declaringClassCanonicalName>il.ac.technion.nlp.nli.dataset1.domains.container_management.entities.ContainerManagementSystem</declaringClassCanonicalName>
        <name>unloadContainers</name>
        <parameterClassNames>
          <string>java.util.Collection</string>
        </parameterClassNames>
      </methodId>
      <arguments>
        <il.ac.technion.nlp.nli.core.method__call.NonPrimitiveArgument>
          <nonPrimitiveEntityIds class="ofergivoli.olib.data_structures.set.SafeHashSet" serialization="custom">
            <unserializable-parents/>
            <set>
              <default/>
              <int>2</int>
              <float>0.75</float>
              <int>1</int>
              <string>3</string>
            </set>
          </nonPrimitiveEntityIds>
        </il.ac.technion.nlp.nli.core.method__call.NonPrimitiveArgument>
      </arguments>
      <entityIdOfObjectMethodIsInvokeOn>1</entityIdOfObjectMethodIsInvokeOn>
    </il.ac.technion.nlp.nli.core.method__call.MethodCall>
  </entry>
  <entry>
    <string>test-353</string>
    <il.ac.technion.nlp.nli.core.method__call.MethodCall>
      <methodId>
        <declaringClassCanonicalName>il.ac.technion.nlp.nli.dataset1.domains.calendar.entities.Calendar</declaringClassCanonicalName>
        <name>setEventColor</name>
        <parameterClassNames>
          <string>java.util.Collection</string>
          <string>il.ac.technion.nlp.nli.core.state.entities.Color</string>
        </parameterClassNames>
      </methodId>
      <arguments>
        <il.ac.technion.nlp.nli.core.method__call.NonPrimitiveArgument>
          <nonPrimitiveEntityIds class="ofergivoli.olib.data_structures.set.SafeHashSet" serialization="custom">
            <unserializable-parents/>
            <set>
              <default/>
              <int>4</int>
              <float>0.75</float>
              <int>3</int>
              <string>5</string>
              <string>2</string>
              <string>3</string>
            </set>
          </nonPrimitiveEntityIds>
        </il.ac.technion.nlp.nli.core.method__call.NonPrimitiveArgument>
        <il.ac.technion.nlp.nli.core.method__call.PrimitiveArgument>
          <primitiveEntities class="list">
            <il.ac.technion.nlp.nli.core.state.PrimitiveEntity>
              <value class="il.ac.technion.nlp.nli.core.state.entities.Color">BLUE</value>
            </il.ac.technion.nlp.nli.core.state.PrimitiveEntity>
          </primitiveEntities>
        </il.ac.technion.nlp.nli.core.method__call.PrimitiveArgument>
      </arguments>
      <entityIdOfObjectMethodIsInvokeOn>1</entityIdOfObjectMethodIsInvokeOn>
    </il.ac.technion.nlp.nli.core.method__call.MethodCall>
  </entry>
  <entry>
    <string>test-474</string>
    <il.ac.technion.nlp.nli.core.method__call.MethodCall>
      <methodId>
        <declaringClassCanonicalName>il.ac.technion.nlp.nli.dataset1.domains.calendar.entities.Calendar</declaringClassCanonicalName>
        <name>setEventColor</name>
        <parameterClassNames>
          <string>java.util.Collection</string>
          <string>il.ac.technion.nlp.nli.core.state.entities.Color</string>
        </parameterClassNames>
      </methodId>
      <arguments>
        <il.ac.technion.nlp.nli.core.method__call.NonPrimitiveArgument>
          <nonPrimitiveEntityIds class="ofergivoli.olib.data_structures.set.SafeHashSet" serialization="custom">
            <unserializable-parents/>
            <set>
              <default/>
              <int>2</int>
              <float>0.75</float>
              <int>1</int>
              <string>6</string>
            </set>
          </nonPrimitiveEntityIds>
        </il.ac.technion.nlp.nli.core.method__call.NonPrimitiveArgument>
        <il.ac.technion.nlp.nli.core.method__call.PrimitiveArgument>
          <primitiveEntities class="list">
            <il.ac.technion.nlp.nli.core.state.PrimitiveEntity>
              <value class="il.ac.technion.nlp.nli.core.state.entities.Color">BLACK</value>
            </il.ac.technion.nlp.nli.core.state.PrimitiveEntity>
          </primitiveEntities>
        </il.ac.technion.nlp.nli.core.method__call.PrimitiveArgument>
      </arguments>
      <entityIdOfObjectMethodIsInvokeOn>1</entityIdOfObjectMethodIsInvokeOn>
    </il.ac.technion.nlp.nli.core.method__call.MethodCall>
  </entry>
  <entry>
    <string>test-595</string>
    <il.ac.technion.nlp.nli.core.method__call.MethodCall>
      <methodId>
        <declaringClassCanonicalName>il.ac.technion.nlp.nli.dataset1.domains.file_manager.entities.FileManager</declaringClassCanonicalName>
        <name>moveFiles</name>
        <parameterClassNames>
          <string>java.util.Collection</string>
          <string>il.ac.technion.nlp.nli.dataset1.domains.file_manager.entities.Directory</string>
        </parameterClassNames>
      </methodId>
      <arguments>
        <il.ac.technion.nlp.nli.core.method__call.NonPrimitiveArgument>
          <nonPrimitiveEntityIds class="ofergivoli.olib.data_structures.set.SafeHashSet" serialization="custom">
            <unserializable-parents/>
            <set>
              <default/>
              <int>2</int>
              <float>0.75</float>
              <int>1</int>
              <string>4</string>
            </set>
          </nonPrimitiveEntityIds>
        </il.ac.technion.nlp.nli.core.method__call.NonPrimitiveArgument>
        <il.ac.technion.nlp.nli.core.method__call.NonPrimitiveArgument>
          <nonPrimitiveEntityIds class="ofergivoli.olib.data_structures.set.SafeHashSet" serialization="custom">
            <unserializable-parents/>
            <set>
              <default/>
              <int>2</int>
              <float>0.75</float>
              <int>1</int>
              <string>6</string>
            </set>
          </nonPrimitiveEntityIds>
        </il.ac.technion.nlp.nli.core.method__call.NonPrimitiveArgument>
      </arguments>
      <entityIdOfObjectMethodIsInvokeOn>1</entityIdOfObjectMethodIsInvokeOn>
    </il.ac.technion.nlp.nli.core.method__call.MethodCall>
  </entry>
  <entry>
    <string>test-112</string>
    <il.ac.technion.nlp.nli.core.method__call.MethodCall>
      <methodId>
        <declaringClassCanonicalName>il.ac.technion.nlp.nli.dataset1.domains.list.entities.SpecialList</declaringClassCanonicalName>
        <name>moveToBeginning</name>
        <parameterClassNames>
          <string>il.ac.technion.nlp.nli.dataset1.domains.list.entities.ListElement</string>
        </parameterClassNames>
      </methodId>
      <arguments>
        <il.ac.technion.nlp.nli.core.method__call.NonPrimitiveArgument>
          <nonPrimitiveEntityIds class="ofergivoli.olib.data_structures.set.SafeHashSet" serialization="custom">
            <unserializable-parents/>
            <set>
              <default/>
              <int>2</int>
              <float>0.75</float>
              <int>1</int>
              <string>2</string>
            </set>
          </nonPrimitiveEntityIds>
        </il.ac.technion.nlp.nli.core.method__call.NonPrimitiveArgument>
      </arguments>
      <entityIdOfObjectMethodIsInvokeOn>1</entityIdOfObjectMethodIsInvokeOn>
    </il.ac.technion.nlp.nli.core.method__call.MethodCall>
  </entry>
  <entry>
    <string>test-233</string>
    <il.ac.technion.nlp.nli.core.method__call.MethodCall>
      <methodId>
        <declaringClassCanonicalName>il.ac.technion.nlp.nli.dataset1.domains.list.entities.SpecialList</declaringClassCanonicalName>
        <name>moveToBeginning</name>
        <parameterClassNames>
          <string>il.ac.technion.nlp.nli.dataset1.domains.list.entities.ListElement</string>
        </parameterClassNames>
      </methodId>
      <arguments>
        <il.ac.technion.nlp.nli.core.method__call.NonPrimitiveArgument>
          <nonPrimitiveEntityIds class="ofergivoli.olib.data_structures.set.SafeHashSet" serialization="custom">
            <unserializable-parents/>
            <set>
              <default/>
              <int>2</int>
              <float>0.75</float>
              <int>1</int>
              <string>5</string>
            </set>
          </nonPrimitiveEntityIds>
        </il.ac.technion.nlp.nli.core.method__call.NonPrimitiveArgument>
      </arguments>
      <entityIdOfObjectMethodIsInvokeOn>1</entityIdOfObjectMethodIsInvokeOn>
    </il.ac.technion.nlp.nli.core.method__call.MethodCall>
  </entry>
  <entry>
    <string>test-354</string>
    <il.ac.technion.nlp.nli.core.method__call.MethodCall>
      <methodId>
        <declaringClassCanonicalName>il.ac.technion.nlp.nli.dataset1.domains.messenger.Messenger</declaringClassCanonicalName>
        <name>createChatGroup</name>
        <parameterClassNames>
          <string>java.util.Collection</string>
        </parameterClassNames>
      </methodId>
      <arguments>
        <il.ac.technion.nlp.nli.core.method__call.NonPrimitiveArgument>
          <nonPrimitiveEntityIds class="ofergivoli.olib.data_structures.set.SafeHashSet" serialization="custom">
            <unserializable-parents/>
            <set>
              <default/>
              <int>4</int>
              <float>0.75</float>
              <int>2</int>
              <string>2</string>
              <string>7</string>
            </set>
          </nonPrimitiveEntityIds>
        </il.ac.technion.nlp.nli.core.method__call.NonPrimitiveArgument>
      </arguments>
      <entityIdOfObjectMethodIsInvokeOn>1</entityIdOfObjectMethodIsInvokeOn>
    </il.ac.technion.nlp.nli.core.method__call.MethodCall>
  </entry>
  <entry>
    <string>test-475</string>
    <il.ac.technion.nlp.nli.core.method__call.MethodCall>
      <methodId>
        <declaringClassCanonicalName>il.ac.technion.nlp.nli.dataset1.domains.file_manager.entities.FileManager</declaringClassCanonicalName>
        <name>moveFiles</name>
        <parameterClassNames>
          <string>java.util.Collection</string>
          <string>il.ac.technion.nlp.nli.dataset1.domains.file_manager.entities.Directory</string>
        </parameterClassNames>
      </methodId>
      <arguments>
        <il.ac.technion.nlp.nli.core.method__call.NonPrimitiveArgument>
          <nonPrimitiveEntityIds class="ofergivoli.olib.data_structures.set.SafeHashSet" serialization="custom">
            <unserializable-parents/>
            <set>
              <default/>
              <int>2</int>
              <float>0.75</float>
              <int>1</int>
              <string>7</string>
            </set>
          </nonPrimitiveEntityIds>
        </il.ac.technion.nlp.nli.core.method__call.NonPrimitiveArgument>
        <il.ac.technion.nlp.nli.core.method__call.NonPrimitiveArgument>
          <nonPrimitiveEntityIds class="ofergivoli.olib.data_structures.set.SafeHashSet" serialization="custom">
            <unserializable-parents/>
            <set>
              <default/>
              <int>2</int>
              <float>0.75</float>
              <int>1</int>
              <string>3</string>
            </set>
          </nonPrimitiveEntityIds>
        </il.ac.technion.nlp.nli.core.method__call.NonPrimitiveArgument>
      </arguments>
      <entityIdOfObjectMethodIsInvokeOn>1</entityIdOfObjectMethodIsInvokeOn>
    </il.ac.technion.nlp.nli.core.method__call.MethodCall>
  </entry>
  <entry>
    <string>test-596</string>
    <il.ac.technion.nlp.nli.core.method__call.MethodCall>
      <methodId>
        <declaringClassCanonicalName>il.ac.technion.nlp.nli.dataset1.domains.list.entities.SpecialList</declaringClassCanonicalName>
        <name>moveToBeginning</name>
        <parameterClassNames>
          <string>il.ac.technion.nlp.nli.dataset1.domains.list.entities.ListElement</string>
        </parameterClassNames>
      </methodId>
      <arguments>
        <il.ac.technion.nlp.nli.core.method__call.NonPrimitiveArgument>
          <nonPrimitiveEntityIds class="ofergivoli.olib.data_structures.set.SafeHashSet" serialization="custom">
            <unserializable-parents/>
            <set>
              <default/>
              <int>2</int>
              <float>0.75</float>
              <int>1</int>
              <string>2</string>
            </set>
          </nonPrimitiveEntityIds>
        </il.ac.technion.nlp.nli.core.method__call.NonPrimitiveArgument>
      </arguments>
      <entityIdOfObjectMethodIsInvokeOn>1</entityIdOfObjectMethodIsInvokeOn>
    </il.ac.technion.nlp.nli.core.method__call.MethodCall>
  </entry>
  <entry>
    <string>test-230</string>
    <il.ac.technion.nlp.nli.core.method__call.MethodCall>
      <methodId>
        <declaringClassCanonicalName>il.ac.technion.nlp.nli.dataset1.domains.workforce_management.entities.WorkforceManagementSystem</declaringClassCanonicalName>
        <name>assignEmployeeToNewPosition</name>
        <parameterClassNames>
          <string>il.ac.technion.nlp.nli.dataset1.domains.workforce_management.entities.Employee</string>
          <string>il.ac.technion.nlp.nli.dataset1.domains.workforce_management.entities.Position</string>
        </parameterClassNames>
      </methodId>
      <arguments>
        <il.ac.technion.nlp.nli.core.method__call.NonPrimitiveArgument>
          <nonPrimitiveEntityIds class="ofergivoli.olib.data_structures.set.SafeHashSet" serialization="custom">
            <unserializable-parents/>
            <set>
              <default/>
              <int>2</int>
              <float>0.75</float>
              <int>1</int>
              <string>2</string>
            </set>
          </nonPrimitiveEntityIds>
        </il.ac.technion.nlp.nli.core.method__call.NonPrimitiveArgument>
        <il.ac.technion.nlp.nli.core.method__call.PrimitiveArgument>
          <primitiveEntities class="list">
            <il.ac.technion.nlp.nli.core.state.PrimitiveEntity>
              <value class="il.ac.technion.nlp.nli.dataset1.domains.workforce_management.entities.Position">MANAGER</value>
            </il.ac.technion.nlp.nli.core.state.PrimitiveEntity>
          </primitiveEntities>
        </il.ac.technion.nlp.nli.core.method__call.PrimitiveArgument>
      </arguments>
      <entityIdOfObjectMethodIsInvokeOn>1</entityIdOfObjectMethodIsInvokeOn>
    </il.ac.technion.nlp.nli.core.method__call.MethodCall>
  </entry>
  <entry>
    <string>test-351</string>
    <il.ac.technion.nlp.nli.core.method__call.MethodCall>
      <methodId>
        <declaringClassCanonicalName>il.ac.technion.nlp.nli.dataset1.domains.file_manager.entities.FileManager</declaringClassCanonicalName>
        <name>removeFiles</name>
        <parameterClassNames>
          <string>java.util.Collection</string>
        </parameterClassNames>
      </methodId>
      <arguments>
        <il.ac.technion.nlp.nli.core.method__call.NonPrimitiveArgument>
          <nonPrimitiveEntityIds class="ofergivoli.olib.data_structures.set.SafeHashSet" serialization="custom">
            <unserializable-parents/>
            <set>
              <default/>
              <int>2</int>
              <float>0.75</float>
              <int>1</int>
              <string>11</string>
            </set>
          </nonPrimitiveEntityIds>
        </il.ac.technion.nlp.nli.core.method__call.NonPrimitiveArgument>
      </arguments>
      <entityIdOfObjectMethodIsInvokeOn>1</entityIdOfObjectMethodIsInvokeOn>
    </il.ac.technion.nlp.nli.core.method__call.MethodCall>
  </entry>
  <entry>
    <string>test-472</string>
    <il.ac.technion.nlp.nli.core.method__call.MethodCall>
      <methodId>
        <declaringClassCanonicalName>il.ac.technion.nlp.nli.dataset1.domains.file_manager.entities.FileManager</declaringClassCanonicalName>
        <name>removeFiles</name>
        <parameterClassNames>
          <string>java.util.Collection</string>
        </parameterClassNames>
      </methodId>
      <arguments>
        <il.ac.technion.nlp.nli.core.method__call.NonPrimitiveArgument>
          <nonPrimitiveEntityIds class="ofergivoli.olib.data_structures.set.SafeHashSet" serialization="custom">
            <unserializable-parents/>
            <set>
              <default/>
              <int>2</int>
              <float>0.75</float>
              <int>1</int>
              <string>7</string>
            </set>
          </nonPrimitiveEntityIds>
        </il.ac.technion.nlp.nli.core.method__call.NonPrimitiveArgument>
      </arguments>
      <entityIdOfObjectMethodIsInvokeOn>1</entityIdOfObjectMethodIsInvokeOn>
    </il.ac.technion.nlp.nli.core.method__call.MethodCall>
  </entry>
  <entry>
    <string>test-593</string>
    <il.ac.technion.nlp.nli.core.method__call.MethodCall>
      <methodId>
        <declaringClassCanonicalName>il.ac.technion.nlp.nli.dataset1.domains.list.entities.SpecialList</declaringClassCanonicalName>
        <name>remove</name>
        <parameterClassNames>
          <string>java.util.Collection</string>
        </parameterClassNames>
      </methodId>
      <arguments>
        <il.ac.technion.nlp.nli.core.method__call.NonPrimitiveArgument>
          <nonPrimitiveEntityIds class="ofergivoli.olib.data_structures.set.SafeHashSet" serialization="custom">
            <unserializable-parents/>
            <set>
              <default/>
              <int>2</int>
              <float>0.75</float>
              <int>1</int>
              <string>5</string>
            </set>
          </nonPrimitiveEntityIds>
        </il.ac.technion.nlp.nli.core.method__call.NonPrimitiveArgument>
      </arguments>
      <entityIdOfObjectMethodIsInvokeOn>1</entityIdOfObjectMethodIsInvokeOn>
    </il.ac.technion.nlp.nli.core.method__call.MethodCall>
  </entry>
  <entry>
    <string>test-110</string>
    <il.ac.technion.nlp.nli.core.method__call.MethodCall>
      <methodId>
        <declaringClassCanonicalName>il.ac.technion.nlp.nli.dataset1.domains.workforce_management.entities.WorkforceManagementSystem</declaringClassCanonicalName>
        <name>fireEmployees</name>
        <parameterClassNames>
          <string>java.util.Collection</string>
        </parameterClassNames>
      </methodId>
      <arguments>
        <il.ac.technion.nlp.nli.core.method__call.NonPrimitiveArgument>
          <nonPrimitiveEntityIds class="ofergivoli.olib.data_structures.set.SafeHashSet" serialization="custom">
            <unserializable-parents/>
            <set>
              <default/>
              <int>2</int>
              <float>0.75</float>
              <int>1</int>
              <string>2</string>
            </set>
          </nonPrimitiveEntityIds>
        </il.ac.technion.nlp.nli.core.method__call.NonPrimitiveArgument>
      </arguments>
      <entityIdOfObjectMethodIsInvokeOn>1</entityIdOfObjectMethodIsInvokeOn>
    </il.ac.technion.nlp.nli.core.method__call.MethodCall>
  </entry>
  <entry>
    <string>test-231</string>
    <il.ac.technion.nlp.nli.core.method__call.MethodCall>
      <methodId>
        <declaringClassCanonicalName>il.ac.technion.nlp.nli.dataset1.domains.container_management.entities.ContainerManagementSystem</declaringClassCanonicalName>
        <name>unloadContainers</name>
        <parameterClassNames>
          <string>java.util.Collection</string>
        </parameterClassNames>
      </methodId>
      <arguments>
        <il.ac.technion.nlp.nli.core.method__call.NonPrimitiveArgument>
          <nonPrimitiveEntityIds class="ofergivoli.olib.data_structures.set.SafeHashSet" serialization="custom">
            <unserializable-parents/>
            <set>
              <default/>
              <int>4</int>
              <float>0.75</float>
              <int>3</int>
              <string>4</string>
              <string>2</string>
              <string>3</string>
            </set>
          </nonPrimitiveEntityIds>
        </il.ac.technion.nlp.nli.core.method__call.NonPrimitiveArgument>
      </arguments>
      <entityIdOfObjectMethodIsInvokeOn>1</entityIdOfObjectMethodIsInvokeOn>
    </il.ac.technion.nlp.nli.core.method__call.MethodCall>
  </entry>
  <entry>
    <string>test-352</string>
    <il.ac.technion.nlp.nli.core.method__call.MethodCall>
      <methodId>
        <declaringClassCanonicalName>il.ac.technion.nlp.nli.dataset1.domains.list.entities.SpecialList</declaringClassCanonicalName>
        <name>moveToBeginning</name>
        <parameterClassNames>
          <string>il.ac.technion.nlp.nli.dataset1.domains.list.entities.ListElement</string>
        </parameterClassNames>
      </methodId>
      <arguments>
        <il.ac.technion.nlp.nli.core.method__call.NonPrimitiveArgument>
          <nonPrimitiveEntityIds class="ofergivoli.olib.data_structures.set.SafeHashSet" serialization="custom">
            <unserializable-parents/>
            <set>
              <default/>
              <int>2</int>
              <float>0.75</float>
              <int>1</int>
              <string>5</string>
            </set>
          </nonPrimitiveEntityIds>
        </il.ac.technion.nlp.nli.core.method__call.NonPrimitiveArgument>
      </arguments>
      <entityIdOfObjectMethodIsInvokeOn>1</entityIdOfObjectMethodIsInvokeOn>
    </il.ac.technion.nlp.nli.core.method__call.MethodCall>
  </entry>
  <entry>
    <string>test-473</string>
    <il.ac.technion.nlp.nli.core.method__call.MethodCall>
      <methodId>
        <declaringClassCanonicalName>il.ac.technion.nlp.nli.dataset1.domains.calendar.entities.Calendar</declaringClassCanonicalName>
        <name>removeEvents</name>
        <parameterClassNames>
          <string>java.util.Collection</string>
        </parameterClassNames>
      </methodId>
      <arguments>
        <il.ac.technion.nlp.nli.core.method__call.NonPrimitiveArgument>
          <nonPrimitiveEntityIds class="ofergivoli.olib.data_structures.set.SafeHashSet" serialization="custom">
            <unserializable-parents/>
            <set>
              <default/>
              <int>4</int>
              <float>0.75</float>
              <int>2</int>
              <string>4</string>
              <string>3</string>
            </set>
          </nonPrimitiveEntityIds>
        </il.ac.technion.nlp.nli.core.method__call.NonPrimitiveArgument>
      </arguments>
      <entityIdOfObjectMethodIsInvokeOn>1</entityIdOfObjectMethodIsInvokeOn>
    </il.ac.technion.nlp.nli.core.method__call.MethodCall>
  </entry>
  <entry>
    <string>test-594</string>
    <il.ac.technion.nlp.nli.core.method__call.MethodCall>
      <methodId>
        <declaringClassCanonicalName>il.ac.technion.nlp.nli.dataset1.domains.list.entities.SpecialList</declaringClassCanonicalName>
        <name>remove</name>
        <parameterClassNames>
          <string>java.util.Collection</string>
        </parameterClassNames>
      </methodId>
      <arguments>
        <il.ac.technion.nlp.nli.core.method__call.NonPrimitiveArgument>
          <nonPrimitiveEntityIds class="ofergivoli.olib.data_structures.set.SafeHashSet" serialization="custom">
            <unserializable-parents/>
            <set>
              <default/>
              <int>4</int>
              <float>0.75</float>
              <int>3</int>
              <string>4</string>
              <string>5</string>
              <string>6</string>
            </set>
          </nonPrimitiveEntityIds>
        </il.ac.technion.nlp.nli.core.method__call.NonPrimitiveArgument>
      </arguments>
      <entityIdOfObjectMethodIsInvokeOn>1</entityIdOfObjectMethodIsInvokeOn>
    </il.ac.technion.nlp.nli.core.method__call.MethodCall>
  </entry>
  <entry>
    <string>test-115</string>
    <il.ac.technion.nlp.nli.core.method__call.MethodCall>
      <methodId>
        <declaringClassCanonicalName>il.ac.technion.nlp.nli.dataset1.domains.lighting_control.entities.LightingControlSystem</declaringClassCanonicalName>
        <name>turnLightOn</name>
        <parameterClassNames>
          <string>java.util.Collection</string>
        </parameterClassNames>
      </methodId>
      <arguments>
        <il.ac.technion.nlp.nli.core.method__call.NonPrimitiveArgument>
          <nonPrimitiveEntityIds class="ofergivoli.olib.data_structures.set.SafeHashSet" serialization="custom">
            <unserializable-parents/>
            <set>
              <default/>
              <int>4</int>
              <float>0.75</float>
              <int>2</int>
              <string>4</string>
              <string>5</string>
            </set>
          </nonPrimitiveEntityIds>
        </il.ac.technion.nlp.nli.core.method__call.NonPrimitiveArgument>
      </arguments>
      <entityIdOfObjectMethodIsInvokeOn>1</entityIdOfObjectMethodIsInvokeOn>
    </il.ac.technion.nlp.nli.core.method__call.MethodCall>
  </entry>
  <entry>
    <string>test-236</string>
    <il.ac.technion.nlp.nli.core.method__call.MethodCall>
      <methodId>
        <declaringClassCanonicalName>il.ac.technion.nlp.nli.dataset1.domains.file_manager.entities.FileManager</declaringClassCanonicalName>
        <name>moveFiles</name>
        <parameterClassNames>
          <string>java.util.Collection</string>
          <string>il.ac.technion.nlp.nli.dataset1.domains.file_manager.entities.Directory</string>
        </parameterClassNames>
      </methodId>
      <arguments>
        <il.ac.technion.nlp.nli.core.method__call.NonPrimitiveArgument>
          <nonPrimitiveEntityIds class="ofergivoli.olib.data_structures.set.SafeHashSet" serialization="custom">
            <unserializable-parents/>
            <set>
              <default/>
              <int>4</int>
              <float>0.75</float>
              <int>2</int>
              <string>4</string>
              <string>5</string>
            </set>
          </nonPrimitiveEntityIds>
        </il.ac.technion.nlp.nli.core.method__call.NonPrimitiveArgument>
        <il.ac.technion.nlp.nli.core.method__call.NonPrimitiveArgument>
          <nonPrimitiveEntityIds class="ofergivoli.olib.data_structures.set.SafeHashSet" serialization="custom">
            <unserializable-parents/>
            <set>
              <default/>
              <int>2</int>
              <float>0.75</float>
              <int>1</int>
              <string>6</string>
            </set>
          </nonPrimitiveEntityIds>
        </il.ac.technion.nlp.nli.core.method__call.NonPrimitiveArgument>
      </arguments>
      <entityIdOfObjectMethodIsInvokeOn>1</entityIdOfObjectMethodIsInvokeOn>
    </il.ac.technion.nlp.nli.core.method__call.MethodCall>
  </entry>
  <entry>
    <string>test-357</string>
    <il.ac.technion.nlp.nli.core.method__call.MethodCall>
      <methodId>
        <declaringClassCanonicalName>il.ac.technion.nlp.nli.dataset1.domains.workforce_management.entities.WorkforceManagementSystem</declaringClassCanonicalName>
        <name>fireEmployees</name>
        <parameterClassNames>
          <string>java.util.Collection</string>
        </parameterClassNames>
      </methodId>
      <arguments>
        <il.ac.technion.nlp.nli.core.method__call.NonPrimitiveArgument>
          <nonPrimitiveEntityIds class="ofergivoli.olib.data_structures.set.SafeHashSet" serialization="custom">
            <unserializable-parents/>
            <set>
              <default/>
              <int>2</int>
              <float>0.75</float>
              <int>1</int>
              <string>2</string>
            </set>
          </nonPrimitiveEntityIds>
        </il.ac.technion.nlp.nli.core.method__call.NonPrimitiveArgument>
      </arguments>
      <entityIdOfObjectMethodIsInvokeOn>1</entityIdOfObjectMethodIsInvokeOn>
    </il.ac.technion.nlp.nli.core.method__call.MethodCall>
  </entry>
  <entry>
    <string>test-478</string>
    <il.ac.technion.nlp.nli.core.method__call.MethodCall>
      <methodId>
        <declaringClassCanonicalName>il.ac.technion.nlp.nli.dataset1.domains.container_management.entities.ContainerManagementSystem</declaringClassCanonicalName>
        <name>unloadContainers</name>
        <parameterClassNames>
          <string>java.util.Collection</string>
        </parameterClassNames>
      </methodId>
      <arguments>
        <il.ac.technion.nlp.nli.core.method__call.NonPrimitiveArgument>
          <nonPrimitiveEntityIds class="ofergivoli.olib.data_structures.set.SafeHashSet" serialization="custom">
            <unserializable-parents/>
            <set>
              <default/>
              <int>4</int>
              <float>0.75</float>
              <int>2</int>
              <string>5</string>
              <string>3</string>
            </set>
          </nonPrimitiveEntityIds>
        </il.ac.technion.nlp.nli.core.method__call.NonPrimitiveArgument>
      </arguments>
      <entityIdOfObjectMethodIsInvokeOn>1</entityIdOfObjectMethodIsInvokeOn>
    </il.ac.technion.nlp.nli.core.method__call.MethodCall>
  </entry>
  <entry>
    <string>test-599</string>
    <il.ac.technion.nlp.nli.core.method__call.MethodCall>
      <methodId>
        <declaringClassCanonicalName>il.ac.technion.nlp.nli.dataset1.domains.workforce_management.entities.WorkforceManagementSystem</declaringClassCanonicalName>
        <name>assignEmployeesToNewManager</name>
        <parameterClassNames>
          <string>java.util.Collection</string>
          <string>il.ac.technion.nlp.nli.dataset1.domains.workforce_management.entities.Employee</string>
        </parameterClassNames>
      </methodId>
      <arguments>
        <il.ac.technion.nlp.nli.core.method__call.NonPrimitiveArgument>
          <nonPrimitiveEntityIds class="ofergivoli.olib.data_structures.set.SafeHashSet" serialization="custom">
            <unserializable-parents/>
            <set>
              <default/>
              <int>4</int>
              <float>0.75</float>
              <int>2</int>
              <string>5</string>
              <string>2</string>
            </set>
          </nonPrimitiveEntityIds>
        </il.ac.technion.nlp.nli.core.method__call.NonPrimitiveArgument>
        <il.ac.technion.nlp.nli.core.method__call.NonPrimitiveArgument>
          <nonPrimitiveEntityIds class="ofergivoli.olib.data_structures.set.SafeHashSet" serialization="custom">
            <unserializable-parents/>
            <set>
              <default/>
              <int>2</int>
              <float>0.75</float>
              <int>1</int>
              <string>6</string>
            </set>
          </nonPrimitiveEntityIds>
        </il.ac.technion.nlp.nli.core.method__call.NonPrimitiveArgument>
      </arguments>
      <entityIdOfObjectMethodIsInvokeOn>1</entityIdOfObjectMethodIsInvokeOn>
    </il.ac.technion.nlp.nli.core.method__call.MethodCall>
  </entry>
  <entry>
    <string>test-116</string>
    <il.ac.technion.nlp.nli.core.method__call.MethodCall>
      <methodId>
        <declaringClassCanonicalName>il.ac.technion.nlp.nli.dataset1.domains.file_manager.entities.FileManager</declaringClassCanonicalName>
        <name>moveFiles</name>
        <parameterClassNames>
          <string>java.util.Collection</string>
          <string>il.ac.technion.nlp.nli.dataset1.domains.file_manager.entities.Directory</string>
        </parameterClassNames>
      </methodId>
      <arguments>
        <il.ac.technion.nlp.nli.core.method__call.NonPrimitiveArgument>
          <nonPrimitiveEntityIds class="ofergivoli.olib.data_structures.set.SafeHashSet" serialization="custom">
            <unserializable-parents/>
            <set>
              <default/>
              <int>2</int>
              <float>0.75</float>
              <int>1</int>
              <string>10</string>
            </set>
          </nonPrimitiveEntityIds>
        </il.ac.technion.nlp.nli.core.method__call.NonPrimitiveArgument>
        <il.ac.technion.nlp.nli.core.method__call.NonPrimitiveArgument>
          <nonPrimitiveEntityIds class="ofergivoli.olib.data_structures.set.SafeHashSet" serialization="custom">
            <unserializable-parents/>
            <set>
              <default/>
              <int>2</int>
              <float>0.75</float>
              <int>1</int>
              <string>3</string>
            </set>
          </nonPrimitiveEntityIds>
        </il.ac.technion.nlp.nli.core.method__call.NonPrimitiveArgument>
      </arguments>
      <entityIdOfObjectMethodIsInvokeOn>1</entityIdOfObjectMethodIsInvokeOn>
    </il.ac.technion.nlp.nli.core.method__call.MethodCall>
  </entry>
  <entry>
    <string>test-237</string>
    <il.ac.technion.nlp.nli.core.method__call.MethodCall>
      <methodId>
        <declaringClassCanonicalName>il.ac.technion.nlp.nli.dataset1.domains.list.entities.SpecialList</declaringClassCanonicalName>
        <name>moveToBeginning</name>
        <parameterClassNames>
          <string>il.ac.technion.nlp.nli.dataset1.domains.list.entities.ListElement</string>
        </parameterClassNames>
      </methodId>
      <arguments>
        <il.ac.technion.nlp.nli.core.method__call.NonPrimitiveArgument>
          <nonPrimitiveEntityIds class="ofergivoli.olib.data_structures.set.SafeHashSet" serialization="custom">
            <unserializable-parents/>
            <set>
              <default/>
              <int>2</int>
              <float>0.75</float>
              <int>1</int>
              <string>6</string>
            </set>
          </nonPrimitiveEntityIds>
        </il.ac.technion.nlp.nli.core.method__call.NonPrimitiveArgument>
      </arguments>
      <entityIdOfObjectMethodIsInvokeOn>1</entityIdOfObjectMethodIsInvokeOn>
    </il.ac.technion.nlp.nli.core.method__call.MethodCall>
  </entry>
  <entry>
    <string>test-358</string>
    <il.ac.technion.nlp.nli.core.method__call.MethodCall>
      <methodId>
        <declaringClassCanonicalName>il.ac.technion.nlp.nli.dataset1.domains.messenger.Messenger</declaringClassCanonicalName>
        <name>unmuteChatGroups</name>
        <parameterClassNames>
          <string>java.util.Collection</string>
        </parameterClassNames>
      </methodId>
      <arguments>
        <il.ac.technion.nlp.nli.core.method__call.NonPrimitiveArgument>
          <nonPrimitiveEntityIds class="ofergivoli.olib.data_structures.set.SafeHashSet" serialization="custom">
            <unserializable-parents/>
            <set>
              <default/>
              <int>4</int>
              <float>0.75</float>
              <int>2</int>
              <string>8</string>
              <string>10</string>
            </set>
          </nonPrimitiveEntityIds>
        </il.ac.technion.nlp.nli.core.method__call.NonPrimitiveArgument>
      </arguments>
      <entityIdOfObjectMethodIsInvokeOn>1</entityIdOfObjectMethodIsInvokeOn>
    </il.ac.technion.nlp.nli.core.method__call.MethodCall>
  </entry>
  <entry>
    <string>test-479</string>
    <il.ac.technion.nlp.nli.core.method__call.MethodCall>
      <methodId>
        <declaringClassCanonicalName>il.ac.technion.nlp.nli.dataset1.domains.container_management.entities.ContainerManagementSystem</declaringClassCanonicalName>
        <name>unloadContainers</name>
        <parameterClassNames>
          <string>java.util.Collection</string>
        </parameterClassNames>
      </methodId>
      <arguments>
        <il.ac.technion.nlp.nli.core.method__call.NonPrimitiveArgument>
          <nonPrimitiveEntityIds class="ofergivoli.olib.data_structures.set.SafeHashSet" serialization="custom">
            <unserializable-parents/>
            <set>
              <default/>
              <int>8</int>
              <float>0.75</float>
              <int>4</int>
              <string>2</string>
              <string>4</string>
              <string>5</string>
              <string>6</string>
            </set>
          </nonPrimitiveEntityIds>
        </il.ac.technion.nlp.nli.core.method__call.NonPrimitiveArgument>
      </arguments>
      <entityIdOfObjectMethodIsInvokeOn>1</entityIdOfObjectMethodIsInvokeOn>
    </il.ac.technion.nlp.nli.core.method__call.MethodCall>
  </entry>
  <entry>
    <string>test-113</string>
    <il.ac.technion.nlp.nli.core.method__call.MethodCall>
      <methodId>
        <declaringClassCanonicalName>il.ac.technion.nlp.nli.dataset1.domains.container_management.entities.ContainerManagementSystem</declaringClassCanonicalName>
        <name>removeContainers</name>
        <parameterClassNames>
          <string>java.util.Collection</string>
        </parameterClassNames>
      </methodId>
      <arguments>
        <il.ac.technion.nlp.nli.core.method__call.NonPrimitiveArgument>
          <nonPrimitiveEntityIds class="ofergivoli.olib.data_structures.set.SafeHashSet" serialization="custom">
            <unserializable-parents/>
            <set>
              <default/>
              <int>4</int>
              <float>0.75</float>
              <int>3</int>
              <string>5</string>
              <string>2</string>
              <string>3</string>
            </set>
          </nonPrimitiveEntityIds>
        </il.ac.technion.nlp.nli.core.method__call.NonPrimitiveArgument>
      </arguments>
      <entityIdOfObjectMethodIsInvokeOn>1</entityIdOfObjectMethodIsInvokeOn>
    </il.ac.technion.nlp.nli.core.method__call.MethodCall>
  </entry>
  <entry>
    <string>test-234</string>
    <il.ac.technion.nlp.nli.core.method__call.MethodCall>
      <methodId>
        <declaringClassCanonicalName>il.ac.technion.nlp.nli.dataset1.domains.container_management.entities.ContainerManagementSystem</declaringClassCanonicalName>
        <name>removeContainers</name>
        <parameterClassNames>
          <string>java.util.Collection</string>
        </parameterClassNames>
      </methodId>
      <arguments>
        <il.ac.technion.nlp.nli.core.method__call.NonPrimitiveArgument>
          <nonPrimitiveEntityIds class="ofergivoli.olib.data_structures.set.SafeHashSet" serialization="custom">
            <unserializable-parents/>
            <set>
              <default/>
              <int>8</int>
              <float>0.75</float>
              <int>4</int>
              <string>3</string>
              <string>4</string>
              <string>5</string>
              <string>6</string>
            </set>
          </nonPrimitiveEntityIds>
        </il.ac.technion.nlp.nli.core.method__call.NonPrimitiveArgument>
      </arguments>
      <entityIdOfObjectMethodIsInvokeOn>1</entityIdOfObjectMethodIsInvokeOn>
    </il.ac.technion.nlp.nli.core.method__call.MethodCall>
  </entry>
  <entry>
    <string>test-355</string>
    <il.ac.technion.nlp.nli.core.method__call.MethodCall>
      <methodId>
        <declaringClassCanonicalName>il.ac.technion.nlp.nli.dataset1.domains.file_manager.entities.FileManager</declaringClassCanonicalName>
        <name>moveFiles</name>
        <parameterClassNames>
          <string>java.util.Collection</string>
          <string>il.ac.technion.nlp.nli.dataset1.domains.file_manager.entities.Directory</string>
        </parameterClassNames>
      </methodId>
      <arguments>
        <il.ac.technion.nlp.nli.core.method__call.NonPrimitiveArgument>
          <nonPrimitiveEntityIds class="ofergivoli.olib.data_structures.set.SafeHashSet" serialization="custom">
            <unserializable-parents/>
            <set>
              <default/>
              <int>2</int>
              <float>0.75</float>
              <int>1</int>
              <string>4</string>
            </set>
          </nonPrimitiveEntityIds>
        </il.ac.technion.nlp.nli.core.method__call.NonPrimitiveArgument>
        <il.ac.technion.nlp.nli.core.method__call.NonPrimitiveArgument>
          <nonPrimitiveEntityIds class="ofergivoli.olib.data_structures.set.SafeHashSet" serialization="custom">
            <unserializable-parents/>
            <set>
              <default/>
              <int>2</int>
              <float>0.75</float>
              <int>1</int>
              <string>5</string>
            </set>
          </nonPrimitiveEntityIds>
        </il.ac.technion.nlp.nli.core.method__call.NonPrimitiveArgument>
      </arguments>
      <entityIdOfObjectMethodIsInvokeOn>1</entityIdOfObjectMethodIsInvokeOn>
    </il.ac.technion.nlp.nli.core.method__call.MethodCall>
  </entry>
  <entry>
    <string>test-476</string>
    <il.ac.technion.nlp.nli.core.method__call.MethodCall>
      <methodId>
        <declaringClassCanonicalName>il.ac.technion.nlp.nli.dataset1.domains.lighting_control.entities.LightingControlSystem</declaringClassCanonicalName>
        <name>turnLightOn</name>
        <parameterClassNames>
          <string>java.util.Collection</string>
        </parameterClassNames>
      </methodId>
      <arguments>
        <il.ac.technion.nlp.nli.core.method__call.NonPrimitiveArgument>
          <nonPrimitiveEntityIds class="ofergivoli.olib.data_structures.set.SafeHashSet" serialization="custom">
            <unserializable-parents/>
            <set>
              <default/>
              <int>8</int>
              <float>0.75</float>
              <int>4</int>
              <string>2</string>
              <string>3</string>
              <string>4</string>
              <string>5</string>
            </set>
          </nonPrimitiveEntityIds>
        </il.ac.technion.nlp.nli.core.method__call.NonPrimitiveArgument>
      </arguments>
      <entityIdOfObjectMethodIsInvokeOn>1</entityIdOfObjectMethodIsInvokeOn>
    </il.ac.technion.nlp.nli.core.method__call.MethodCall>
  </entry>
  <entry>
    <string>test-597</string>
    <il.ac.technion.nlp.nli.core.method__call.MethodCall>
      <methodId>
        <declaringClassCanonicalName>il.ac.technion.nlp.nli.dataset1.domains.list.entities.SpecialList</declaringClassCanonicalName>
        <name>moveToBeginning</name>
        <parameterClassNames>
          <string>il.ac.technion.nlp.nli.dataset1.domains.list.entities.ListElement</string>
        </parameterClassNames>
      </methodId>
      <arguments>
        <il.ac.technion.nlp.nli.core.method__call.NonPrimitiveArgument>
          <nonPrimitiveEntityIds class="ofergivoli.olib.data_structures.set.SafeHashSet" serialization="custom">
            <unserializable-parents/>
            <set>
              <default/>
              <int>2</int>
              <float>0.75</float>
              <int>1</int>
              <string>4</string>
            </set>
          </nonPrimitiveEntityIds>
        </il.ac.technion.nlp.nli.core.method__call.NonPrimitiveArgument>
      </arguments>
      <entityIdOfObjectMethodIsInvokeOn>1</entityIdOfObjectMethodIsInvokeOn>
    </il.ac.technion.nlp.nli.core.method__call.MethodCall>
  </entry>
  <entry>
    <string>test-114</string>
    <il.ac.technion.nlp.nli.core.method__call.MethodCall>
      <methodId>
        <declaringClassCanonicalName>il.ac.technion.nlp.nli.dataset1.domains.workforce_management.entities.WorkforceManagementSystem</declaringClassCanonicalName>
        <name>assignEmployeeToNewPosition</name>
        <parameterClassNames>
          <string>il.ac.technion.nlp.nli.dataset1.domains.workforce_management.entities.Employee</string>
          <string>il.ac.technion.nlp.nli.dataset1.domains.workforce_management.entities.Position</string>
        </parameterClassNames>
      </methodId>
      <arguments>
        <il.ac.technion.nlp.nli.core.method__call.NonPrimitiveArgument>
          <nonPrimitiveEntityIds class="ofergivoli.olib.data_structures.set.SafeHashSet" serialization="custom">
            <unserializable-parents/>
            <set>
              <default/>
              <int>2</int>
              <float>0.75</float>
              <int>1</int>
              <string>4</string>
            </set>
          </nonPrimitiveEntityIds>
        </il.ac.technion.nlp.nli.core.method__call.NonPrimitiveArgument>
        <il.ac.technion.nlp.nli.core.method__call.PrimitiveArgument>
          <primitiveEntities class="list">
            <il.ac.technion.nlp.nli.core.state.PrimitiveEntity>
              <value class="il.ac.technion.nlp.nli.dataset1.domains.workforce_management.entities.Position">DEVELOPER</value>
            </il.ac.technion.nlp.nli.core.state.PrimitiveEntity>
          </primitiveEntities>
        </il.ac.technion.nlp.nli.core.method__call.PrimitiveArgument>
      </arguments>
      <entityIdOfObjectMethodIsInvokeOn>1</entityIdOfObjectMethodIsInvokeOn>
    </il.ac.technion.nlp.nli.core.method__call.MethodCall>
  </entry>
  <entry>
    <string>test-235</string>
    <il.ac.technion.nlp.nli.core.method__call.MethodCall>
      <methodId>
        <declaringClassCanonicalName>il.ac.technion.nlp.nli.dataset1.domains.workforce_management.entities.WorkforceManagementSystem</declaringClassCanonicalName>
        <name>fireEmployees</name>
        <parameterClassNames>
          <string>java.util.Collection</string>
        </parameterClassNames>
      </methodId>
      <arguments>
        <il.ac.technion.nlp.nli.core.method__call.NonPrimitiveArgument>
          <nonPrimitiveEntityIds class="ofergivoli.olib.data_structures.set.SafeHashSet" serialization="custom">
            <unserializable-parents/>
            <set>
              <default/>
              <int>2</int>
              <float>0.75</float>
              <int>1</int>
              <string>2</string>
            </set>
          </nonPrimitiveEntityIds>
        </il.ac.technion.nlp.nli.core.method__call.NonPrimitiveArgument>
      </arguments>
      <entityIdOfObjectMethodIsInvokeOn>1</entityIdOfObjectMethodIsInvokeOn>
    </il.ac.technion.nlp.nli.core.method__call.MethodCall>
  </entry>
  <entry>
    <string>test-356</string>
    <il.ac.technion.nlp.nli.core.method__call.MethodCall>
      <methodId>
        <declaringClassCanonicalName>il.ac.technion.nlp.nli.dataset1.domains.container_management.entities.ContainerManagementSystem</declaringClassCanonicalName>
        <name>removeContainers</name>
        <parameterClassNames>
          <string>java.util.Collection</string>
        </parameterClassNames>
      </methodId>
      <arguments>
        <il.ac.technion.nlp.nli.core.method__call.NonPrimitiveArgument>
          <nonPrimitiveEntityIds class="ofergivoli.olib.data_structures.set.SafeHashSet" serialization="custom">
            <unserializable-parents/>
            <set>
              <default/>
              <int>2</int>
              <float>0.75</float>
              <int>1</int>
              <string>4</string>
            </set>
          </nonPrimitiveEntityIds>
        </il.ac.technion.nlp.nli.core.method__call.NonPrimitiveArgument>
      </arguments>
      <entityIdOfObjectMethodIsInvokeOn>1</entityIdOfObjectMethodIsInvokeOn>
    </il.ac.technion.nlp.nli.core.method__call.MethodCall>
  </entry>
  <entry>
    <string>test-477</string>
    <il.ac.technion.nlp.nli.core.method__call.MethodCall>
      <methodId>
        <declaringClassCanonicalName>il.ac.technion.nlp.nli.dataset1.domains.list.entities.SpecialList</declaringClassCanonicalName>
        <name>moveToEnd</name>
        <parameterClassNames>
          <string>il.ac.technion.nlp.nli.dataset1.domains.list.entities.ListElement</string>
        </parameterClassNames>
      </methodId>
      <arguments>
        <il.ac.technion.nlp.nli.core.method__call.NonPrimitiveArgument>
          <nonPrimitiveEntityIds class="ofergivoli.olib.data_structures.set.SafeHashSet" serialization="custom">
            <unserializable-parents/>
            <set>
              <default/>
              <int>2</int>
              <float>0.75</float>
              <int>1</int>
              <string>3</string>
            </set>
          </nonPrimitiveEntityIds>
        </il.ac.technion.nlp.nli.core.method__call.NonPrimitiveArgument>
      </arguments>
      <entityIdOfObjectMethodIsInvokeOn>1</entityIdOfObjectMethodIsInvokeOn>
    </il.ac.technion.nlp.nli.core.method__call.MethodCall>
  </entry>
  <entry>
    <string>test-598</string>
    <il.ac.technion.nlp.nli.core.method__call.MethodCall>
      <methodId>
        <declaringClassCanonicalName>il.ac.technion.nlp.nli.dataset1.domains.lighting_control.entities.LightingControlSystem</declaringClassCanonicalName>
        <name>turnLightOff</name>
        <parameterClassNames>
          <string>java.util.Collection</string>
        </parameterClassNames>
      </methodId>
      <arguments>
        <il.ac.technion.nlp.nli.core.method__call.NonPrimitiveArgument>
          <nonPrimitiveEntityIds class="ofergivoli.olib.data_structures.set.SafeHashSet" serialization="custom">
            <unserializable-parents/>
            <set>
              <default/>
              <int>4</int>
              <float>0.75</float>
              <int>2</int>
              <string>11</string>
              <string>12</string>
            </set>
          </nonPrimitiveEntityIds>
        </il.ac.technion.nlp.nli.core.method__call.NonPrimitiveArgument>
      </arguments>
      <entityIdOfObjectMethodIsInvokeOn>1</entityIdOfObjectMethodIsInvokeOn>
    </il.ac.technion.nlp.nli.core.method__call.MethodCall>
  </entry>
  <entry>
    <string>test-119</string>
    <il.ac.technion.nlp.nli.core.method__call.MethodCall>
      <methodId>
        <declaringClassCanonicalName>il.ac.technion.nlp.nli.dataset1.domains.file_manager.entities.FileManager</declaringClassCanonicalName>
        <name>moveFiles</name>
        <parameterClassNames>
          <string>java.util.Collection</string>
          <string>il.ac.technion.nlp.nli.dataset1.domains.file_manager.entities.Directory</string>
        </parameterClassNames>
      </methodId>
      <arguments>
        <il.ac.technion.nlp.nli.core.method__call.NonPrimitiveArgument>
          <nonPrimitiveEntityIds class="ofergivoli.olib.data_structures.set.SafeHashSet" serialization="custom">
            <unserializable-parents/>
            <set>
              <default/>
              <int>2</int>
              <float>0.75</float>
              <int>1</int>
              <string>13</string>
            </set>
          </nonPrimitiveEntityIds>
        </il.ac.technion.nlp.nli.core.method__call.NonPrimitiveArgument>
        <il.ac.technion.nlp.nli.core.method__call.NonPrimitiveArgument>
          <nonPrimitiveEntityIds class="ofergivoli.olib.data_structures.set.SafeHashSet" serialization="custom">
            <unserializable-parents/>
            <set>
              <default/>
              <int>2</int>
              <float>0.75</float>
              <int>1</int>
              <string>3</string>
            </set>
          </nonPrimitiveEntityIds>
        </il.ac.technion.nlp.nli.core.method__call.NonPrimitiveArgument>
      </arguments>
      <entityIdOfObjectMethodIsInvokeOn>1</entityIdOfObjectMethodIsInvokeOn>
    </il.ac.technion.nlp.nli.core.method__call.MethodCall>
  </entry>
  <entry>
    <string>test-117</string>
    <il.ac.technion.nlp.nli.core.method__call.MethodCall>
      <methodId>
        <declaringClassCanonicalName>il.ac.technion.nlp.nli.dataset1.domains.lighting_control.entities.LightingControlSystem</declaringClassCanonicalName>
        <name>turnLightOn</name>
        <parameterClassNames>
          <string>java.util.Collection</string>
        </parameterClassNames>
      </methodId>
      <arguments>
        <il.ac.technion.nlp.nli.core.method__call.NonPrimitiveArgument>
          <nonPrimitiveEntityIds class="ofergivoli.olib.data_structures.set.SafeHashSet" serialization="custom">
            <unserializable-parents/>
            <set>
              <default/>
              <int>4</int>
              <float>0.75</float>
              <int>2</int>
              <string>4</string>
              <string>5</string>
            </set>
          </nonPrimitiveEntityIds>
        </il.ac.technion.nlp.nli.core.method__call.NonPrimitiveArgument>
      </arguments>
      <entityIdOfObjectMethodIsInvokeOn>1</entityIdOfObjectMethodIsInvokeOn>
    </il.ac.technion.nlp.nli.core.method__call.MethodCall>
  </entry>
  <entry>
    <string>test-238</string>
    <il.ac.technion.nlp.nli.core.method__call.MethodCall>
      <methodId>
        <declaringClassCanonicalName>il.ac.technion.nlp.nli.dataset1.domains.container_management.entities.ContainerManagementSystem</declaringClassCanonicalName>
        <name>unloadContainers</name>
        <parameterClassNames>
          <string>java.util.Collection</string>
        </parameterClassNames>
      </methodId>
      <arguments>
        <il.ac.technion.nlp.nli.core.method__call.NonPrimitiveArgument>
          <nonPrimitiveEntityIds class="ofergivoli.olib.data_structures.set.SafeHashSet" serialization="custom">
            <unserializable-parents/>
            <set>
              <default/>
              <int>2</int>
              <float>0.75</float>
              <int>1</int>
              <string>2</string>
            </set>
          </nonPrimitiveEntityIds>
        </il.ac.technion.nlp.nli.core.method__call.NonPrimitiveArgument>
      </arguments>
      <entityIdOfObjectMethodIsInvokeOn>1</entityIdOfObjectMethodIsInvokeOn>
    </il.ac.technion.nlp.nli.core.method__call.MethodCall>
  </entry>
  <entry>
    <string>test-359</string>
    <il.ac.technion.nlp.nli.core.method__call.MethodCall>
      <methodId>
        <declaringClassCanonicalName>il.ac.technion.nlp.nli.dataset1.domains.list.entities.SpecialList</declaringClassCanonicalName>
        <name>moveToEnd</name>
        <parameterClassNames>
          <string>il.ac.technion.nlp.nli.dataset1.domains.list.entities.ListElement</string>
        </parameterClassNames>
      </methodId>
      <arguments>
        <il.ac.technion.nlp.nli.core.method__call.NonPrimitiveArgument>
          <nonPrimitiveEntityIds class="ofergivoli.olib.data_structures.set.SafeHashSet" serialization="custom">
            <unserializable-parents/>
            <set>
              <default/>
              <int>2</int>
              <float>0.75</float>
              <int>1</int>
              <string>6</string>
            </set>
          </nonPrimitiveEntityIds>
        </il.ac.technion.nlp.nli.core.method__call.NonPrimitiveArgument>
      </arguments>
      <entityIdOfObjectMethodIsInvokeOn>1</entityIdOfObjectMethodIsInvokeOn>
    </il.ac.technion.nlp.nli.core.method__call.MethodCall>
  </entry>
  <entry>
    <string>test-118</string>
    <il.ac.technion.nlp.nli.core.method__call.MethodCall>
      <methodId>
        <declaringClassCanonicalName>il.ac.technion.nlp.nli.dataset1.domains.workforce_management.entities.WorkforceManagementSystem</declaringClassCanonicalName>
        <name>fireEmployees</name>
        <parameterClassNames>
          <string>java.util.Collection</string>
        </parameterClassNames>
      </methodId>
      <arguments>
        <il.ac.technion.nlp.nli.core.method__call.NonPrimitiveArgument>
          <nonPrimitiveEntityIds class="ofergivoli.olib.data_structures.set.SafeHashSet" serialization="custom">
            <unserializable-parents/>
            <set>
              <default/>
              <int>2</int>
              <float>0.75</float>
              <int>1</int>
              <string>2</string>
            </set>
          </nonPrimitiveEntityIds>
        </il.ac.technion.nlp.nli.core.method__call.NonPrimitiveArgument>
      </arguments>
      <entityIdOfObjectMethodIsInvokeOn>1</entityIdOfObjectMethodIsInvokeOn>
    </il.ac.technion.nlp.nli.core.method__call.MethodCall>
  </entry>
  <entry>
    <string>test-239</string>
    <il.ac.technion.nlp.nli.core.method__call.MethodCall>
      <methodId>
        <declaringClassCanonicalName>il.ac.technion.nlp.nli.dataset1.domains.lighting_control.entities.LightingControlSystem</declaringClassCanonicalName>
        <name>turnLightOff</name>
        <parameterClassNames>
          <string>java.util.Collection</string>
        </parameterClassNames>
      </methodId>
      <arguments>
        <il.ac.technion.nlp.nli.core.method__call.NonPrimitiveArgument>
          <nonPrimitiveEntityIds class="ofergivoli.olib.data_structures.set.SafeHashSet" serialization="custom">
            <unserializable-parents/>
            <set>
              <default/>
              <int>4</int>
              <float>0.75</float>
              <int>3</int>
              <string>2</string>
              <string>6</string>
              <string>3</string>
            </set>
          </nonPrimitiveEntityIds>
        </il.ac.technion.nlp.nli.core.method__call.NonPrimitiveArgument>
      </arguments>
      <entityIdOfObjectMethodIsInvokeOn>1</entityIdOfObjectMethodIsInvokeOn>
    </il.ac.technion.nlp.nli.core.method__call.MethodCall>
  </entry>
  <entry>
    <string>test-360</string>
    <il.ac.technion.nlp.nli.core.method__call.MethodCall>
      <methodId>
        <declaringClassCanonicalName>il.ac.technion.nlp.nli.dataset1.domains.file_manager.entities.FileManager</declaringClassCanonicalName>
        <name>moveFiles</name>
        <parameterClassNames>
          <string>java.util.Collection</string>
          <string>il.ac.technion.nlp.nli.dataset1.domains.file_manager.entities.Directory</string>
        </parameterClassNames>
      </methodId>
      <arguments>
        <il.ac.technion.nlp.nli.core.method__call.NonPrimitiveArgument>
          <nonPrimitiveEntityIds class="ofergivoli.olib.data_structures.set.SafeHashSet" serialization="custom">
            <unserializable-parents/>
            <set>
              <default/>
              <int>4</int>
              <float>0.75</float>
              <int>2</int>
              <string>5</string>
              <string>6</string>
            </set>
          </nonPrimitiveEntityIds>
        </il.ac.technion.nlp.nli.core.method__call.NonPrimitiveArgument>
        <il.ac.technion.nlp.nli.core.method__call.NonPrimitiveArgument>
          <nonPrimitiveEntityIds class="ofergivoli.olib.data_structures.set.SafeHashSet" serialization="custom">
            <unserializable-parents/>
            <set>
              <default/>
              <int>2</int>
              <float>0.75</float>
              <int>1</int>
              <string>7</string>
            </set>
          </nonPrimitiveEntityIds>
        </il.ac.technion.nlp.nli.core.method__call.NonPrimitiveArgument>
      </arguments>
      <entityIdOfObjectMethodIsInvokeOn>1</entityIdOfObjectMethodIsInvokeOn>
    </il.ac.technion.nlp.nli.core.method__call.MethodCall>
  </entry>
  <entry>
    <string>test-481</string>
    <il.ac.technion.nlp.nli.core.method__call.MethodCall>
      <methodId>
        <declaringClassCanonicalName>il.ac.technion.nlp.nli.dataset1.domains.workforce_management.entities.WorkforceManagementSystem</declaringClassCanonicalName>
        <name>updateSalary</name>
        <parameterClassNames>
          <string>il.ac.technion.nlp.nli.dataset1.domains.workforce_management.entities.Employee</string>
          <string>int</string>
        </parameterClassNames>
      </methodId>
      <arguments>
        <il.ac.technion.nlp.nli.core.method__call.NonPrimitiveArgument>
          <nonPrimitiveEntityIds class="ofergivoli.olib.data_structures.set.SafeHashSet" serialization="custom">
            <unserializable-parents/>
            <set>
              <default/>
              <int>2</int>
              <float>0.75</float>
              <int>1</int>
              <string>4</string>
            </set>
          </nonPrimitiveEntityIds>
        </il.ac.technion.nlp.nli.core.method__call.NonPrimitiveArgument>
        <il.ac.technion.nlp.nli.core.method__call.PrimitiveArgument>
          <primitiveEntities class="list">
            <il.ac.technion.nlp.nli.core.state.PrimitiveEntity>
              <value class="int">60495</value>
            </il.ac.technion.nlp.nli.core.state.PrimitiveEntity>
          </primitiveEntities>
        </il.ac.technion.nlp.nli.core.method__call.PrimitiveArgument>
      </arguments>
      <entityIdOfObjectMethodIsInvokeOn>1</entityIdOfObjectMethodIsInvokeOn>
    </il.ac.technion.nlp.nli.core.method__call.MethodCall>
  </entry>
  <entry>
    <string>test-240</string>
    <il.ac.technion.nlp.nli.core.method__call.MethodCall>
      <methodId>
        <declaringClassCanonicalName>il.ac.technion.nlp.nli.dataset1.domains.calendar.entities.Calendar</declaringClassCanonicalName>
        <name>removeEvents</name>
        <parameterClassNames>
          <string>java.util.Collection</string>
        </parameterClassNames>
      </methodId>
      <arguments>
        <il.ac.technion.nlp.nli.core.method__call.NonPrimitiveArgument>
          <nonPrimitiveEntityIds class="ofergivoli.olib.data_structures.set.SafeHashSet" serialization="custom">
            <unserializable-parents/>
            <set>
              <default/>
              <int>4</int>
              <float>0.75</float>
              <int>2</int>
              <string>8</string>
              <string>2</string>
            </set>
          </nonPrimitiveEntityIds>
        </il.ac.technion.nlp.nli.core.method__call.NonPrimitiveArgument>
      </arguments>
      <entityIdOfObjectMethodIsInvokeOn>1</entityIdOfObjectMethodIsInvokeOn>
    </il.ac.technion.nlp.nli.core.method__call.MethodCall>
  </entry>
  <entry>
    <string>test-361</string>
    <il.ac.technion.nlp.nli.core.method__call.MethodCall>
      <methodId>
        <declaringClassCanonicalName>il.ac.technion.nlp.nli.dataset1.domains.workforce_management.entities.WorkforceManagementSystem</declaringClassCanonicalName>
        <name>fireEmployees</name>
        <parameterClassNames>
          <string>java.util.Collection</string>
        </parameterClassNames>
      </methodId>
      <arguments>
        <il.ac.technion.nlp.nli.core.method__call.NonPrimitiveArgument>
          <nonPrimitiveEntityIds class="ofergivoli.olib.data_structures.set.SafeHashSet" serialization="custom">
            <unserializable-parents/>
            <set>
              <default/>
              <int>2</int>
              <float>0.75</float>
              <int>1</int>
              <string>5</string>
            </set>
          </nonPrimitiveEntityIds>
        </il.ac.technion.nlp.nli.core.method__call.NonPrimitiveArgument>
      </arguments>
      <entityIdOfObjectMethodIsInvokeOn>1</entityIdOfObjectMethodIsInvokeOn>
    </il.ac.technion.nlp.nli.core.method__call.MethodCall>
  </entry>
  <entry>
    <string>test-482</string>
    <il.ac.technion.nlp.nli.core.method__call.MethodCall>
      <methodId>
        <declaringClassCanonicalName>il.ac.technion.nlp.nli.dataset1.domains.container_management.entities.ContainerManagementSystem</declaringClassCanonicalName>
        <name>loadContainers</name>
        <parameterClassNames>
          <string>java.util.Collection</string>
        </parameterClassNames>
      </methodId>
      <arguments>
        <il.ac.technion.nlp.nli.core.method__call.NonPrimitiveArgument>
          <nonPrimitiveEntityIds class="ofergivoli.olib.data_structures.set.SafeHashSet" serialization="custom">
            <unserializable-parents/>
            <set>
              <default/>
              <int>2</int>
              <float>0.75</float>
              <int>1</int>
              <string>2</string>
            </set>
          </nonPrimitiveEntityIds>
        </il.ac.technion.nlp.nli.core.method__call.NonPrimitiveArgument>
      </arguments>
      <entityIdOfObjectMethodIsInvokeOn>1</entityIdOfObjectMethodIsInvokeOn>
    </il.ac.technion.nlp.nli.core.method__call.MethodCall>
  </entry>
  <entry>
    <string>test-480</string>
    <il.ac.technion.nlp.nli.core.method__call.MethodCall>
      <methodId>
        <declaringClassCanonicalName>il.ac.technion.nlp.nli.dataset1.domains.lighting_control.entities.LightingControlSystem</declaringClassCanonicalName>
        <name>turnLightOff</name>
        <parameterClassNames>
          <string>java.util.Collection</string>
        </parameterClassNames>
      </methodId>
      <arguments>
        <il.ac.technion.nlp.nli.core.method__call.NonPrimitiveArgument>
          <nonPrimitiveEntityIds class="ofergivoli.olib.data_structures.set.SafeHashSet" serialization="custom">
            <unserializable-parents/>
            <set>
              <default/>
              <int>2</int>
              <float>0.75</float>
              <int>1</int>
              <string>9</string>
            </set>
          </nonPrimitiveEntityIds>
        </il.ac.technion.nlp.nli.core.method__call.NonPrimitiveArgument>
      </arguments>
      <entityIdOfObjectMethodIsInvokeOn>1</entityIdOfObjectMethodIsInvokeOn>
    </il.ac.technion.nlp.nli.core.method__call.MethodCall>
  </entry>
  <entry>
    <string>test-122</string>
    <il.ac.technion.nlp.nli.core.method__call.MethodCall>
      <methodId>
        <declaringClassCanonicalName>il.ac.technion.nlp.nli.dataset1.domains.file_manager.entities.FileManager</declaringClassCanonicalName>
        <name>moveFiles</name>
        <parameterClassNames>
          <string>java.util.Collection</string>
          <string>il.ac.technion.nlp.nli.dataset1.domains.file_manager.entities.Directory</string>
        </parameterClassNames>
      </methodId>
      <arguments>
        <il.ac.technion.nlp.nli.core.method__call.NonPrimitiveArgument>
          <nonPrimitiveEntityIds class="ofergivoli.olib.data_structures.set.SafeHashSet" serialization="custom">
            <unserializable-parents/>
            <set>
              <default/>
              <int>4</int>
              <float>0.75</float>
              <int>3</int>
              <string>8</string>
              <string>5</string>
              <string>7</string>
            </set>
          </nonPrimitiveEntityIds>
        </il.ac.technion.nlp.nli.core.method__call.NonPrimitiveArgument>
        <il.ac.technion.nlp.nli.core.method__call.NonPrimitiveArgument>
          <nonPrimitiveEntityIds class="ofergivoli.olib.data_structures.set.SafeHashSet" serialization="custom">
            <unserializable-parents/>
            <set>
              <default/>
              <int>2</int>
              <float>0.75</float>
              <int>1</int>
              <string>9</string>
            </set>
          </nonPrimitiveEntityIds>
        </il.ac.technion.nlp.nli.core.method__call.NonPrimitiveArgument>
      </arguments>
      <entityIdOfObjectMethodIsInvokeOn>1</entityIdOfObjectMethodIsInvokeOn>
    </il.ac.technion.nlp.nli.core.method__call.MethodCall>
  </entry>
  <entry>
    <string>test-243</string>
    <il.ac.technion.nlp.nli.core.method__call.MethodCall>
      <methodId>
        <declaringClassCanonicalName>il.ac.technion.nlp.nli.dataset1.domains.messenger.Messenger</declaringClassCanonicalName>
        <name>createChatGroup</name>
        <parameterClassNames>
          <string>java.util.Collection</string>
        </parameterClassNames>
      </methodId>
      <arguments>
        <il.ac.technion.nlp.nli.core.method__call.NonPrimitiveArgument>
          <nonPrimitiveEntityIds class="ofergivoli.olib.data_structures.set.SafeHashSet" serialization="custom">
            <unserializable-parents/>
            <set>
              <default/>
              <int>4</int>
              <float>0.75</float>
              <int>2</int>
              <string>5</string>
              <string>7</string>
            </set>
          </nonPrimitiveEntityIds>
        </il.ac.technion.nlp.nli.core.method__call.NonPrimitiveArgument>
      </arguments>
      <entityIdOfObjectMethodIsInvokeOn>1</entityIdOfObjectMethodIsInvokeOn>
    </il.ac.technion.nlp.nli.core.method__call.MethodCall>
  </entry>
  <entry>
    <string>test-364</string>
    <il.ac.technion.nlp.nli.core.method__call.MethodCall>
      <methodId>
        <declaringClassCanonicalName>il.ac.technion.nlp.nli.dataset1.domains.container_management.entities.ContainerManagementSystem</declaringClassCanonicalName>
        <name>unloadContainers</name>
        <parameterClassNames>
          <string>java.util.Collection</string>
        </parameterClassNames>
      </methodId>
      <arguments>
        <il.ac.technion.nlp.nli.core.method__call.NonPrimitiveArgument>
          <nonPrimitiveEntityIds class="ofergivoli.olib.data_structures.set.SafeHashSet" serialization="custom">
            <unserializable-parents/>
            <set>
              <default/>
              <int>2</int>
              <float>0.75</float>
              <int>1</int>
              <string>2</string>
            </set>
          </nonPrimitiveEntityIds>
        </il.ac.technion.nlp.nli.core.method__call.NonPrimitiveArgument>
      </arguments>
      <entityIdOfObjectMethodIsInvokeOn>1</entityIdOfObjectMethodIsInvokeOn>
    </il.ac.technion.nlp.nli.core.method__call.MethodCall>
  </entry>
  <entry>
    <string>test-485</string>
    <il.ac.technion.nlp.nli.core.method__call.MethodCall>
      <methodId>
        <declaringClassCanonicalName>il.ac.technion.nlp.nli.dataset1.domains.container_management.entities.ContainerManagementSystem</declaringClassCanonicalName>
        <name>unloadContainers</name>
        <parameterClassNames>
          <string>java.util.Collection</string>
        </parameterClassNames>
      </methodId>
      <arguments>
        <il.ac.technion.nlp.nli.core.method__call.NonPrimitiveArgument>
          <nonPrimitiveEntityIds class="ofergivoli.olib.data_structures.set.SafeHashSet" serialization="custom">
            <unserializable-parents/>
            <set>
              <default/>
              <int>4</int>
              <float>0.75</float>
              <int>3</int>
              <string>4</string>
              <string>2</string>
              <string>6</string>
            </set>
          </nonPrimitiveEntityIds>
        </il.ac.technion.nlp.nli.core.method__call.NonPrimitiveArgument>
      </arguments>
      <entityIdOfObjectMethodIsInvokeOn>1</entityIdOfObjectMethodIsInvokeOn>
    </il.ac.technion.nlp.nli.core.method__call.MethodCall>
  </entry>
  <entry>
    <string>test-123</string>
    <il.ac.technion.nlp.nli.core.method__call.MethodCall>
      <methodId>
        <declaringClassCanonicalName>il.ac.technion.nlp.nli.dataset1.domains.calendar.entities.Calendar</declaringClassCanonicalName>
        <name>setEventColor</name>
        <parameterClassNames>
          <string>java.util.Collection</string>
          <string>il.ac.technion.nlp.nli.core.state.entities.Color</string>
        </parameterClassNames>
      </methodId>
      <arguments>
        <il.ac.technion.nlp.nli.core.method__call.NonPrimitiveArgument>
          <nonPrimitiveEntityIds class="ofergivoli.olib.data_structures.set.SafeHashSet" serialization="custom">
            <unserializable-parents/>
            <set>
              <default/>
              <int>4</int>
              <float>0.75</float>
              <int>3</int>
              <string>4</string>
              <string>5</string>
              <string>3</string>
            </set>
          </nonPrimitiveEntityIds>
        </il.ac.technion.nlp.nli.core.method__call.NonPrimitiveArgument>
        <il.ac.technion.nlp.nli.core.method__call.PrimitiveArgument>
          <primitiveEntities class="list">
            <il.ac.technion.nlp.nli.core.state.PrimitiveEntity>
              <value class="il.ac.technion.nlp.nli.core.state.entities.Color">BLUE</value>
            </il.ac.technion.nlp.nli.core.state.PrimitiveEntity>
          </primitiveEntities>
        </il.ac.technion.nlp.nli.core.method__call.PrimitiveArgument>
      </arguments>
      <entityIdOfObjectMethodIsInvokeOn>1</entityIdOfObjectMethodIsInvokeOn>
    </il.ac.technion.nlp.nli.core.method__call.MethodCall>
  </entry>
  <entry>
    <string>test-244</string>
    <il.ac.technion.nlp.nli.core.method__call.MethodCall>
      <methodId>
        <declaringClassCanonicalName>il.ac.technion.nlp.nli.dataset1.domains.file_manager.entities.FileManager</declaringClassCanonicalName>
        <name>removeFiles</name>
        <parameterClassNames>
          <string>java.util.Collection</string>
        </parameterClassNames>
      </methodId>
      <arguments>
        <il.ac.technion.nlp.nli.core.method__call.NonPrimitiveArgument>
          <nonPrimitiveEntityIds class="ofergivoli.olib.data_structures.set.SafeHashSet" serialization="custom">
            <unserializable-parents/>
            <set>
              <default/>
              <int>2</int>
              <float>0.75</float>
              <int>1</int>
              <string>6</string>
            </set>
          </nonPrimitiveEntityIds>
        </il.ac.technion.nlp.nli.core.method__call.NonPrimitiveArgument>
      </arguments>
      <entityIdOfObjectMethodIsInvokeOn>1</entityIdOfObjectMethodIsInvokeOn>
    </il.ac.technion.nlp.nli.core.method__call.MethodCall>
  </entry>
  <entry>
    <string>test-365</string>
    <il.ac.technion.nlp.nli.core.method__call.MethodCall>
      <methodId>
        <declaringClassCanonicalName>il.ac.technion.nlp.nli.dataset1.domains.file_manager.entities.FileManager</declaringClassCanonicalName>
        <name>removeFiles</name>
        <parameterClassNames>
          <string>java.util.Collection</string>
        </parameterClassNames>
      </methodId>
      <arguments>
        <il.ac.technion.nlp.nli.core.method__call.NonPrimitiveArgument>
          <nonPrimitiveEntityIds class="ofergivoli.olib.data_structures.set.SafeHashSet" serialization="custom">
            <unserializable-parents/>
            <set>
              <default/>
              <int>2</int>
              <float>0.75</float>
              <int>1</int>
              <string>4</string>
            </set>
          </nonPrimitiveEntityIds>
        </il.ac.technion.nlp.nli.core.method__call.NonPrimitiveArgument>
      </arguments>
      <entityIdOfObjectMethodIsInvokeOn>1</entityIdOfObjectMethodIsInvokeOn>
    </il.ac.technion.nlp.nli.core.method__call.MethodCall>
  </entry>
  <entry>
    <string>test-486</string>
    <il.ac.technion.nlp.nli.core.method__call.MethodCall>
      <methodId>
        <declaringClassCanonicalName>il.ac.technion.nlp.nli.dataset1.domains.container_management.entities.ContainerManagementSystem</declaringClassCanonicalName>
        <name>unloadContainers</name>
        <parameterClassNames>
          <string>java.util.Collection</string>
        </parameterClassNames>
      </methodId>
      <arguments>
        <il.ac.technion.nlp.nli.core.method__call.NonPrimitiveArgument>
          <nonPrimitiveEntityIds class="ofergivoli.olib.data_structures.set.SafeHashSet" serialization="custom">
            <unserializable-parents/>
            <set>
              <default/>
              <int>4</int>
              <float>0.75</float>
              <int>2</int>
              <string>4</string>
              <string>2</string>
            </set>
          </nonPrimitiveEntityIds>
        </il.ac.technion.nlp.nli.core.method__call.NonPrimitiveArgument>
      </arguments>
      <entityIdOfObjectMethodIsInvokeOn>1</entityIdOfObjectMethodIsInvokeOn>
    </il.ac.technion.nlp.nli.core.method__call.MethodCall>
  </entry>
  <entry>
    <string>test-120</string>
    <il.ac.technion.nlp.nli.core.method__call.MethodCall>
      <methodId>
        <declaringClassCanonicalName>il.ac.technion.nlp.nli.dataset1.domains.calendar.entities.Calendar</declaringClassCanonicalName>
        <name>setEventColor</name>
        <parameterClassNames>
          <string>java.util.Collection</string>
          <string>il.ac.technion.nlp.nli.core.state.entities.Color</string>
        </parameterClassNames>
      </methodId>
      <arguments>
        <il.ac.technion.nlp.nli.core.method__call.NonPrimitiveArgument>
          <nonPrimitiveEntityIds class="ofergivoli.olib.data_structures.set.SafeHashSet" serialization="custom">
            <unserializable-parents/>
            <set>
              <default/>
              <int>2</int>
              <float>0.75</float>
              <int>1</int>
              <string>6</string>
            </set>
          </nonPrimitiveEntityIds>
        </il.ac.technion.nlp.nli.core.method__call.NonPrimitiveArgument>
        <il.ac.technion.nlp.nli.core.method__call.PrimitiveArgument>
          <primitiveEntities class="list">
            <il.ac.technion.nlp.nli.core.state.PrimitiveEntity>
              <value class="il.ac.technion.nlp.nli.core.state.entities.Color">RED</value>
            </il.ac.technion.nlp.nli.core.state.PrimitiveEntity>
          </primitiveEntities>
        </il.ac.technion.nlp.nli.core.method__call.PrimitiveArgument>
      </arguments>
      <entityIdOfObjectMethodIsInvokeOn>1</entityIdOfObjectMethodIsInvokeOn>
    </il.ac.technion.nlp.nli.core.method__call.MethodCall>
  </entry>
  <entry>
    <string>test-241</string>
    <il.ac.technion.nlp.nli.core.method__call.MethodCall>
      <methodId>
        <declaringClassCanonicalName>il.ac.technion.nlp.nli.dataset1.domains.list.entities.SpecialList</declaringClassCanonicalName>
        <name>moveToBeginning</name>
        <parameterClassNames>
          <string>il.ac.technion.nlp.nli.dataset1.domains.list.entities.ListElement</string>
        </parameterClassNames>
      </methodId>
      <arguments>
        <il.ac.technion.nlp.nli.core.method__call.NonPrimitiveArgument>
          <nonPrimitiveEntityIds class="ofergivoli.olib.data_structures.set.SafeHashSet" serialization="custom">
            <unserializable-parents/>
            <set>
              <default/>
              <int>2</int>
              <float>0.75</float>
              <int>1</int>
              <string>6</string>
            </set>
          </nonPrimitiveEntityIds>
        </il.ac.technion.nlp.nli.core.method__call.NonPrimitiveArgument>
      </arguments>
      <entityIdOfObjectMethodIsInvokeOn>1</entityIdOfObjectMethodIsInvokeOn>
    </il.ac.technion.nlp.nli.core.method__call.MethodCall>
  </entry>
  <entry>
    <string>test-362</string>
    <il.ac.technion.nlp.nli.core.method__call.MethodCall>
      <methodId>
        <declaringClassCanonicalName>il.ac.technion.nlp.nli.dataset1.domains.calendar.entities.Calendar</declaringClassCanonicalName>
        <name>setEventColor</name>
        <parameterClassNames>
          <string>java.util.Collection</string>
          <string>il.ac.technion.nlp.nli.core.state.entities.Color</string>
        </parameterClassNames>
      </methodId>
      <arguments>
        <il.ac.technion.nlp.nli.core.method__call.NonPrimitiveArgument>
          <nonPrimitiveEntityIds class="ofergivoli.olib.data_structures.set.SafeHashSet" serialization="custom">
            <unserializable-parents/>
            <set>
              <default/>
              <int>2</int>
              <float>0.75</float>
              <int>1</int>
              <string>5</string>
            </set>
          </nonPrimitiveEntityIds>
        </il.ac.technion.nlp.nli.core.method__call.NonPrimitiveArgument>
        <il.ac.technion.nlp.nli.core.method__call.PrimitiveArgument>
          <primitiveEntities class="list">
            <il.ac.technion.nlp.nli.core.state.PrimitiveEntity>
              <value class="il.ac.technion.nlp.nli.core.state.entities.Color">BLACK</value>
            </il.ac.technion.nlp.nli.core.state.PrimitiveEntity>
          </primitiveEntities>
        </il.ac.technion.nlp.nli.core.method__call.PrimitiveArgument>
      </arguments>
      <entityIdOfObjectMethodIsInvokeOn>1</entityIdOfObjectMethodIsInvokeOn>
    </il.ac.technion.nlp.nli.core.method__call.MethodCall>
  </entry>
  <entry>
    <string>test-483</string>
    <il.ac.technion.nlp.nli.core.method__call.MethodCall>
      <methodId>
        <declaringClassCanonicalName>il.ac.technion.nlp.nli.dataset1.domains.messenger.Messenger</declaringClassCanonicalName>
        <name>unmuteChatGroups</name>
        <parameterClassNames>
          <string>java.util.Collection</string>
        </parameterClassNames>
      </methodId>
      <arguments>
        <il.ac.technion.nlp.nli.core.method__call.NonPrimitiveArgument>
          <nonPrimitiveEntityIds class="ofergivoli.olib.data_structures.set.SafeHashSet" serialization="custom">
            <unserializable-parents/>
            <set>
              <default/>
              <int>2</int>
              <float>0.75</float>
              <int>1</int>
              <string>11</string>
            </set>
          </nonPrimitiveEntityIds>
        </il.ac.technion.nlp.nli.core.method__call.NonPrimitiveArgument>
      </arguments>
      <entityIdOfObjectMethodIsInvokeOn>1</entityIdOfObjectMethodIsInvokeOn>
    </il.ac.technion.nlp.nli.core.method__call.MethodCall>
  </entry>
  <entry>
    <string>test-121</string>
    <il.ac.technion.nlp.nli.core.method__call.MethodCall>
      <methodId>
        <declaringClassCanonicalName>il.ac.technion.nlp.nli.dataset1.domains.lighting_control.entities.LightingControlSystem</declaringClassCanonicalName>
        <name>turnLightOn</name>
        <parameterClassNames>
          <string>java.util.Collection</string>
        </parameterClassNames>
      </methodId>
      <arguments>
        <il.ac.technion.nlp.nli.core.method__call.NonPrimitiveArgument>
          <nonPrimitiveEntityIds class="ofergivoli.olib.data_structures.set.SafeHashSet" serialization="custom">
            <unserializable-parents/>
            <set>
              <default/>
              <int>4</int>
              <float>0.75</float>
              <int>2</int>
              <string>5</string>
              <string>6</string>
            </set>
          </nonPrimitiveEntityIds>
        </il.ac.technion.nlp.nli.core.method__call.NonPrimitiveArgument>
      </arguments>
      <entityIdOfObjectMethodIsInvokeOn>1</entityIdOfObjectMethodIsInvokeOn>
    </il.ac.technion.nlp.nli.core.method__call.MethodCall>
  </entry>
  <entry>
    <string>test-242</string>
    <il.ac.technion.nlp.nli.core.method__call.MethodCall>
      <methodId>
        <declaringClassCanonicalName>il.ac.technion.nlp.nli.dataset1.domains.lighting_control.entities.LightingControlSystem</declaringClassCanonicalName>
        <name>turnLightOn</name>
        <parameterClassNames>
          <string>java.util.Collection</string>
        </parameterClassNames>
      </methodId>
      <arguments>
        <il.ac.technion.nlp.nli.core.method__call.NonPrimitiveArgument>
          <nonPrimitiveEntityIds class="ofergivoli.olib.data_structures.set.SafeHashSet" serialization="custom">
            <unserializable-parents/>
            <set>
              <default/>
              <int>2</int>
              <float>0.75</float>
              <int>1</int>
              <string>8</string>
            </set>
          </nonPrimitiveEntityIds>
        </il.ac.technion.nlp.nli.core.method__call.NonPrimitiveArgument>
      </arguments>
      <entityIdOfObjectMethodIsInvokeOn>1</entityIdOfObjectMethodIsInvokeOn>
    </il.ac.technion.nlp.nli.core.method__call.MethodCall>
  </entry>
  <entry>
    <string>test-363</string>
    <il.ac.technion.nlp.nli.core.method__call.MethodCall>
      <methodId>
        <declaringClassCanonicalName>il.ac.technion.nlp.nli.dataset1.domains.lighting_control.entities.LightingControlSystem</declaringClassCanonicalName>
        <name>turnLightOff</name>
        <parameterClassNames>
          <string>java.util.Collection</string>
        </parameterClassNames>
      </methodId>
      <arguments>
        <il.ac.technion.nlp.nli.core.method__call.NonPrimitiveArgument>
          <nonPrimitiveEntityIds class="ofergivoli.olib.data_structures.set.SafeHashSet" serialization="custom">
            <unserializable-parents/>
            <set>
              <default/>
              <int>4</int>
              <float>0.75</float>
              <int>2</int>
              <string>2</string>
              <string>3</string>
            </set>
          </nonPrimitiveEntityIds>
        </il.ac.technion.nlp.nli.core.method__call.NonPrimitiveArgument>
      </arguments>
      <entityIdOfObjectMethodIsInvokeOn>1</entityIdOfObjectMethodIsInvokeOn>
    </il.ac.technion.nlp.nli.core.method__call.MethodCall>
  </entry>
  <entry>
    <string>test-484</string>
    <il.ac.technion.nlp.nli.core.method__call.MethodCall>
      <methodId>
        <declaringClassCanonicalName>il.ac.technion.nlp.nli.dataset1.domains.list.entities.SpecialList</declaringClassCanonicalName>
        <name>remove</name>
        <parameterClassNames>
          <string>java.util.Collection</string>
        </parameterClassNames>
      </methodId>
      <arguments>
        <il.ac.technion.nlp.nli.core.method__call.NonPrimitiveArgument>
          <nonPrimitiveEntityIds class="ofergivoli.olib.data_structures.set.SafeHashSet" serialization="custom">
            <unserializable-parents/>
            <set>
              <default/>
              <int>8</int>
              <float>0.75</float>
              <int>5</int>
              <string>2</string>
              <string>3</string>
              <string>4</string>
              <string>6</string>
              <string>7</string>
            </set>
          </nonPrimitiveEntityIds>
        </il.ac.technion.nlp.nli.core.method__call.NonPrimitiveArgument>
      </arguments>
      <entityIdOfObjectMethodIsInvokeOn>1</entityIdOfObjectMethodIsInvokeOn>
    </il.ac.technion.nlp.nli.core.method__call.MethodCall>
  </entry>
  <entry>
    <string>test-126</string>
    <il.ac.technion.nlp.nli.core.method__call.MethodCall>
      <methodId>
        <declaringClassCanonicalName>il.ac.technion.nlp.nli.dataset1.domains.list.entities.SpecialList</declaringClassCanonicalName>
        <name>moveToEnd</name>
        <parameterClassNames>
          <string>il.ac.technion.nlp.nli.dataset1.domains.list.entities.ListElement</string>
        </parameterClassNames>
      </methodId>
      <arguments>
        <il.ac.technion.nlp.nli.core.method__call.NonPrimitiveArgument>
          <nonPrimitiveEntityIds class="ofergivoli.olib.data_structures.set.SafeHashSet" serialization="custom">
            <unserializable-parents/>
            <set>
              <default/>
              <int>2</int>
              <float>0.75</float>
              <int>1</int>
              <string>4</string>
            </set>
          </nonPrimitiveEntityIds>
        </il.ac.technion.nlp.nli.core.method__call.NonPrimitiveArgument>
      </arguments>
      <entityIdOfObjectMethodIsInvokeOn>1</entityIdOfObjectMethodIsInvokeOn>
    </il.ac.technion.nlp.nli.core.method__call.MethodCall>
  </entry>
  <entry>
    <string>test-247</string>
    <il.ac.technion.nlp.nli.core.method__call.MethodCall>
      <methodId>
        <declaringClassCanonicalName>il.ac.technion.nlp.nli.dataset1.domains.list.entities.SpecialList</declaringClassCanonicalName>
        <name>moveToEnd</name>
        <parameterClassNames>
          <string>il.ac.technion.nlp.nli.dataset1.domains.list.entities.ListElement</string>
        </parameterClassNames>
      </methodId>
      <arguments>
        <il.ac.technion.nlp.nli.core.method__call.NonPrimitiveArgument>
          <nonPrimitiveEntityIds class="ofergivoli.olib.data_structures.set.SafeHashSet" serialization="custom">
            <unserializable-parents/>
            <set>
              <default/>
              <int>2</int>
              <float>0.75</float>
              <int>1</int>
              <string>3</string>
            </set>
          </nonPrimitiveEntityIds>
        </il.ac.technion.nlp.nli.core.method__call.NonPrimitiveArgument>
      </arguments>
      <entityIdOfObjectMethodIsInvokeOn>1</entityIdOfObjectMethodIsInvokeOn>
    </il.ac.technion.nlp.nli.core.method__call.MethodCall>
  </entry>
  <entry>
    <string>test-368</string>
    <il.ac.technion.nlp.nli.core.method__call.MethodCall>
      <methodId>
        <declaringClassCanonicalName>il.ac.technion.nlp.nli.dataset1.domains.messenger.Messenger</declaringClassCanonicalName>
        <name>createChatGroup</name>
        <parameterClassNames>
          <string>java.util.Collection</string>
        </parameterClassNames>
      </methodId>
      <arguments>
        <il.ac.technion.nlp.nli.core.method__call.NonPrimitiveArgument>
          <nonPrimitiveEntityIds class="ofergivoli.olib.data_structures.set.SafeHashSet" serialization="custom">
            <unserializable-parents/>
            <set>
              <default/>
              <int>4</int>
              <float>0.75</float>
              <int>2</int>
              <string>5</string>
              <string>7</string>
            </set>
          </nonPrimitiveEntityIds>
        </il.ac.technion.nlp.nli.core.method__call.NonPrimitiveArgument>
      </arguments>
      <entityIdOfObjectMethodIsInvokeOn>1</entityIdOfObjectMethodIsInvokeOn>
    </il.ac.technion.nlp.nli.core.method__call.MethodCall>
  </entry>
  <entry>
    <string>test-489</string>
    <il.ac.technion.nlp.nli.core.method__call.MethodCall>
      <methodId>
        <declaringClassCanonicalName>il.ac.technion.nlp.nli.dataset1.domains.lighting_control.entities.LightingControlSystem</declaringClassCanonicalName>
        <name>turnLightOn</name>
        <parameterClassNames>
          <string>java.util.Collection</string>
        </parameterClassNames>
      </methodId>
      <arguments>
        <il.ac.technion.nlp.nli.core.method__call.NonPrimitiveArgument>
          <nonPrimitiveEntityIds class="ofergivoli.olib.data_structures.set.SafeHashSet" serialization="custom">
            <unserializable-parents/>
            <set>
              <default/>
              <int>8</int>
              <float>0.75</float>
              <int>4</int>
              <string>2</string>
              <string>3</string>
              <string>4</string>
              <string>5</string>
            </set>
          </nonPrimitiveEntityIds>
        </il.ac.technion.nlp.nli.core.method__call.NonPrimitiveArgument>
      </arguments>
      <entityIdOfObjectMethodIsInvokeOn>1</entityIdOfObjectMethodIsInvokeOn>
    </il.ac.technion.nlp.nli.core.method__call.MethodCall>
  </entry>
  <entry>
    <string>test-127</string>
    <il.ac.technion.nlp.nli.core.method__call.MethodCall>
      <methodId>
        <declaringClassCanonicalName>il.ac.technion.nlp.nli.dataset1.domains.workforce_management.entities.WorkforceManagementSystem</declaringClassCanonicalName>
        <name>updateSalary</name>
        <parameterClassNames>
          <string>il.ac.technion.nlp.nli.dataset1.domains.workforce_management.entities.Employee</string>
          <string>int</string>
        </parameterClassNames>
      </methodId>
      <arguments>
        <il.ac.technion.nlp.nli.core.method__call.NonPrimitiveArgument>
          <nonPrimitiveEntityIds class="ofergivoli.olib.data_structures.set.SafeHashSet" serialization="custom">
            <unserializable-parents/>
            <set>
              <default/>
              <int>2</int>
              <float>0.75</float>
              <int>1</int>
              <string>3</string>
            </set>
          </nonPrimitiveEntityIds>
        </il.ac.technion.nlp.nli.core.method__call.NonPrimitiveArgument>
        <il.ac.technion.nlp.nli.core.method__call.PrimitiveArgument>
          <primitiveEntities class="list">
            <il.ac.technion.nlp.nli.core.state.PrimitiveEntity>
              <value class="int">92971</value>
            </il.ac.technion.nlp.nli.core.state.PrimitiveEntity>
          </primitiveEntities>
        </il.ac.technion.nlp.nli.core.method__call.PrimitiveArgument>
      </arguments>
      <entityIdOfObjectMethodIsInvokeOn>1</entityIdOfObjectMethodIsInvokeOn>
    </il.ac.technion.nlp.nli.core.method__call.MethodCall>
  </entry>
  <entry>
    <string>test-248</string>
    <il.ac.technion.nlp.nli.core.method__call.MethodCall>
      <methodId>
        <declaringClassCanonicalName>il.ac.technion.nlp.nli.dataset1.domains.calendar.entities.Calendar</declaringClassCanonicalName>
        <name>setEventColor</name>
        <parameterClassNames>
          <string>java.util.Collection</string>
          <string>il.ac.technion.nlp.nli.core.state.entities.Color</string>
        </parameterClassNames>
      </methodId>
      <arguments>
        <il.ac.technion.nlp.nli.core.method__call.NonPrimitiveArgument>
          <nonPrimitiveEntityIds class="ofergivoli.olib.data_structures.set.SafeHashSet" serialization="custom">
            <unserializable-parents/>
            <set>
              <default/>
              <int>4</int>
              <float>0.75</float>
              <int>2</int>
              <string>5</string>
              <string>3</string>
            </set>
          </nonPrimitiveEntityIds>
        </il.ac.technion.nlp.nli.core.method__call.NonPrimitiveArgument>
        <il.ac.technion.nlp.nli.core.method__call.PrimitiveArgument>
          <primitiveEntities class="list">
            <il.ac.technion.nlp.nli.core.state.PrimitiveEntity>
              <value class="il.ac.technion.nlp.nli.core.state.entities.Color">BLUE</value>
            </il.ac.technion.nlp.nli.core.state.PrimitiveEntity>
          </primitiveEntities>
        </il.ac.technion.nlp.nli.core.method__call.PrimitiveArgument>
      </arguments>
      <entityIdOfObjectMethodIsInvokeOn>1</entityIdOfObjectMethodIsInvokeOn>
    </il.ac.technion.nlp.nli.core.method__call.MethodCall>
  </entry>
  <entry>
    <string>test-369</string>
    <il.ac.technion.nlp.nli.core.method__call.MethodCall>
      <methodId>
        <declaringClassCanonicalName>il.ac.technion.nlp.nli.dataset1.domains.list.entities.SpecialList</declaringClassCanonicalName>
        <name>remove</name>
        <parameterClassNames>
          <string>java.util.Collection</string>
        </parameterClassNames>
      </methodId>
      <arguments>
        <il.ac.technion.nlp.nli.core.method__call.NonPrimitiveArgument>
          <nonPrimitiveEntityIds class="ofergivoli.olib.data_structures.set.SafeHashSet" serialization="custom">
            <unserializable-parents/>
            <set>
              <default/>
              <int>2</int>
              <float>0.75</float>
              <int>1</int>
              <string>5</string>
            </set>
          </nonPrimitiveEntityIds>
        </il.ac.technion.nlp.nli.core.method__call.NonPrimitiveArgument>
      </arguments>
      <entityIdOfObjectMethodIsInvokeOn>1</entityIdOfObjectMethodIsInvokeOn>
    </il.ac.technion.nlp.nli.core.method__call.MethodCall>
  </entry>
  <entry>
    <string>test-124</string>
    <il.ac.technion.nlp.nli.core.method__call.MethodCall>
      <methodId>
        <declaringClassCanonicalName>il.ac.technion.nlp.nli.dataset1.domains.workforce_management.entities.WorkforceManagementSystem</declaringClassCanonicalName>
        <name>assignEmployeesToNewManager</name>
        <parameterClassNames>
          <string>java.util.Collection</string>
          <string>il.ac.technion.nlp.nli.dataset1.domains.workforce_management.entities.Employee</string>
        </parameterClassNames>
      </methodId>
      <arguments>
        <il.ac.technion.nlp.nli.core.method__call.NonPrimitiveArgument>
          <nonPrimitiveEntityIds class="ofergivoli.olib.data_structures.set.SafeHashSet" serialization="custom">
            <unserializable-parents/>
            <set>
              <default/>
              <int>2</int>
              <float>0.75</float>
              <int>1</int>
              <string>5</string>
            </set>
          </nonPrimitiveEntityIds>
        </il.ac.technion.nlp.nli.core.method__call.NonPrimitiveArgument>
        <il.ac.technion.nlp.nli.core.method__call.NonPrimitiveArgument>
          <nonPrimitiveEntityIds class="ofergivoli.olib.data_structures.set.SafeHashSet" serialization="custom">
            <unserializable-parents/>
            <set>
              <default/>
              <int>2</int>
              <float>0.75</float>
              <int>1</int>
              <string>2</string>
            </set>
          </nonPrimitiveEntityIds>
        </il.ac.technion.nlp.nli.core.method__call.NonPrimitiveArgument>
      </arguments>
      <entityIdOfObjectMethodIsInvokeOn>1</entityIdOfObjectMethodIsInvokeOn>
    </il.ac.technion.nlp.nli.core.method__call.MethodCall>
  </entry>
  <entry>
    <string>test-245</string>
    <il.ac.technion.nlp.nli.core.method__call.MethodCall>
      <methodId>
        <declaringClassCanonicalName>il.ac.technion.nlp.nli.dataset1.domains.workforce_management.entities.WorkforceManagementSystem</declaringClassCanonicalName>
        <name>assignEmployeeToNewPosition</name>
        <parameterClassNames>
          <string>il.ac.technion.nlp.nli.dataset1.domains.workforce_management.entities.Employee</string>
          <string>il.ac.technion.nlp.nli.dataset1.domains.workforce_management.entities.Position</string>
        </parameterClassNames>
      </methodId>
      <arguments>
        <il.ac.technion.nlp.nli.core.method__call.NonPrimitiveArgument>
          <nonPrimitiveEntityIds class="ofergivoli.olib.data_structures.set.SafeHashSet" serialization="custom">
            <unserializable-parents/>
            <set>
              <default/>
              <int>2</int>
              <float>0.75</float>
              <int>1</int>
              <string>4</string>
            </set>
          </nonPrimitiveEntityIds>
        </il.ac.technion.nlp.nli.core.method__call.NonPrimitiveArgument>
        <il.ac.technion.nlp.nli.core.method__call.PrimitiveArgument>
          <primitiveEntities class="list">
            <il.ac.technion.nlp.nli.core.state.PrimitiveEntity>
              <value class="il.ac.technion.nlp.nli.dataset1.domains.workforce_management.entities.Position">QA</value>
            </il.ac.technion.nlp.nli.core.state.PrimitiveEntity>
          </primitiveEntities>
        </il.ac.technion.nlp.nli.core.method__call.PrimitiveArgument>
      </arguments>
      <entityIdOfObjectMethodIsInvokeOn>1</entityIdOfObjectMethodIsInvokeOn>
    </il.ac.technion.nlp.nli.core.method__call.MethodCall>
  </entry>
  <entry>
    <string>test-366</string>
    <il.ac.technion.nlp.nli.core.method__call.MethodCall>
      <methodId>
        <declaringClassCanonicalName>il.ac.technion.nlp.nli.dataset1.domains.messenger.Messenger</declaringClassCanonicalName>
        <name>createChatGroup</name>
        <parameterClassNames>
          <string>java.util.Collection</string>
        </parameterClassNames>
      </methodId>
      <arguments>
        <il.ac.technion.nlp.nli.core.method__call.NonPrimitiveArgument>
          <nonPrimitiveEntityIds class="ofergivoli.olib.data_structures.set.SafeHashSet" serialization="custom">
            <unserializable-parents/>
            <set>
              <default/>
              <int>4</int>
              <float>0.75</float>
              <int>3</int>
              <string>6</string>
              <string>3</string>
              <string>10</string>
            </set>
          </nonPrimitiveEntityIds>
        </il.ac.technion.nlp.nli.core.method__call.NonPrimitiveArgument>
      </arguments>
      <entityIdOfObjectMethodIsInvokeOn>1</entityIdOfObjectMethodIsInvokeOn>
    </il.ac.technion.nlp.nli.core.method__call.MethodCall>
  </entry>
  <entry>
    <string>test-487</string>
    <il.ac.technion.nlp.nli.core.method__call.MethodCall>
      <methodId>
        <declaringClassCanonicalName>il.ac.technion.nlp.nli.dataset1.domains.file_manager.entities.FileManager</declaringClassCanonicalName>
        <name>moveFiles</name>
        <parameterClassNames>
          <string>java.util.Collection</string>
          <string>il.ac.technion.nlp.nli.dataset1.domains.file_manager.entities.Directory</string>
        </parameterClassNames>
      </methodId>
      <arguments>
        <il.ac.technion.nlp.nli.core.method__call.NonPrimitiveArgument>
          <nonPrimitiveEntityIds class="ofergivoli.olib.data_structures.set.SafeHashSet" serialization="custom">
            <unserializable-parents/>
            <set>
              <default/>
              <int>4</int>
              <float>0.75</float>
              <int>2</int>
              <string>5</string>
              <string>6</string>
            </set>
          </nonPrimitiveEntityIds>
        </il.ac.technion.nlp.nli.core.method__call.NonPrimitiveArgument>
        <il.ac.technion.nlp.nli.core.method__call.NonPrimitiveArgument>
          <nonPrimitiveEntityIds class="ofergivoli.olib.data_structures.set.SafeHashSet" serialization="custom">
            <unserializable-parents/>
            <set>
              <default/>
              <int>2</int>
              <float>0.75</float>
              <int>1</int>
              <string>7</string>
            </set>
          </nonPrimitiveEntityIds>
        </il.ac.technion.nlp.nli.core.method__call.NonPrimitiveArgument>
      </arguments>
      <entityIdOfObjectMethodIsInvokeOn>1</entityIdOfObjectMethodIsInvokeOn>
    </il.ac.technion.nlp.nli.core.method__call.MethodCall>
  </entry>
  <entry>
    <string>test-125</string>
    <il.ac.technion.nlp.nli.core.method__call.MethodCall>
      <methodId>
        <declaringClassCanonicalName>il.ac.technion.nlp.nli.dataset1.domains.workforce_management.entities.WorkforceManagementSystem</declaringClassCanonicalName>
        <name>assignEmployeeToNewPosition</name>
        <parameterClassNames>
          <string>il.ac.technion.nlp.nli.dataset1.domains.workforce_management.entities.Employee</string>
          <string>il.ac.technion.nlp.nli.dataset1.domains.workforce_management.entities.Position</string>
        </parameterClassNames>
      </methodId>
      <arguments>
        <il.ac.technion.nlp.nli.core.method__call.NonPrimitiveArgument>
          <nonPrimitiveEntityIds class="ofergivoli.olib.data_structures.set.SafeHashSet" serialization="custom">
            <unserializable-parents/>
            <set>
              <default/>
              <int>2</int>
              <float>0.75</float>
              <int>1</int>
              <string>2</string>
            </set>
          </nonPrimitiveEntityIds>
        </il.ac.technion.nlp.nli.core.method__call.NonPrimitiveArgument>
        <il.ac.technion.nlp.nli.core.method__call.PrimitiveArgument>
          <primitiveEntities class="list">
            <il.ac.technion.nlp.nli.core.state.PrimitiveEntity>
              <value class="il.ac.technion.nlp.nli.dataset1.domains.workforce_management.entities.Position">QA</value>
            </il.ac.technion.nlp.nli.core.state.PrimitiveEntity>
          </primitiveEntities>
        </il.ac.technion.nlp.nli.core.method__call.PrimitiveArgument>
      </arguments>
      <entityIdOfObjectMethodIsInvokeOn>1</entityIdOfObjectMethodIsInvokeOn>
    </il.ac.technion.nlp.nli.core.method__call.MethodCall>
  </entry>
  <entry>
    <string>test-246</string>
    <il.ac.technion.nlp.nli.core.method__call.MethodCall>
      <methodId>
        <declaringClassCanonicalName>il.ac.technion.nlp.nli.dataset1.domains.messenger.Messenger</declaringClassCanonicalName>
        <name>muteChatGroups</name>
        <parameterClassNames>
          <string>java.util.Collection</string>
        </parameterClassNames>
      </methodId>
      <arguments>
        <il.ac.technion.nlp.nli.core.method__call.NonPrimitiveArgument>
          <nonPrimitiveEntityIds class="ofergivoli.olib.data_structures.set.SafeHashSet" serialization="custom">
            <unserializable-parents/>
            <set>
              <default/>
              <int>2</int>
              <float>0.75</float>
              <int>1</int>
              <string>13</string>
            </set>
          </nonPrimitiveEntityIds>
        </il.ac.technion.nlp.nli.core.method__call.NonPrimitiveArgument>
      </arguments>
      <entityIdOfObjectMethodIsInvokeOn>1</entityIdOfObjectMethodIsInvokeOn>
    </il.ac.technion.nlp.nli.core.method__call.MethodCall>
  </entry>
  <entry>
    <string>test-367</string>
    <il.ac.technion.nlp.nli.core.method__call.MethodCall>
      <methodId>
        <declaringClassCanonicalName>il.ac.technion.nlp.nli.dataset1.domains.container_management.entities.ContainerManagementSystem</declaringClassCanonicalName>
        <name>loadContainers</name>
        <parameterClassNames>
          <string>java.util.Collection</string>
        </parameterClassNames>
      </methodId>
      <arguments>
        <il.ac.technion.nlp.nli.core.method__call.NonPrimitiveArgument>
          <nonPrimitiveEntityIds class="ofergivoli.olib.data_structures.set.SafeHashSet" serialization="custom">
            <unserializable-parents/>
            <set>
              <default/>
              <int>2</int>
              <float>0.75</float>
              <int>1</int>
              <string>2</string>
            </set>
          </nonPrimitiveEntityIds>
        </il.ac.technion.nlp.nli.core.method__call.NonPrimitiveArgument>
      </arguments>
      <entityIdOfObjectMethodIsInvokeOn>1</entityIdOfObjectMethodIsInvokeOn>
    </il.ac.technion.nlp.nli.core.method__call.MethodCall>
  </entry>
  <entry>
    <string>test-488</string>
    <il.ac.technion.nlp.nli.core.method__call.MethodCall>
      <methodId>
        <declaringClassCanonicalName>il.ac.technion.nlp.nli.dataset1.domains.messenger.Messenger</declaringClassCanonicalName>
        <name>unmuteChatGroups</name>
        <parameterClassNames>
          <string>java.util.Collection</string>
        </parameterClassNames>
      </methodId>
      <arguments>
        <il.ac.technion.nlp.nli.core.method__call.NonPrimitiveArgument>
          <nonPrimitiveEntityIds class="ofergivoli.olib.data_structures.set.SafeHashSet" serialization="custom">
            <unserializable-parents/>
            <set>
              <default/>
              <int>2</int>
              <float>0.75</float>
              <int>1</int>
              <string>11</string>
            </set>
          </nonPrimitiveEntityIds>
        </il.ac.technion.nlp.nli.core.method__call.NonPrimitiveArgument>
      </arguments>
      <entityIdOfObjectMethodIsInvokeOn>1</entityIdOfObjectMethodIsInvokeOn>
    </il.ac.technion.nlp.nli.core.method__call.MethodCall>
  </entry>
  <entry>
    <string>test-128</string>
    <il.ac.technion.nlp.nli.core.method__call.MethodCall>
      <methodId>
        <declaringClassCanonicalName>il.ac.technion.nlp.nli.dataset1.domains.workforce_management.entities.WorkforceManagementSystem</declaringClassCanonicalName>
        <name>assignEmployeeToNewPosition</name>
        <parameterClassNames>
          <string>il.ac.technion.nlp.nli.dataset1.domains.workforce_management.entities.Employee</string>
          <string>il.ac.technion.nlp.nli.dataset1.domains.workforce_management.entities.Position</string>
        </parameterClassNames>
      </methodId>
      <arguments>
        <il.ac.technion.nlp.nli.core.method__call.NonPrimitiveArgument>
          <nonPrimitiveEntityIds class="ofergivoli.olib.data_structures.set.SafeHashSet" serialization="custom">
            <unserializable-parents/>
            <set>
              <default/>
              <int>2</int>
              <float>0.75</float>
              <int>1</int>
              <string>4</string>
            </set>
          </nonPrimitiveEntityIds>
        </il.ac.technion.nlp.nli.core.method__call.NonPrimitiveArgument>
        <il.ac.technion.nlp.nli.core.method__call.PrimitiveArgument>
          <primitiveEntities class="list">
            <il.ac.technion.nlp.nli.core.state.PrimitiveEntity>
              <value class="il.ac.technion.nlp.nli.dataset1.domains.workforce_management.entities.Position">DEVELOPER</value>
            </il.ac.technion.nlp.nli.core.state.PrimitiveEntity>
          </primitiveEntities>
        </il.ac.technion.nlp.nli.core.method__call.PrimitiveArgument>
      </arguments>
      <entityIdOfObjectMethodIsInvokeOn>1</entityIdOfObjectMethodIsInvokeOn>
    </il.ac.technion.nlp.nli.core.method__call.MethodCall>
  </entry>
  <entry>
    <string>test-249</string>
    <il.ac.technion.nlp.nli.core.method__call.MethodCall>
      <methodId>
        <declaringClassCanonicalName>il.ac.technion.nlp.nli.dataset1.domains.lighting_control.entities.LightingControlSystem</declaringClassCanonicalName>
        <name>turnLightOff</name>
        <parameterClassNames>
          <string>java.util.Collection</string>
        </parameterClassNames>
      </methodId>
      <arguments>
        <il.ac.technion.nlp.nli.core.method__call.NonPrimitiveArgument>
          <nonPrimitiveEntityIds class="ofergivoli.olib.data_structures.set.SafeHashSet" serialization="custom">
            <unserializable-parents/>
            <set>
              <default/>
              <int>4</int>
              <float>0.75</float>
              <int>3</int>
              <string>5</string>
              <string>2</string>
              <string>3</string>
            </set>
          </nonPrimitiveEntityIds>
        </il.ac.technion.nlp.nli.core.method__call.NonPrimitiveArgument>
      </arguments>
      <entityIdOfObjectMethodIsInvokeOn>1</entityIdOfObjectMethodIsInvokeOn>
    </il.ac.technion.nlp.nli.core.method__call.MethodCall>
  </entry>
  <entry>
    <string>test-129</string>
    <il.ac.technion.nlp.nli.core.method__call.MethodCall>
      <methodId>
        <declaringClassCanonicalName>il.ac.technion.nlp.nli.dataset1.domains.list.entities.SpecialList</declaringClassCanonicalName>
        <name>remove</name>
        <parameterClassNames>
          <string>java.util.Collection</string>
        </parameterClassNames>
      </methodId>
      <arguments>
        <il.ac.technion.nlp.nli.core.method__call.NonPrimitiveArgument>
          <nonPrimitiveEntityIds class="ofergivoli.olib.data_structures.set.SafeHashSet" serialization="custom">
            <unserializable-parents/>
            <set>
              <default/>
              <int>4</int>
              <float>0.75</float>
              <int>3</int>
              <string>5</string>
              <string>2</string>
              <string>3</string>
            </set>
          </nonPrimitiveEntityIds>
        </il.ac.technion.nlp.nli.core.method__call.NonPrimitiveArgument>
      </arguments>
      <entityIdOfObjectMethodIsInvokeOn>1</entityIdOfObjectMethodIsInvokeOn>
    </il.ac.technion.nlp.nli.core.method__call.MethodCall>
  </entry>
  <entry>
    <string>test-2</string>
    <il.ac.technion.nlp.nli.core.method__call.MethodCall>
      <methodId>
        <declaringClassCanonicalName>il.ac.technion.nlp.nli.dataset1.domains.calendar.entities.Calendar</declaringClassCanonicalName>
        <name>removeEvents</name>
        <parameterClassNames>
          <string>java.util.Collection</string>
        </parameterClassNames>
      </methodId>
      <arguments>
        <il.ac.technion.nlp.nli.core.method__call.NonPrimitiveArgument>
          <nonPrimitiveEntityIds class="ofergivoli.olib.data_structures.set.SafeHashSet" serialization="custom">
            <unserializable-parents/>
            <set>
              <default/>
              <int>4</int>
              <float>0.75</float>
              <int>3</int>
              <string>4</string>
              <string>5</string>
              <string>3</string>
            </set>
          </nonPrimitiveEntityIds>
        </il.ac.technion.nlp.nli.core.method__call.NonPrimitiveArgument>
      </arguments>
      <entityIdOfObjectMethodIsInvokeOn>1</entityIdOfObjectMethodIsInvokeOn>
    </il.ac.technion.nlp.nli.core.method__call.MethodCall>
  </entry>
  <entry>
    <string>test-1</string>
    <il.ac.technion.nlp.nli.core.method__call.MethodCall>
      <methodId>
        <declaringClassCanonicalName>il.ac.technion.nlp.nli.dataset1.domains.file_manager.entities.FileManager</declaringClassCanonicalName>
        <name>removeFiles</name>
        <parameterClassNames>
          <string>java.util.Collection</string>
        </parameterClassNames>
      </methodId>
      <arguments>
        <il.ac.technion.nlp.nli.core.method__call.NonPrimitiveArgument>
          <nonPrimitiveEntityIds class="ofergivoli.olib.data_structures.set.SafeHashSet" serialization="custom">
            <unserializable-parents/>
            <set>
              <default/>
              <int>8</int>
              <float>0.75</float>
              <int>4</int>
              <string>8</string>
              <string>4</string>
              <string>6</string>
              <string>7</string>
            </set>
          </nonPrimitiveEntityIds>
        </il.ac.technion.nlp.nli.core.method__call.NonPrimitiveArgument>
      </arguments>
      <entityIdOfObjectMethodIsInvokeOn>1</entityIdOfObjectMethodIsInvokeOn>
    </il.ac.technion.nlp.nli.core.method__call.MethodCall>
  </entry>
  <entry>
    <string>test-650</string>
    <il.ac.technion.nlp.nli.core.method__call.MethodCall>
      <methodId>
        <declaringClassCanonicalName>il.ac.technion.nlp.nli.dataset1.domains.file_manager.entities.FileManager</declaringClassCanonicalName>
        <name>moveFiles</name>
        <parameterClassNames>
          <string>java.util.Collection</string>
          <string>il.ac.technion.nlp.nli.dataset1.domains.file_manager.entities.Directory</string>
        </parameterClassNames>
      </methodId>
      <arguments>
        <il.ac.technion.nlp.nli.core.method__call.NonPrimitiveArgument>
          <nonPrimitiveEntityIds class="ofergivoli.olib.data_structures.set.SafeHashSet" serialization="custom">
            <unserializable-parents/>
            <set>
              <default/>
              <int>2</int>
              <float>0.75</float>
              <int>1</int>
              <string>4</string>
            </set>
          </nonPrimitiveEntityIds>
        </il.ac.technion.nlp.nli.core.method__call.NonPrimitiveArgument>
        <il.ac.technion.nlp.nli.core.method__call.NonPrimitiveArgument>
          <nonPrimitiveEntityIds class="ofergivoli.olib.data_structures.set.SafeHashSet" serialization="custom">
            <unserializable-parents/>
            <set>
              <default/>
              <int>2</int>
              <float>0.75</float>
              <int>1</int>
              <string>5</string>
            </set>
          </nonPrimitiveEntityIds>
        </il.ac.technion.nlp.nli.core.method__call.NonPrimitiveArgument>
      </arguments>
      <entityIdOfObjectMethodIsInvokeOn>1</entityIdOfObjectMethodIsInvokeOn>
    </il.ac.technion.nlp.nli.core.method__call.MethodCall>
  </entry>
  <entry>
    <string>test-530</string>
    <il.ac.technion.nlp.nli.core.method__call.MethodCall>
      <methodId>
        <declaringClassCanonicalName>il.ac.technion.nlp.nli.dataset1.domains.container_management.entities.ContainerManagementSystem</declaringClassCanonicalName>
        <name>unloadContainers</name>
        <parameterClassNames>
          <string>java.util.Collection</string>
        </parameterClassNames>
      </methodId>
      <arguments>
        <il.ac.technion.nlp.nli.core.method__call.NonPrimitiveArgument>
          <nonPrimitiveEntityIds class="ofergivoli.olib.data_structures.set.SafeHashSet" serialization="custom">
            <unserializable-parents/>
            <set>
              <default/>
              <int>4</int>
              <float>0.75</float>
              <int>3</int>
              <string>5</string>
              <string>2</string>
              <string>3</string>
            </set>
          </nonPrimitiveEntityIds>
        </il.ac.technion.nlp.nli.core.method__call.NonPrimitiveArgument>
      </arguments>
      <entityIdOfObjectMethodIsInvokeOn>1</entityIdOfObjectMethodIsInvokeOn>
    </il.ac.technion.nlp.nli.core.method__call.MethodCall>
  </entry>
  <entry>
    <string>test-651</string>
    <il.ac.technion.nlp.nli.core.method__call.MethodCall>
      <methodId>
        <declaringClassCanonicalName>il.ac.technion.nlp.nli.dataset1.domains.container_management.entities.ContainerManagementSystem</declaringClassCanonicalName>
        <name>loadContainers</name>
        <parameterClassNames>
          <string>java.util.Collection</string>
        </parameterClassNames>
      </methodId>
      <arguments>
        <il.ac.technion.nlp.nli.core.method__call.NonPrimitiveArgument>
          <nonPrimitiveEntityIds class="ofergivoli.olib.data_structures.set.SafeHashSet" serialization="custom">
            <unserializable-parents/>
            <set>
              <default/>
              <int>4</int>
              <float>0.75</float>
              <int>3</int>
              <string>2</string>
              <string>6</string>
              <string>3</string>
            </set>
          </nonPrimitiveEntityIds>
        </il.ac.technion.nlp.nli.core.method__call.NonPrimitiveArgument>
      </arguments>
      <entityIdOfObjectMethodIsInvokeOn>1</entityIdOfObjectMethodIsInvokeOn>
    </il.ac.technion.nlp.nli.core.method__call.MethodCall>
  </entry>
  <entry>
    <string>test-14</string>
    <il.ac.technion.nlp.nli.core.method__call.MethodCall>
      <methodId>
        <declaringClassCanonicalName>il.ac.technion.nlp.nli.dataset1.domains.workforce_management.entities.WorkforceManagementSystem</declaringClassCanonicalName>
        <name>fireEmployees</name>
        <parameterClassNames>
          <string>java.util.Collection</string>
        </parameterClassNames>
      </methodId>
      <arguments>
        <il.ac.technion.nlp.nli.core.method__call.NonPrimitiveArgument>
          <nonPrimitiveEntityIds class="ofergivoli.olib.data_structures.set.SafeHashSet" serialization="custom">
            <unserializable-parents/>
            <set>
              <default/>
              <int>2</int>
              <float>0.75</float>
              <int>1</int>
              <string>2</string>
            </set>
          </nonPrimitiveEntityIds>
        </il.ac.technion.nlp.nli.core.method__call.NonPrimitiveArgument>
      </arguments>
      <entityIdOfObjectMethodIsInvokeOn>1</entityIdOfObjectMethodIsInvokeOn>
    </il.ac.technion.nlp.nli.core.method__call.MethodCall>
  </entry>
  <entry>
    <string>test-412</string>
    <il.ac.technion.nlp.nli.core.method__call.MethodCall>
      <methodId>
        <declaringClassCanonicalName>il.ac.technion.nlp.nli.dataset1.domains.list.entities.SpecialList</declaringClassCanonicalName>
        <name>moveToBeginning</name>
        <parameterClassNames>
          <string>il.ac.technion.nlp.nli.dataset1.domains.list.entities.ListElement</string>
        </parameterClassNames>
      </methodId>
      <arguments>
        <il.ac.technion.nlp.nli.core.method__call.NonPrimitiveArgument>
          <nonPrimitiveEntityIds class="ofergivoli.olib.data_structures.set.SafeHashSet" serialization="custom">
            <unserializable-parents/>
            <set>
              <default/>
              <int>2</int>
              <float>0.75</float>
              <int>1</int>
              <string>6</string>
            </set>
          </nonPrimitiveEntityIds>
        </il.ac.technion.nlp.nli.core.method__call.NonPrimitiveArgument>
      </arguments>
      <entityIdOfObjectMethodIsInvokeOn>1</entityIdOfObjectMethodIsInvokeOn>
    </il.ac.technion.nlp.nli.core.method__call.MethodCall>
  </entry>
  <entry>
    <string>test-533</string>
    <il.ac.technion.nlp.nli.core.method__call.MethodCall>
      <methodId>
        <declaringClassCanonicalName>il.ac.technion.nlp.nli.dataset1.domains.container_management.entities.ContainerManagementSystem</declaringClassCanonicalName>
        <name>loadContainers</name>
        <parameterClassNames>
          <string>java.util.Collection</string>
        </parameterClassNames>
      </methodId>
      <arguments>
        <il.ac.technion.nlp.nli.core.method__call.NonPrimitiveArgument>
          <nonPrimitiveEntityIds class="ofergivoli.olib.data_structures.set.SafeHashSet" serialization="custom">
            <unserializable-parents/>
            <set>
              <default/>
              <int>4</int>
              <float>0.75</float>
              <int>2</int>
              <string>4</string>
              <string>5</string>
            </set>
          </nonPrimitiveEntityIds>
        </il.ac.technion.nlp.nli.core.method__call.NonPrimitiveArgument>
      </arguments>
      <entityIdOfObjectMethodIsInvokeOn>1</entityIdOfObjectMethodIsInvokeOn>
    </il.ac.technion.nlp.nli.core.method__call.MethodCall>
  </entry>
  <entry>
    <string>test-654</string>
    <il.ac.technion.nlp.nli.core.method__call.MethodCall>
      <methodId>
        <declaringClassCanonicalName>il.ac.technion.nlp.nli.dataset1.domains.lighting_control.entities.LightingControlSystem</declaringClassCanonicalName>
        <name>turnLightOff</name>
        <parameterClassNames>
          <string>java.util.Collection</string>
        </parameterClassNames>
      </methodId>
      <arguments>
        <il.ac.technion.nlp.nli.core.method__call.NonPrimitiveArgument>
          <nonPrimitiveEntityIds class="ofergivoli.olib.data_structures.set.SafeHashSet" serialization="custom">
            <unserializable-parents/>
            <set>
              <default/>
              <int>8</int>
              <float>0.75</float>
              <int>5</int>
              <string>11</string>
              <string>8</string>
              <string>9</string>
              <string>5</string>
              <string>10</string>
            </set>
          </nonPrimitiveEntityIds>
        </il.ac.technion.nlp.nli.core.method__call.NonPrimitiveArgument>
      </arguments>
      <entityIdOfObjectMethodIsInvokeOn>1</entityIdOfObjectMethodIsInvokeOn>
    </il.ac.technion.nlp.nli.core.method__call.MethodCall>
  </entry>
  <entry>
    <string>test-9</string>
    <il.ac.technion.nlp.nli.core.method__call.MethodCall>
      <methodId>
        <declaringClassCanonicalName>il.ac.technion.nlp.nli.dataset1.domains.container_management.entities.ContainerManagementSystem</declaringClassCanonicalName>
        <name>removeContainers</name>
        <parameterClassNames>
          <string>java.util.Collection</string>
        </parameterClassNames>
      </methodId>
      <arguments>
        <il.ac.technion.nlp.nli.core.method__call.NonPrimitiveArgument>
          <nonPrimitiveEntityIds class="ofergivoli.olib.data_structures.set.SafeHashSet" serialization="custom">
            <unserializable-parents/>
            <set>
              <default/>
              <int>2</int>
              <float>0.75</float>
              <int>1</int>
              <string>3</string>
            </set>
          </nonPrimitiveEntityIds>
        </il.ac.technion.nlp.nli.core.method__call.NonPrimitiveArgument>
      </arguments>
      <entityIdOfObjectMethodIsInvokeOn>1</entityIdOfObjectMethodIsInvokeOn>
    </il.ac.technion.nlp.nli.core.method__call.MethodCall>
  </entry>
  <entry>
    <string>test-15</string>
    <il.ac.technion.nlp.nli.core.method__call.MethodCall>
      <methodId>
        <declaringClassCanonicalName>il.ac.technion.nlp.nli.dataset1.domains.list.entities.SpecialList</declaringClassCanonicalName>
        <name>remove</name>
        <parameterClassNames>
          <string>java.util.Collection</string>
        </parameterClassNames>
      </methodId>
      <arguments>
        <il.ac.technion.nlp.nli.core.method__call.NonPrimitiveArgument>
          <nonPrimitiveEntityIds class="ofergivoli.olib.data_structures.set.SafeHashSet" serialization="custom">
            <unserializable-parents/>
            <set>
              <default/>
              <int>2</int>
              <float>0.75</float>
              <int>1</int>
              <string>2</string>
            </set>
          </nonPrimitiveEntityIds>
        </il.ac.technion.nlp.nli.core.method__call.NonPrimitiveArgument>
      </arguments>
      <entityIdOfObjectMethodIsInvokeOn>1</entityIdOfObjectMethodIsInvokeOn>
    </il.ac.technion.nlp.nli.core.method__call.MethodCall>
  </entry>
  <entry>
    <string>test-413</string>
    <il.ac.technion.nlp.nli.core.method__call.MethodCall>
      <methodId>
        <declaringClassCanonicalName>il.ac.technion.nlp.nli.dataset1.domains.calendar.entities.Calendar</declaringClassCanonicalName>
        <name>removeEvents</name>
        <parameterClassNames>
          <string>java.util.Collection</string>
        </parameterClassNames>
      </methodId>
      <arguments>
        <il.ac.technion.nlp.nli.core.method__call.NonPrimitiveArgument>
          <nonPrimitiveEntityIds class="ofergivoli.olib.data_structures.set.SafeHashSet" serialization="custom">
            <unserializable-parents/>
            <set>
              <default/>
              <int>4</int>
              <float>0.75</float>
              <int>3</int>
              <string>5</string>
              <string>2</string>
              <string>3</string>
            </set>
          </nonPrimitiveEntityIds>
        </il.ac.technion.nlp.nli.core.method__call.NonPrimitiveArgument>
      </arguments>
      <entityIdOfObjectMethodIsInvokeOn>1</entityIdOfObjectMethodIsInvokeOn>
    </il.ac.technion.nlp.nli.core.method__call.MethodCall>
  </entry>
  <entry>
    <string>test-534</string>
    <il.ac.technion.nlp.nli.core.method__call.MethodCall>
      <methodId>
        <declaringClassCanonicalName>il.ac.technion.nlp.nli.dataset1.domains.workforce_management.entities.WorkforceManagementSystem</declaringClassCanonicalName>
        <name>assignEmployeeToNewPosition</name>
        <parameterClassNames>
          <string>il.ac.technion.nlp.nli.dataset1.domains.workforce_management.entities.Employee</string>
          <string>il.ac.technion.nlp.nli.dataset1.domains.workforce_management.entities.Position</string>
        </parameterClassNames>
      </methodId>
      <arguments>
        <il.ac.technion.nlp.nli.core.method__call.NonPrimitiveArgument>
          <nonPrimitiveEntityIds class="ofergivoli.olib.data_structures.set.SafeHashSet" serialization="custom">
            <unserializable-parents/>
            <set>
              <default/>
              <int>2</int>
              <float>0.75</float>
              <int>1</int>
              <string>2</string>
            </set>
          </nonPrimitiveEntityIds>
        </il.ac.technion.nlp.nli.core.method__call.NonPrimitiveArgument>
        <il.ac.technion.nlp.nli.core.method__call.PrimitiveArgument>
          <primitiveEntities class="list">
            <il.ac.technion.nlp.nli.core.state.PrimitiveEntity>
              <value class="il.ac.technion.nlp.nli.dataset1.domains.workforce_management.entities.Position">DEVELOPER</value>
            </il.ac.technion.nlp.nli.core.state.PrimitiveEntity>
          </primitiveEntities>
        </il.ac.technion.nlp.nli.core.method__call.PrimitiveArgument>
      </arguments>
      <entityIdOfObjectMethodIsInvokeOn>1</entityIdOfObjectMethodIsInvokeOn>
    </il.ac.technion.nlp.nli.core.method__call.MethodCall>
  </entry>
  <entry>
    <string>test-655</string>
    <il.ac.technion.nlp.nli.core.method__call.MethodCall>
      <methodId>
        <declaringClassCanonicalName>il.ac.technion.nlp.nli.dataset1.domains.lighting_control.entities.LightingControlSystem</declaringClassCanonicalName>
        <name>turnLightOff</name>
        <parameterClassNames>
          <string>java.util.Collection</string>
        </parameterClassNames>
      </methodId>
      <arguments>
        <il.ac.technion.nlp.nli.core.method__call.NonPrimitiveArgument>
          <nonPrimitiveEntityIds class="ofergivoli.olib.data_structures.set.SafeHashSet" serialization="custom">
            <unserializable-parents/>
            <set>
              <default/>
              <int>4</int>
              <float>0.75</float>
              <int>2</int>
              <string>5</string>
              <string>6</string>
            </set>
          </nonPrimitiveEntityIds>
        </il.ac.technion.nlp.nli.core.method__call.NonPrimitiveArgument>
      </arguments>
      <entityIdOfObjectMethodIsInvokeOn>1</entityIdOfObjectMethodIsInvokeOn>
    </il.ac.technion.nlp.nli.core.method__call.MethodCall>
  </entry>
  <entry>
    <string>test-8</string>
    <il.ac.technion.nlp.nli.core.method__call.MethodCall>
      <methodId>
        <declaringClassCanonicalName>il.ac.technion.nlp.nli.dataset1.domains.lighting_control.entities.LightingControlSystem</declaringClassCanonicalName>
        <name>turnLightOn</name>
        <parameterClassNames>
          <string>java.util.Collection</string>
        </parameterClassNames>
      </methodId>
      <arguments>
        <il.ac.technion.nlp.nli.core.method__call.NonPrimitiveArgument>
          <nonPrimitiveEntityIds class="ofergivoli.olib.data_structures.set.SafeHashSet" serialization="custom">
            <unserializable-parents/>
            <set>
              <default/>
              <int>4</int>
              <float>0.75</float>
              <int>2</int>
              <string>2</string>
              <string>3</string>
            </set>
          </nonPrimitiveEntityIds>
        </il.ac.technion.nlp.nli.core.method__call.NonPrimitiveArgument>
      </arguments>
      <entityIdOfObjectMethodIsInvokeOn>1</entityIdOfObjectMethodIsInvokeOn>
    </il.ac.technion.nlp.nli.core.method__call.MethodCall>
  </entry>
  <entry>
    <string>test-12</string>
    <il.ac.technion.nlp.nli.core.method__call.MethodCall>
      <methodId>
        <declaringClassCanonicalName>il.ac.technion.nlp.nli.dataset1.domains.list.entities.SpecialList</declaringClassCanonicalName>
        <name>moveToEnd</name>
        <parameterClassNames>
          <string>il.ac.technion.nlp.nli.dataset1.domains.list.entities.ListElement</string>
        </parameterClassNames>
      </methodId>
      <arguments>
        <il.ac.technion.nlp.nli.core.method__call.NonPrimitiveArgument>
          <nonPrimitiveEntityIds class="ofergivoli.olib.data_structures.set.SafeHashSet" serialization="custom">
            <unserializable-parents/>
            <set>
              <default/>
              <int>2</int>
              <float>0.75</float>
              <int>1</int>
              <string>3</string>
            </set>
          </nonPrimitiveEntityIds>
        </il.ac.technion.nlp.nli.core.method__call.NonPrimitiveArgument>
      </arguments>
      <entityIdOfObjectMethodIsInvokeOn>1</entityIdOfObjectMethodIsInvokeOn>
    </il.ac.technion.nlp.nli.core.method__call.MethodCall>
  </entry>
  <entry>
    <string>test-410</string>
    <il.ac.technion.nlp.nli.core.method__call.MethodCall>
      <methodId>
        <declaringClassCanonicalName>il.ac.technion.nlp.nli.dataset1.domains.messenger.Messenger</declaringClassCanonicalName>
        <name>deleteChatGroups</name>
        <parameterClassNames>
          <string>java.util.Collection</string>
        </parameterClassNames>
      </methodId>
      <arguments>
        <il.ac.technion.nlp.nli.core.method__call.NonPrimitiveArgument>
          <nonPrimitiveEntityIds class="ofergivoli.olib.data_structures.set.SafeHashSet" serialization="custom">
            <unserializable-parents/>
            <set>
              <default/>
              <int>4</int>
              <float>0.75</float>
              <int>2</int>
              <string>11</string>
              <string>13</string>
            </set>
          </nonPrimitiveEntityIds>
        </il.ac.technion.nlp.nli.core.method__call.NonPrimitiveArgument>
      </arguments>
      <entityIdOfObjectMethodIsInvokeOn>1</entityIdOfObjectMethodIsInvokeOn>
    </il.ac.technion.nlp.nli.core.method__call.MethodCall>
  </entry>
  <entry>
    <string>test-531</string>
    <il.ac.technion.nlp.nli.core.method__call.MethodCall>
      <methodId>
        <declaringClassCanonicalName>il.ac.technion.nlp.nli.dataset1.domains.file_manager.entities.FileManager</declaringClassCanonicalName>
        <name>removeFiles</name>
        <parameterClassNames>
          <string>java.util.Collection</string>
        </parameterClassNames>
      </methodId>
      <arguments>
        <il.ac.technion.nlp.nli.core.method__call.NonPrimitiveArgument>
          <nonPrimitiveEntityIds class="ofergivoli.olib.data_structures.set.SafeHashSet" serialization="custom">
            <unserializable-parents/>
            <set>
              <default/>
              <int>4</int>
              <float>0.75</float>
              <int>3</int>
              <string>4</string>
              <string>8</string>
              <string>5</string>
            </set>
          </nonPrimitiveEntityIds>
        </il.ac.technion.nlp.nli.core.method__call.NonPrimitiveArgument>
      </arguments>
      <entityIdOfObjectMethodIsInvokeOn>1</entityIdOfObjectMethodIsInvokeOn>
    </il.ac.technion.nlp.nli.core.method__call.MethodCall>
  </entry>
  <entry>
    <string>test-652</string>
    <il.ac.technion.nlp.nli.core.method__call.MethodCall>
      <methodId>
        <declaringClassCanonicalName>il.ac.technion.nlp.nli.dataset1.domains.messenger.Messenger</declaringClassCanonicalName>
        <name>deleteChatGroups</name>
        <parameterClassNames>
          <string>java.util.Collection</string>
        </parameterClassNames>
      </methodId>
      <arguments>
        <il.ac.technion.nlp.nli.core.method__call.NonPrimitiveArgument>
          <nonPrimitiveEntityIds class="ofergivoli.olib.data_structures.set.SafeHashSet" serialization="custom">
            <unserializable-parents/>
            <set>
              <default/>
              <int>2</int>
              <float>0.75</float>
              <int>1</int>
              <string>8</string>
            </set>
          </nonPrimitiveEntityIds>
        </il.ac.technion.nlp.nli.core.method__call.NonPrimitiveArgument>
      </arguments>
      <entityIdOfObjectMethodIsInvokeOn>1</entityIdOfObjectMethodIsInvokeOn>
    </il.ac.technion.nlp.nli.core.method__call.MethodCall>
  </entry>
  <entry>
    <string>test-7</string>
    <il.ac.technion.nlp.nli.core.method__call.MethodCall>
      <methodId>
        <declaringClassCanonicalName>il.ac.technion.nlp.nli.dataset1.domains.lighting_control.entities.LightingControlSystem</declaringClassCanonicalName>
        <name>turnLightOff</name>
        <parameterClassNames>
          <string>java.util.Collection</string>
        </parameterClassNames>
      </methodId>
      <arguments>
        <il.ac.technion.nlp.nli.core.method__call.NonPrimitiveArgument>
          <nonPrimitiveEntityIds class="ofergivoli.olib.data_structures.set.SafeHashSet" serialization="custom">
            <unserializable-parents/>
            <set>
              <default/>
              <int>8</int>
              <float>0.75</float>
              <int>4</int>
              <string>2</string>
              <string>3</string>
              <string>4</string>
              <string>5</string>
            </set>
          </nonPrimitiveEntityIds>
        </il.ac.technion.nlp.nli.core.method__call.NonPrimitiveArgument>
      </arguments>
      <entityIdOfObjectMethodIsInvokeOn>1</entityIdOfObjectMethodIsInvokeOn>
    </il.ac.technion.nlp.nli.core.method__call.MethodCall>
  </entry>
  <entry>
    <string>test-13</string>
    <il.ac.technion.nlp.nli.core.method__call.MethodCall>
      <methodId>
        <declaringClassCanonicalName>il.ac.technion.nlp.nli.dataset1.domains.container_management.entities.ContainerManagementSystem</declaringClassCanonicalName>
        <name>unloadContainers</name>
        <parameterClassNames>
          <string>java.util.Collection</string>
        </parameterClassNames>
      </methodId>
      <arguments>
        <il.ac.technion.nlp.nli.core.method__call.NonPrimitiveArgument>
          <nonPrimitiveEntityIds class="ofergivoli.olib.data_structures.set.SafeHashSet" serialization="custom">
            <unserializable-parents/>
            <set>
              <default/>
              <int>2</int>
              <float>0.75</float>
              <int>1</int>
              <string>3</string>
            </set>
          </nonPrimitiveEntityIds>
        </il.ac.technion.nlp.nli.core.method__call.NonPrimitiveArgument>
      </arguments>
      <entityIdOfObjectMethodIsInvokeOn>1</entityIdOfObjectMethodIsInvokeOn>
    </il.ac.technion.nlp.nli.core.method__call.MethodCall>
  </entry>
  <entry>
    <string>test-411</string>
    <il.ac.technion.nlp.nli.core.method__call.MethodCall>
      <methodId>
        <declaringClassCanonicalName>il.ac.technion.nlp.nli.dataset1.domains.calendar.entities.Calendar</declaringClassCanonicalName>
        <name>removeEvents</name>
        <parameterClassNames>
          <string>java.util.Collection</string>
        </parameterClassNames>
      </methodId>
      <arguments>
        <il.ac.technion.nlp.nli.core.method__call.NonPrimitiveArgument>
          <nonPrimitiveEntityIds class="ofergivoli.olib.data_structures.set.SafeHashSet" serialization="custom">
            <unserializable-parents/>
            <set>
              <default/>
              <int>2</int>
              <float>0.75</float>
              <int>1</int>
              <string>2</string>
            </set>
          </nonPrimitiveEntityIds>
        </il.ac.technion.nlp.nli.core.method__call.NonPrimitiveArgument>
      </arguments>
      <entityIdOfObjectMethodIsInvokeOn>1</entityIdOfObjectMethodIsInvokeOn>
    </il.ac.technion.nlp.nli.core.method__call.MethodCall>
  </entry>
  <entry>
    <string>test-532</string>
    <il.ac.technion.nlp.nli.core.method__call.MethodCall>
      <methodId>
        <declaringClassCanonicalName>il.ac.technion.nlp.nli.dataset1.domains.file_manager.entities.FileManager</declaringClassCanonicalName>
        <name>moveFiles</name>
        <parameterClassNames>
          <string>java.util.Collection</string>
          <string>il.ac.technion.nlp.nli.dataset1.domains.file_manager.entities.Directory</string>
        </parameterClassNames>
      </methodId>
      <arguments>
        <il.ac.technion.nlp.nli.core.method__call.NonPrimitiveArgument>
          <nonPrimitiveEntityIds class="ofergivoli.olib.data_structures.set.SafeHashSet" serialization="custom">
            <unserializable-parents/>
            <set>
              <default/>
              <int>2</int>
              <float>0.75</float>
              <int>1</int>
              <string>4</string>
            </set>
          </nonPrimitiveEntityIds>
        </il.ac.technion.nlp.nli.core.method__call.NonPrimitiveArgument>
        <il.ac.technion.nlp.nli.core.method__call.NonPrimitiveArgument>
          <nonPrimitiveEntityIds class="ofergivoli.olib.data_structures.set.SafeHashSet" serialization="custom">
            <unserializable-parents/>
            <set>
              <default/>
              <int>2</int>
              <float>0.75</float>
              <int>1</int>
              <string>8</string>
            </set>
          </nonPrimitiveEntityIds>
        </il.ac.technion.nlp.nli.core.method__call.NonPrimitiveArgument>
      </arguments>
      <entityIdOfObjectMethodIsInvokeOn>1</entityIdOfObjectMethodIsInvokeOn>
    </il.ac.technion.nlp.nli.core.method__call.MethodCall>
  </entry>
  <entry>
    <string>test-653</string>
    <il.ac.technion.nlp.nli.core.method__call.MethodCall>
      <methodId>
        <declaringClassCanonicalName>il.ac.technion.nlp.nli.dataset1.domains.workforce_management.entities.WorkforceManagementSystem</declaringClassCanonicalName>
        <name>assignEmployeesToNewManager</name>
        <parameterClassNames>
          <string>java.util.Collection</string>
          <string>il.ac.technion.nlp.nli.dataset1.domains.workforce_management.entities.Employee</string>
        </parameterClassNames>
      </methodId>
      <arguments>
        <il.ac.technion.nlp.nli.core.method__call.NonPrimitiveArgument>
          <nonPrimitiveEntityIds class="ofergivoli.olib.data_structures.set.SafeHashSet" serialization="custom">
            <unserializable-parents/>
            <set>
              <default/>
              <int>4</int>
              <float>0.75</float>
              <int>2</int>
              <string>6</string>
              <string>3</string>
            </set>
          </nonPrimitiveEntityIds>
        </il.ac.technion.nlp.nli.core.method__call.NonPrimitiveArgument>
        <il.ac.technion.nlp.nli.core.method__call.NonPrimitiveArgument>
          <nonPrimitiveEntityIds class="ofergivoli.olib.data_structures.set.SafeHashSet" serialization="custom">
            <unserializable-parents/>
            <set>
              <default/>
              <int>2</int>
              <float>0.75</float>
              <int>1</int>
              <string>5</string>
            </set>
          </nonPrimitiveEntityIds>
        </il.ac.technion.nlp.nli.core.method__call.NonPrimitiveArgument>
      </arguments>
      <entityIdOfObjectMethodIsInvokeOn>1</entityIdOfObjectMethodIsInvokeOn>
    </il.ac.technion.nlp.nli.core.method__call.MethodCall>
  </entry>
  <entry>
    <string>test-6</string>
    <il.ac.technion.nlp.nli.core.method__call.MethodCall>
      <methodId>
        <declaringClassCanonicalName>il.ac.technion.nlp.nli.dataset1.domains.file_manager.entities.FileManager</declaringClassCanonicalName>
        <name>moveFiles</name>
        <parameterClassNames>
          <string>java.util.Collection</string>
          <string>il.ac.technion.nlp.nli.dataset1.domains.file_manager.entities.Directory</string>
        </parameterClassNames>
      </methodId>
      <arguments>
        <il.ac.technion.nlp.nli.core.method__call.NonPrimitiveArgument>
          <nonPrimitiveEntityIds class="ofergivoli.olib.data_structures.set.SafeHashSet" serialization="custom">
            <unserializable-parents/>
            <set>
              <default/>
              <int>4</int>
              <float>0.75</float>
              <int>2</int>
              <string>8</string>
              <string>7</string>
            </set>
          </nonPrimitiveEntityIds>
        </il.ac.technion.nlp.nli.core.method__call.NonPrimitiveArgument>
        <il.ac.technion.nlp.nli.core.method__call.NonPrimitiveArgument>
          <nonPrimitiveEntityIds class="ofergivoli.olib.data_structures.set.SafeHashSet" serialization="custom">
            <unserializable-parents/>
            <set>
              <default/>
              <int>2</int>
              <float>0.75</float>
              <int>1</int>
              <string>3</string>
            </set>
          </nonPrimitiveEntityIds>
        </il.ac.technion.nlp.nli.core.method__call.NonPrimitiveArgument>
      </arguments>
      <entityIdOfObjectMethodIsInvokeOn>1</entityIdOfObjectMethodIsInvokeOn>
    </il.ac.technion.nlp.nli.core.method__call.MethodCall>
  </entry>
  <entry>
    <string>test-10</string>
    <il.ac.technion.nlp.nli.core.method__call.MethodCall>
      <methodId>
        <declaringClassCanonicalName>il.ac.technion.nlp.nli.dataset1.domains.list.entities.SpecialList</declaringClassCanonicalName>
        <name>moveToEnd</name>
        <parameterClassNames>
          <string>il.ac.technion.nlp.nli.dataset1.domains.list.entities.ListElement</string>
        </parameterClassNames>
      </methodId>
      <arguments>
        <il.ac.technion.nlp.nli.core.method__call.NonPrimitiveArgument>
          <nonPrimitiveEntityIds class="ofergivoli.olib.data_structures.set.SafeHashSet" serialization="custom">
            <unserializable-parents/>
            <set>
              <default/>
              <int>2</int>
              <float>0.75</float>
              <int>1</int>
              <string>5</string>
            </set>
          </nonPrimitiveEntityIds>
        </il.ac.technion.nlp.nli.core.method__call.NonPrimitiveArgument>
      </arguments>
      <entityIdOfObjectMethodIsInvokeOn>1</entityIdOfObjectMethodIsInvokeOn>
    </il.ac.technion.nlp.nli.core.method__call.MethodCall>
  </entry>
  <entry>
    <string>test-416</string>
    <il.ac.technion.nlp.nli.core.method__call.MethodCall>
      <methodId>
        <declaringClassCanonicalName>il.ac.technion.nlp.nli.dataset1.domains.calendar.entities.Calendar</declaringClassCanonicalName>
        <name>setEventColor</name>
        <parameterClassNames>
          <string>java.util.Collection</string>
          <string>il.ac.technion.nlp.nli.core.state.entities.Color</string>
        </parameterClassNames>
      </methodId>
      <arguments>
        <il.ac.technion.nlp.nli.core.method__call.NonPrimitiveArgument>
          <nonPrimitiveEntityIds class="ofergivoli.olib.data_structures.set.SafeHashSet" serialization="custom">
            <unserializable-parents/>
            <set>
              <default/>
              <int>2</int>
              <float>0.75</float>
              <int>1</int>
              <string>2</string>
            </set>
          </nonPrimitiveEntityIds>
        </il.ac.technion.nlp.nli.core.method__call.NonPrimitiveArgument>
        <il.ac.technion.nlp.nli.core.method__call.PrimitiveArgument>
          <primitiveEntities class="list">
            <il.ac.technion.nlp.nli.core.state.PrimitiveEntity>
              <value class="il.ac.technion.nlp.nli.core.state.entities.Color">BLUE</value>
            </il.ac.technion.nlp.nli.core.state.PrimitiveEntity>
          </primitiveEntities>
        </il.ac.technion.nlp.nli.core.method__call.PrimitiveArgument>
      </arguments>
      <entityIdOfObjectMethodIsInvokeOn>1</entityIdOfObjectMethodIsInvokeOn>
    </il.ac.technion.nlp.nli.core.method__call.MethodCall>
  </entry>
  <entry>
    <string>test-537</string>
    <il.ac.technion.nlp.nli.core.method__call.MethodCall>
      <methodId>
        <declaringClassCanonicalName>il.ac.technion.nlp.nli.dataset1.domains.calendar.entities.Calendar</declaringClassCanonicalName>
        <name>removeEvents</name>
        <parameterClassNames>
          <string>java.util.Collection</string>
        </parameterClassNames>
      </methodId>
      <arguments>
        <il.ac.technion.nlp.nli.core.method__call.NonPrimitiveArgument>
          <nonPrimitiveEntityIds class="ofergivoli.olib.data_structures.set.SafeHashSet" serialization="custom">
            <unserializable-parents/>
            <set>
              <default/>
              <int>2</int>
              <float>0.75</float>
              <int>1</int>
              <string>4</string>
            </set>
          </nonPrimitiveEntityIds>
        </il.ac.technion.nlp.nli.core.method__call.NonPrimitiveArgument>
      </arguments>
      <entityIdOfObjectMethodIsInvokeOn>1</entityIdOfObjectMethodIsInvokeOn>
    </il.ac.technion.nlp.nli.core.method__call.MethodCall>
  </entry>
  <entry>
    <string>test-658</string>
    <il.ac.technion.nlp.nli.core.method__call.MethodCall>
      <methodId>
        <declaringClassCanonicalName>il.ac.technion.nlp.nli.dataset1.domains.container_management.entities.ContainerManagementSystem</declaringClassCanonicalName>
        <name>removeContainers</name>
        <parameterClassNames>
          <string>java.util.Collection</string>
        </parameterClassNames>
      </methodId>
      <arguments>
        <il.ac.technion.nlp.nli.core.method__call.NonPrimitiveArgument>
          <nonPrimitiveEntityIds class="ofergivoli.olib.data_structures.set.SafeHashSet" serialization="custom">
            <unserializable-parents/>
            <set>
              <default/>
              <int>2</int>
              <float>0.75</float>
              <int>1</int>
              <string>6</string>
            </set>
          </nonPrimitiveEntityIds>
        </il.ac.technion.nlp.nli.core.method__call.NonPrimitiveArgument>
      </arguments>
      <entityIdOfObjectMethodIsInvokeOn>1</entityIdOfObjectMethodIsInvokeOn>
    </il.ac.technion.nlp.nli.core.method__call.MethodCall>
  </entry>
  <entry>
    <string>test-5</string>
    <il.ac.technion.nlp.nli.core.method__call.MethodCall>
      <methodId>
        <declaringClassCanonicalName>il.ac.technion.nlp.nli.dataset1.domains.lighting_control.entities.LightingControlSystem</declaringClassCanonicalName>
        <name>turnLightOff</name>
        <parameterClassNames>
          <string>java.util.Collection</string>
        </parameterClassNames>
      </methodId>
      <arguments>
        <il.ac.technion.nlp.nli.core.method__call.NonPrimitiveArgument>
          <nonPrimitiveEntityIds class="ofergivoli.olib.data_structures.set.SafeHashSet" serialization="custom">
            <unserializable-parents/>
            <set>
              <default/>
              <int>8</int>
              <float>0.75</float>
              <int>4</int>
              <string>2</string>
              <string>3</string>
              <string>4</string>
              <string>5</string>
            </set>
          </nonPrimitiveEntityIds>
        </il.ac.technion.nlp.nli.core.method__call.NonPrimitiveArgument>
      </arguments>
      <entityIdOfObjectMethodIsInvokeOn>1</entityIdOfObjectMethodIsInvokeOn>
    </il.ac.technion.nlp.nli.core.method__call.MethodCall>
  </entry>
  <entry>
    <string>test-11</string>
    <il.ac.technion.nlp.nli.core.method__call.MethodCall>
      <methodId>
        <declaringClassCanonicalName>il.ac.technion.nlp.nli.dataset1.domains.lighting_control.entities.LightingControlSystem</declaringClassCanonicalName>
        <name>turnLightOff</name>
        <parameterClassNames>
          <string>java.util.Collection</string>
        </parameterClassNames>
      </methodId>
      <arguments>
        <il.ac.technion.nlp.nli.core.method__call.NonPrimitiveArgument>
          <nonPrimitiveEntityIds class="ofergivoli.olib.data_structures.set.SafeHashSet" serialization="custom">
            <unserializable-parents/>
            <set>
              <default/>
              <int>8</int>
              <float>0.75</float>
              <int>4</int>
              <string>8</string>
              <string>9</string>
              <string>7</string>
              <string>10</string>
            </set>
          </nonPrimitiveEntityIds>
        </il.ac.technion.nlp.nli.core.method__call.NonPrimitiveArgument>
      </arguments>
      <entityIdOfObjectMethodIsInvokeOn>1</entityIdOfObjectMethodIsInvokeOn>
    </il.ac.technion.nlp.nli.core.method__call.MethodCall>
  </entry>
  <entry>
    <string>test-417</string>
    <il.ac.technion.nlp.nli.core.method__call.MethodCall>
      <methodId>
        <declaringClassCanonicalName>il.ac.technion.nlp.nli.dataset1.domains.container_management.entities.ContainerManagementSystem</declaringClassCanonicalName>
        <name>unloadContainers</name>
        <parameterClassNames>
          <string>java.util.Collection</string>
        </parameterClassNames>
      </methodId>
      <arguments>
        <il.ac.technion.nlp.nli.core.method__call.NonPrimitiveArgument>
          <nonPrimitiveEntityIds class="ofergivoli.olib.data_structures.set.SafeHashSet" serialization="custom">
            <unserializable-parents/>
            <set>
              <default/>
              <int>4</int>
              <float>0.75</float>
              <int>3</int>
              <string>4</string>
              <string>5</string>
              <string>3</string>
            </set>
          </nonPrimitiveEntityIds>
        </il.ac.technion.nlp.nli.core.method__call.NonPrimitiveArgument>
      </arguments>
      <entityIdOfObjectMethodIsInvokeOn>1</entityIdOfObjectMethodIsInvokeOn>
    </il.ac.technion.nlp.nli.core.method__call.MethodCall>
  </entry>
  <entry>
    <string>test-538</string>
    <il.ac.technion.nlp.nli.core.method__call.MethodCall>
      <methodId>
        <declaringClassCanonicalName>il.ac.technion.nlp.nli.dataset1.domains.container_management.entities.ContainerManagementSystem</declaringClassCanonicalName>
        <name>removeContainers</name>
        <parameterClassNames>
          <string>java.util.Collection</string>
        </parameterClassNames>
      </methodId>
      <arguments>
        <il.ac.technion.nlp.nli.core.method__call.NonPrimitiveArgument>
          <nonPrimitiveEntityIds class="ofergivoli.olib.data_structures.set.SafeHashSet" serialization="custom">
            <unserializable-parents/>
            <set>
              <default/>
              <int>4</int>
              <float>0.75</float>
              <int>3</int>
              <string>4</string>
              <string>5</string>
              <string>3</string>
            </set>
          </nonPrimitiveEntityIds>
        </il.ac.technion.nlp.nli.core.method__call.NonPrimitiveArgument>
      </arguments>
      <entityIdOfObjectMethodIsInvokeOn>1</entityIdOfObjectMethodIsInvokeOn>
    </il.ac.technion.nlp.nli.core.method__call.MethodCall>
  </entry>
  <entry>
    <string>test-659</string>
    <il.ac.technion.nlp.nli.core.method__call.MethodCall>
      <methodId>
        <declaringClassCanonicalName>il.ac.technion.nlp.nli.dataset1.domains.list.entities.SpecialList</declaringClassCanonicalName>
        <name>moveToEnd</name>
        <parameterClassNames>
          <string>il.ac.technion.nlp.nli.dataset1.domains.list.entities.ListElement</string>
        </parameterClassNames>
      </methodId>
      <arguments>
        <il.ac.technion.nlp.nli.core.method__call.NonPrimitiveArgument>
          <nonPrimitiveEntityIds class="ofergivoli.olib.data_structures.set.SafeHashSet" serialization="custom">
            <unserializable-parents/>
            <set>
              <default/>
              <int>2</int>
              <float>0.75</float>
              <int>1</int>
              <string>6</string>
            </set>
          </nonPrimitiveEntityIds>
        </il.ac.technion.nlp.nli.core.method__call.NonPrimitiveArgument>
      </arguments>
      <entityIdOfObjectMethodIsInvokeOn>1</entityIdOfObjectMethodIsInvokeOn>
    </il.ac.technion.nlp.nli.core.method__call.MethodCall>
  </entry>
  <entry>
    <string>test-4</string>
    <il.ac.technion.nlp.nli.core.method__call.MethodCall>
      <methodId>
        <declaringClassCanonicalName>il.ac.technion.nlp.nli.dataset1.domains.lighting_control.entities.LightingControlSystem</declaringClassCanonicalName>
        <name>turnLightOff</name>
        <parameterClassNames>
          <string>java.util.Collection</string>
        </parameterClassNames>
      </methodId>
      <arguments>
        <il.ac.technion.nlp.nli.core.method__call.NonPrimitiveArgument>
          <nonPrimitiveEntityIds class="ofergivoli.olib.data_structures.set.SafeHashSet" serialization="custom">
            <unserializable-parents/>
            <set>
              <default/>
              <int>8</int>
              <float>0.75</float>
              <int>4</int>
              <string>2</string>
              <string>3</string>
              <string>4</string>
              <string>7</string>
            </set>
          </nonPrimitiveEntityIds>
        </il.ac.technion.nlp.nli.core.method__call.NonPrimitiveArgument>
      </arguments>
      <entityIdOfObjectMethodIsInvokeOn>1</entityIdOfObjectMethodIsInvokeOn>
    </il.ac.technion.nlp.nli.core.method__call.MethodCall>
  </entry>
  <entry>
    <string>test-414</string>
    <il.ac.technion.nlp.nli.core.method__call.MethodCall>
      <methodId>
        <declaringClassCanonicalName>il.ac.technion.nlp.nli.dataset1.domains.file_manager.entities.FileManager</declaringClassCanonicalName>
        <name>removeFiles</name>
        <parameterClassNames>
          <string>java.util.Collection</string>
        </parameterClassNames>
      </methodId>
      <arguments>
        <il.ac.technion.nlp.nli.core.method__call.NonPrimitiveArgument>
          <nonPrimitiveEntityIds class="ofergivoli.olib.data_structures.set.SafeHashSet" serialization="custom">
            <unserializable-parents/>
            <set>
              <default/>
              <int>8</int>
              <float>0.75</float>
              <int>4</int>
              <string>9</string>
              <string>5</string>
              <string>6</string>
              <string>7</string>
            </set>
          </nonPrimitiveEntityIds>
        </il.ac.technion.nlp.nli.core.method__call.NonPrimitiveArgument>
      </arguments>
      <entityIdOfObjectMethodIsInvokeOn>1</entityIdOfObjectMethodIsInvokeOn>
    </il.ac.technion.nlp.nli.core.method__call.MethodCall>
  </entry>
  <entry>
    <string>test-535</string>
    <il.ac.technion.nlp.nli.core.method__call.MethodCall>
      <methodId>
        <declaringClassCanonicalName>il.ac.technion.nlp.nli.dataset1.domains.list.entities.SpecialList</declaringClassCanonicalName>
        <name>remove</name>
        <parameterClassNames>
          <string>java.util.Collection</string>
        </parameterClassNames>
      </methodId>
      <arguments>
        <il.ac.technion.nlp.nli.core.method__call.NonPrimitiveArgument>
          <nonPrimitiveEntityIds class="ofergivoli.olib.data_structures.set.SafeHashSet" serialization="custom">
            <unserializable-parents/>
            <set>
              <default/>
              <int>8</int>
              <float>0.75</float>
              <int>4</int>
              <string>3</string>
              <string>4</string>
              <string>5</string>
              <string>6</string>
            </set>
          </nonPrimitiveEntityIds>
        </il.ac.technion.nlp.nli.core.method__call.NonPrimitiveArgument>
      </arguments>
      <entityIdOfObjectMethodIsInvokeOn>1</entityIdOfObjectMethodIsInvokeOn>
    </il.ac.technion.nlp.nli.core.method__call.MethodCall>
  </entry>
  <entry>
    <string>test-656</string>
    <il.ac.technion.nlp.nli.core.method__call.MethodCall>
      <methodId>
        <declaringClassCanonicalName>il.ac.technion.nlp.nli.dataset1.domains.workforce_management.entities.WorkforceManagementSystem</declaringClassCanonicalName>
        <name>fireEmployees</name>
        <parameterClassNames>
          <string>java.util.Collection</string>
        </parameterClassNames>
      </methodId>
      <arguments>
        <il.ac.technion.nlp.nli.core.method__call.NonPrimitiveArgument>
          <nonPrimitiveEntityIds class="ofergivoli.olib.data_structures.set.SafeHashSet" serialization="custom">
            <unserializable-parents/>
            <set>
              <default/>
              <int>4</int>
              <float>0.75</float>
              <int>3</int>
              <string>4</string>
              <string>2</string>
              <string>3</string>
            </set>
          </nonPrimitiveEntityIds>
        </il.ac.technion.nlp.nli.core.method__call.NonPrimitiveArgument>
      </arguments>
      <entityIdOfObjectMethodIsInvokeOn>1</entityIdOfObjectMethodIsInvokeOn>
    </il.ac.technion.nlp.nli.core.method__call.MethodCall>
  </entry>
  <entry>
    <string>test-3</string>
    <il.ac.technion.nlp.nli.core.method__call.MethodCall>
      <methodId>
        <declaringClassCanonicalName>il.ac.technion.nlp.nli.dataset1.domains.container_management.entities.ContainerManagementSystem</declaringClassCanonicalName>
        <name>unloadContainers</name>
        <parameterClassNames>
          <string>java.util.Collection</string>
        </parameterClassNames>
      </methodId>
      <arguments>
        <il.ac.technion.nlp.nli.core.method__call.NonPrimitiveArgument>
          <nonPrimitiveEntityIds class="ofergivoli.olib.data_structures.set.SafeHashSet" serialization="custom">
            <unserializable-parents/>
            <set>
              <default/>
              <int>2</int>
              <float>0.75</float>
              <int>1</int>
              <string>2</string>
            </set>
          </nonPrimitiveEntityIds>
        </il.ac.technion.nlp.nli.core.method__call.NonPrimitiveArgument>
      </arguments>
      <entityIdOfObjectMethodIsInvokeOn>1</entityIdOfObjectMethodIsInvokeOn>
    </il.ac.technion.nlp.nli.core.method__call.MethodCall>
  </entry>
  <entry>
    <string>test-415</string>
    <il.ac.technion.nlp.nli.core.method__call.MethodCall>
      <methodId>
        <declaringClassCanonicalName>il.ac.technion.nlp.nli.dataset1.domains.workforce_management.entities.WorkforceManagementSystem</declaringClassCanonicalName>
        <name>updateSalary</name>
        <parameterClassNames>
          <string>il.ac.technion.nlp.nli.dataset1.domains.workforce_management.entities.Employee</string>
          <string>int</string>
        </parameterClassNames>
      </methodId>
      <arguments>
        <il.ac.technion.nlp.nli.core.method__call.NonPrimitiveArgument>
          <nonPrimitiveEntityIds class="ofergivoli.olib.data_structures.set.SafeHashSet" serialization="custom">
            <unserializable-parents/>
            <set>
              <default/>
              <int>2</int>
              <float>0.75</float>
              <int>1</int>
              <string>3</string>
            </set>
          </nonPrimitiveEntityIds>
        </il.ac.technion.nlp.nli.core.method__call.NonPrimitiveArgument>
        <il.ac.technion.nlp.nli.core.method__call.PrimitiveArgument>
          <primitiveEntities class="list">
            <il.ac.technion.nlp.nli.core.state.PrimitiveEntity>
              <value class="int">84785</value>
            </il.ac.technion.nlp.nli.core.state.PrimitiveEntity>
          </primitiveEntities>
        </il.ac.technion.nlp.nli.core.method__call.PrimitiveArgument>
      </arguments>
      <entityIdOfObjectMethodIsInvokeOn>1</entityIdOfObjectMethodIsInvokeOn>
    </il.ac.technion.nlp.nli.core.method__call.MethodCall>
  </entry>
  <entry>
    <string>test-536</string>
    <il.ac.technion.nlp.nli.core.method__call.MethodCall>
      <methodId>
        <declaringClassCanonicalName>il.ac.technion.nlp.nli.dataset1.domains.lighting_control.entities.LightingControlSystem</declaringClassCanonicalName>
        <name>turnLightOff</name>
        <parameterClassNames>
          <string>java.util.Collection</string>
        </parameterClassNames>
      </methodId>
      <arguments>
        <il.ac.technion.nlp.nli.core.method__call.NonPrimitiveArgument>
          <nonPrimitiveEntityIds class="ofergivoli.olib.data_structures.set.SafeHashSet" serialization="custom">
            <unserializable-parents/>
            <set>
              <default/>
              <int>8</int>
              <float>0.75</float>
              <int>4</int>
              <string>8</string>
              <string>9</string>
              <string>7</string>
              <string>10</string>
            </set>
          </nonPrimitiveEntityIds>
        </il.ac.technion.nlp.nli.core.method__call.NonPrimitiveArgument>
      </arguments>
      <entityIdOfObjectMethodIsInvokeOn>1</entityIdOfObjectMethodIsInvokeOn>
    </il.ac.technion.nlp.nli.core.method__call.MethodCall>
  </entry>
  <entry>
    <string>test-657</string>
    <il.ac.technion.nlp.nli.core.method__call.MethodCall>
      <methodId>
        <declaringClassCanonicalName>il.ac.technion.nlp.nli.dataset1.domains.workforce_management.entities.WorkforceManagementSystem</declaringClassCanonicalName>
        <name>assignEmployeesToNewManager</name>
        <parameterClassNames>
          <string>java.util.Collection</string>
          <string>il.ac.technion.nlp.nli.dataset1.domains.workforce_management.entities.Employee</string>
        </parameterClassNames>
      </methodId>
      <arguments>
        <il.ac.technion.nlp.nli.core.method__call.NonPrimitiveArgument>
          <nonPrimitiveEntityIds class="ofergivoli.olib.data_structures.set.SafeHashSet" serialization="custom">
            <unserializable-parents/>
            <set>
              <default/>
              <int>4</int>
              <float>0.75</float>
              <int>2</int>
              <string>2</string>
              <string>6</string>
            </set>
          </nonPrimitiveEntityIds>
        </il.ac.technion.nlp.nli.core.method__call.NonPrimitiveArgument>
        <il.ac.technion.nlp.nli.core.method__call.NonPrimitiveArgument>
          <nonPrimitiveEntityIds class="ofergivoli.olib.data_structures.set.SafeHashSet" serialization="custom">
            <unserializable-parents/>
            <set>
              <default/>
              <int>2</int>
              <float>0.75</float>
              <int>1</int>
              <string>4</string>
            </set>
          </nonPrimitiveEntityIds>
        </il.ac.technion.nlp.nli.core.method__call.NonPrimitiveArgument>
      </arguments>
      <entityIdOfObjectMethodIsInvokeOn>1</entityIdOfObjectMethodIsInvokeOn>
    </il.ac.technion.nlp.nli.core.method__call.MethodCall>
  </entry>
  <entry>
    <string>test-409</string>
    <il.ac.technion.nlp.nli.core.method__call.MethodCall>
      <methodId>
        <declaringClassCanonicalName>il.ac.technion.nlp.nli.dataset1.domains.lighting_control.entities.LightingControlSystem</declaringClassCanonicalName>
        <name>turnLightOff</name>
        <parameterClassNames>
          <string>java.util.Collection</string>
        </parameterClassNames>
      </methodId>
      <arguments>
        <il.ac.technion.nlp.nli.core.method__call.NonPrimitiveArgument>
          <nonPrimitiveEntityIds class="ofergivoli.olib.data_structures.set.SafeHashSet" serialization="custom">
            <unserializable-parents/>
            <set>
              <default/>
              <int>8</int>
              <float>0.75</float>
              <int>4</int>
              <string>11</string>
              <string>8</string>
              <string>3</string>
              <string>4</string>
            </set>
          </nonPrimitiveEntityIds>
        </il.ac.technion.nlp.nli.core.method__call.NonPrimitiveArgument>
      </arguments>
      <entityIdOfObjectMethodIsInvokeOn>1</entityIdOfObjectMethodIsInvokeOn>
    </il.ac.technion.nlp.nli.core.method__call.MethodCall>
  </entry>
  <entry>
    <string>test-407</string>
    <il.ac.technion.nlp.nli.core.method__call.MethodCall>
      <methodId>
        <declaringClassCanonicalName>il.ac.technion.nlp.nli.dataset1.domains.calendar.entities.Calendar</declaringClassCanonicalName>
        <name>setEventColor</name>
        <parameterClassNames>
          <string>java.util.Collection</string>
          <string>il.ac.technion.nlp.nli.core.state.entities.Color</string>
        </parameterClassNames>
      </methodId>
      <arguments>
        <il.ac.technion.nlp.nli.core.method__call.NonPrimitiveArgument>
          <nonPrimitiveEntityIds class="ofergivoli.olib.data_structures.set.SafeHashSet" serialization="custom">
            <unserializable-parents/>
            <set>
              <default/>
              <int>2</int>
              <float>0.75</float>
              <int>1</int>
              <string>4</string>
            </set>
          </nonPrimitiveEntityIds>
        </il.ac.technion.nlp.nli.core.method__call.NonPrimitiveArgument>
        <il.ac.technion.nlp.nli.core.method__call.PrimitiveArgument>
          <primitiveEntities class="list">
            <il.ac.technion.nlp.nli.core.state.PrimitiveEntity>
              <value class="il.ac.technion.nlp.nli.core.state.entities.Color">BLUE</value>
            </il.ac.technion.nlp.nli.core.state.PrimitiveEntity>
          </primitiveEntities>
        </il.ac.technion.nlp.nli.core.method__call.PrimitiveArgument>
      </arguments>
      <entityIdOfObjectMethodIsInvokeOn>1</entityIdOfObjectMethodIsInvokeOn>
    </il.ac.technion.nlp.nli.core.method__call.MethodCall>
  </entry>
  <entry>
    <string>test-528</string>
    <il.ac.technion.nlp.nli.core.method__call.MethodCall>
      <methodId>
        <declaringClassCanonicalName>il.ac.technion.nlp.nli.dataset1.domains.messenger.Messenger</declaringClassCanonicalName>
        <name>createChatGroup</name>
        <parameterClassNames>
          <string>java.util.Collection</string>
        </parameterClassNames>
      </methodId>
      <arguments>
        <il.ac.technion.nlp.nli.core.method__call.NonPrimitiveArgument>
          <nonPrimitiveEntityIds class="ofergivoli.olib.data_structures.set.SafeHashSet" serialization="custom">
            <unserializable-parents/>
            <set>
              <default/>
              <int>4</int>
              <float>0.75</float>
              <int>3</int>
              <string>11</string>
              <string>4</string>
              <string>6</string>
            </set>
          </nonPrimitiveEntityIds>
        </il.ac.technion.nlp.nli.core.method__call.NonPrimitiveArgument>
      </arguments>
      <entityIdOfObjectMethodIsInvokeOn>1</entityIdOfObjectMethodIsInvokeOn>
    </il.ac.technion.nlp.nli.core.method__call.MethodCall>
  </entry>
  <entry>
    <string>test-649</string>
    <il.ac.technion.nlp.nli.core.method__call.MethodCall>
      <methodId>
        <declaringClassCanonicalName>il.ac.technion.nlp.nli.dataset1.domains.file_manager.entities.FileManager</declaringClassCanonicalName>
        <name>removeFiles</name>
        <parameterClassNames>
          <string>java.util.Collection</string>
        </parameterClassNames>
      </methodId>
      <arguments>
        <il.ac.technion.nlp.nli.core.method__call.NonPrimitiveArgument>
          <nonPrimitiveEntityIds class="ofergivoli.olib.data_structures.set.SafeHashSet" serialization="custom">
            <unserializable-parents/>
            <set>
              <default/>
              <int>4</int>
              <float>0.75</float>
              <int>2</int>
              <string>4</string>
              <string>9</string>
            </set>
          </nonPrimitiveEntityIds>
        </il.ac.technion.nlp.nli.core.method__call.NonPrimitiveArgument>
      </arguments>
      <entityIdOfObjectMethodIsInvokeOn>1</entityIdOfObjectMethodIsInvokeOn>
    </il.ac.technion.nlp.nli.core.method__call.MethodCall>
  </entry>
  <entry>
    <string>test-408</string>
    <il.ac.technion.nlp.nli.core.method__call.MethodCall>
      <methodId>
        <declaringClassCanonicalName>il.ac.technion.nlp.nli.dataset1.domains.lighting_control.entities.LightingControlSystem</declaringClassCanonicalName>
        <name>turnLightOn</name>
        <parameterClassNames>
          <string>java.util.Collection</string>
        </parameterClassNames>
      </methodId>
      <arguments>
        <il.ac.technion.nlp.nli.core.method__call.NonPrimitiveArgument>
          <nonPrimitiveEntityIds class="ofergivoli.olib.data_structures.set.SafeHashSet" serialization="custom">
            <unserializable-parents/>
            <set>
              <default/>
              <int>4</int>
              <float>0.75</float>
              <int>3</int>
              <string>4</string>
              <string>6</string>
              <string>7</string>
            </set>
          </nonPrimitiveEntityIds>
        </il.ac.technion.nlp.nli.core.method__call.NonPrimitiveArgument>
      </arguments>
      <entityIdOfObjectMethodIsInvokeOn>1</entityIdOfObjectMethodIsInvokeOn>
    </il.ac.technion.nlp.nli.core.method__call.MethodCall>
  </entry>
  <entry>
    <string>test-529</string>
    <il.ac.technion.nlp.nli.core.method__call.MethodCall>
      <methodId>
        <declaringClassCanonicalName>il.ac.technion.nlp.nli.dataset1.domains.lighting_control.entities.LightingControlSystem</declaringClassCanonicalName>
        <name>turnLightOff</name>
        <parameterClassNames>
          <string>java.util.Collection</string>
        </parameterClassNames>
      </methodId>
      <arguments>
        <il.ac.technion.nlp.nli.core.method__call.NonPrimitiveArgument>
          <nonPrimitiveEntityIds class="ofergivoli.olib.data_structures.set.SafeHashSet" serialization="custom">
            <unserializable-parents/>
            <set>
              <default/>
              <int>4</int>
              <float>0.75</float>
              <int>2</int>
              <string>2</string>
              <string>3</string>
            </set>
          </nonPrimitiveEntityIds>
        </il.ac.technion.nlp.nli.core.method__call.NonPrimitiveArgument>
      </arguments>
      <entityIdOfObjectMethodIsInvokeOn>1</entityIdOfObjectMethodIsInvokeOn>
    </il.ac.technion.nlp.nli.core.method__call.MethodCall>
  </entry>
  <entry>
    <string>test-540</string>
    <il.ac.technion.nlp.nli.core.method__call.MethodCall>
      <methodId>
        <declaringClassCanonicalName>il.ac.technion.nlp.nli.dataset1.domains.workforce_management.entities.WorkforceManagementSystem</declaringClassCanonicalName>
        <name>assignEmployeesToNewManager</name>
        <parameterClassNames>
          <string>java.util.Collection</string>
          <string>il.ac.technion.nlp.nli.dataset1.domains.workforce_management.entities.Employee</string>
        </parameterClassNames>
      </methodId>
      <arguments>
        <il.ac.technion.nlp.nli.core.method__call.NonPrimitiveArgument>
          <nonPrimitiveEntityIds class="ofergivoli.olib.data_structures.set.SafeHashSet" serialization="custom">
            <unserializable-parents/>
            <set>
              <default/>
              <int>2</int>
              <float>0.75</float>
              <int>1</int>
              <string>3</string>
            </set>
          </nonPrimitiveEntityIds>
        </il.ac.technion.nlp.nli.core.method__call.NonPrimitiveArgument>
        <il.ac.technion.nlp.nli.core.method__call.NonPrimitiveArgument>
          <nonPrimitiveEntityIds class="ofergivoli.olib.data_structures.set.SafeHashSet" serialization="custom">
            <unserializable-parents/>
            <set>
              <default/>
              <int>2</int>
              <float>0.75</float>
              <int>1</int>
              <string>5</string>
            </set>
          </nonPrimitiveEntityIds>
        </il.ac.technion.nlp.nli.core.method__call.NonPrimitiveArgument>
      </arguments>
      <entityIdOfObjectMethodIsInvokeOn>1</entityIdOfObjectMethodIsInvokeOn>
    </il.ac.technion.nlp.nli.core.method__call.MethodCall>
  </entry>
  <entry>
    <string>test-661</string>
    <il.ac.technion.nlp.nli.core.method__call.MethodCall>
      <methodId>
        <declaringClassCanonicalName>il.ac.technion.nlp.nli.dataset1.domains.container_management.entities.ContainerManagementSystem</declaringClassCanonicalName>
        <name>removeContainers</name>
        <parameterClassNames>
          <string>java.util.Collection</string>
        </parameterClassNames>
      </methodId>
      <arguments>
        <il.ac.technion.nlp.nli.core.method__call.NonPrimitiveArgument>
          <nonPrimitiveEntityIds class="ofergivoli.olib.data_structures.set.SafeHashSet" serialization="custom">
            <unserializable-parents/>
            <set>
              <default/>
              <int>4</int>
              <float>0.75</float>
              <int>3</int>
              <string>4</string>
              <string>5</string>
              <string>3</string>
            </set>
          </nonPrimitiveEntityIds>
        </il.ac.technion.nlp.nli.core.method__call.NonPrimitiveArgument>
      </arguments>
      <entityIdOfObjectMethodIsInvokeOn>1</entityIdOfObjectMethodIsInvokeOn>
    </il.ac.technion.nlp.nli.core.method__call.MethodCall>
  </entry>
  <entry>
    <string>test-420</string>
    <il.ac.technion.nlp.nli.core.method__call.MethodCall>
      <methodId>
        <declaringClassCanonicalName>il.ac.technion.nlp.nli.dataset1.domains.calendar.entities.Calendar</declaringClassCanonicalName>
        <name>removeEvents</name>
        <parameterClassNames>
          <string>java.util.Collection</string>
        </parameterClassNames>
      </methodId>
      <arguments>
        <il.ac.technion.nlp.nli.core.method__call.NonPrimitiveArgument>
          <nonPrimitiveEntityIds class="ofergivoli.olib.data_structures.set.SafeHashSet" serialization="custom">
            <unserializable-parents/>
            <set>
              <default/>
              <int>8</int>
              <float>0.75</float>
              <int>4</int>
              <string>2</string>
              <string>3</string>
              <string>5</string>
              <string>6</string>
            </set>
          </nonPrimitiveEntityIds>
        </il.ac.technion.nlp.nli.core.method__call.NonPrimitiveArgument>
      </arguments>
      <entityIdOfObjectMethodIsInvokeOn>1</entityIdOfObjectMethodIsInvokeOn>
    </il.ac.technion.nlp.nli.core.method__call.MethodCall>
  </entry>
  <entry>
    <string>test-541</string>
    <il.ac.technion.nlp.nli.core.method__call.MethodCall>
      <methodId>
        <declaringClassCanonicalName>il.ac.technion.nlp.nli.dataset1.domains.container_management.entities.ContainerManagementSystem</declaringClassCanonicalName>
        <name>unloadContainers</name>
        <parameterClassNames>
          <string>java.util.Collection</string>
        </parameterClassNames>
      </methodId>
      <arguments>
        <il.ac.technion.nlp.nli.core.method__call.NonPrimitiveArgument>
          <nonPrimitiveEntityIds class="ofergivoli.olib.data_structures.set.SafeHashSet" serialization="custom">
            <unserializable-parents/>
            <set>
              <default/>
              <int>8</int>
              <float>0.75</float>
              <int>4</int>
              <string>2</string>
              <string>3</string>
              <string>4</string>
              <string>6</string>
            </set>
          </nonPrimitiveEntityIds>
        </il.ac.technion.nlp.nli.core.method__call.NonPrimitiveArgument>
      </arguments>
      <entityIdOfObjectMethodIsInvokeOn>1</entityIdOfObjectMethodIsInvokeOn>
    </il.ac.technion.nlp.nli.core.method__call.MethodCall>
  </entry>
  <entry>
    <string>test-662</string>
    <il.ac.technion.nlp.nli.core.method__call.MethodCall>
      <methodId>
        <declaringClassCanonicalName>il.ac.technion.nlp.nli.dataset1.domains.lighting_control.entities.LightingControlSystem</declaringClassCanonicalName>
        <name>turnLightOn</name>
        <parameterClassNames>
          <string>java.util.Collection</string>
        </parameterClassNames>
      </methodId>
      <arguments>
        <il.ac.technion.nlp.nli.core.method__call.NonPrimitiveArgument>
          <nonPrimitiveEntityIds class="ofergivoli.olib.data_structures.set.SafeHashSet" serialization="custom">
            <unserializable-parents/>
            <set>
              <default/>
              <int>8</int>
              <float>0.75</float>
              <int>4</int>
              <string>2</string>
              <string>3</string>
              <string>4</string>
              <string>5</string>
            </set>
          </nonPrimitiveEntityIds>
        </il.ac.technion.nlp.nli.core.method__call.NonPrimitiveArgument>
      </arguments>
      <entityIdOfObjectMethodIsInvokeOn>1</entityIdOfObjectMethodIsInvokeOn>
    </il.ac.technion.nlp.nli.core.method__call.MethodCall>
  </entry>
  <entry>
    <string>test-660</string>
    <il.ac.technion.nlp.nli.core.method__call.MethodCall>
      <methodId>
        <declaringClassCanonicalName>il.ac.technion.nlp.nli.dataset1.domains.container_management.entities.ContainerManagementSystem</declaringClassCanonicalName>
        <name>removeContainers</name>
        <parameterClassNames>
          <string>java.util.Collection</string>
        </parameterClassNames>
      </methodId>
      <arguments>
        <il.ac.technion.nlp.nli.core.method__call.NonPrimitiveArgument>
          <nonPrimitiveEntityIds class="ofergivoli.olib.data_structures.set.SafeHashSet" serialization="custom">
            <unserializable-parents/>
            <set>
              <default/>
              <int>2</int>
              <float>0.75</float>
              <int>1</int>
              <string>4</string>
            </set>
          </nonPrimitiveEntityIds>
        </il.ac.technion.nlp.nli.core.method__call.NonPrimitiveArgument>
      </arguments>
      <entityIdOfObjectMethodIsInvokeOn>1</entityIdOfObjectMethodIsInvokeOn>
    </il.ac.technion.nlp.nli.core.method__call.MethodCall>
  </entry>
  <entry>
    <string>test-302</string>
    <il.ac.technion.nlp.nli.core.method__call.MethodCall>
      <methodId>
        <declaringClassCanonicalName>il.ac.technion.nlp.nli.dataset1.domains.file_manager.entities.FileManager</declaringClassCanonicalName>
        <name>removeFiles</name>
        <parameterClassNames>
          <string>java.util.Collection</string>
        </parameterClassNames>
      </methodId>
      <arguments>
        <il.ac.technion.nlp.nli.core.method__call.NonPrimitiveArgument>
          <nonPrimitiveEntityIds class="ofergivoli.olib.data_structures.set.SafeHashSet" serialization="custom">
            <unserializable-parents/>
            <set>
              <default/>
              <int>8</int>
              <float>0.75</float>
              <int>4</int>
              <string>8</string>
              <string>4</string>
              <string>5</string>
              <string>7</string>
            </set>
          </nonPrimitiveEntityIds>
        </il.ac.technion.nlp.nli.core.method__call.NonPrimitiveArgument>
      </arguments>
      <entityIdOfObjectMethodIsInvokeOn>1</entityIdOfObjectMethodIsInvokeOn>
    </il.ac.technion.nlp.nli.core.method__call.MethodCall>
  </entry>
  <entry>
    <string>test-423</string>
    <il.ac.technion.nlp.nli.core.method__call.MethodCall>
      <methodId>
        <declaringClassCanonicalName>il.ac.technion.nlp.nli.dataset1.domains.messenger.Messenger</declaringClassCanonicalName>
        <name>deleteChatGroups</name>
        <parameterClassNames>
          <string>java.util.Collection</string>
        </parameterClassNames>
      </methodId>
      <arguments>
        <il.ac.technion.nlp.nli.core.method__call.NonPrimitiveArgument>
          <nonPrimitiveEntityIds class="ofergivoli.olib.data_structures.set.SafeHashSet" serialization="custom">
            <unserializable-parents/>
            <set>
              <default/>
              <int>2</int>
              <float>0.75</float>
              <int>1</int>
              <string>12</string>
            </set>
          </nonPrimitiveEntityIds>
        </il.ac.technion.nlp.nli.core.method__call.NonPrimitiveArgument>
      </arguments>
      <entityIdOfObjectMethodIsInvokeOn>1</entityIdOfObjectMethodIsInvokeOn>
    </il.ac.technion.nlp.nli.core.method__call.MethodCall>
  </entry>
  <entry>
    <string>test-544</string>
    <il.ac.technion.nlp.nli.core.method__call.MethodCall>
      <methodId>
        <declaringClassCanonicalName>il.ac.technion.nlp.nli.dataset1.domains.file_manager.entities.FileManager</declaringClassCanonicalName>
        <name>moveFiles</name>
        <parameterClassNames>
          <string>java.util.Collection</string>
          <string>il.ac.technion.nlp.nli.dataset1.domains.file_manager.entities.Directory</string>
        </parameterClassNames>
      </methodId>
      <arguments>
        <il.ac.technion.nlp.nli.core.method__call.NonPrimitiveArgument>
          <nonPrimitiveEntityIds class="ofergivoli.olib.data_structures.set.SafeHashSet" serialization="custom">
            <unserializable-parents/>
            <set>
              <default/>
              <int>2</int>
              <float>0.75</float>
              <int>1</int>
              <string>5</string>
            </set>
          </nonPrimitiveEntityIds>
        </il.ac.technion.nlp.nli.core.method__call.NonPrimitiveArgument>
        <il.ac.technion.nlp.nli.core.method__call.NonPrimitiveArgument>
          <nonPrimitiveEntityIds class="ofergivoli.olib.data_structures.set.SafeHashSet" serialization="custom">
            <unserializable-parents/>
            <set>
              <default/>
              <int>2</int>
              <float>0.75</float>
              <int>1</int>
              <string>6</string>
            </set>
          </nonPrimitiveEntityIds>
        </il.ac.technion.nlp.nli.core.method__call.NonPrimitiveArgument>
      </arguments>
      <entityIdOfObjectMethodIsInvokeOn>1</entityIdOfObjectMethodIsInvokeOn>
    </il.ac.technion.nlp.nli.core.method__call.MethodCall>
  </entry>
  <entry>
    <string>test-665</string>
    <il.ac.technion.nlp.nli.core.method__call.MethodCall>
      <methodId>
        <declaringClassCanonicalName>il.ac.technion.nlp.nli.dataset1.domains.container_management.entities.ContainerManagementSystem</declaringClassCanonicalName>
        <name>unloadContainers</name>
        <parameterClassNames>
          <string>java.util.Collection</string>
        </parameterClassNames>
      </methodId>
      <arguments>
        <il.ac.technion.nlp.nli.core.method__call.NonPrimitiveArgument>
          <nonPrimitiveEntityIds class="ofergivoli.olib.data_structures.set.SafeHashSet" serialization="custom">
            <unserializable-parents/>
            <set>
              <default/>
              <int>4</int>
              <float>0.75</float>
              <int>2</int>
              <string>4</string>
              <string>2</string>
            </set>
          </nonPrimitiveEntityIds>
        </il.ac.technion.nlp.nli.core.method__call.NonPrimitiveArgument>
      </arguments>
      <entityIdOfObjectMethodIsInvokeOn>1</entityIdOfObjectMethodIsInvokeOn>
    </il.ac.technion.nlp.nli.core.method__call.MethodCall>
  </entry>
  <entry>
    <string>test-303</string>
    <il.ac.technion.nlp.nli.core.method__call.MethodCall>
      <methodId>
        <declaringClassCanonicalName>il.ac.technion.nlp.nli.dataset1.domains.file_manager.entities.FileManager</declaringClassCanonicalName>
        <name>moveFiles</name>
        <parameterClassNames>
          <string>java.util.Collection</string>
          <string>il.ac.technion.nlp.nli.dataset1.domains.file_manager.entities.Directory</string>
        </parameterClassNames>
      </methodId>
      <arguments>
        <il.ac.technion.nlp.nli.core.method__call.NonPrimitiveArgument>
          <nonPrimitiveEntityIds class="ofergivoli.olib.data_structures.set.SafeHashSet" serialization="custom">
            <unserializable-parents/>
            <set>
              <default/>
              <int>4</int>
              <float>0.75</float>
              <int>2</int>
              <string>4</string>
              <string>5</string>
            </set>
          </nonPrimitiveEntityIds>
        </il.ac.technion.nlp.nli.core.method__call.NonPrimitiveArgument>
        <il.ac.technion.nlp.nli.core.method__call.NonPrimitiveArgument>
          <nonPrimitiveEntityIds class="ofergivoli.olib.data_structures.set.SafeHashSet" serialization="custom">
            <unserializable-parents/>
            <set>
              <default/>
              <int>2</int>
              <float>0.75</float>
              <int>1</int>
              <string>6</string>
            </set>
          </nonPrimitiveEntityIds>
        </il.ac.technion.nlp.nli.core.method__call.NonPrimitiveArgument>
      </arguments>
      <entityIdOfObjectMethodIsInvokeOn>1</entityIdOfObjectMethodIsInvokeOn>
    </il.ac.technion.nlp.nli.core.method__call.MethodCall>
  </entry>
  <entry>
    <string>test-424</string>
    <il.ac.technion.nlp.nli.core.method__call.MethodCall>
      <methodId>
        <declaringClassCanonicalName>il.ac.technion.nlp.nli.dataset1.domains.calendar.entities.Calendar</declaringClassCanonicalName>
        <name>removeEvents</name>
        <parameterClassNames>
          <string>java.util.Collection</string>
        </parameterClassNames>
      </methodId>
      <arguments>
        <il.ac.technion.nlp.nli.core.method__call.NonPrimitiveArgument>
          <nonPrimitiveEntityIds class="ofergivoli.olib.data_structures.set.SafeHashSet" serialization="custom">
            <unserializable-parents/>
            <set>
              <default/>
              <int>2</int>
              <float>0.75</float>
              <int>1</int>
              <string>3</string>
            </set>
          </nonPrimitiveEntityIds>
        </il.ac.technion.nlp.nli.core.method__call.NonPrimitiveArgument>
      </arguments>
      <entityIdOfObjectMethodIsInvokeOn>1</entityIdOfObjectMethodIsInvokeOn>
    </il.ac.technion.nlp.nli.core.method__call.MethodCall>
  </entry>
  <entry>
    <string>test-545</string>
    <il.ac.technion.nlp.nli.core.method__call.MethodCall>
      <methodId>
        <declaringClassCanonicalName>il.ac.technion.nlp.nli.dataset1.domains.file_manager.entities.FileManager</declaringClassCanonicalName>
        <name>removeFiles</name>
        <parameterClassNames>
          <string>java.util.Collection</string>
        </parameterClassNames>
      </methodId>
      <arguments>
        <il.ac.technion.nlp.nli.core.method__call.NonPrimitiveArgument>
          <nonPrimitiveEntityIds class="ofergivoli.olib.data_structures.set.SafeHashSet" serialization="custom">
            <unserializable-parents/>
            <set>
              <default/>
              <int>4</int>
              <float>0.75</float>
              <int>3</int>
              <string>4</string>
              <string>6</string>
              <string>7</string>
            </set>
          </nonPrimitiveEntityIds>
        </il.ac.technion.nlp.nli.core.method__call.NonPrimitiveArgument>
      </arguments>
      <entityIdOfObjectMethodIsInvokeOn>1</entityIdOfObjectMethodIsInvokeOn>
    </il.ac.technion.nlp.nli.core.method__call.MethodCall>
  </entry>
  <entry>
    <string>test-666</string>
    <il.ac.technion.nlp.nli.core.method__call.MethodCall>
      <methodId>
        <declaringClassCanonicalName>il.ac.technion.nlp.nli.dataset1.domains.workforce_management.entities.WorkforceManagementSystem</declaringClassCanonicalName>
        <name>fireEmployees</name>
        <parameterClassNames>
          <string>java.util.Collection</string>
        </parameterClassNames>
      </methodId>
      <arguments>
        <il.ac.technion.nlp.nli.core.method__call.NonPrimitiveArgument>
          <nonPrimitiveEntityIds class="ofergivoli.olib.data_structures.set.SafeHashSet" serialization="custom">
            <unserializable-parents/>
            <set>
              <default/>
              <int>2</int>
              <float>0.75</float>
              <int>1</int>
              <string>2</string>
            </set>
          </nonPrimitiveEntityIds>
        </il.ac.technion.nlp.nli.core.method__call.NonPrimitiveArgument>
      </arguments>
      <entityIdOfObjectMethodIsInvokeOn>1</entityIdOfObjectMethodIsInvokeOn>
    </il.ac.technion.nlp.nli.core.method__call.MethodCall>
  </entry>
  <entry>
    <string>test-300</string>
    <il.ac.technion.nlp.nli.core.method__call.MethodCall>
      <methodId>
        <declaringClassCanonicalName>il.ac.technion.nlp.nli.dataset1.domains.calendar.entities.Calendar</declaringClassCanonicalName>
        <name>setEventColor</name>
        <parameterClassNames>
          <string>java.util.Collection</string>
          <string>il.ac.technion.nlp.nli.core.state.entities.Color</string>
        </parameterClassNames>
      </methodId>
      <arguments>
        <il.ac.technion.nlp.nli.core.method__call.NonPrimitiveArgument>
          <nonPrimitiveEntityIds class="ofergivoli.olib.data_structures.set.SafeHashSet" serialization="custom">
            <unserializable-parents/>
            <set>
              <default/>
              <int>8</int>
              <float>0.75</float>
              <int>4</int>
              <string>3</string>
              <string>5</string>
              <string>6</string>
              <string>7</string>
            </set>
          </nonPrimitiveEntityIds>
        </il.ac.technion.nlp.nli.core.method__call.NonPrimitiveArgument>
        <il.ac.technion.nlp.nli.core.method__call.PrimitiveArgument>
          <primitiveEntities class="list">
            <il.ac.technion.nlp.nli.core.state.PrimitiveEntity>
              <value class="il.ac.technion.nlp.nli.core.state.entities.Color">RED</value>
            </il.ac.technion.nlp.nli.core.state.PrimitiveEntity>
          </primitiveEntities>
        </il.ac.technion.nlp.nli.core.method__call.PrimitiveArgument>
      </arguments>
      <entityIdOfObjectMethodIsInvokeOn>1</entityIdOfObjectMethodIsInvokeOn>
    </il.ac.technion.nlp.nli.core.method__call.MethodCall>
  </entry>
  <entry>
    <string>test-421</string>
    <il.ac.technion.nlp.nli.core.method__call.MethodCall>
      <methodId>
        <declaringClassCanonicalName>il.ac.technion.nlp.nli.dataset1.domains.list.entities.SpecialList</declaringClassCanonicalName>
        <name>moveToEnd</name>
        <parameterClassNames>
          <string>il.ac.technion.nlp.nli.dataset1.domains.list.entities.ListElement</string>
        </parameterClassNames>
      </methodId>
      <arguments>
        <il.ac.technion.nlp.nli.core.method__call.NonPrimitiveArgument>
          <nonPrimitiveEntityIds class="ofergivoli.olib.data_structures.set.SafeHashSet" serialization="custom">
            <unserializable-parents/>
            <set>
              <default/>
              <int>2</int>
              <float>0.75</float>
              <int>1</int>
              <string>5</string>
            </set>
          </nonPrimitiveEntityIds>
        </il.ac.technion.nlp.nli.core.method__call.NonPrimitiveArgument>
      </arguments>
      <entityIdOfObjectMethodIsInvokeOn>1</entityIdOfObjectMethodIsInvokeOn>
    </il.ac.technion.nlp.nli.core.method__call.MethodCall>
  </entry>
  <entry>
    <string>test-542</string>
    <il.ac.technion.nlp.nli.core.method__call.MethodCall>
      <methodId>
        <declaringClassCanonicalName>il.ac.technion.nlp.nli.dataset1.domains.lighting_control.entities.LightingControlSystem</declaringClassCanonicalName>
        <name>turnLightOn</name>
        <parameterClassNames>
          <string>java.util.Collection</string>
        </parameterClassNames>
      </methodId>
      <arguments>
        <il.ac.technion.nlp.nli.core.method__call.NonPrimitiveArgument>
          <nonPrimitiveEntityIds class="ofergivoli.olib.data_structures.set.SafeHashSet" serialization="custom">
            <unserializable-parents/>
            <set>
              <default/>
              <int>4</int>
              <float>0.75</float>
              <int>2</int>
              <string>2</string>
              <string>3</string>
            </set>
          </nonPrimitiveEntityIds>
        </il.ac.technion.nlp.nli.core.method__call.NonPrimitiveArgument>
      </arguments>
      <entityIdOfObjectMethodIsInvokeOn>1</entityIdOfObjectMethodIsInvokeOn>
    </il.ac.technion.nlp.nli.core.method__call.MethodCall>
  </entry>
  <entry>
    <string>test-663</string>
    <il.ac.technion.nlp.nli.core.method__call.MethodCall>
      <methodId>
        <declaringClassCanonicalName>il.ac.technion.nlp.nli.dataset1.domains.list.entities.SpecialList</declaringClassCanonicalName>
        <name>remove</name>
        <parameterClassNames>
          <string>java.util.Collection</string>
        </parameterClassNames>
      </methodId>
      <arguments>
        <il.ac.technion.nlp.nli.core.method__call.NonPrimitiveArgument>
          <nonPrimitiveEntityIds class="ofergivoli.olib.data_structures.set.SafeHashSet" serialization="custom">
            <unserializable-parents/>
            <set>
              <default/>
              <int>4</int>
              <float>0.75</float>
              <int>2</int>
              <string>4</string>
              <string>6</string>
            </set>
          </nonPrimitiveEntityIds>
        </il.ac.technion.nlp.nli.core.method__call.NonPrimitiveArgument>
      </arguments>
      <entityIdOfObjectMethodIsInvokeOn>1</entityIdOfObjectMethodIsInvokeOn>
    </il.ac.technion.nlp.nli.core.method__call.MethodCall>
  </entry>
  <entry>
    <string>test-301</string>
    <il.ac.technion.nlp.nli.core.method__call.MethodCall>
      <methodId>
        <declaringClassCanonicalName>il.ac.technion.nlp.nli.dataset1.domains.list.entities.SpecialList</declaringClassCanonicalName>
        <name>remove</name>
        <parameterClassNames>
          <string>java.util.Collection</string>
        </parameterClassNames>
      </methodId>
      <arguments>
        <il.ac.technion.nlp.nli.core.method__call.NonPrimitiveArgument>
          <nonPrimitiveEntityIds class="ofergivoli.olib.data_structures.set.SafeHashSet" serialization="custom">
            <unserializable-parents/>
            <set>
              <default/>
              <int>2</int>
              <float>0.75</float>
              <int>1</int>
              <string>2</string>
            </set>
          </nonPrimitiveEntityIds>
        </il.ac.technion.nlp.nli.core.method__call.NonPrimitiveArgument>
      </arguments>
      <entityIdOfObjectMethodIsInvokeOn>1</entityIdOfObjectMethodIsInvokeOn>
    </il.ac.technion.nlp.nli.core.method__call.MethodCall>
  </entry>
  <entry>
    <string>test-422</string>
    <il.ac.technion.nlp.nli.core.method__call.MethodCall>
      <methodId>
        <declaringClassCanonicalName>il.ac.technion.nlp.nli.dataset1.domains.file_manager.entities.FileManager</declaringClassCanonicalName>
        <name>removeFiles</name>
        <parameterClassNames>
          <string>java.util.Collection</string>
        </parameterClassNames>
      </methodId>
      <arguments>
        <il.ac.technion.nlp.nli.core.method__call.NonPrimitiveArgument>
          <nonPrimitiveEntityIds class="ofergivoli.olib.data_structures.set.SafeHashSet" serialization="custom">
            <unserializable-parents/>
            <set>
              <default/>
              <int>2</int>
              <float>0.75</float>
              <int>1</int>
              <string>4</string>
            </set>
          </nonPrimitiveEntityIds>
        </il.ac.technion.nlp.nli.core.method__call.NonPrimitiveArgument>
      </arguments>
      <entityIdOfObjectMethodIsInvokeOn>1</entityIdOfObjectMethodIsInvokeOn>
    </il.ac.technion.nlp.nli.core.method__call.MethodCall>
  </entry>
  <entry>
    <string>test-543</string>
    <il.ac.technion.nlp.nli.core.method__call.MethodCall>
      <methodId>
        <declaringClassCanonicalName>il.ac.technion.nlp.nli.dataset1.domains.workforce_management.entities.WorkforceManagementSystem</declaringClassCanonicalName>
        <name>updateSalary</name>
        <parameterClassNames>
          <string>il.ac.technion.nlp.nli.dataset1.domains.workforce_management.entities.Employee</string>
          <string>int</string>
        </parameterClassNames>
      </methodId>
      <arguments>
        <il.ac.technion.nlp.nli.core.method__call.NonPrimitiveArgument>
          <nonPrimitiveEntityIds class="ofergivoli.olib.data_structures.set.SafeHashSet" serialization="custom">
            <unserializable-parents/>
            <set>
              <default/>
              <int>2</int>
              <float>0.75</float>
              <int>1</int>
              <string>3</string>
            </set>
          </nonPrimitiveEntityIds>
        </il.ac.technion.nlp.nli.core.method__call.NonPrimitiveArgument>
        <il.ac.technion.nlp.nli.core.method__call.PrimitiveArgument>
          <primitiveEntities class="list">
            <il.ac.technion.nlp.nli.core.state.PrimitiveEntity>
              <value class="int">95396</value>
            </il.ac.technion.nlp.nli.core.state.PrimitiveEntity>
          </primitiveEntities>
        </il.ac.technion.nlp.nli.core.method__call.PrimitiveArgument>
      </arguments>
      <entityIdOfObjectMethodIsInvokeOn>1</entityIdOfObjectMethodIsInvokeOn>
    </il.ac.technion.nlp.nli.core.method__call.MethodCall>
  </entry>
  <entry>
    <string>test-664</string>
    <il.ac.technion.nlp.nli.core.method__call.MethodCall>
      <methodId>
        <declaringClassCanonicalName>il.ac.technion.nlp.nli.dataset1.domains.lighting_control.entities.LightingControlSystem</declaringClassCanonicalName>
        <name>turnLightOn</name>
        <parameterClassNames>
          <string>java.util.Collection</string>
        </parameterClassNames>
      </methodId>
      <arguments>
        <il.ac.technion.nlp.nli.core.method__call.NonPrimitiveArgument>
          <nonPrimitiveEntityIds class="ofergivoli.olib.data_structures.set.SafeHashSet" serialization="custom">
            <unserializable-parents/>
            <set>
              <default/>
              <int>8</int>
              <float>0.75</float>
              <int>4</int>
              <string>8</string>
              <string>5</string>
              <string>6</string>
              <string>7</string>
            </set>
          </nonPrimitiveEntityIds>
        </il.ac.technion.nlp.nli.core.method__call.NonPrimitiveArgument>
      </arguments>
      <entityIdOfObjectMethodIsInvokeOn>1</entityIdOfObjectMethodIsInvokeOn>
    </il.ac.technion.nlp.nli.core.method__call.MethodCall>
  </entry>
  <entry>
    <string>test-306</string>
    <il.ac.technion.nlp.nli.core.method__call.MethodCall>
      <methodId>
        <declaringClassCanonicalName>il.ac.technion.nlp.nli.dataset1.domains.messenger.Messenger</declaringClassCanonicalName>
        <name>muteChatGroups</name>
        <parameterClassNames>
          <string>java.util.Collection</string>
        </parameterClassNames>
      </methodId>
      <arguments>
        <il.ac.technion.nlp.nli.core.method__call.NonPrimitiveArgument>
          <nonPrimitiveEntityIds class="ofergivoli.olib.data_structures.set.SafeHashSet" serialization="custom">
            <unserializable-parents/>
            <set>
              <default/>
              <int>4</int>
              <float>0.75</float>
              <int>3</int>
              <string>11</string>
              <string>12</string>
              <string>13</string>
            </set>
          </nonPrimitiveEntityIds>
        </il.ac.technion.nlp.nli.core.method__call.NonPrimitiveArgument>
      </arguments>
      <entityIdOfObjectMethodIsInvokeOn>1</entityIdOfObjectMethodIsInvokeOn>
    </il.ac.technion.nlp.nli.core.method__call.MethodCall>
  </entry>
  <entry>
    <string>test-427</string>
    <il.ac.technion.nlp.nli.core.method__call.MethodCall>
      <methodId>
        <declaringClassCanonicalName>il.ac.technion.nlp.nli.dataset1.domains.calendar.entities.Calendar</declaringClassCanonicalName>
        <name>removeEvents</name>
        <parameterClassNames>
          <string>java.util.Collection</string>
        </parameterClassNames>
      </methodId>
      <arguments>
        <il.ac.technion.nlp.nli.core.method__call.NonPrimitiveArgument>
          <nonPrimitiveEntityIds class="ofergivoli.olib.data_structures.set.SafeHashSet" serialization="custom">
            <unserializable-parents/>
            <set>
              <default/>
              <int>4</int>
              <float>0.75</float>
              <int>3</int>
              <string>4</string>
              <string>2</string>
              <string>3</string>
            </set>
          </nonPrimitiveEntityIds>
        </il.ac.technion.nlp.nli.core.method__call.NonPrimitiveArgument>
      </arguments>
      <entityIdOfObjectMethodIsInvokeOn>1</entityIdOfObjectMethodIsInvokeOn>
    </il.ac.technion.nlp.nli.core.method__call.MethodCall>
  </entry>
  <entry>
    <string>test-548</string>
    <il.ac.technion.nlp.nli.core.method__call.MethodCall>
      <methodId>
        <declaringClassCanonicalName>il.ac.technion.nlp.nli.dataset1.domains.messenger.Messenger</declaringClassCanonicalName>
        <name>muteChatGroups</name>
        <parameterClassNames>
          <string>java.util.Collection</string>
        </parameterClassNames>
      </methodId>
      <arguments>
        <il.ac.technion.nlp.nli.core.method__call.NonPrimitiveArgument>
          <nonPrimitiveEntityIds class="ofergivoli.olib.data_structures.set.SafeHashSet" serialization="custom">
            <unserializable-parents/>
            <set>
              <default/>
              <int>4</int>
              <float>0.75</float>
              <int>3</int>
              <string>15</string>
              <string>13</string>
              <string>14</string>
            </set>
          </nonPrimitiveEntityIds>
        </il.ac.technion.nlp.nli.core.method__call.NonPrimitiveArgument>
      </arguments>
      <entityIdOfObjectMethodIsInvokeOn>1</entityIdOfObjectMethodIsInvokeOn>
    </il.ac.technion.nlp.nli.core.method__call.MethodCall>
  </entry>
  <entry>
    <string>test-669</string>
    <il.ac.technion.nlp.nli.core.method__call.MethodCall>
      <methodId>
        <declaringClassCanonicalName>il.ac.technion.nlp.nli.dataset1.domains.workforce_management.entities.WorkforceManagementSystem</declaringClassCanonicalName>
        <name>assignEmployeeToNewPosition</name>
        <parameterClassNames>
          <string>il.ac.technion.nlp.nli.dataset1.domains.workforce_management.entities.Employee</string>
          <string>il.ac.technion.nlp.nli.dataset1.domains.workforce_management.entities.Position</string>
        </parameterClassNames>
      </methodId>
      <arguments>
        <il.ac.technion.nlp.nli.core.method__call.NonPrimitiveArgument>
          <nonPrimitiveEntityIds class="ofergivoli.olib.data_structures.set.SafeHashSet" serialization="custom">
            <unserializable-parents/>
            <set>
              <default/>
              <int>2</int>
              <float>0.75</float>
              <int>1</int>
              <string>4</string>
            </set>
          </nonPrimitiveEntityIds>
        </il.ac.technion.nlp.nli.core.method__call.NonPrimitiveArgument>
        <il.ac.technion.nlp.nli.core.method__call.PrimitiveArgument>
          <primitiveEntities class="list">
            <il.ac.technion.nlp.nli.core.state.PrimitiveEntity>
              <value class="il.ac.technion.nlp.nli.dataset1.domains.workforce_management.entities.Position">MANAGER</value>
            </il.ac.technion.nlp.nli.core.state.PrimitiveEntity>
          </primitiveEntities>
        </il.ac.technion.nlp.nli.core.method__call.PrimitiveArgument>
      </arguments>
      <entityIdOfObjectMethodIsInvokeOn>1</entityIdOfObjectMethodIsInvokeOn>
    </il.ac.technion.nlp.nli.core.method__call.MethodCall>
  </entry>
  <entry>
    <string>test-307</string>
    <il.ac.technion.nlp.nli.core.method__call.MethodCall>
      <methodId>
        <declaringClassCanonicalName>il.ac.technion.nlp.nli.dataset1.domains.calendar.entities.Calendar</declaringClassCanonicalName>
        <name>setEventColor</name>
        <parameterClassNames>
          <string>java.util.Collection</string>
          <string>il.ac.technion.nlp.nli.core.state.entities.Color</string>
        </parameterClassNames>
      </methodId>
      <arguments>
        <il.ac.technion.nlp.nli.core.method__call.NonPrimitiveArgument>
          <nonPrimitiveEntityIds class="ofergivoli.olib.data_structures.set.SafeHashSet" serialization="custom">
            <unserializable-parents/>
            <set>
              <default/>
              <int>2</int>
              <float>0.75</float>
              <int>1</int>
              <string>4</string>
            </set>
          </nonPrimitiveEntityIds>
        </il.ac.technion.nlp.nli.core.method__call.NonPrimitiveArgument>
        <il.ac.technion.nlp.nli.core.method__call.PrimitiveArgument>
          <primitiveEntities class="list">
            <il.ac.technion.nlp.nli.core.state.PrimitiveEntity>
              <value class="il.ac.technion.nlp.nli.core.state.entities.Color">GREEN</value>
            </il.ac.technion.nlp.nli.core.state.PrimitiveEntity>
          </primitiveEntities>
        </il.ac.technion.nlp.nli.core.method__call.PrimitiveArgument>
      </arguments>
      <entityIdOfObjectMethodIsInvokeOn>1</entityIdOfObjectMethodIsInvokeOn>
    </il.ac.technion.nlp.nli.core.method__call.MethodCall>
  </entry>
  <entry>
    <string>test-428</string>
    <il.ac.technion.nlp.nli.core.method__call.MethodCall>
      <methodId>
        <declaringClassCanonicalName>il.ac.technion.nlp.nli.dataset1.domains.file_manager.entities.FileManager</declaringClassCanonicalName>
        <name>removeFiles</name>
        <parameterClassNames>
          <string>java.util.Collection</string>
        </parameterClassNames>
      </methodId>
      <arguments>
        <il.ac.technion.nlp.nli.core.method__call.NonPrimitiveArgument>
          <nonPrimitiveEntityIds class="ofergivoli.olib.data_structures.set.SafeHashSet" serialization="custom">
            <unserializable-parents/>
            <set>
              <default/>
              <int>2</int>
              <float>0.75</float>
              <int>1</int>
              <string>8</string>
            </set>
          </nonPrimitiveEntityIds>
        </il.ac.technion.nlp.nli.core.method__call.NonPrimitiveArgument>
      </arguments>
      <entityIdOfObjectMethodIsInvokeOn>1</entityIdOfObjectMethodIsInvokeOn>
    </il.ac.technion.nlp.nli.core.method__call.MethodCall>
  </entry>
  <entry>
    <string>test-549</string>
    <il.ac.technion.nlp.nli.core.method__call.MethodCall>
      <methodId>
        <declaringClassCanonicalName>il.ac.technion.nlp.nli.dataset1.domains.container_management.entities.ContainerManagementSystem</declaringClassCanonicalName>
        <name>loadContainers</name>
        <parameterClassNames>
          <string>java.util.Collection</string>
        </parameterClassNames>
      </methodId>
      <arguments>
        <il.ac.technion.nlp.nli.core.method__call.NonPrimitiveArgument>
          <nonPrimitiveEntityIds class="ofergivoli.olib.data_structures.set.SafeHashSet" serialization="custom">
            <unserializable-parents/>
            <set>
              <default/>
              <int>4</int>
              <float>0.75</float>
              <int>2</int>
              <string>6</string>
              <string>3</string>
            </set>
          </nonPrimitiveEntityIds>
        </il.ac.technion.nlp.nli.core.method__call.NonPrimitiveArgument>
      </arguments>
      <entityIdOfObjectMethodIsInvokeOn>1</entityIdOfObjectMethodIsInvokeOn>
    </il.ac.technion.nlp.nli.core.method__call.MethodCall>
  </entry>
  <entry>
    <string>test-304</string>
    <il.ac.technion.nlp.nli.core.method__call.MethodCall>
      <methodId>
        <declaringClassCanonicalName>il.ac.technion.nlp.nli.dataset1.domains.calendar.entities.Calendar</declaringClassCanonicalName>
        <name>setEventColor</name>
        <parameterClassNames>
          <string>java.util.Collection</string>
          <string>il.ac.technion.nlp.nli.core.state.entities.Color</string>
        </parameterClassNames>
      </methodId>
      <arguments>
        <il.ac.technion.nlp.nli.core.method__call.NonPrimitiveArgument>
          <nonPrimitiveEntityIds class="ofergivoli.olib.data_structures.set.SafeHashSet" serialization="custom">
            <unserializable-parents/>
            <set>
              <default/>
              <int>2</int>
              <float>0.75</float>
              <int>1</int>
              <string>5</string>
            </set>
          </nonPrimitiveEntityIds>
        </il.ac.technion.nlp.nli.core.method__call.NonPrimitiveArgument>
        <il.ac.technion.nlp.nli.core.method__call.PrimitiveArgument>
          <primitiveEntities class="list">
            <il.ac.technion.nlp.nli.core.state.PrimitiveEntity>
              <value class="il.ac.technion.nlp.nli.core.state.entities.Color">RED</value>
            </il.ac.technion.nlp.nli.core.state.PrimitiveEntity>
          </primitiveEntities>
        </il.ac.technion.nlp.nli.core.method__call.PrimitiveArgument>
      </arguments>
      <entityIdOfObjectMethodIsInvokeOn>1</entityIdOfObjectMethodIsInvokeOn>
    </il.ac.technion.nlp.nli.core.method__call.MethodCall>
  </entry>
  <entry>
    <string>test-425</string>
    <il.ac.technion.nlp.nli.core.method__call.MethodCall>
      <methodId>
        <declaringClassCanonicalName>il.ac.technion.nlp.nli.dataset1.domains.container_management.entities.ContainerManagementSystem</declaringClassCanonicalName>
        <name>unloadContainers</name>
        <parameterClassNames>
          <string>java.util.Collection</string>
        </parameterClassNames>
      </methodId>
      <arguments>
        <il.ac.technion.nlp.nli.core.method__call.NonPrimitiveArgument>
          <nonPrimitiveEntityIds class="ofergivoli.olib.data_structures.set.SafeHashSet" serialization="custom">
            <unserializable-parents/>
            <set>
              <default/>
              <int>2</int>
              <float>0.75</float>
              <int>1</int>
              <string>2</string>
            </set>
          </nonPrimitiveEntityIds>
        </il.ac.technion.nlp.nli.core.method__call.NonPrimitiveArgument>
      </arguments>
      <entityIdOfObjectMethodIsInvokeOn>1</entityIdOfObjectMethodIsInvokeOn>
    </il.ac.technion.nlp.nli.core.method__call.MethodCall>
  </entry>
  <entry>
    <string>test-546</string>
    <il.ac.technion.nlp.nli.core.method__call.MethodCall>
      <methodId>
        <declaringClassCanonicalName>il.ac.technion.nlp.nli.dataset1.domains.lighting_control.entities.LightingControlSystem</declaringClassCanonicalName>
        <name>turnLightOff</name>
        <parameterClassNames>
          <string>java.util.Collection</string>
        </parameterClassNames>
      </methodId>
      <arguments>
        <il.ac.technion.nlp.nli.core.method__call.NonPrimitiveArgument>
          <nonPrimitiveEntityIds class="ofergivoli.olib.data_structures.set.SafeHashSet" serialization="custom">
            <unserializable-parents/>
            <set>
              <default/>
              <int>8</int>
              <float>0.75</float>
              <int>4</int>
              <string>8</string>
              <string>9</string>
              <string>7</string>
              <string>10</string>
            </set>
          </nonPrimitiveEntityIds>
        </il.ac.technion.nlp.nli.core.method__call.NonPrimitiveArgument>
      </arguments>
      <entityIdOfObjectMethodIsInvokeOn>1</entityIdOfObjectMethodIsInvokeOn>
    </il.ac.technion.nlp.nli.core.method__call.MethodCall>
  </entry>
  <entry>
    <string>test-667</string>
    <il.ac.technion.nlp.nli.core.method__call.MethodCall>
      <methodId>
        <declaringClassCanonicalName>il.ac.technion.nlp.nli.dataset1.domains.calendar.entities.Calendar</declaringClassCanonicalName>
        <name>removeEvents</name>
        <parameterClassNames>
          <string>java.util.Collection</string>
        </parameterClassNames>
      </methodId>
      <arguments>
        <il.ac.technion.nlp.nli.core.method__call.NonPrimitiveArgument>
          <nonPrimitiveEntityIds class="ofergivoli.olib.data_structures.set.SafeHashSet" serialization="custom">
            <unserializable-parents/>
            <set>
              <default/>
              <int>2</int>
              <float>0.75</float>
              <int>1</int>
              <string>6</string>
            </set>
          </nonPrimitiveEntityIds>
        </il.ac.technion.nlp.nli.core.method__call.NonPrimitiveArgument>
      </arguments>
      <entityIdOfObjectMethodIsInvokeOn>1</entityIdOfObjectMethodIsInvokeOn>
    </il.ac.technion.nlp.nli.core.method__call.MethodCall>
  </entry>
  <entry>
    <string>test-305</string>
    <il.ac.technion.nlp.nli.core.method__call.MethodCall>
      <methodId>
        <declaringClassCanonicalName>il.ac.technion.nlp.nli.dataset1.domains.workforce_management.entities.WorkforceManagementSystem</declaringClassCanonicalName>
        <name>assignEmployeeToNewPosition</name>
        <parameterClassNames>
          <string>il.ac.technion.nlp.nli.dataset1.domains.workforce_management.entities.Employee</string>
          <string>il.ac.technion.nlp.nli.dataset1.domains.workforce_management.entities.Position</string>
        </parameterClassNames>
      </methodId>
      <arguments>
        <il.ac.technion.nlp.nli.core.method__call.NonPrimitiveArgument>
          <nonPrimitiveEntityIds class="ofergivoli.olib.data_structures.set.SafeHashSet" serialization="custom">
            <unserializable-parents/>
            <set>
              <default/>
              <int>2</int>
              <float>0.75</float>
              <int>1</int>
              <string>2</string>
            </set>
          </nonPrimitiveEntityIds>
        </il.ac.technion.nlp.nli.core.method__call.NonPrimitiveArgument>
        <il.ac.technion.nlp.nli.core.method__call.PrimitiveArgument>
          <primitiveEntities class="list">
            <il.ac.technion.nlp.nli.core.state.PrimitiveEntity>
              <value class="il.ac.technion.nlp.nli.dataset1.domains.workforce_management.entities.Position">DEVELOPER</value>
            </il.ac.technion.nlp.nli.core.state.PrimitiveEntity>
          </primitiveEntities>
        </il.ac.technion.nlp.nli.core.method__call.PrimitiveArgument>
      </arguments>
      <entityIdOfObjectMethodIsInvokeOn>1</entityIdOfObjectMethodIsInvokeOn>
    </il.ac.technion.nlp.nli.core.method__call.MethodCall>
  </entry>
  <entry>
    <string>test-426</string>
    <il.ac.technion.nlp.nli.core.method__call.MethodCall>
      <methodId>
        <declaringClassCanonicalName>il.ac.technion.nlp.nli.dataset1.domains.calendar.entities.Calendar</declaringClassCanonicalName>
        <name>removeEvents</name>
        <parameterClassNames>
          <string>java.util.Collection</string>
        </parameterClassNames>
      </methodId>
      <arguments>
        <il.ac.technion.nlp.nli.core.method__call.NonPrimitiveArgument>
          <nonPrimitiveEntityIds class="ofergivoli.olib.data_structures.set.SafeHashSet" serialization="custom">
            <unserializable-parents/>
            <set>
              <default/>
              <int>8</int>
              <float>0.75</float>
              <int>4</int>
              <string>2</string>
              <string>3</string>
              <string>4</string>
              <string>6</string>
            </set>
          </nonPrimitiveEntityIds>
        </il.ac.technion.nlp.nli.core.method__call.NonPrimitiveArgument>
      </arguments>
      <entityIdOfObjectMethodIsInvokeOn>1</entityIdOfObjectMethodIsInvokeOn>
    </il.ac.technion.nlp.nli.core.method__call.MethodCall>
  </entry>
  <entry>
    <string>test-547</string>
    <il.ac.technion.nlp.nli.core.method__call.MethodCall>
      <methodId>
        <declaringClassCanonicalName>il.ac.technion.nlp.nli.dataset1.domains.calendar.entities.Calendar</declaringClassCanonicalName>
        <name>setEventColor</name>
        <parameterClassNames>
          <string>java.util.Collection</string>
          <string>il.ac.technion.nlp.nli.core.state.entities.Color</string>
        </parameterClassNames>
      </methodId>
      <arguments>
        <il.ac.technion.nlp.nli.core.method__call.NonPrimitiveArgument>
          <nonPrimitiveEntityIds class="ofergivoli.olib.data_structures.set.SafeHashSet" serialization="custom">
            <unserializable-parents/>
            <set>
              <default/>
              <int>2</int>
              <float>0.75</float>
              <int>1</int>
              <string>4</string>
            </set>
          </nonPrimitiveEntityIds>
        </il.ac.technion.nlp.nli.core.method__call.NonPrimitiveArgument>
        <il.ac.technion.nlp.nli.core.method__call.PrimitiveArgument>
          <primitiveEntities class="list">
            <il.ac.technion.nlp.nli.core.state.PrimitiveEntity>
              <value class="il.ac.technion.nlp.nli.core.state.entities.Color">BLUE</value>
            </il.ac.technion.nlp.nli.core.state.PrimitiveEntity>
          </primitiveEntities>
        </il.ac.technion.nlp.nli.core.method__call.PrimitiveArgument>
      </arguments>
      <entityIdOfObjectMethodIsInvokeOn>1</entityIdOfObjectMethodIsInvokeOn>
    </il.ac.technion.nlp.nli.core.method__call.MethodCall>
  </entry>
  <entry>
    <string>test-668</string>
    <il.ac.technion.nlp.nli.core.method__call.MethodCall>
      <methodId>
        <declaringClassCanonicalName>il.ac.technion.nlp.nli.dataset1.domains.messenger.Messenger</declaringClassCanonicalName>
        <name>deleteChatGroups</name>
        <parameterClassNames>
          <string>java.util.Collection</string>
        </parameterClassNames>
      </methodId>
      <arguments>
        <il.ac.technion.nlp.nli.core.method__call.NonPrimitiveArgument>
          <nonPrimitiveEntityIds class="ofergivoli.olib.data_structures.set.SafeHashSet" serialization="custom">
            <unserializable-parents/>
            <set>
              <default/>
              <int>4</int>
              <float>0.75</float>
              <int>3</int>
              <string>8</string>
              <string>9</string>
              <string>10</string>
            </set>
          </nonPrimitiveEntityIds>
        </il.ac.technion.nlp.nli.core.method__call.NonPrimitiveArgument>
      </arguments>
      <entityIdOfObjectMethodIsInvokeOn>1</entityIdOfObjectMethodIsInvokeOn>
    </il.ac.technion.nlp.nli.core.method__call.MethodCall>
  </entry>
  <entry>
    <string>test-418</string>
    <il.ac.technion.nlp.nli.core.method__call.MethodCall>
      <methodId>
        <declaringClassCanonicalName>il.ac.technion.nlp.nli.dataset1.domains.workforce_management.entities.WorkforceManagementSystem</declaringClassCanonicalName>
        <name>assignEmployeeToNewPosition</name>
        <parameterClassNames>
          <string>il.ac.technion.nlp.nli.dataset1.domains.workforce_management.entities.Employee</string>
          <string>il.ac.technion.nlp.nli.dataset1.domains.workforce_management.entities.Position</string>
        </parameterClassNames>
      </methodId>
      <arguments>
        <il.ac.technion.nlp.nli.core.method__call.NonPrimitiveArgument>
          <nonPrimitiveEntityIds class="ofergivoli.olib.data_structures.set.SafeHashSet" serialization="custom">
            <unserializable-parents/>
            <set>
              <default/>
              <int>2</int>
              <float>0.75</float>
              <int>1</int>
              <string>4</string>
            </set>
          </nonPrimitiveEntityIds>
        </il.ac.technion.nlp.nli.core.method__call.NonPrimitiveArgument>
        <il.ac.technion.nlp.nli.core.method__call.PrimitiveArgument>
          <primitiveEntities class="list">
            <il.ac.technion.nlp.nli.core.state.PrimitiveEntity>
              <value class="il.ac.technion.nlp.nli.dataset1.domains.workforce_management.entities.Position">QA</value>
            </il.ac.technion.nlp.nli.core.state.PrimitiveEntity>
          </primitiveEntities>
        </il.ac.technion.nlp.nli.core.method__call.PrimitiveArgument>
      </arguments>
      <entityIdOfObjectMethodIsInvokeOn>1</entityIdOfObjectMethodIsInvokeOn>
    </il.ac.technion.nlp.nli.core.method__call.MethodCall>
  </entry>
  <entry>
    <string>test-539</string>
    <il.ac.technion.nlp.nli.core.method__call.MethodCall>
      <methodId>
        <declaringClassCanonicalName>il.ac.technion.nlp.nli.dataset1.domains.lighting_control.entities.LightingControlSystem</declaringClassCanonicalName>
        <name>turnLightOn</name>
        <parameterClassNames>
          <string>java.util.Collection</string>
        </parameterClassNames>
      </methodId>
      <arguments>
        <il.ac.technion.nlp.nli.core.method__call.NonPrimitiveArgument>
          <nonPrimitiveEntityIds class="ofergivoli.olib.data_structures.set.SafeHashSet" serialization="custom">
            <unserializable-parents/>
            <set>
              <default/>
              <int>4</int>
              <float>0.75</float>
              <int>2</int>
              <string>6</string>
              <string>7</string>
            </set>
          </nonPrimitiveEntityIds>
        </il.ac.technion.nlp.nli.core.method__call.NonPrimitiveArgument>
      </arguments>
      <entityIdOfObjectMethodIsInvokeOn>1</entityIdOfObjectMethodIsInvokeOn>
    </il.ac.technion.nlp.nli.core.method__call.MethodCall>
  </entry>
  <entry>
    <string>test-419</string>
    <il.ac.technion.nlp.nli.core.method__call.MethodCall>
      <methodId>
        <declaringClassCanonicalName>il.ac.technion.nlp.nli.dataset1.domains.file_manager.entities.FileManager</declaringClassCanonicalName>
        <name>moveFiles</name>
        <parameterClassNames>
          <string>java.util.Collection</string>
          <string>il.ac.technion.nlp.nli.dataset1.domains.file_manager.entities.Directory</string>
        </parameterClassNames>
      </methodId>
      <arguments>
        <il.ac.technion.nlp.nli.core.method__call.NonPrimitiveArgument>
          <nonPrimitiveEntityIds class="ofergivoli.olib.data_structures.set.SafeHashSet" serialization="custom">
            <unserializable-parents/>
            <set>
              <default/>
              <int>2</int>
              <float>0.75</float>
              <int>1</int>
              <string>6</string>
            </set>
          </nonPrimitiveEntityIds>
        </il.ac.technion.nlp.nli.core.method__call.NonPrimitiveArgument>
        <il.ac.technion.nlp.nli.core.method__call.NonPrimitiveArgument>
          <nonPrimitiveEntityIds class="ofergivoli.olib.data_structures.set.SafeHashSet" serialization="custom">
            <unserializable-parents/>
            <set>
              <default/>
              <int>2</int>
              <float>0.75</float>
              <int>1</int>
              <string>3</string>
            </set>
          </nonPrimitiveEntityIds>
        </il.ac.technion.nlp.nli.core.method__call.NonPrimitiveArgument>
      </arguments>
      <entityIdOfObjectMethodIsInvokeOn>1</entityIdOfObjectMethodIsInvokeOn>
    </il.ac.technion.nlp.nli.core.method__call.MethodCall>
  </entry>
  <entry>
    <string>test-430</string>
    <il.ac.technion.nlp.nli.core.method__call.MethodCall>
      <methodId>
        <declaringClassCanonicalName>il.ac.technion.nlp.nli.dataset1.domains.calendar.entities.Calendar</declaringClassCanonicalName>
        <name>removeEvents</name>
        <parameterClassNames>
          <string>java.util.Collection</string>
        </parameterClassNames>
      </methodId>
      <arguments>
        <il.ac.technion.nlp.nli.core.method__call.NonPrimitiveArgument>
          <nonPrimitiveEntityIds class="ofergivoli.olib.data_structures.set.SafeHashSet" serialization="custom">
            <unserializable-parents/>
            <set>
              <default/>
              <int>4</int>
              <float>0.75</float>
              <int>2</int>
              <string>5</string>
              <string>2</string>
            </set>
          </nonPrimitiveEntityIds>
        </il.ac.technion.nlp.nli.core.method__call.NonPrimitiveArgument>
      </arguments>
      <entityIdOfObjectMethodIsInvokeOn>1</entityIdOfObjectMethodIsInvokeOn>
    </il.ac.technion.nlp.nli.core.method__call.MethodCall>
  </entry>
  <entry>
    <string>test-551</string>
    <il.ac.technion.nlp.nli.core.method__call.MethodCall>
      <methodId>
        <declaringClassCanonicalName>il.ac.technion.nlp.nli.dataset1.domains.calendar.entities.Calendar</declaringClassCanonicalName>
        <name>setEventColor</name>
        <parameterClassNames>
          <string>java.util.Collection</string>
          <string>il.ac.technion.nlp.nli.core.state.entities.Color</string>
        </parameterClassNames>
      </methodId>
      <arguments>
        <il.ac.technion.nlp.nli.core.method__call.NonPrimitiveArgument>
          <nonPrimitiveEntityIds class="ofergivoli.olib.data_structures.set.SafeHashSet" serialization="custom">
            <unserializable-parents/>
            <set>
              <default/>
              <int>8</int>
              <float>0.75</float>
              <int>4</int>
              <string>2</string>
              <string>3</string>
              <string>4</string>
              <string>5</string>
            </set>
          </nonPrimitiveEntityIds>
        </il.ac.technion.nlp.nli.core.method__call.NonPrimitiveArgument>
        <il.ac.technion.nlp.nli.core.method__call.PrimitiveArgument>
          <primitiveEntities class="list">
            <il.ac.technion.nlp.nli.core.state.PrimitiveEntity>
              <value class="il.ac.technion.nlp.nli.core.state.entities.Color">RED</value>
            </il.ac.technion.nlp.nli.core.state.PrimitiveEntity>
          </primitiveEntities>
        </il.ac.technion.nlp.nli.core.method__call.PrimitiveArgument>
      </arguments>
      <entityIdOfObjectMethodIsInvokeOn>1</entityIdOfObjectMethodIsInvokeOn>
    </il.ac.technion.nlp.nli.core.method__call.MethodCall>
  </entry>
  <entry>
    <string>test-672</string>
    <il.ac.technion.nlp.nli.core.method__call.MethodCall>
      <methodId>
        <declaringClassCanonicalName>il.ac.technion.nlp.nli.dataset1.domains.workforce_management.entities.WorkforceManagementSystem</declaringClassCanonicalName>
        <name>updateSalary</name>
        <parameterClassNames>
          <string>il.ac.technion.nlp.nli.dataset1.domains.workforce_management.entities.Employee</string>
          <string>int</string>
        </parameterClassNames>
      </methodId>
      <arguments>
        <il.ac.technion.nlp.nli.core.method__call.NonPrimitiveArgument>
          <nonPrimitiveEntityIds class="ofergivoli.olib.data_structures.set.SafeHashSet" serialization="custom">
            <unserializable-parents/>
            <set>
              <default/>
              <int>2</int>
              <float>0.75</float>
              <int>1</int>
              <string>3</string>
            </set>
          </nonPrimitiveEntityIds>
        </il.ac.technion.nlp.nli.core.method__call.NonPrimitiveArgument>
        <il.ac.technion.nlp.nli.core.method__call.PrimitiveArgument>
          <primitiveEntities class="list">
            <il.ac.technion.nlp.nli.core.state.PrimitiveEntity>
              <value class="int">44803</value>
            </il.ac.technion.nlp.nli.core.state.PrimitiveEntity>
          </primitiveEntities>
        </il.ac.technion.nlp.nli.core.method__call.PrimitiveArgument>
      </arguments>
      <entityIdOfObjectMethodIsInvokeOn>1</entityIdOfObjectMethodIsInvokeOn>
    </il.ac.technion.nlp.nli.core.method__call.MethodCall>
  </entry>
  <entry>
    <string>test-310</string>
    <il.ac.technion.nlp.nli.core.method__call.MethodCall>
      <methodId>
        <declaringClassCanonicalName>il.ac.technion.nlp.nli.dataset1.domains.lighting_control.entities.LightingControlSystem</declaringClassCanonicalName>
        <name>turnLightOn</name>
        <parameterClassNames>
          <string>java.util.Collection</string>
        </parameterClassNames>
      </methodId>
      <arguments>
        <il.ac.technion.nlp.nli.core.method__call.NonPrimitiveArgument>
          <nonPrimitiveEntityIds class="ofergivoli.olib.data_structures.set.SafeHashSet" serialization="custom">
            <unserializable-parents/>
            <set>
              <default/>
              <int>2</int>
              <float>0.75</float>
              <int>1</int>
              <string>6</string>
            </set>
          </nonPrimitiveEntityIds>
        </il.ac.technion.nlp.nli.core.method__call.NonPrimitiveArgument>
      </arguments>
      <entityIdOfObjectMethodIsInvokeOn>1</entityIdOfObjectMethodIsInvokeOn>
    </il.ac.technion.nlp.nli.core.method__call.MethodCall>
  </entry>
  <entry>
    <string>test-431</string>
    <il.ac.technion.nlp.nli.core.method__call.MethodCall>
      <methodId>
        <declaringClassCanonicalName>il.ac.technion.nlp.nli.dataset1.domains.lighting_control.entities.LightingControlSystem</declaringClassCanonicalName>
        <name>turnLightOn</name>
        <parameterClassNames>
          <string>java.util.Collection</string>
        </parameterClassNames>
      </methodId>
      <arguments>
        <il.ac.technion.nlp.nli.core.method__call.NonPrimitiveArgument>
          <nonPrimitiveEntityIds class="ofergivoli.olib.data_structures.set.SafeHashSet" serialization="custom">
            <unserializable-parents/>
            <set>
              <default/>
              <int>4</int>
              <float>0.75</float>
              <int>2</int>
              <string>2</string>
              <string>3</string>
            </set>
          </nonPrimitiveEntityIds>
        </il.ac.technion.nlp.nli.core.method__call.NonPrimitiveArgument>
      </arguments>
      <entityIdOfObjectMethodIsInvokeOn>1</entityIdOfObjectMethodIsInvokeOn>
    </il.ac.technion.nlp.nli.core.method__call.MethodCall>
  </entry>
  <entry>
    <string>test-552</string>
    <il.ac.technion.nlp.nli.core.method__call.MethodCall>
      <methodId>
        <declaringClassCanonicalName>il.ac.technion.nlp.nli.dataset1.domains.container_management.entities.ContainerManagementSystem</declaringClassCanonicalName>
        <name>unloadContainers</name>
        <parameterClassNames>
          <string>java.util.Collection</string>
        </parameterClassNames>
      </methodId>
      <arguments>
        <il.ac.technion.nlp.nli.core.method__call.NonPrimitiveArgument>
          <nonPrimitiveEntityIds class="ofergivoli.olib.data_structures.set.SafeHashSet" serialization="custom">
            <unserializable-parents/>
            <set>
              <default/>
              <int>4</int>
              <float>0.75</float>
              <int>3</int>
              <string>4</string>
              <string>5</string>
              <string>2</string>
            </set>
          </nonPrimitiveEntityIds>
        </il.ac.technion.nlp.nli.core.method__call.NonPrimitiveArgument>
      </arguments>
      <entityIdOfObjectMethodIsInvokeOn>1</entityIdOfObjectMethodIsInvokeOn>
    </il.ac.technion.nlp.nli.core.method__call.MethodCall>
  </entry>
  <entry>
    <string>test-673</string>
    <il.ac.technion.nlp.nli.core.method__call.MethodCall>
      <methodId>
        <declaringClassCanonicalName>il.ac.technion.nlp.nli.dataset1.domains.messenger.Messenger</declaringClassCanonicalName>
        <name>muteChatGroups</name>
        <parameterClassNames>
          <string>java.util.Collection</string>
        </parameterClassNames>
      </methodId>
      <arguments>
        <il.ac.technion.nlp.nli.core.method__call.NonPrimitiveArgument>
          <nonPrimitiveEntityIds class="ofergivoli.olib.data_structures.set.SafeHashSet" serialization="custom">
            <unserializable-parents/>
            <set>
              <default/>
              <int>2</int>
              <float>0.75</float>
              <int>1</int>
              <string>8</string>
            </set>
          </nonPrimitiveEntityIds>
        </il.ac.technion.nlp.nli.core.method__call.NonPrimitiveArgument>
      </arguments>
      <entityIdOfObjectMethodIsInvokeOn>1</entityIdOfObjectMethodIsInvokeOn>
    </il.ac.technion.nlp.nli.core.method__call.MethodCall>
  </entry>
  <entry>
    <string>test-670</string>
    <il.ac.technion.nlp.nli.core.method__call.MethodCall>
      <methodId>
        <declaringClassCanonicalName>il.ac.technion.nlp.nli.dataset1.domains.lighting_control.entities.LightingControlSystem</declaringClassCanonicalName>
        <name>turnLightOff</name>
        <parameterClassNames>
          <string>java.util.Collection</string>
        </parameterClassNames>
      </methodId>
      <arguments>
        <il.ac.technion.nlp.nli.core.method__call.NonPrimitiveArgument>
          <nonPrimitiveEntityIds class="ofergivoli.olib.data_structures.set.SafeHashSet" serialization="custom">
            <unserializable-parents/>
            <set>
              <default/>
              <int>8</int>
              <float>0.75</float>
              <int>5</int>
              <string>9</string>
              <string>2</string>
              <string>4</string>
              <string>5</string>
              <string>6</string>
            </set>
          </nonPrimitiveEntityIds>
        </il.ac.technion.nlp.nli.core.method__call.NonPrimitiveArgument>
      </arguments>
      <entityIdOfObjectMethodIsInvokeOn>1</entityIdOfObjectMethodIsInvokeOn>
    </il.ac.technion.nlp.nli.core.method__call.MethodCall>
  </entry>
  <entry>
    <string>test-550</string>
    <il.ac.technion.nlp.nli.core.method__call.MethodCall>
      <methodId>
        <declaringClassCanonicalName>il.ac.technion.nlp.nli.dataset1.domains.list.entities.SpecialList</declaringClassCanonicalName>
        <name>moveToBeginning</name>
        <parameterClassNames>
          <string>il.ac.technion.nlp.nli.dataset1.domains.list.entities.ListElement</string>
        </parameterClassNames>
      </methodId>
      <arguments>
        <il.ac.technion.nlp.nli.core.method__call.NonPrimitiveArgument>
          <nonPrimitiveEntityIds class="ofergivoli.olib.data_structures.set.SafeHashSet" serialization="custom">
            <unserializable-parents/>
            <set>
              <default/>
              <int>2</int>
              <float>0.75</float>
              <int>1</int>
              <string>2</string>
            </set>
          </nonPrimitiveEntityIds>
        </il.ac.technion.nlp.nli.core.method__call.NonPrimitiveArgument>
      </arguments>
      <entityIdOfObjectMethodIsInvokeOn>1</entityIdOfObjectMethodIsInvokeOn>
    </il.ac.technion.nlp.nli.core.method__call.MethodCall>
  </entry>
  <entry>
    <string>test-671</string>
    <il.ac.technion.nlp.nli.core.method__call.MethodCall>
      <methodId>
        <declaringClassCanonicalName>il.ac.technion.nlp.nli.dataset1.domains.calendar.entities.Calendar</declaringClassCanonicalName>
        <name>removeEvents</name>
        <parameterClassNames>
          <string>java.util.Collection</string>
        </parameterClassNames>
      </methodId>
      <arguments>
        <il.ac.technion.nlp.nli.core.method__call.NonPrimitiveArgument>
          <nonPrimitiveEntityIds class="ofergivoli.olib.data_structures.set.SafeHashSet" serialization="custom">
            <unserializable-parents/>
            <set>
              <default/>
              <int>4</int>
              <float>0.75</float>
              <int>2</int>
              <string>4</string>
              <string>5</string>
            </set>
          </nonPrimitiveEntityIds>
        </il.ac.technion.nlp.nli.core.method__call.NonPrimitiveArgument>
      </arguments>
      <entityIdOfObjectMethodIsInvokeOn>1</entityIdOfObjectMethodIsInvokeOn>
    </il.ac.technion.nlp.nli.core.method__call.MethodCall>
  </entry>
  <entry>
    <string>test-36</string>
    <il.ac.technion.nlp.nli.core.method__call.MethodCall>
      <methodId>
        <declaringClassCanonicalName>il.ac.technion.nlp.nli.dataset1.domains.calendar.entities.Calendar</declaringClassCanonicalName>
        <name>setEventColor</name>
        <parameterClassNames>
          <string>java.util.Collection</string>
          <string>il.ac.technion.nlp.nli.core.state.entities.Color</string>
        </parameterClassNames>
      </methodId>
      <arguments>
        <il.ac.technion.nlp.nli.core.method__call.NonPrimitiveArgument>
          <nonPrimitiveEntityIds class="ofergivoli.olib.data_structures.set.SafeHashSet" serialization="custom">
            <unserializable-parents/>
            <set>
              <default/>
              <int>2</int>
              <float>0.75</float>
              <int>1</int>
              <string>4</string>
            </set>
          </nonPrimitiveEntityIds>
        </il.ac.technion.nlp.nli.core.method__call.NonPrimitiveArgument>
        <il.ac.technion.nlp.nli.core.method__call.PrimitiveArgument>
          <primitiveEntities class="list">
            <il.ac.technion.nlp.nli.core.state.PrimitiveEntity>
              <value class="il.ac.technion.nlp.nli.core.state.entities.Color">BLUE</value>
            </il.ac.technion.nlp.nli.core.state.PrimitiveEntity>
          </primitiveEntities>
        </il.ac.technion.nlp.nli.core.method__call.PrimitiveArgument>
      </arguments>
      <entityIdOfObjectMethodIsInvokeOn>1</entityIdOfObjectMethodIsInvokeOn>
    </il.ac.technion.nlp.nli.core.method__call.MethodCall>
  </entry>
  <entry>
    <string>test-313</string>
    <il.ac.technion.nlp.nli.core.method__call.MethodCall>
      <methodId>
        <declaringClassCanonicalName>il.ac.technion.nlp.nli.dataset1.domains.calendar.entities.Calendar</declaringClassCanonicalName>
        <name>setEventColor</name>
        <parameterClassNames>
          <string>java.util.Collection</string>
          <string>il.ac.technion.nlp.nli.core.state.entities.Color</string>
        </parameterClassNames>
      </methodId>
      <arguments>
        <il.ac.technion.nlp.nli.core.method__call.NonPrimitiveArgument>
          <nonPrimitiveEntityIds class="ofergivoli.olib.data_structures.set.SafeHashSet" serialization="custom">
            <unserializable-parents/>
            <set>
              <default/>
              <int>4</int>
              <float>0.75</float>
              <int>2</int>
              <string>4</string>
              <string>3</string>
            </set>
          </nonPrimitiveEntityIds>
        </il.ac.technion.nlp.nli.core.method__call.NonPrimitiveArgument>
        <il.ac.technion.nlp.nli.core.method__call.PrimitiveArgument>
          <primitiveEntities class="list">
            <il.ac.technion.nlp.nli.core.state.PrimitiveEntity>
              <value class="il.ac.technion.nlp.nli.core.state.entities.Color">RED</value>
            </il.ac.technion.nlp.nli.core.state.PrimitiveEntity>
          </primitiveEntities>
        </il.ac.technion.nlp.nli.core.method__call.PrimitiveArgument>
      </arguments>
      <entityIdOfObjectMethodIsInvokeOn>1</entityIdOfObjectMethodIsInvokeOn>
    </il.ac.technion.nlp.nli.core.method__call.MethodCall>
  </entry>
  <entry>
    <string>test-434</string>
    <il.ac.technion.nlp.nli.core.method__call.MethodCall>
      <methodId>
        <declaringClassCanonicalName>il.ac.technion.nlp.nli.dataset1.domains.container_management.entities.ContainerManagementSystem</declaringClassCanonicalName>
        <name>loadContainers</name>
        <parameterClassNames>
          <string>java.util.Collection</string>
        </parameterClassNames>
      </methodId>
      <arguments>
        <il.ac.technion.nlp.nli.core.method__call.NonPrimitiveArgument>
          <nonPrimitiveEntityIds class="ofergivoli.olib.data_structures.set.SafeHashSet" serialization="custom">
            <unserializable-parents/>
            <set>
              <default/>
              <int>4</int>
              <float>0.75</float>
              <int>3</int>
              <string>5</string>
              <string>2</string>
              <string>3</string>
            </set>
          </nonPrimitiveEntityIds>
        </il.ac.technion.nlp.nli.core.method__call.NonPrimitiveArgument>
      </arguments>
      <entityIdOfObjectMethodIsInvokeOn>1</entityIdOfObjectMethodIsInvokeOn>
    </il.ac.technion.nlp.nli.core.method__call.MethodCall>
  </entry>
  <entry>
    <string>test-555</string>
    <il.ac.technion.nlp.nli.core.method__call.MethodCall>
      <methodId>
        <declaringClassCanonicalName>il.ac.technion.nlp.nli.dataset1.domains.calendar.entities.Calendar</declaringClassCanonicalName>
        <name>removeEvents</name>
        <parameterClassNames>
          <string>java.util.Collection</string>
        </parameterClassNames>
      </methodId>
      <arguments>
        <il.ac.technion.nlp.nli.core.method__call.NonPrimitiveArgument>
          <nonPrimitiveEntityIds class="ofergivoli.olib.data_structures.set.SafeHashSet" serialization="custom">
            <unserializable-parents/>
            <set>
              <default/>
              <int>8</int>
              <float>0.75</float>
              <int>4</int>
              <string>2</string>
              <string>3</string>
              <string>5</string>
              <string>6</string>
            </set>
          </nonPrimitiveEntityIds>
        </il.ac.technion.nlp.nli.core.method__call.NonPrimitiveArgument>
      </arguments>
      <entityIdOfObjectMethodIsInvokeOn>1</entityIdOfObjectMethodIsInvokeOn>
    </il.ac.technion.nlp.nli.core.method__call.MethodCall>
  </entry>
  <entry>
    <string>test-676</string>
    <il.ac.technion.nlp.nli.core.method__call.MethodCall>
      <methodId>
        <declaringClassCanonicalName>il.ac.technion.nlp.nli.dataset1.domains.container_management.entities.ContainerManagementSystem</declaringClassCanonicalName>
        <name>loadContainers</name>
        <parameterClassNames>
          <string>java.util.Collection</string>
        </parameterClassNames>
      </methodId>
      <arguments>
        <il.ac.technion.nlp.nli.core.method__call.NonPrimitiveArgument>
          <nonPrimitiveEntityIds class="ofergivoli.olib.data_structures.set.SafeHashSet" serialization="custom">
            <unserializable-parents/>
            <set>
              <default/>
              <int>8</int>
              <float>0.75</float>
              <int>4</int>
              <string>2</string>
              <string>3</string>
              <string>4</string>
              <string>5</string>
            </set>
          </nonPrimitiveEntityIds>
        </il.ac.technion.nlp.nli.core.method__call.NonPrimitiveArgument>
      </arguments>
      <entityIdOfObjectMethodIsInvokeOn>1</entityIdOfObjectMethodIsInvokeOn>
    </il.ac.technion.nlp.nli.core.method__call.MethodCall>
  </entry>
  <entry>
    <string>test-37</string>
    <il.ac.technion.nlp.nli.core.method__call.MethodCall>
      <methodId>
        <declaringClassCanonicalName>il.ac.technion.nlp.nli.dataset1.domains.workforce_management.entities.WorkforceManagementSystem</declaringClassCanonicalName>
        <name>assignEmployeeToNewPosition</name>
        <parameterClassNames>
          <string>il.ac.technion.nlp.nli.dataset1.domains.workforce_management.entities.Employee</string>
          <string>il.ac.technion.nlp.nli.dataset1.domains.workforce_management.entities.Position</string>
        </parameterClassNames>
      </methodId>
      <arguments>
        <il.ac.technion.nlp.nli.core.method__call.NonPrimitiveArgument>
          <nonPrimitiveEntityIds class="ofergivoli.olib.data_structures.set.SafeHashSet" serialization="custom">
            <unserializable-parents/>
            <set>
              <default/>
              <int>2</int>
              <float>0.75</float>
              <int>1</int>
              <string>2</string>
            </set>
          </nonPrimitiveEntityIds>
        </il.ac.technion.nlp.nli.core.method__call.NonPrimitiveArgument>
        <il.ac.technion.nlp.nli.core.method__call.PrimitiveArgument>
          <primitiveEntities class="list">
            <il.ac.technion.nlp.nli.core.state.PrimitiveEntity>
              <value class="il.ac.technion.nlp.nli.dataset1.domains.workforce_management.entities.Position">MANAGER</value>
            </il.ac.technion.nlp.nli.core.state.PrimitiveEntity>
          </primitiveEntities>
        </il.ac.technion.nlp.nli.core.method__call.PrimitiveArgument>
      </arguments>
      <entityIdOfObjectMethodIsInvokeOn>1</entityIdOfObjectMethodIsInvokeOn>
    </il.ac.technion.nlp.nli.core.method__call.MethodCall>
  </entry>
  <entry>
    <string>test-314</string>
    <il.ac.technion.nlp.nli.core.method__call.MethodCall>
      <methodId>
        <declaringClassCanonicalName>il.ac.technion.nlp.nli.dataset1.domains.workforce_management.entities.WorkforceManagementSystem</declaringClassCanonicalName>
        <name>fireEmployees</name>
        <parameterClassNames>
          <string>java.util.Collection</string>
        </parameterClassNames>
      </methodId>
      <arguments>
        <il.ac.technion.nlp.nli.core.method__call.NonPrimitiveArgument>
          <nonPrimitiveEntityIds class="ofergivoli.olib.data_structures.set.SafeHashSet" serialization="custom">
            <unserializable-parents/>
            <set>
              <default/>
              <int>4</int>
              <float>0.75</float>
              <int>2</int>
              <string>2</string>
              <string>3</string>
            </set>
          </nonPrimitiveEntityIds>
        </il.ac.technion.nlp.nli.core.method__call.NonPrimitiveArgument>
      </arguments>
      <entityIdOfObjectMethodIsInvokeOn>1</entityIdOfObjectMethodIsInvokeOn>
    </il.ac.technion.nlp.nli.core.method__call.MethodCall>
  </entry>
  <entry>
    <string>test-435</string>
    <il.ac.technion.nlp.nli.core.method__call.MethodCall>
      <methodId>
        <declaringClassCanonicalName>il.ac.technion.nlp.nli.dataset1.domains.lighting_control.entities.LightingControlSystem</declaringClassCanonicalName>
        <name>turnLightOff</name>
        <parameterClassNames>
          <string>java.util.Collection</string>
        </parameterClassNames>
      </methodId>
      <arguments>
        <il.ac.technion.nlp.nli.core.method__call.NonPrimitiveArgument>
          <nonPrimitiveEntityIds class="ofergivoli.olib.data_structures.set.SafeHashSet" serialization="custom">
            <unserializable-parents/>
            <set>
              <default/>
              <int>4</int>
              <float>0.75</float>
              <int>3</int>
              <string>4</string>
              <string>2</string>
              <string>3</string>
            </set>
          </nonPrimitiveEntityIds>
        </il.ac.technion.nlp.nli.core.method__call.NonPrimitiveArgument>
      </arguments>
      <entityIdOfObjectMethodIsInvokeOn>1</entityIdOfObjectMethodIsInvokeOn>
    </il.ac.technion.nlp.nli.core.method__call.MethodCall>
  </entry>
  <entry>
    <string>test-556</string>
    <il.ac.technion.nlp.nli.core.method__call.MethodCall>
      <methodId>
        <declaringClassCanonicalName>il.ac.technion.nlp.nli.dataset1.domains.container_management.entities.ContainerManagementSystem</declaringClassCanonicalName>
        <name>loadContainers</name>
        <parameterClassNames>
          <string>java.util.Collection</string>
        </parameterClassNames>
      </methodId>
      <arguments>
        <il.ac.technion.nlp.nli.core.method__call.NonPrimitiveArgument>
          <nonPrimitiveEntityIds class="ofergivoli.olib.data_structures.set.SafeHashSet" serialization="custom">
            <unserializable-parents/>
            <set>
              <default/>
              <int>2</int>
              <float>0.75</float>
              <int>1</int>
              <string>5</string>
            </set>
          </nonPrimitiveEntityIds>
        </il.ac.technion.nlp.nli.core.method__call.NonPrimitiveArgument>
      </arguments>
      <entityIdOfObjectMethodIsInvokeOn>1</entityIdOfObjectMethodIsInvokeOn>
    </il.ac.technion.nlp.nli.core.method__call.MethodCall>
  </entry>
  <entry>
    <string>test-677</string>
    <il.ac.technion.nlp.nli.core.method__call.MethodCall>
      <methodId>
        <declaringClassCanonicalName>il.ac.technion.nlp.nli.dataset1.domains.lighting_control.entities.LightingControlSystem</declaringClassCanonicalName>
        <name>turnLightOff</name>
        <parameterClassNames>
          <string>java.util.Collection</string>
        </parameterClassNames>
      </methodId>
      <arguments>
        <il.ac.technion.nlp.nli.core.method__call.NonPrimitiveArgument>
          <nonPrimitiveEntityIds class="ofergivoli.olib.data_structures.set.SafeHashSet" serialization="custom">
            <unserializable-parents/>
            <set>
              <default/>
              <int>8</int>
              <float>0.75</float>
              <int>4</int>
              <string>2</string>
              <string>3</string>
              <string>4</string>
              <string>5</string>
            </set>
          </nonPrimitiveEntityIds>
        </il.ac.technion.nlp.nli.core.method__call.NonPrimitiveArgument>
      </arguments>
      <entityIdOfObjectMethodIsInvokeOn>1</entityIdOfObjectMethodIsInvokeOn>
    </il.ac.technion.nlp.nli.core.method__call.MethodCall>
  </entry>
  <entry>
    <string>test-34</string>
    <il.ac.technion.nlp.nli.core.method__call.MethodCall>
      <methodId>
        <declaringClassCanonicalName>il.ac.technion.nlp.nli.dataset1.domains.list.entities.SpecialList</declaringClassCanonicalName>
        <name>moveToEnd</name>
        <parameterClassNames>
          <string>il.ac.technion.nlp.nli.dataset1.domains.list.entities.ListElement</string>
        </parameterClassNames>
      </methodId>
      <arguments>
        <il.ac.technion.nlp.nli.core.method__call.NonPrimitiveArgument>
          <nonPrimitiveEntityIds class="ofergivoli.olib.data_structures.set.SafeHashSet" serialization="custom">
            <unserializable-parents/>
            <set>
              <default/>
              <int>2</int>
              <float>0.75</float>
              <int>1</int>
              <string>6</string>
            </set>
          </nonPrimitiveEntityIds>
        </il.ac.technion.nlp.nli.core.method__call.NonPrimitiveArgument>
      </arguments>
      <entityIdOfObjectMethodIsInvokeOn>1</entityIdOfObjectMethodIsInvokeOn>
    </il.ac.technion.nlp.nli.core.method__call.MethodCall>
  </entry>
  <entry>
    <string>test-311</string>
    <il.ac.technion.nlp.nli.core.method__call.MethodCall>
      <methodId>
        <declaringClassCanonicalName>il.ac.technion.nlp.nli.dataset1.domains.container_management.entities.ContainerManagementSystem</declaringClassCanonicalName>
        <name>unloadContainers</name>
        <parameterClassNames>
          <string>java.util.Collection</string>
        </parameterClassNames>
      </methodId>
      <arguments>
        <il.ac.technion.nlp.nli.core.method__call.NonPrimitiveArgument>
          <nonPrimitiveEntityIds class="ofergivoli.olib.data_structures.set.SafeHashSet" serialization="custom">
            <unserializable-parents/>
            <set>
              <default/>
              <int>2</int>
              <float>0.75</float>
              <int>1</int>
              <string>4</string>
            </set>
          </nonPrimitiveEntityIds>
        </il.ac.technion.nlp.nli.core.method__call.NonPrimitiveArgument>
      </arguments>
      <entityIdOfObjectMethodIsInvokeOn>1</entityIdOfObjectMethodIsInvokeOn>
    </il.ac.technion.nlp.nli.core.method__call.MethodCall>
  </entry>
  <entry>
    <string>test-432</string>
    <il.ac.technion.nlp.nli.core.method__call.MethodCall>
      <methodId>
        <declaringClassCanonicalName>il.ac.technion.nlp.nli.dataset1.domains.list.entities.SpecialList</declaringClassCanonicalName>
        <name>moveToBeginning</name>
        <parameterClassNames>
          <string>il.ac.technion.nlp.nli.dataset1.domains.list.entities.ListElement</string>
        </parameterClassNames>
      </methodId>
      <arguments>
        <il.ac.technion.nlp.nli.core.method__call.NonPrimitiveArgument>
          <nonPrimitiveEntityIds class="ofergivoli.olib.data_structures.set.SafeHashSet" serialization="custom">
            <unserializable-parents/>
            <set>
              <default/>
              <int>2</int>
              <float>0.75</float>
              <int>1</int>
              <string>4</string>
            </set>
          </nonPrimitiveEntityIds>
        </il.ac.technion.nlp.nli.core.method__call.NonPrimitiveArgument>
      </arguments>
      <entityIdOfObjectMethodIsInvokeOn>1</entityIdOfObjectMethodIsInvokeOn>
    </il.ac.technion.nlp.nli.core.method__call.MethodCall>
  </entry>
  <entry>
    <string>test-553</string>
    <il.ac.technion.nlp.nli.core.method__call.MethodCall>
      <methodId>
        <declaringClassCanonicalName>il.ac.technion.nlp.nli.dataset1.domains.messenger.Messenger</declaringClassCanonicalName>
        <name>deleteChatGroups</name>
        <parameterClassNames>
          <string>java.util.Collection</string>
        </parameterClassNames>
      </methodId>
      <arguments>
        <il.ac.technion.nlp.nli.core.method__call.NonPrimitiveArgument>
          <nonPrimitiveEntityIds class="ofergivoli.olib.data_structures.set.SafeHashSet" serialization="custom">
            <unserializable-parents/>
            <set>
              <default/>
              <int>2</int>
              <float>0.75</float>
              <int>1</int>
              <string>13</string>
            </set>
          </nonPrimitiveEntityIds>
        </il.ac.technion.nlp.nli.core.method__call.NonPrimitiveArgument>
      </arguments>
      <entityIdOfObjectMethodIsInvokeOn>1</entityIdOfObjectMethodIsInvokeOn>
    </il.ac.technion.nlp.nli.core.method__call.MethodCall>
  </entry>
  <entry>
    <string>test-674</string>
    <il.ac.technion.nlp.nli.core.method__call.MethodCall>
      <methodId>
        <declaringClassCanonicalName>il.ac.technion.nlp.nli.dataset1.domains.file_manager.entities.FileManager</declaringClassCanonicalName>
        <name>removeFiles</name>
        <parameterClassNames>
          <string>java.util.Collection</string>
        </parameterClassNames>
      </methodId>
      <arguments>
        <il.ac.technion.nlp.nli.core.method__call.NonPrimitiveArgument>
          <nonPrimitiveEntityIds class="ofergivoli.olib.data_structures.set.SafeHashSet" serialization="custom">
            <unserializable-parents/>
            <set>
              <default/>
              <int>4</int>
              <float>0.75</float>
              <int>2</int>
              <string>4</string>
              <string>8</string>
            </set>
          </nonPrimitiveEntityIds>
        </il.ac.technion.nlp.nli.core.method__call.NonPrimitiveArgument>
      </arguments>
      <entityIdOfObjectMethodIsInvokeOn>1</entityIdOfObjectMethodIsInvokeOn>
    </il.ac.technion.nlp.nli.core.method__call.MethodCall>
  </entry>
  <entry>
    <string>test-35</string>
    <il.ac.technion.nlp.nli.core.method__call.MethodCall>
      <methodId>
        <declaringClassCanonicalName>il.ac.technion.nlp.nli.dataset1.domains.messenger.Messenger</declaringClassCanonicalName>
        <name>unmuteChatGroups</name>
        <parameterClassNames>
          <string>java.util.Collection</string>
        </parameterClassNames>
      </methodId>
      <arguments>
        <il.ac.technion.nlp.nli.core.method__call.NonPrimitiveArgument>
          <nonPrimitiveEntityIds class="ofergivoli.olib.data_structures.set.SafeHashSet" serialization="custom">
            <unserializable-parents/>
            <set>
              <default/>
              <int>4</int>
              <float>0.75</float>
              <int>2</int>
              <string>11</string>
              <string>13</string>
            </set>
          </nonPrimitiveEntityIds>
        </il.ac.technion.nlp.nli.core.method__call.NonPrimitiveArgument>
      </arguments>
      <entityIdOfObjectMethodIsInvokeOn>1</entityIdOfObjectMethodIsInvokeOn>
    </il.ac.technion.nlp.nli.core.method__call.MethodCall>
  </entry>
  <entry>
    <string>test-312</string>
    <il.ac.technion.nlp.nli.core.method__call.MethodCall>
      <methodId>
        <declaringClassCanonicalName>il.ac.technion.nlp.nli.dataset1.domains.list.entities.SpecialList</declaringClassCanonicalName>
        <name>moveToEnd</name>
        <parameterClassNames>
          <string>il.ac.technion.nlp.nli.dataset1.domains.list.entities.ListElement</string>
        </parameterClassNames>
      </methodId>
      <arguments>
        <il.ac.technion.nlp.nli.core.method__call.NonPrimitiveArgument>
          <nonPrimitiveEntityIds class="ofergivoli.olib.data_structures.set.SafeHashSet" serialization="custom">
            <unserializable-parents/>
            <set>
              <default/>
              <int>2</int>
              <float>0.75</float>
              <int>1</int>
              <string>5</string>
            </set>
          </nonPrimitiveEntityIds>
        </il.ac.technion.nlp.nli.core.method__call.NonPrimitiveArgument>
      </arguments>
      <entityIdOfObjectMethodIsInvokeOn>1</entityIdOfObjectMethodIsInvokeOn>
    </il.ac.technion.nlp.nli.core.method__call.MethodCall>
  </entry>
  <entry>
    <string>test-433</string>
    <il.ac.technion.nlp.nli.core.method__call.MethodCall>
      <methodId>
        <declaringClassCanonicalName>il.ac.technion.nlp.nli.dataset1.domains.list.entities.SpecialList</declaringClassCanonicalName>
        <name>moveToBeginning</name>
        <parameterClassNames>
          <string>il.ac.technion.nlp.nli.dataset1.domains.list.entities.ListElement</string>
        </parameterClassNames>
      </methodId>
      <arguments>
        <il.ac.technion.nlp.nli.core.method__call.NonPrimitiveArgument>
          <nonPrimitiveEntityIds class="ofergivoli.olib.data_structures.set.SafeHashSet" serialization="custom">
            <unserializable-parents/>
            <set>
              <default/>
              <int>2</int>
              <float>0.75</float>
              <int>1</int>
              <string>7</string>
            </set>
          </nonPrimitiveEntityIds>
        </il.ac.technion.nlp.nli.core.method__call.NonPrimitiveArgument>
      </arguments>
      <entityIdOfObjectMethodIsInvokeOn>1</entityIdOfObjectMethodIsInvokeOn>
    </il.ac.technion.nlp.nli.core.method__call.MethodCall>
  </entry>
  <entry>
    <string>test-554</string>
    <il.ac.technion.nlp.nli.core.method__call.MethodCall>
      <methodId>
        <declaringClassCanonicalName>il.ac.technion.nlp.nli.dataset1.domains.list.entities.SpecialList</declaringClassCanonicalName>
        <name>moveToEnd</name>
        <parameterClassNames>
          <string>il.ac.technion.nlp.nli.dataset1.domains.list.entities.ListElement</string>
        </parameterClassNames>
      </methodId>
      <arguments>
        <il.ac.technion.nlp.nli.core.method__call.NonPrimitiveArgument>
          <nonPrimitiveEntityIds class="ofergivoli.olib.data_structures.set.SafeHashSet" serialization="custom">
            <unserializable-parents/>
            <set>
              <default/>
              <int>2</int>
              <float>0.75</float>
              <int>1</int>
              <string>4</string>
            </set>
          </nonPrimitiveEntityIds>
        </il.ac.technion.nlp.nli.core.method__call.NonPrimitiveArgument>
      </arguments>
      <entityIdOfObjectMethodIsInvokeOn>1</entityIdOfObjectMethodIsInvokeOn>
    </il.ac.technion.nlp.nli.core.method__call.MethodCall>
  </entry>
  <entry>
    <string>test-675</string>
    <il.ac.technion.nlp.nli.core.method__call.MethodCall>
      <methodId>
        <declaringClassCanonicalName>il.ac.technion.nlp.nli.dataset1.domains.workforce_management.entities.WorkforceManagementSystem</declaringClassCanonicalName>
        <name>assignEmployeeToNewPosition</name>
        <parameterClassNames>
          <string>il.ac.technion.nlp.nli.dataset1.domains.workforce_management.entities.Employee</string>
          <string>il.ac.technion.nlp.nli.dataset1.domains.workforce_management.entities.Position</string>
        </parameterClassNames>
      </methodId>
      <arguments>
        <il.ac.technion.nlp.nli.core.method__call.NonPrimitiveArgument>
          <nonPrimitiveEntityIds class="ofergivoli.olib.data_structures.set.SafeHashSet" serialization="custom">
            <unserializable-parents/>
            <set>
              <default/>
              <int>2</int>
              <float>0.75</float>
              <int>1</int>
              <string>4</string>
            </set>
          </nonPrimitiveEntityIds>
        </il.ac.technion.nlp.nli.core.method__call.NonPrimitiveArgument>
        <il.ac.technion.nlp.nli.core.method__call.PrimitiveArgument>
          <primitiveEntities class="list">
            <il.ac.technion.nlp.nli.core.state.PrimitiveEntity>
              <value class="il.ac.technion.nlp.nli.dataset1.domains.workforce_management.entities.Position">QA</value>
            </il.ac.technion.nlp.nli.core.state.PrimitiveEntity>
          </primitiveEntities>
        </il.ac.technion.nlp.nli.core.method__call.PrimitiveArgument>
      </arguments>
      <entityIdOfObjectMethodIsInvokeOn>1</entityIdOfObjectMethodIsInvokeOn>
    </il.ac.technion.nlp.nli.core.method__call.MethodCall>
  </entry>
  <entry>
    <string>test-32</string>
    <il.ac.technion.nlp.nli.core.method__call.MethodCall>
      <methodId>
        <declaringClassCanonicalName>il.ac.technion.nlp.nli.dataset1.domains.workforce_management.entities.WorkforceManagementSystem</declaringClassCanonicalName>
        <name>assignEmployeesToNewManager</name>
        <parameterClassNames>
          <string>java.util.Collection</string>
          <string>il.ac.technion.nlp.nli.dataset1.domains.workforce_management.entities.Employee</string>
        </parameterClassNames>
      </methodId>
      <arguments>
        <il.ac.technion.nlp.nli.core.method__call.NonPrimitiveArgument>
          <nonPrimitiveEntityIds class="ofergivoli.olib.data_structures.set.SafeHashSet" serialization="custom">
            <unserializable-parents/>
            <set>
              <default/>
              <int>4</int>
              <float>0.75</float>
              <int>2</int>
              <string>4</string>
              <string>5</string>
            </set>
          </nonPrimitiveEntityIds>
        </il.ac.technion.nlp.nli.core.method__call.NonPrimitiveArgument>
        <il.ac.technion.nlp.nli.core.method__call.NonPrimitiveArgument>
          <nonPrimitiveEntityIds class="ofergivoli.olib.data_structures.set.SafeHashSet" serialization="custom">
            <unserializable-parents/>
            <set>
              <default/>
              <int>2</int>
              <float>0.75</float>
              <int>1</int>
              <string>2</string>
            </set>
          </nonPrimitiveEntityIds>
        </il.ac.technion.nlp.nli.core.method__call.NonPrimitiveArgument>
      </arguments>
      <entityIdOfObjectMethodIsInvokeOn>1</entityIdOfObjectMethodIsInvokeOn>
    </il.ac.technion.nlp.nli.core.method__call.MethodCall>
  </entry>
  <entry>
    <string>test-317</string>
    <il.ac.technion.nlp.nli.core.method__call.MethodCall>
      <methodId>
        <declaringClassCanonicalName>il.ac.technion.nlp.nli.dataset1.domains.file_manager.entities.FileManager</declaringClassCanonicalName>
        <name>moveFiles</name>
        <parameterClassNames>
          <string>java.util.Collection</string>
          <string>il.ac.technion.nlp.nli.dataset1.domains.file_manager.entities.Directory</string>
        </parameterClassNames>
      </methodId>
      <arguments>
        <il.ac.technion.nlp.nli.core.method__call.NonPrimitiveArgument>
          <nonPrimitiveEntityIds class="ofergivoli.olib.data_structures.set.SafeHashSet" serialization="custom">
            <unserializable-parents/>
            <set>
              <default/>
              <int>2</int>
              <float>0.75</float>
              <int>1</int>
              <string>4</string>
            </set>
          </nonPrimitiveEntityIds>
        </il.ac.technion.nlp.nli.core.method__call.NonPrimitiveArgument>
        <il.ac.technion.nlp.nli.core.method__call.NonPrimitiveArgument>
          <nonPrimitiveEntityIds class="ofergivoli.olib.data_structures.set.SafeHashSet" serialization="custom">
            <unserializable-parents/>
            <set>
              <default/>
              <int>2</int>
              <float>0.75</float>
              <int>1</int>
              <string>6</string>
            </set>
          </nonPrimitiveEntityIds>
        </il.ac.technion.nlp.nli.core.method__call.NonPrimitiveArgument>
      </arguments>
      <entityIdOfObjectMethodIsInvokeOn>1</entityIdOfObjectMethodIsInvokeOn>
    </il.ac.technion.nlp.nli.core.method__call.MethodCall>
  </entry>
  <entry>
    <string>test-438</string>
    <il.ac.technion.nlp.nli.core.method__call.MethodCall>
      <methodId>
        <declaringClassCanonicalName>il.ac.technion.nlp.nli.dataset1.domains.list.entities.SpecialList</declaringClassCanonicalName>
        <name>moveToEnd</name>
        <parameterClassNames>
          <string>il.ac.technion.nlp.nli.dataset1.domains.list.entities.ListElement</string>
        </parameterClassNames>
      </methodId>
      <arguments>
        <il.ac.technion.nlp.nli.core.method__call.NonPrimitiveArgument>
          <nonPrimitiveEntityIds class="ofergivoli.olib.data_structures.set.SafeHashSet" serialization="custom">
            <unserializable-parents/>
            <set>
              <default/>
              <int>2</int>
              <float>0.75</float>
              <int>1</int>
              <string>4</string>
            </set>
          </nonPrimitiveEntityIds>
        </il.ac.technion.nlp.nli.core.method__call.NonPrimitiveArgument>
      </arguments>
      <entityIdOfObjectMethodIsInvokeOn>1</entityIdOfObjectMethodIsInvokeOn>
    </il.ac.technion.nlp.nli.core.method__call.MethodCall>
  </entry>
  <entry>
    <string>test-559</string>
    <il.ac.technion.nlp.nli.core.method__call.MethodCall>
      <methodId>
        <declaringClassCanonicalName>il.ac.technion.nlp.nli.dataset1.domains.container_management.entities.ContainerManagementSystem</declaringClassCanonicalName>
        <name>unloadContainers</name>
        <parameterClassNames>
          <string>java.util.Collection</string>
        </parameterClassNames>
      </methodId>
      <arguments>
        <il.ac.technion.nlp.nli.core.method__call.NonPrimitiveArgument>
          <nonPrimitiveEntityIds class="ofergivoli.olib.data_structures.set.SafeHashSet" serialization="custom">
            <unserializable-parents/>
            <set>
              <default/>
              <int>4</int>
              <float>0.75</float>
              <int>3</int>
              <string>4</string>
              <string>2</string>
              <string>3</string>
            </set>
          </nonPrimitiveEntityIds>
        </il.ac.technion.nlp.nli.core.method__call.NonPrimitiveArgument>
      </arguments>
      <entityIdOfObjectMethodIsInvokeOn>1</entityIdOfObjectMethodIsInvokeOn>
    </il.ac.technion.nlp.nli.core.method__call.MethodCall>
  </entry>
  <entry>
    <string>test-33</string>
    <il.ac.technion.nlp.nli.core.method__call.MethodCall>
      <methodId>
        <declaringClassCanonicalName>il.ac.technion.nlp.nli.dataset1.domains.file_manager.entities.FileManager</declaringClassCanonicalName>
        <name>removeFiles</name>
        <parameterClassNames>
          <string>java.util.Collection</string>
        </parameterClassNames>
      </methodId>
      <arguments>
        <il.ac.technion.nlp.nli.core.method__call.NonPrimitiveArgument>
          <nonPrimitiveEntityIds class="ofergivoli.olib.data_structures.set.SafeHashSet" serialization="custom">
            <unserializable-parents/>
            <set>
              <default/>
              <int>4</int>
              <float>0.75</float>
              <int>2</int>
              <string>6</string>
              <string>7</string>
            </set>
          </nonPrimitiveEntityIds>
        </il.ac.technion.nlp.nli.core.method__call.NonPrimitiveArgument>
      </arguments>
      <entityIdOfObjectMethodIsInvokeOn>1</entityIdOfObjectMethodIsInvokeOn>
    </il.ac.technion.nlp.nli.core.method__call.MethodCall>
  </entry>
  <entry>
    <string>test-318</string>
    <il.ac.technion.nlp.nli.core.method__call.MethodCall>
      <methodId>
        <declaringClassCanonicalName>il.ac.technion.nlp.nli.dataset1.domains.calendar.entities.Calendar</declaringClassCanonicalName>
        <name>removeEvents</name>
        <parameterClassNames>
          <string>java.util.Collection</string>
        </parameterClassNames>
      </methodId>
      <arguments>
        <il.ac.technion.nlp.nli.core.method__call.NonPrimitiveArgument>
          <nonPrimitiveEntityIds class="ofergivoli.olib.data_structures.set.SafeHashSet" serialization="custom">
            <unserializable-parents/>
            <set>
              <default/>
              <int>2</int>
              <float>0.75</float>
              <int>1</int>
              <string>2</string>
            </set>
          </nonPrimitiveEntityIds>
        </il.ac.technion.nlp.nli.core.method__call.NonPrimitiveArgument>
      </arguments>
      <entityIdOfObjectMethodIsInvokeOn>1</entityIdOfObjectMethodIsInvokeOn>
    </il.ac.technion.nlp.nli.core.method__call.MethodCall>
  </entry>
  <entry>
    <string>test-439</string>
    <il.ac.technion.nlp.nli.core.method__call.MethodCall>
      <methodId>
        <declaringClassCanonicalName>il.ac.technion.nlp.nli.dataset1.domains.container_management.entities.ContainerManagementSystem</declaringClassCanonicalName>
        <name>unloadContainers</name>
        <parameterClassNames>
          <string>java.util.Collection</string>
        </parameterClassNames>
      </methodId>
      <arguments>
        <il.ac.technion.nlp.nli.core.method__call.NonPrimitiveArgument>
          <nonPrimitiveEntityIds class="ofergivoli.olib.data_structures.set.SafeHashSet" serialization="custom">
            <unserializable-parents/>
            <set>
              <default/>
              <int>4</int>
              <float>0.75</float>
              <int>2</int>
              <string>4</string>
              <string>3</string>
            </set>
          </nonPrimitiveEntityIds>
        </il.ac.technion.nlp.nli.core.method__call.NonPrimitiveArgument>
      </arguments>
      <entityIdOfObjectMethodIsInvokeOn>1</entityIdOfObjectMethodIsInvokeOn>
    </il.ac.technion.nlp.nli.core.method__call.MethodCall>
  </entry>
  <entry>
    <string>test-30</string>
    <il.ac.technion.nlp.nli.core.method__call.MethodCall>
      <methodId>
        <declaringClassCanonicalName>il.ac.technion.nlp.nli.dataset1.domains.container_management.entities.ContainerManagementSystem</declaringClassCanonicalName>
        <name>removeContainers</name>
        <parameterClassNames>
          <string>java.util.Collection</string>
        </parameterClassNames>
      </methodId>
      <arguments>
        <il.ac.technion.nlp.nli.core.method__call.NonPrimitiveArgument>
          <nonPrimitiveEntityIds class="ofergivoli.olib.data_structures.set.SafeHashSet" serialization="custom">
            <unserializable-parents/>
            <set>
              <default/>
              <int>4</int>
              <float>0.75</float>
              <int>3</int>
              <string>5</string>
              <string>2</string>
              <string>3</string>
            </set>
          </nonPrimitiveEntityIds>
        </il.ac.technion.nlp.nli.core.method__call.NonPrimitiveArgument>
      </arguments>
      <entityIdOfObjectMethodIsInvokeOn>1</entityIdOfObjectMethodIsInvokeOn>
    </il.ac.technion.nlp.nli.core.method__call.MethodCall>
  </entry>
  <entry>
    <string>test-315</string>
    <il.ac.technion.nlp.nli.core.method__call.MethodCall>
      <methodId>
        <declaringClassCanonicalName>il.ac.technion.nlp.nli.dataset1.domains.container_management.entities.ContainerManagementSystem</declaringClassCanonicalName>
        <name>removeContainers</name>
        <parameterClassNames>
          <string>java.util.Collection</string>
        </parameterClassNames>
      </methodId>
      <arguments>
        <il.ac.technion.nlp.nli.core.method__call.NonPrimitiveArgument>
          <nonPrimitiveEntityIds class="ofergivoli.olib.data_structures.set.SafeHashSet" serialization="custom">
            <unserializable-parents/>
            <set>
              <default/>
              <int>4</int>
              <float>0.75</float>
              <int>2</int>
              <string>2</string>
              <string>3</string>
            </set>
          </nonPrimitiveEntityIds>
        </il.ac.technion.nlp.nli.core.method__call.NonPrimitiveArgument>
      </arguments>
      <entityIdOfObjectMethodIsInvokeOn>1</entityIdOfObjectMethodIsInvokeOn>
    </il.ac.technion.nlp.nli.core.method__call.MethodCall>
  </entry>
  <entry>
    <string>test-436</string>
    <il.ac.technion.nlp.nli.core.method__call.MethodCall>
      <methodId>
        <declaringClassCanonicalName>il.ac.technion.nlp.nli.dataset1.domains.list.entities.SpecialList</declaringClassCanonicalName>
        <name>remove</name>
        <parameterClassNames>
          <string>java.util.Collection</string>
        </parameterClassNames>
      </methodId>
      <arguments>
        <il.ac.technion.nlp.nli.core.method__call.NonPrimitiveArgument>
          <nonPrimitiveEntityIds class="ofergivoli.olib.data_structures.set.SafeHashSet" serialization="custom">
            <unserializable-parents/>
            <set>
              <default/>
              <int>2</int>
              <float>0.75</float>
              <int>1</int>
              <string>2</string>
            </set>
          </nonPrimitiveEntityIds>
        </il.ac.technion.nlp.nli.core.method__call.NonPrimitiveArgument>
      </arguments>
      <entityIdOfObjectMethodIsInvokeOn>1</entityIdOfObjectMethodIsInvokeOn>
    </il.ac.technion.nlp.nli.core.method__call.MethodCall>
  </entry>
  <entry>
    <string>test-557</string>
    <il.ac.technion.nlp.nli.core.method__call.MethodCall>
      <methodId>
        <declaringClassCanonicalName>il.ac.technion.nlp.nli.dataset1.domains.calendar.entities.Calendar</declaringClassCanonicalName>
        <name>removeEvents</name>
        <parameterClassNames>
          <string>java.util.Collection</string>
        </parameterClassNames>
      </methodId>
      <arguments>
        <il.ac.technion.nlp.nli.core.method__call.NonPrimitiveArgument>
          <nonPrimitiveEntityIds class="ofergivoli.olib.data_structures.set.SafeHashSet" serialization="custom">
            <unserializable-parents/>
            <set>
              <default/>
              <int>4</int>
              <float>0.75</float>
              <int>2</int>
              <string>4</string>
              <string>6</string>
            </set>
          </nonPrimitiveEntityIds>
        </il.ac.technion.nlp.nli.core.method__call.NonPrimitiveArgument>
      </arguments>
      <entityIdOfObjectMethodIsInvokeOn>1</entityIdOfObjectMethodIsInvokeOn>
    </il.ac.technion.nlp.nli.core.method__call.MethodCall>
  </entry>
  <entry>
    <string>test-678</string>
    <il.ac.technion.nlp.nli.core.method__call.MethodCall>
      <methodId>
        <declaringClassCanonicalName>il.ac.technion.nlp.nli.dataset1.domains.messenger.Messenger</declaringClassCanonicalName>
        <name>muteChatGroups</name>
        <parameterClassNames>
          <string>java.util.Collection</string>
        </parameterClassNames>
      </methodId>
      <arguments>
        <il.ac.technion.nlp.nli.core.method__call.NonPrimitiveArgument>
          <nonPrimitiveEntityIds class="ofergivoli.olib.data_structures.set.SafeHashSet" serialization="custom">
            <unserializable-parents/>
            <set>
              <default/>
              <int>4</int>
              <float>0.75</float>
              <int>3</int>
              <string>11</string>
              <string>9</string>
              <string>10</string>
            </set>
          </nonPrimitiveEntityIds>
        </il.ac.technion.nlp.nli.core.method__call.NonPrimitiveArgument>
      </arguments>
      <entityIdOfObjectMethodIsInvokeOn>1</entityIdOfObjectMethodIsInvokeOn>
    </il.ac.technion.nlp.nli.core.method__call.MethodCall>
  </entry>
  <entry>
    <string>test-31</string>
    <il.ac.technion.nlp.nli.core.method__call.MethodCall>
      <methodId>
        <declaringClassCanonicalName>il.ac.technion.nlp.nli.dataset1.domains.container_management.entities.ContainerManagementSystem</declaringClassCanonicalName>
        <name>removeContainers</name>
        <parameterClassNames>
          <string>java.util.Collection</string>
        </parameterClassNames>
      </methodId>
      <arguments>
        <il.ac.technion.nlp.nli.core.method__call.NonPrimitiveArgument>
          <nonPrimitiveEntityIds class="ofergivoli.olib.data_structures.set.SafeHashSet" serialization="custom">
            <unserializable-parents/>
            <set>
              <default/>
              <int>4</int>
              <float>0.75</float>
              <int>2</int>
              <string>2</string>
              <string>3</string>
            </set>
          </nonPrimitiveEntityIds>
        </il.ac.technion.nlp.nli.core.method__call.NonPrimitiveArgument>
      </arguments>
      <entityIdOfObjectMethodIsInvokeOn>1</entityIdOfObjectMethodIsInvokeOn>
    </il.ac.technion.nlp.nli.core.method__call.MethodCall>
  </entry>
  <entry>
    <string>test-316</string>
    <il.ac.technion.nlp.nli.core.method__call.MethodCall>
      <methodId>
        <declaringClassCanonicalName>il.ac.technion.nlp.nli.dataset1.domains.messenger.Messenger</declaringClassCanonicalName>
        <name>createChatGroup</name>
        <parameterClassNames>
          <string>java.util.Collection</string>
        </parameterClassNames>
      </methodId>
      <arguments>
        <il.ac.technion.nlp.nli.core.method__call.NonPrimitiveArgument>
          <nonPrimitiveEntityIds class="ofergivoli.olib.data_structures.set.SafeHashSet" serialization="custom">
            <unserializable-parents/>
            <set>
              <default/>
              <int>4</int>
              <float>0.75</float>
              <int>2</int>
              <string>9</string>
              <string>2</string>
            </set>
          </nonPrimitiveEntityIds>
        </il.ac.technion.nlp.nli.core.method__call.NonPrimitiveArgument>
      </arguments>
      <entityIdOfObjectMethodIsInvokeOn>1</entityIdOfObjectMethodIsInvokeOn>
    </il.ac.technion.nlp.nli.core.method__call.MethodCall>
  </entry>
  <entry>
    <string>test-437</string>
    <il.ac.technion.nlp.nli.core.method__call.MethodCall>
      <methodId>
        <declaringClassCanonicalName>il.ac.technion.nlp.nli.dataset1.domains.lighting_control.entities.LightingControlSystem</declaringClassCanonicalName>
        <name>turnLightOn</name>
        <parameterClassNames>
          <string>java.util.Collection</string>
        </parameterClassNames>
      </methodId>
      <arguments>
        <il.ac.technion.nlp.nli.core.method__call.NonPrimitiveArgument>
          <nonPrimitiveEntityIds class="ofergivoli.olib.data_structures.set.SafeHashSet" serialization="custom">
            <unserializable-parents/>
            <set>
              <default/>
              <int>8</int>
              <float>0.75</float>
              <int>4</int>
              <string>2</string>
              <string>3</string>
              <string>4</string>
              <string>5</string>
            </set>
          </nonPrimitiveEntityIds>
        </il.ac.technion.nlp.nli.core.method__call.NonPrimitiveArgument>
      </arguments>
      <entityIdOfObjectMethodIsInvokeOn>1</entityIdOfObjectMethodIsInvokeOn>
    </il.ac.technion.nlp.nli.core.method__call.MethodCall>
  </entry>
  <entry>
    <string>test-558</string>
    <il.ac.technion.nlp.nli.core.method__call.MethodCall>
      <methodId>
        <declaringClassCanonicalName>il.ac.technion.nlp.nli.dataset1.domains.calendar.entities.Calendar</declaringClassCanonicalName>
        <name>removeEvents</name>
        <parameterClassNames>
          <string>java.util.Collection</string>
        </parameterClassNames>
      </methodId>
      <arguments>
        <il.ac.technion.nlp.nli.core.method__call.NonPrimitiveArgument>
          <nonPrimitiveEntityIds class="ofergivoli.olib.data_structures.set.SafeHashSet" serialization="custom">
            <unserializable-parents/>
            <set>
              <default/>
              <int>2</int>
              <float>0.75</float>
              <int>1</int>
              <string>4</string>
            </set>
          </nonPrimitiveEntityIds>
        </il.ac.technion.nlp.nli.core.method__call.NonPrimitiveArgument>
      </arguments>
      <entityIdOfObjectMethodIsInvokeOn>1</entityIdOfObjectMethodIsInvokeOn>
    </il.ac.technion.nlp.nli.core.method__call.MethodCall>
  </entry>
  <entry>
    <string>test-679</string>
    <il.ac.technion.nlp.nli.core.method__call.MethodCall>
      <methodId>
        <declaringClassCanonicalName>il.ac.technion.nlp.nli.dataset1.domains.list.entities.SpecialList</declaringClassCanonicalName>
        <name>moveToBeginning</name>
        <parameterClassNames>
          <string>il.ac.technion.nlp.nli.dataset1.domains.list.entities.ListElement</string>
        </parameterClassNames>
      </methodId>
      <arguments>
        <il.ac.technion.nlp.nli.core.method__call.NonPrimitiveArgument>
          <nonPrimitiveEntityIds class="ofergivoli.olib.data_structures.set.SafeHashSet" serialization="custom">
            <unserializable-parents/>
            <set>
              <default/>
              <int>2</int>
              <float>0.75</float>
              <int>1</int>
              <string>5</string>
            </set>
          </nonPrimitiveEntityIds>
        </il.ac.technion.nlp.nli.core.method__call.NonPrimitiveArgument>
      </arguments>
      <entityIdOfObjectMethodIsInvokeOn>1</entityIdOfObjectMethodIsInvokeOn>
    </il.ac.technion.nlp.nli.core.method__call.MethodCall>
  </entry>
  <entry>
    <string>test-308</string>
    <il.ac.technion.nlp.nli.core.method__call.MethodCall>
      <methodId>
        <declaringClassCanonicalName>il.ac.technion.nlp.nli.dataset1.domains.container_management.entities.ContainerManagementSystem</declaringClassCanonicalName>
        <name>unloadContainers</name>
        <parameterClassNames>
          <string>java.util.Collection</string>
        </parameterClassNames>
      </methodId>
      <arguments>
        <il.ac.technion.nlp.nli.core.method__call.NonPrimitiveArgument>
          <nonPrimitiveEntityIds class="ofergivoli.olib.data_structures.set.SafeHashSet" serialization="custom">
            <unserializable-parents/>
            <set>
              <default/>
              <int>4</int>
              <float>0.75</float>
              <int>2</int>
              <string>8</string>
              <string>3</string>
            </set>
          </nonPrimitiveEntityIds>
        </il.ac.technion.nlp.nli.core.method__call.NonPrimitiveArgument>
      </arguments>
      <entityIdOfObjectMethodIsInvokeOn>1</entityIdOfObjectMethodIsInvokeOn>
    </il.ac.technion.nlp.nli.core.method__call.MethodCall>
  </entry>
  <entry>
    <string>test-429</string>
    <il.ac.technion.nlp.nli.core.method__call.MethodCall>
      <methodId>
        <declaringClassCanonicalName>il.ac.technion.nlp.nli.dataset1.domains.workforce_management.entities.WorkforceManagementSystem</declaringClassCanonicalName>
        <name>fireEmployees</name>
        <parameterClassNames>
          <string>java.util.Collection</string>
        </parameterClassNames>
      </methodId>
      <arguments>
        <il.ac.technion.nlp.nli.core.method__call.NonPrimitiveArgument>
          <nonPrimitiveEntityIds class="ofergivoli.olib.data_structures.set.SafeHashSet" serialization="custom">
            <unserializable-parents/>
            <set>
              <default/>
              <int>2</int>
              <float>0.75</float>
              <int>1</int>
              <string>2</string>
            </set>
          </nonPrimitiveEntityIds>
        </il.ac.technion.nlp.nli.core.method__call.NonPrimitiveArgument>
      </arguments>
      <entityIdOfObjectMethodIsInvokeOn>1</entityIdOfObjectMethodIsInvokeOn>
    </il.ac.technion.nlp.nli.core.method__call.MethodCall>
  </entry>
  <entry>
    <string>test-309</string>
    <il.ac.technion.nlp.nli.core.method__call.MethodCall>
      <methodId>
        <declaringClassCanonicalName>il.ac.technion.nlp.nli.dataset1.domains.container_management.entities.ContainerManagementSystem</declaringClassCanonicalName>
        <name>loadContainers</name>
        <parameterClassNames>
          <string>java.util.Collection</string>
        </parameterClassNames>
      </methodId>
      <arguments>
        <il.ac.technion.nlp.nli.core.method__call.NonPrimitiveArgument>
          <nonPrimitiveEntityIds class="ofergivoli.olib.data_structures.set.SafeHashSet" serialization="custom">
            <unserializable-parents/>
            <set>
              <default/>
              <int>4</int>
              <float>0.75</float>
              <int>3</int>
              <string>5</string>
              <string>2</string>
              <string>3</string>
            </set>
          </nonPrimitiveEntityIds>
        </il.ac.technion.nlp.nli.core.method__call.NonPrimitiveArgument>
      </arguments>
      <entityIdOfObjectMethodIsInvokeOn>1</entityIdOfObjectMethodIsInvokeOn>
    </il.ac.technion.nlp.nli.core.method__call.MethodCall>
  </entry>
  <entry>
    <string>test-29</string>
    <il.ac.technion.nlp.nli.core.method__call.MethodCall>
      <methodId>
        <declaringClassCanonicalName>il.ac.technion.nlp.nli.dataset1.domains.workforce_management.entities.WorkforceManagementSystem</declaringClassCanonicalName>
        <name>updateSalary</name>
        <parameterClassNames>
          <string>il.ac.technion.nlp.nli.dataset1.domains.workforce_management.entities.Employee</string>
          <string>int</string>
        </parameterClassNames>
      </methodId>
      <arguments>
        <il.ac.technion.nlp.nli.core.method__call.NonPrimitiveArgument>
          <nonPrimitiveEntityIds class="ofergivoli.olib.data_structures.set.SafeHashSet" serialization="custom">
            <unserializable-parents/>
            <set>
              <default/>
              <int>2</int>
              <float>0.75</float>
              <int>1</int>
              <string>3</string>
            </set>
          </nonPrimitiveEntityIds>
        </il.ac.technion.nlp.nli.core.method__call.NonPrimitiveArgument>
        <il.ac.technion.nlp.nli.core.method__call.PrimitiveArgument>
          <primitiveEntities class="list">
            <il.ac.technion.nlp.nli.core.state.PrimitiveEntity>
              <value class="int">94278</value>
            </il.ac.technion.nlp.nli.core.state.PrimitiveEntity>
          </primitiveEntities>
        </il.ac.technion.nlp.nli.core.method__call.PrimitiveArgument>
      </arguments>
      <entityIdOfObjectMethodIsInvokeOn>1</entityIdOfObjectMethodIsInvokeOn>
    </il.ac.technion.nlp.nli.core.method__call.MethodCall>
  </entry>
  <entry>
    <string>test-27</string>
    <il.ac.technion.nlp.nli.core.method__call.MethodCall>
      <methodId>
        <declaringClassCanonicalName>il.ac.technion.nlp.nli.dataset1.domains.workforce_management.entities.WorkforceManagementSystem</declaringClassCanonicalName>
        <name>assignEmployeeToNewPosition</name>
        <parameterClassNames>
          <string>il.ac.technion.nlp.nli.dataset1.domains.workforce_management.entities.Employee</string>
          <string>il.ac.technion.nlp.nli.dataset1.domains.workforce_management.entities.Position</string>
        </parameterClassNames>
      </methodId>
      <arguments>
        <il.ac.technion.nlp.nli.core.method__call.NonPrimitiveArgument>
          <nonPrimitiveEntityIds class="ofergivoli.olib.data_structures.set.SafeHashSet" serialization="custom">
            <unserializable-parents/>
            <set>
              <default/>
              <int>2</int>
              <float>0.75</float>
              <int>1</int>
              <string>2</string>
            </set>
          </nonPrimitiveEntityIds>
        </il.ac.technion.nlp.nli.core.method__call.NonPrimitiveArgument>
        <il.ac.technion.nlp.nli.core.method__call.PrimitiveArgument>
          <primitiveEntities class="list">
            <il.ac.technion.nlp.nli.core.state.PrimitiveEntity>
              <value class="il.ac.technion.nlp.nli.dataset1.domains.workforce_management.entities.Position">MANAGER</value>
            </il.ac.technion.nlp.nli.core.state.PrimitiveEntity>
          </primitiveEntities>
        </il.ac.technion.nlp.nli.core.method__call.PrimitiveArgument>
      </arguments>
      <entityIdOfObjectMethodIsInvokeOn>1</entityIdOfObjectMethodIsInvokeOn>
    </il.ac.technion.nlp.nli.core.method__call.MethodCall>
  </entry>
  <entry>
    <string>test-28</string>
    <il.ac.technion.nlp.nli.core.method__call.MethodCall>
      <methodId>
        <declaringClassCanonicalName>il.ac.technion.nlp.nli.dataset1.domains.workforce_management.entities.WorkforceManagementSystem</declaringClassCanonicalName>
        <name>updateSalary</name>
        <parameterClassNames>
          <string>il.ac.technion.nlp.nli.dataset1.domains.workforce_management.entities.Employee</string>
          <string>int</string>
        </parameterClassNames>
      </methodId>
      <arguments>
        <il.ac.technion.nlp.nli.core.method__call.NonPrimitiveArgument>
          <nonPrimitiveEntityIds class="ofergivoli.olib.data_structures.set.SafeHashSet" serialization="custom">
            <unserializable-parents/>
            <set>
              <default/>
              <int>2</int>
              <float>0.75</float>
              <int>1</int>
              <string>2</string>
            </set>
          </nonPrimitiveEntityIds>
        </il.ac.technion.nlp.nli.core.method__call.NonPrimitiveArgument>
        <il.ac.technion.nlp.nli.core.method__call.PrimitiveArgument>
          <primitiveEntities class="list">
            <il.ac.technion.nlp.nli.core.state.PrimitiveEntity>
              <value class="int">99117</value>
            </il.ac.technion.nlp.nli.core.state.PrimitiveEntity>
          </primitiveEntities>
        </il.ac.technion.nlp.nli.core.method__call.PrimitiveArgument>
      </arguments>
      <entityIdOfObjectMethodIsInvokeOn>1</entityIdOfObjectMethodIsInvokeOn>
    </il.ac.technion.nlp.nli.core.method__call.MethodCall>
  </entry>
  <entry>
    <string>test-680</string>
    <il.ac.technion.nlp.nli.core.method__call.MethodCall>
      <methodId>
        <declaringClassCanonicalName>il.ac.technion.nlp.nli.dataset1.domains.messenger.Messenger</declaringClassCanonicalName>
        <name>unmuteChatGroups</name>
        <parameterClassNames>
          <string>java.util.Collection</string>
        </parameterClassNames>
      </methodId>
      <arguments>
        <il.ac.technion.nlp.nli.core.method__call.NonPrimitiveArgument>
          <nonPrimitiveEntityIds class="ofergivoli.olib.data_structures.set.SafeHashSet" serialization="custom">
            <unserializable-parents/>
            <set>
              <default/>
              <int>2</int>
              <float>0.75</float>
              <int>1</int>
              <string>10</string>
            </set>
          </nonPrimitiveEntityIds>
        </il.ac.technion.nlp.nli.core.method__call.NonPrimitiveArgument>
      </arguments>
      <entityIdOfObjectMethodIsInvokeOn>1</entityIdOfObjectMethodIsInvokeOn>
    </il.ac.technion.nlp.nli.core.method__call.MethodCall>
  </entry>
  <entry>
    <string>test-320</string>
    <il.ac.technion.nlp.nli.core.method__call.MethodCall>
      <methodId>
        <declaringClassCanonicalName>il.ac.technion.nlp.nli.dataset1.domains.container_management.entities.ContainerManagementSystem</declaringClassCanonicalName>
        <name>removeContainers</name>
        <parameterClassNames>
          <string>java.util.Collection</string>
        </parameterClassNames>
      </methodId>
      <arguments>
        <il.ac.technion.nlp.nli.core.method__call.NonPrimitiveArgument>
          <nonPrimitiveEntityIds class="ofergivoli.olib.data_structures.set.SafeHashSet" serialization="custom">
            <unserializable-parents/>
            <set>
              <default/>
              <int>2</int>
              <float>0.75</float>
              <int>1</int>
              <string>3</string>
            </set>
          </nonPrimitiveEntityIds>
        </il.ac.technion.nlp.nli.core.method__call.NonPrimitiveArgument>
      </arguments>
      <entityIdOfObjectMethodIsInvokeOn>1</entityIdOfObjectMethodIsInvokeOn>
    </il.ac.technion.nlp.nli.core.method__call.MethodCall>
  </entry>
  <entry>
    <string>test-441</string>
    <il.ac.technion.nlp.nli.core.method__call.MethodCall>
      <methodId>
        <declaringClassCanonicalName>il.ac.technion.nlp.nli.dataset1.domains.calendar.entities.Calendar</declaringClassCanonicalName>
        <name>removeEvents</name>
        <parameterClassNames>
          <string>java.util.Collection</string>
        </parameterClassNames>
      </methodId>
      <arguments>
        <il.ac.technion.nlp.nli.core.method__call.NonPrimitiveArgument>
          <nonPrimitiveEntityIds class="ofergivoli.olib.data_structures.set.SafeHashSet" serialization="custom">
            <unserializable-parents/>
            <set>
              <default/>
              <int>4</int>
              <float>0.75</float>
              <int>2</int>
              <string>5</string>
              <string>2</string>
            </set>
          </nonPrimitiveEntityIds>
        </il.ac.technion.nlp.nli.core.method__call.NonPrimitiveArgument>
      </arguments>
      <entityIdOfObjectMethodIsInvokeOn>1</entityIdOfObjectMethodIsInvokeOn>
    </il.ac.technion.nlp.nli.core.method__call.MethodCall>
  </entry>
  <entry>
    <string>test-562</string>
    <il.ac.technion.nlp.nli.core.method__call.MethodCall>
      <methodId>
        <declaringClassCanonicalName>il.ac.technion.nlp.nli.dataset1.domains.calendar.entities.Calendar</declaringClassCanonicalName>
        <name>setEventColor</name>
        <parameterClassNames>
          <string>java.util.Collection</string>
          <string>il.ac.technion.nlp.nli.core.state.entities.Color</string>
        </parameterClassNames>
      </methodId>
      <arguments>
        <il.ac.technion.nlp.nli.core.method__call.NonPrimitiveArgument>
          <nonPrimitiveEntityIds class="ofergivoli.olib.data_structures.set.SafeHashSet" serialization="custom">
            <unserializable-parents/>
            <set>
              <default/>
              <int>2</int>
              <float>0.75</float>
              <int>1</int>
              <string>3</string>
            </set>
          </nonPrimitiveEntityIds>
        </il.ac.technion.nlp.nli.core.method__call.NonPrimitiveArgument>
        <il.ac.technion.nlp.nli.core.method__call.PrimitiveArgument>
          <primitiveEntities class="list">
            <il.ac.technion.nlp.nli.core.state.PrimitiveEntity>
              <value class="il.ac.technion.nlp.nli.core.state.entities.Color">RED</value>
            </il.ac.technion.nlp.nli.core.state.PrimitiveEntity>
          </primitiveEntities>
        </il.ac.technion.nlp.nli.core.method__call.PrimitiveArgument>
      </arguments>
      <entityIdOfObjectMethodIsInvokeOn>1</entityIdOfObjectMethodIsInvokeOn>
    </il.ac.technion.nlp.nli.core.method__call.MethodCall>
  </entry>
  <entry>
    <string>test-683</string>
    <il.ac.technion.nlp.nli.core.method__call.MethodCall>
      <methodId>
        <declaringClassCanonicalName>il.ac.technion.nlp.nli.dataset1.domains.messenger.Messenger</declaringClassCanonicalName>
        <name>muteChatGroups</name>
        <parameterClassNames>
          <string>java.util.Collection</string>
        </parameterClassNames>
      </methodId>
      <arguments>
        <il.ac.technion.nlp.nli.core.method__call.NonPrimitiveArgument>
          <nonPrimitiveEntityIds class="ofergivoli.olib.data_structures.set.SafeHashSet" serialization="custom">
            <unserializable-parents/>
            <set>
              <default/>
              <int>2</int>
              <float>0.75</float>
              <int>1</int>
              <string>12</string>
            </set>
          </nonPrimitiveEntityIds>
        </il.ac.technion.nlp.nli.core.method__call.NonPrimitiveArgument>
      </arguments>
      <entityIdOfObjectMethodIsInvokeOn>1</entityIdOfObjectMethodIsInvokeOn>
    </il.ac.technion.nlp.nli.core.method__call.MethodCall>
  </entry>
  <entry>
    <string>test-200</string>
    <il.ac.technion.nlp.nli.core.method__call.MethodCall>
      <methodId>
        <declaringClassCanonicalName>il.ac.technion.nlp.nli.dataset1.domains.file_manager.entities.FileManager</declaringClassCanonicalName>
        <name>moveFiles</name>
        <parameterClassNames>
          <string>java.util.Collection</string>
          <string>il.ac.technion.nlp.nli.dataset1.domains.file_manager.entities.Directory</string>
        </parameterClassNames>
      </methodId>
      <arguments>
        <il.ac.technion.nlp.nli.core.method__call.NonPrimitiveArgument>
          <nonPrimitiveEntityIds class="ofergivoli.olib.data_structures.set.SafeHashSet" serialization="custom">
            <unserializable-parents/>
            <set>
              <default/>
              <int>4</int>
              <float>0.75</float>
              <int>3</int>
              <string>9</string>
              <string>6</string>
              <string>7</string>
            </set>
          </nonPrimitiveEntityIds>
        </il.ac.technion.nlp.nli.core.method__call.NonPrimitiveArgument>
        <il.ac.technion.nlp.nli.core.method__call.NonPrimitiveArgument>
          <nonPrimitiveEntityIds class="ofergivoli.olib.data_structures.set.SafeHashSet" serialization="custom">
            <unserializable-parents/>
            <set>
              <default/>
              <int>2</int>
              <float>0.75</float>
              <int>1</int>
              <string>3</string>
            </set>
          </nonPrimitiveEntityIds>
        </il.ac.technion.nlp.nli.core.method__call.NonPrimitiveArgument>
      </arguments>
      <entityIdOfObjectMethodIsInvokeOn>1</entityIdOfObjectMethodIsInvokeOn>
    </il.ac.technion.nlp.nli.core.method__call.MethodCall>
  </entry>
  <entry>
    <string>test-321</string>
    <il.ac.technion.nlp.nli.core.method__call.MethodCall>
      <methodId>
        <declaringClassCanonicalName>il.ac.technion.nlp.nli.dataset1.domains.container_management.entities.ContainerManagementSystem</declaringClassCanonicalName>
        <name>unloadContainers</name>
        <parameterClassNames>
          <string>java.util.Collection</string>
        </parameterClassNames>
      </methodId>
      <arguments>
        <il.ac.technion.nlp.nli.core.method__call.NonPrimitiveArgument>
          <nonPrimitiveEntityIds class="ofergivoli.olib.data_structures.set.SafeHashSet" serialization="custom">
            <unserializable-parents/>
            <set>
              <default/>
              <int>4</int>
              <float>0.75</float>
              <int>3</int>
              <string>4</string>
              <string>5</string>
              <string>3</string>
            </set>
          </nonPrimitiveEntityIds>
        </il.ac.technion.nlp.nli.core.method__call.NonPrimitiveArgument>
      </arguments>
      <entityIdOfObjectMethodIsInvokeOn>1</entityIdOfObjectMethodIsInvokeOn>
    </il.ac.technion.nlp.nli.core.method__call.MethodCall>
  </entry>
  <entry>
    <string>test-442</string>
    <il.ac.technion.nlp.nli.core.method__call.MethodCall>
      <methodId>
        <declaringClassCanonicalName>il.ac.technion.nlp.nli.dataset1.domains.container_management.entities.ContainerManagementSystem</declaringClassCanonicalName>
        <name>loadContainers</name>
        <parameterClassNames>
          <string>java.util.Collection</string>
        </parameterClassNames>
      </methodId>
      <arguments>
        <il.ac.technion.nlp.nli.core.method__call.NonPrimitiveArgument>
          <nonPrimitiveEntityIds class="ofergivoli.olib.data_structures.set.SafeHashSet" serialization="custom">
            <unserializable-parents/>
            <set>
              <default/>
              <int>2</int>
              <float>0.75</float>
              <int>1</int>
              <string>4</string>
            </set>
          </nonPrimitiveEntityIds>
        </il.ac.technion.nlp.nli.core.method__call.NonPrimitiveArgument>
      </arguments>
      <entityIdOfObjectMethodIsInvokeOn>1</entityIdOfObjectMethodIsInvokeOn>
    </il.ac.technion.nlp.nli.core.method__call.MethodCall>
  </entry>
  <entry>
    <string>test-563</string>
    <il.ac.technion.nlp.nli.core.method__call.MethodCall>
      <methodId>
        <declaringClassCanonicalName>il.ac.technion.nlp.nli.dataset1.domains.lighting_control.entities.LightingControlSystem</declaringClassCanonicalName>
        <name>turnLightOn</name>
        <parameterClassNames>
          <string>java.util.Collection</string>
        </parameterClassNames>
      </methodId>
      <arguments>
        <il.ac.technion.nlp.nli.core.method__call.NonPrimitiveArgument>
          <nonPrimitiveEntityIds class="ofergivoli.olib.data_structures.set.SafeHashSet" serialization="custom">
            <unserializable-parents/>
            <set>
              <default/>
              <int>8</int>
              <float>0.75</float>
              <int>5</int>
              <string>8</string>
              <string>9</string>
              <string>5</string>
              <string>6</string>
              <string>7</string>
            </set>
          </nonPrimitiveEntityIds>
        </il.ac.technion.nlp.nli.core.method__call.NonPrimitiveArgument>
      </arguments>
      <entityIdOfObjectMethodIsInvokeOn>1</entityIdOfObjectMethodIsInvokeOn>
    </il.ac.technion.nlp.nli.core.method__call.MethodCall>
  </entry>
  <entry>
    <string>test-560</string>
    <il.ac.technion.nlp.nli.core.method__call.MethodCall>
      <methodId>
        <declaringClassCanonicalName>il.ac.technion.nlp.nli.dataset1.domains.container_management.entities.ContainerManagementSystem</declaringClassCanonicalName>
        <name>unloadContainers</name>
        <parameterClassNames>
          <string>java.util.Collection</string>
        </parameterClassNames>
      </methodId>
      <arguments>
        <il.ac.technion.nlp.nli.core.method__call.NonPrimitiveArgument>
          <nonPrimitiveEntityIds class="ofergivoli.olib.data_structures.set.SafeHashSet" serialization="custom">
            <unserializable-parents/>
            <set>
              <default/>
              <int>2</int>
              <float>0.75</float>
              <int>1</int>
              <string>4</string>
            </set>
          </nonPrimitiveEntityIds>
        </il.ac.technion.nlp.nli.core.method__call.NonPrimitiveArgument>
      </arguments>
      <entityIdOfObjectMethodIsInvokeOn>1</entityIdOfObjectMethodIsInvokeOn>
    </il.ac.technion.nlp.nli.core.method__call.MethodCall>
  </entry>
  <entry>
    <string>test-681</string>
    <il.ac.technion.nlp.nli.core.method__call.MethodCall>
      <methodId>
        <declaringClassCanonicalName>il.ac.technion.nlp.nli.dataset1.domains.lighting_control.entities.LightingControlSystem</declaringClassCanonicalName>
        <name>turnLightOff</name>
        <parameterClassNames>
          <string>java.util.Collection</string>
        </parameterClassNames>
      </methodId>
      <arguments>
        <il.ac.technion.nlp.nli.core.method__call.NonPrimitiveArgument>
          <nonPrimitiveEntityIds class="ofergivoli.olib.data_structures.set.SafeHashSet" serialization="custom">
            <unserializable-parents/>
            <set>
              <default/>
              <int>8</int>
              <float>0.75</float>
              <int>4</int>
              <string>2</string>
              <string>3</string>
              <string>4</string>
              <string>5</string>
            </set>
          </nonPrimitiveEntityIds>
        </il.ac.technion.nlp.nli.core.method__call.NonPrimitiveArgument>
      </arguments>
      <entityIdOfObjectMethodIsInvokeOn>1</entityIdOfObjectMethodIsInvokeOn>
    </il.ac.technion.nlp.nli.core.method__call.MethodCall>
  </entry>
  <entry>
    <string>test-440</string>
    <il.ac.technion.nlp.nli.core.method__call.MethodCall>
      <methodId>
        <declaringClassCanonicalName>il.ac.technion.nlp.nli.dataset1.domains.messenger.Messenger</declaringClassCanonicalName>
        <name>createChatGroup</name>
        <parameterClassNames>
          <string>java.util.Collection</string>
        </parameterClassNames>
      </methodId>
      <arguments>
        <il.ac.technion.nlp.nli.core.method__call.NonPrimitiveArgument>
          <nonPrimitiveEntityIds class="ofergivoli.olib.data_structures.set.SafeHashSet" serialization="custom">
            <unserializable-parents/>
            <set>
              <default/>
              <int>4</int>
              <float>0.75</float>
              <int>2</int>
              <string>9</string>
              <string>3</string>
            </set>
          </nonPrimitiveEntityIds>
        </il.ac.technion.nlp.nli.core.method__call.NonPrimitiveArgument>
      </arguments>
      <entityIdOfObjectMethodIsInvokeOn>1</entityIdOfObjectMethodIsInvokeOn>
    </il.ac.technion.nlp.nli.core.method__call.MethodCall>
  </entry>
  <entry>
    <string>test-561</string>
    <il.ac.technion.nlp.nli.core.method__call.MethodCall>
      <methodId>
        <declaringClassCanonicalName>il.ac.technion.nlp.nli.dataset1.domains.lighting_control.entities.LightingControlSystem</declaringClassCanonicalName>
        <name>turnLightOn</name>
        <parameterClassNames>
          <string>java.util.Collection</string>
        </parameterClassNames>
      </methodId>
      <arguments>
        <il.ac.technion.nlp.nli.core.method__call.NonPrimitiveArgument>
          <nonPrimitiveEntityIds class="ofergivoli.olib.data_structures.set.SafeHashSet" serialization="custom">
            <unserializable-parents/>
            <set>
              <default/>
              <int>8</int>
              <float>0.75</float>
              <int>5</int>
              <string>2</string>
              <string>3</string>
              <string>4</string>
              <string>5</string>
              <string>6</string>
            </set>
          </nonPrimitiveEntityIds>
        </il.ac.technion.nlp.nli.core.method__call.NonPrimitiveArgument>
      </arguments>
      <entityIdOfObjectMethodIsInvokeOn>1</entityIdOfObjectMethodIsInvokeOn>
    </il.ac.technion.nlp.nli.core.method__call.MethodCall>
  </entry>
  <entry>
    <string>test-682</string>
    <il.ac.technion.nlp.nli.core.method__call.MethodCall>
      <methodId>
        <declaringClassCanonicalName>il.ac.technion.nlp.nli.dataset1.domains.calendar.entities.Calendar</declaringClassCanonicalName>
        <name>removeEvents</name>
        <parameterClassNames>
          <string>java.util.Collection</string>
        </parameterClassNames>
      </methodId>
      <arguments>
        <il.ac.technion.nlp.nli.core.method__call.NonPrimitiveArgument>
          <nonPrimitiveEntityIds class="ofergivoli.olib.data_structures.set.SafeHashSet" serialization="custom">
            <unserializable-parents/>
            <set>
              <default/>
              <int>2</int>
              <float>0.75</float>
              <int>1</int>
              <string>6</string>
            </set>
          </nonPrimitiveEntityIds>
        </il.ac.technion.nlp.nli.core.method__call.NonPrimitiveArgument>
      </arguments>
      <entityIdOfObjectMethodIsInvokeOn>1</entityIdOfObjectMethodIsInvokeOn>
    </il.ac.technion.nlp.nli.core.method__call.MethodCall>
  </entry>
  <entry>
    <string>test-25</string>
    <il.ac.technion.nlp.nli.core.method__call.MethodCall>
      <methodId>
        <declaringClassCanonicalName>il.ac.technion.nlp.nli.dataset1.domains.container_management.entities.ContainerManagementSystem</declaringClassCanonicalName>
        <name>removeContainers</name>
        <parameterClassNames>
          <string>java.util.Collection</string>
        </parameterClassNames>
      </methodId>
      <arguments>
        <il.ac.technion.nlp.nli.core.method__call.NonPrimitiveArgument>
          <nonPrimitiveEntityIds class="ofergivoli.olib.data_structures.set.SafeHashSet" serialization="custom">
            <unserializable-parents/>
            <set>
              <default/>
              <int>4</int>
              <float>0.75</float>
              <int>3</int>
              <string>5</string>
              <string>6</string>
              <string>3</string>
            </set>
          </nonPrimitiveEntityIds>
        </il.ac.technion.nlp.nli.core.method__call.NonPrimitiveArgument>
      </arguments>
      <entityIdOfObjectMethodIsInvokeOn>1</entityIdOfObjectMethodIsInvokeOn>
    </il.ac.technion.nlp.nli.core.method__call.MethodCall>
  </entry>
  <entry>
    <string>test-203</string>
    <il.ac.technion.nlp.nli.core.method__call.MethodCall>
      <methodId>
        <declaringClassCanonicalName>il.ac.technion.nlp.nli.dataset1.domains.workforce_management.entities.WorkforceManagementSystem</declaringClassCanonicalName>
        <name>assignEmployeesToNewManager</name>
        <parameterClassNames>
          <string>java.util.Collection</string>
          <string>il.ac.technion.nlp.nli.dataset1.domains.workforce_management.entities.Employee</string>
        </parameterClassNames>
      </methodId>
      <arguments>
        <il.ac.technion.nlp.nli.core.method__call.NonPrimitiveArgument>
          <nonPrimitiveEntityIds class="ofergivoli.olib.data_structures.set.SafeHashSet" serialization="custom">
            <unserializable-parents/>
            <set>
              <default/>
              <int>4</int>
              <float>0.75</float>
              <int>2</int>
              <string>4</string>
              <string>5</string>
            </set>
          </nonPrimitiveEntityIds>
        </il.ac.technion.nlp.nli.core.method__call.NonPrimitiveArgument>
        <il.ac.technion.nlp.nli.core.method__call.NonPrimitiveArgument>
          <nonPrimitiveEntityIds class="ofergivoli.olib.data_structures.set.SafeHashSet" serialization="custom">
            <unserializable-parents/>
            <set>
              <default/>
              <int>2</int>
              <float>0.75</float>
              <int>1</int>
              <string>2</string>
            </set>
          </nonPrimitiveEntityIds>
        </il.ac.technion.nlp.nli.core.method__call.NonPrimitiveArgument>
      </arguments>
      <entityIdOfObjectMethodIsInvokeOn>1</entityIdOfObjectMethodIsInvokeOn>
    </il.ac.technion.nlp.nli.core.method__call.MethodCall>
  </entry>
  <entry>
    <string>test-324</string>
    <il.ac.technion.nlp.nli.core.method__call.MethodCall>
      <methodId>
        <declaringClassCanonicalName>il.ac.technion.nlp.nli.dataset1.domains.container_management.entities.ContainerManagementSystem</declaringClassCanonicalName>
        <name>loadContainers</name>
        <parameterClassNames>
          <string>java.util.Collection</string>
        </parameterClassNames>
      </methodId>
      <arguments>
        <il.ac.technion.nlp.nli.core.method__call.NonPrimitiveArgument>
          <nonPrimitiveEntityIds class="ofergivoli.olib.data_structures.set.SafeHashSet" serialization="custom">
            <unserializable-parents/>
            <set>
              <default/>
              <int>2</int>
              <float>0.75</float>
              <int>1</int>
              <string>3</string>
            </set>
          </nonPrimitiveEntityIds>
        </il.ac.technion.nlp.nli.core.method__call.NonPrimitiveArgument>
      </arguments>
      <entityIdOfObjectMethodIsInvokeOn>1</entityIdOfObjectMethodIsInvokeOn>
    </il.ac.technion.nlp.nli.core.method__call.MethodCall>
  </entry>
  <entry>
    <string>test-445</string>
    <il.ac.technion.nlp.nli.core.method__call.MethodCall>
      <methodId>
        <declaringClassCanonicalName>il.ac.technion.nlp.nli.dataset1.domains.calendar.entities.Calendar</declaringClassCanonicalName>
        <name>removeEvents</name>
        <parameterClassNames>
          <string>java.util.Collection</string>
        </parameterClassNames>
      </methodId>
      <arguments>
        <il.ac.technion.nlp.nli.core.method__call.NonPrimitiveArgument>
          <nonPrimitiveEntityIds class="ofergivoli.olib.data_structures.set.SafeHashSet" serialization="custom">
            <unserializable-parents/>
            <set>
              <default/>
              <int>4</int>
              <float>0.75</float>
              <int>2</int>
              <string>4</string>
              <string>5</string>
            </set>
          </nonPrimitiveEntityIds>
        </il.ac.technion.nlp.nli.core.method__call.NonPrimitiveArgument>
      </arguments>
      <entityIdOfObjectMethodIsInvokeOn>1</entityIdOfObjectMethodIsInvokeOn>
    </il.ac.technion.nlp.nli.core.method__call.MethodCall>
  </entry>
  <entry>
    <string>test-566</string>
    <il.ac.technion.nlp.nli.core.method__call.MethodCall>
      <methodId>
        <declaringClassCanonicalName>il.ac.technion.nlp.nli.dataset1.domains.calendar.entities.Calendar</declaringClassCanonicalName>
        <name>setEventColor</name>
        <parameterClassNames>
          <string>java.util.Collection</string>
          <string>il.ac.technion.nlp.nli.core.state.entities.Color</string>
        </parameterClassNames>
      </methodId>
      <arguments>
        <il.ac.technion.nlp.nli.core.method__call.NonPrimitiveArgument>
          <nonPrimitiveEntityIds class="ofergivoli.olib.data_structures.set.SafeHashSet" serialization="custom">
            <unserializable-parents/>
            <set>
              <default/>
              <int>4</int>
              <float>0.75</float>
              <int>2</int>
              <string>4</string>
              <string>2</string>
            </set>
          </nonPrimitiveEntityIds>
        </il.ac.technion.nlp.nli.core.method__call.NonPrimitiveArgument>
        <il.ac.technion.nlp.nli.core.method__call.PrimitiveArgument>
          <primitiveEntities class="list">
            <il.ac.technion.nlp.nli.core.state.PrimitiveEntity>
              <value class="il.ac.technion.nlp.nli.core.state.entities.Color">BLACK</value>
            </il.ac.technion.nlp.nli.core.state.PrimitiveEntity>
          </primitiveEntities>
        </il.ac.technion.nlp.nli.core.method__call.PrimitiveArgument>
      </arguments>
      <entityIdOfObjectMethodIsInvokeOn>1</entityIdOfObjectMethodIsInvokeOn>
    </il.ac.technion.nlp.nli.core.method__call.MethodCall>
  </entry>
  <entry>
    <string>test-26</string>
    <il.ac.technion.nlp.nli.core.method__call.MethodCall>
      <methodId>
        <declaringClassCanonicalName>il.ac.technion.nlp.nli.dataset1.domains.container_management.entities.ContainerManagementSystem</declaringClassCanonicalName>
        <name>unloadContainers</name>
        <parameterClassNames>
          <string>java.util.Collection</string>
        </parameterClassNames>
      </methodId>
      <arguments>
        <il.ac.technion.nlp.nli.core.method__call.NonPrimitiveArgument>
          <nonPrimitiveEntityIds class="ofergivoli.olib.data_structures.set.SafeHashSet" serialization="custom">
            <unserializable-parents/>
            <set>
              <default/>
              <int>4</int>
              <float>0.75</float>
              <int>2</int>
              <string>4</string>
              <string>5</string>
            </set>
          </nonPrimitiveEntityIds>
        </il.ac.technion.nlp.nli.core.method__call.NonPrimitiveArgument>
      </arguments>
      <entityIdOfObjectMethodIsInvokeOn>1</entityIdOfObjectMethodIsInvokeOn>
    </il.ac.technion.nlp.nli.core.method__call.MethodCall>
  </entry>
  <entry>
    <string>test-204</string>
    <il.ac.technion.nlp.nli.core.method__call.MethodCall>
      <methodId>
        <declaringClassCanonicalName>il.ac.technion.nlp.nli.dataset1.domains.file_manager.entities.FileManager</declaringClassCanonicalName>
        <name>moveFiles</name>
        <parameterClassNames>
          <string>java.util.Collection</string>
          <string>il.ac.technion.nlp.nli.dataset1.domains.file_manager.entities.Directory</string>
        </parameterClassNames>
      </methodId>
      <arguments>
        <il.ac.technion.nlp.nli.core.method__call.NonPrimitiveArgument>
          <nonPrimitiveEntityIds class="ofergivoli.olib.data_structures.set.SafeHashSet" serialization="custom">
            <unserializable-parents/>
            <set>
              <default/>
              <int>2</int>
              <float>0.75</float>
              <int>1</int>
              <string>7</string>
            </set>
          </nonPrimitiveEntityIds>
        </il.ac.technion.nlp.nli.core.method__call.NonPrimitiveArgument>
        <il.ac.technion.nlp.nli.core.method__call.NonPrimitiveArgument>
          <nonPrimitiveEntityIds class="ofergivoli.olib.data_structures.set.SafeHashSet" serialization="custom">
            <unserializable-parents/>
            <set>
              <default/>
              <int>2</int>
              <float>0.75</float>
              <int>1</int>
              <string>3</string>
            </set>
          </nonPrimitiveEntityIds>
        </il.ac.technion.nlp.nli.core.method__call.NonPrimitiveArgument>
      </arguments>
      <entityIdOfObjectMethodIsInvokeOn>1</entityIdOfObjectMethodIsInvokeOn>
    </il.ac.technion.nlp.nli.core.method__call.MethodCall>
  </entry>
  <entry>
    <string>test-325</string>
    <il.ac.technion.nlp.nli.core.method__call.MethodCall>
      <methodId>
        <declaringClassCanonicalName>il.ac.technion.nlp.nli.dataset1.domains.workforce_management.entities.WorkforceManagementSystem</declaringClassCanonicalName>
        <name>assignEmployeesToNewManager</name>
        <parameterClassNames>
          <string>java.util.Collection</string>
          <string>il.ac.technion.nlp.nli.dataset1.domains.workforce_management.entities.Employee</string>
        </parameterClassNames>
      </methodId>
      <arguments>
        <il.ac.technion.nlp.nli.core.method__call.NonPrimitiveArgument>
          <nonPrimitiveEntityIds class="ofergivoli.olib.data_structures.set.SafeHashSet" serialization="custom">
            <unserializable-parents/>
            <set>
              <default/>
              <int>2</int>
              <float>0.75</float>
              <int>1</int>
              <string>5</string>
            </set>
          </nonPrimitiveEntityIds>
        </il.ac.technion.nlp.nli.core.method__call.NonPrimitiveArgument>
        <il.ac.technion.nlp.nli.core.method__call.NonPrimitiveArgument>
          <nonPrimitiveEntityIds class="ofergivoli.olib.data_structures.set.SafeHashSet" serialization="custom">
            <unserializable-parents/>
            <set>
              <default/>
              <int>2</int>
              <float>0.75</float>
              <int>1</int>
              <string>2</string>
            </set>
          </nonPrimitiveEntityIds>
        </il.ac.technion.nlp.nli.core.method__call.NonPrimitiveArgument>
      </arguments>
      <entityIdOfObjectMethodIsInvokeOn>1</entityIdOfObjectMethodIsInvokeOn>
    </il.ac.technion.nlp.nli.core.method__call.MethodCall>
  </entry>
  <entry>
    <string>test-446</string>
    <il.ac.technion.nlp.nli.core.method__call.MethodCall>
      <methodId>
        <declaringClassCanonicalName>il.ac.technion.nlp.nli.dataset1.domains.workforce_management.entities.WorkforceManagementSystem</declaringClassCanonicalName>
        <name>assignEmployeeToNewPosition</name>
        <parameterClassNames>
          <string>il.ac.technion.nlp.nli.dataset1.domains.workforce_management.entities.Employee</string>
          <string>il.ac.technion.nlp.nli.dataset1.domains.workforce_management.entities.Position</string>
        </parameterClassNames>
      </methodId>
      <arguments>
        <il.ac.technion.nlp.nli.core.method__call.NonPrimitiveArgument>
          <nonPrimitiveEntityIds class="ofergivoli.olib.data_structures.set.SafeHashSet" serialization="custom">
            <unserializable-parents/>
            <set>
              <default/>
              <int>2</int>
              <float>0.75</float>
              <int>1</int>
              <string>3</string>
            </set>
          </nonPrimitiveEntityIds>
        </il.ac.technion.nlp.nli.core.method__call.NonPrimitiveArgument>
        <il.ac.technion.nlp.nli.core.method__call.PrimitiveArgument>
          <primitiveEntities class="list">
            <il.ac.technion.nlp.nli.core.state.PrimitiveEntity>
              <value class="il.ac.technion.nlp.nli.dataset1.domains.workforce_management.entities.Position">QA</value>
            </il.ac.technion.nlp.nli.core.state.PrimitiveEntity>
          </primitiveEntities>
        </il.ac.technion.nlp.nli.core.method__call.PrimitiveArgument>
      </arguments>
      <entityIdOfObjectMethodIsInvokeOn>1</entityIdOfObjectMethodIsInvokeOn>
    </il.ac.technion.nlp.nli.core.method__call.MethodCall>
  </entry>
  <entry>
    <string>test-567</string>
    <il.ac.technion.nlp.nli.core.method__call.MethodCall>
      <methodId>
        <declaringClassCanonicalName>il.ac.technion.nlp.nli.dataset1.domains.list.entities.SpecialList</declaringClassCanonicalName>
        <name>moveToEnd</name>
        <parameterClassNames>
          <string>il.ac.technion.nlp.nli.dataset1.domains.list.entities.ListElement</string>
        </parameterClassNames>
      </methodId>
      <arguments>
        <il.ac.technion.nlp.nli.core.method__call.NonPrimitiveArgument>
          <nonPrimitiveEntityIds class="ofergivoli.olib.data_structures.set.SafeHashSet" serialization="custom">
            <unserializable-parents/>
            <set>
              <default/>
              <int>2</int>
              <float>0.75</float>
              <int>1</int>
              <string>5</string>
            </set>
          </nonPrimitiveEntityIds>
        </il.ac.technion.nlp.nli.core.method__call.NonPrimitiveArgument>
      </arguments>
      <entityIdOfObjectMethodIsInvokeOn>1</entityIdOfObjectMethodIsInvokeOn>
    </il.ac.technion.nlp.nli.core.method__call.MethodCall>
  </entry>
  <entry>
    <string>test-23</string>
    <il.ac.technion.nlp.nli.core.method__call.MethodCall>
      <methodId>
        <declaringClassCanonicalName>il.ac.technion.nlp.nli.dataset1.domains.messenger.Messenger</declaringClassCanonicalName>
        <name>unmuteChatGroups</name>
        <parameterClassNames>
          <string>java.util.Collection</string>
        </parameterClassNames>
      </methodId>
      <arguments>
        <il.ac.technion.nlp.nli.core.method__call.NonPrimitiveArgument>
          <nonPrimitiveEntityIds class="ofergivoli.olib.data_structures.set.SafeHashSet" serialization="custom">
            <unserializable-parents/>
            <set>
              <default/>
              <int>4</int>
              <float>0.75</float>
              <int>2</int>
              <string>8</string>
              <string>7</string>
            </set>
          </nonPrimitiveEntityIds>
        </il.ac.technion.nlp.nli.core.method__call.NonPrimitiveArgument>
      </arguments>
      <entityIdOfObjectMethodIsInvokeOn>1</entityIdOfObjectMethodIsInvokeOn>
    </il.ac.technion.nlp.nli.core.method__call.MethodCall>
  </entry>
  <entry>
    <string>test-201</string>
    <il.ac.technion.nlp.nli.core.method__call.MethodCall>
      <methodId>
        <declaringClassCanonicalName>il.ac.technion.nlp.nli.dataset1.domains.list.entities.SpecialList</declaringClassCanonicalName>
        <name>remove</name>
        <parameterClassNames>
          <string>java.util.Collection</string>
        </parameterClassNames>
      </methodId>
      <arguments>
        <il.ac.technion.nlp.nli.core.method__call.NonPrimitiveArgument>
          <nonPrimitiveEntityIds class="ofergivoli.olib.data_structures.set.SafeHashSet" serialization="custom">
            <unserializable-parents/>
            <set>
              <default/>
              <int>2</int>
              <float>0.75</float>
              <int>1</int>
              <string>5</string>
            </set>
          </nonPrimitiveEntityIds>
        </il.ac.technion.nlp.nli.core.method__call.NonPrimitiveArgument>
      </arguments>
      <entityIdOfObjectMethodIsInvokeOn>1</entityIdOfObjectMethodIsInvokeOn>
    </il.ac.technion.nlp.nli.core.method__call.MethodCall>
  </entry>
  <entry>
    <string>test-322</string>
    <il.ac.technion.nlp.nli.core.method__call.MethodCall>
      <methodId>
        <declaringClassCanonicalName>il.ac.technion.nlp.nli.dataset1.domains.list.entities.SpecialList</declaringClassCanonicalName>
        <name>remove</name>
        <parameterClassNames>
          <string>java.util.Collection</string>
        </parameterClassNames>
      </methodId>
      <arguments>
        <il.ac.technion.nlp.nli.core.method__call.NonPrimitiveArgument>
          <nonPrimitiveEntityIds class="ofergivoli.olib.data_structures.set.SafeHashSet" serialization="custom">
            <unserializable-parents/>
            <set>
              <default/>
              <int>4</int>
              <float>0.75</float>
              <int>3</int>
              <string>4</string>
              <string>5</string>
              <string>2</string>
            </set>
          </nonPrimitiveEntityIds>
        </il.ac.technion.nlp.nli.core.method__call.NonPrimitiveArgument>
      </arguments>
      <entityIdOfObjectMethodIsInvokeOn>1</entityIdOfObjectMethodIsInvokeOn>
    </il.ac.technion.nlp.nli.core.method__call.MethodCall>
  </entry>
  <entry>
    <string>test-443</string>
    <il.ac.technion.nlp.nli.core.method__call.MethodCall>
      <methodId>
        <declaringClassCanonicalName>il.ac.technion.nlp.nli.dataset1.domains.file_manager.entities.FileManager</declaringClassCanonicalName>
        <name>moveFiles</name>
        <parameterClassNames>
          <string>java.util.Collection</string>
          <string>il.ac.technion.nlp.nli.dataset1.domains.file_manager.entities.Directory</string>
        </parameterClassNames>
      </methodId>
      <arguments>
        <il.ac.technion.nlp.nli.core.method__call.NonPrimitiveArgument>
          <nonPrimitiveEntityIds class="ofergivoli.olib.data_structures.set.SafeHashSet" serialization="custom">
            <unserializable-parents/>
            <set>
              <default/>
              <int>4</int>
              <float>0.75</float>
              <int>2</int>
              <string>4</string>
              <string>5</string>
            </set>
          </nonPrimitiveEntityIds>
        </il.ac.technion.nlp.nli.core.method__call.NonPrimitiveArgument>
        <il.ac.technion.nlp.nli.core.method__call.NonPrimitiveArgument>
          <nonPrimitiveEntityIds class="ofergivoli.olib.data_structures.set.SafeHashSet" serialization="custom">
            <unserializable-parents/>
            <set>
              <default/>
              <int>2</int>
              <float>0.75</float>
              <int>1</int>
              <string>6</string>
            </set>
          </nonPrimitiveEntityIds>
        </il.ac.technion.nlp.nli.core.method__call.NonPrimitiveArgument>
      </arguments>
      <entityIdOfObjectMethodIsInvokeOn>1</entityIdOfObjectMethodIsInvokeOn>
    </il.ac.technion.nlp.nli.core.method__call.MethodCall>
  </entry>
  <entry>
    <string>test-564</string>
    <il.ac.technion.nlp.nli.core.method__call.MethodCall>
      <methodId>
        <declaringClassCanonicalName>il.ac.technion.nlp.nli.dataset1.domains.list.entities.SpecialList</declaringClassCanonicalName>
        <name>remove</name>
        <parameterClassNames>
          <string>java.util.Collection</string>
        </parameterClassNames>
      </methodId>
      <arguments>
        <il.ac.technion.nlp.nli.core.method__call.NonPrimitiveArgument>
          <nonPrimitiveEntityIds class="ofergivoli.olib.data_structures.set.SafeHashSet" serialization="custom">
            <unserializable-parents/>
            <set>
              <default/>
              <int>2</int>
              <float>0.75</float>
              <int>1</int>
              <string>5</string>
            </set>
          </nonPrimitiveEntityIds>
        </il.ac.technion.nlp.nli.core.method__call.NonPrimitiveArgument>
      </arguments>
      <entityIdOfObjectMethodIsInvokeOn>1</entityIdOfObjectMethodIsInvokeOn>
    </il.ac.technion.nlp.nli.core.method__call.MethodCall>
  </entry>
  <entry>
    <string>test-24</string>
    <il.ac.technion.nlp.nli.core.method__call.MethodCall>
      <methodId>
        <declaringClassCanonicalName>il.ac.technion.nlp.nli.dataset1.domains.list.entities.SpecialList</declaringClassCanonicalName>
        <name>moveToBeginning</name>
        <parameterClassNames>
          <string>il.ac.technion.nlp.nli.dataset1.domains.list.entities.ListElement</string>
        </parameterClassNames>
      </methodId>
      <arguments>
        <il.ac.technion.nlp.nli.core.method__call.NonPrimitiveArgument>
          <nonPrimitiveEntityIds class="ofergivoli.olib.data_structures.set.SafeHashSet" serialization="custom">
            <unserializable-parents/>
            <set>
              <default/>
              <int>2</int>
              <float>0.75</float>
              <int>1</int>
              <string>5</string>
            </set>
          </nonPrimitiveEntityIds>
        </il.ac.technion.nlp.nli.core.method__call.NonPrimitiveArgument>
      </arguments>
      <entityIdOfObjectMethodIsInvokeOn>1</entityIdOfObjectMethodIsInvokeOn>
    </il.ac.technion.nlp.nli.core.method__call.MethodCall>
  </entry>
  <entry>
    <string>test-202</string>
    <il.ac.technion.nlp.nli.core.method__call.MethodCall>
      <methodId>
        <declaringClassCanonicalName>il.ac.technion.nlp.nli.dataset1.domains.messenger.Messenger</declaringClassCanonicalName>
        <name>deleteChatGroups</name>
        <parameterClassNames>
          <string>java.util.Collection</string>
        </parameterClassNames>
      </methodId>
      <arguments>
        <il.ac.technion.nlp.nli.core.method__call.NonPrimitiveArgument>
          <nonPrimitiveEntityIds class="ofergivoli.olib.data_structures.set.SafeHashSet" serialization="custom">
            <unserializable-parents/>
            <set>
              <default/>
              <int>4</int>
              <float>0.75</float>
              <int>2</int>
              <string>12</string>
              <string>13</string>
            </set>
          </nonPrimitiveEntityIds>
        </il.ac.technion.nlp.nli.core.method__call.NonPrimitiveArgument>
      </arguments>
      <entityIdOfObjectMethodIsInvokeOn>1</entityIdOfObjectMethodIsInvokeOn>
    </il.ac.technion.nlp.nli.core.method__call.MethodCall>
  </entry>
  <entry>
    <string>test-323</string>
    <il.ac.technion.nlp.nli.core.method__call.MethodCall>
      <methodId>
        <declaringClassCanonicalName>il.ac.technion.nlp.nli.dataset1.domains.lighting_control.entities.LightingControlSystem</declaringClassCanonicalName>
        <name>turnLightOff</name>
        <parameterClassNames>
          <string>java.util.Collection</string>
        </parameterClassNames>
      </methodId>
      <arguments>
        <il.ac.technion.nlp.nli.core.method__call.NonPrimitiveArgument>
          <nonPrimitiveEntityIds class="ofergivoli.olib.data_structures.set.SafeHashSet" serialization="custom">
            <unserializable-parents/>
            <set>
              <default/>
              <int>4</int>
              <float>0.75</float>
              <int>2</int>
              <string>5</string>
              <string>6</string>
            </set>
          </nonPrimitiveEntityIds>
        </il.ac.technion.nlp.nli.core.method__call.NonPrimitiveArgument>
      </arguments>
      <entityIdOfObjectMethodIsInvokeOn>1</entityIdOfObjectMethodIsInvokeOn>
    </il.ac.technion.nlp.nli.core.method__call.MethodCall>
  </entry>
  <entry>
    <string>test-444</string>
    <il.ac.technion.nlp.nli.core.method__call.MethodCall>
      <methodId>
        <declaringClassCanonicalName>il.ac.technion.nlp.nli.dataset1.domains.calendar.entities.Calendar</declaringClassCanonicalName>
        <name>removeEvents</name>
        <parameterClassNames>
          <string>java.util.Collection</string>
        </parameterClassNames>
      </methodId>
      <arguments>
        <il.ac.technion.nlp.nli.core.method__call.NonPrimitiveArgument>
          <nonPrimitiveEntityIds class="ofergivoli.olib.data_structures.set.SafeHashSet" serialization="custom">
            <unserializable-parents/>
            <set>
              <default/>
              <int>2</int>
              <float>0.75</float>
              <int>1</int>
              <string>5</string>
            </set>
          </nonPrimitiveEntityIds>
        </il.ac.technion.nlp.nli.core.method__call.NonPrimitiveArgument>
      </arguments>
      <entityIdOfObjectMethodIsInvokeOn>1</entityIdOfObjectMethodIsInvokeOn>
    </il.ac.technion.nlp.nli.core.method__call.MethodCall>
  </entry>
  <entry>
    <string>test-565</string>
    <il.ac.technion.nlp.nli.core.method__call.MethodCall>
      <methodId>
        <declaringClassCanonicalName>il.ac.technion.nlp.nli.dataset1.domains.list.entities.SpecialList</declaringClassCanonicalName>
        <name>moveToBeginning</name>
        <parameterClassNames>
          <string>il.ac.technion.nlp.nli.dataset1.domains.list.entities.ListElement</string>
        </parameterClassNames>
      </methodId>
      <arguments>
        <il.ac.technion.nlp.nli.core.method__call.NonPrimitiveArgument>
          <nonPrimitiveEntityIds class="ofergivoli.olib.data_structures.set.SafeHashSet" serialization="custom">
            <unserializable-parents/>
            <set>
              <default/>
              <int>2</int>
              <float>0.75</float>
              <int>1</int>
              <string>6</string>
            </set>
          </nonPrimitiveEntityIds>
        </il.ac.technion.nlp.nli.core.method__call.NonPrimitiveArgument>
      </arguments>
      <entityIdOfObjectMethodIsInvokeOn>1</entityIdOfObjectMethodIsInvokeOn>
    </il.ac.technion.nlp.nli.core.method__call.MethodCall>
  </entry>
  <entry>
    <string>test-21</string>
    <il.ac.technion.nlp.nli.core.method__call.MethodCall>
      <methodId>
        <declaringClassCanonicalName>il.ac.technion.nlp.nli.dataset1.domains.calendar.entities.Calendar</declaringClassCanonicalName>
        <name>setEventColor</name>
        <parameterClassNames>
          <string>java.util.Collection</string>
          <string>il.ac.technion.nlp.nli.core.state.entities.Color</string>
        </parameterClassNames>
      </methodId>
      <arguments>
        <il.ac.technion.nlp.nli.core.method__call.NonPrimitiveArgument>
          <nonPrimitiveEntityIds class="ofergivoli.olib.data_structures.set.SafeHashSet" serialization="custom">
            <unserializable-parents/>
            <set>
              <default/>
              <int>4</int>
              <float>0.75</float>
              <int>2</int>
              <string>5</string>
              <string>6</string>
            </set>
          </nonPrimitiveEntityIds>
        </il.ac.technion.nlp.nli.core.method__call.NonPrimitiveArgument>
        <il.ac.technion.nlp.nli.core.method__call.PrimitiveArgument>
          <primitiveEntities class="list">
            <il.ac.technion.nlp.nli.core.state.PrimitiveEntity>
              <value class="il.ac.technion.nlp.nli.core.state.entities.Color">GREEN</value>
            </il.ac.technion.nlp.nli.core.state.PrimitiveEntity>
          </primitiveEntities>
        </il.ac.technion.nlp.nli.core.method__call.PrimitiveArgument>
      </arguments>
      <entityIdOfObjectMethodIsInvokeOn>1</entityIdOfObjectMethodIsInvokeOn>
    </il.ac.technion.nlp.nli.core.method__call.MethodCall>
  </entry>
  <entry>
    <string>test-207</string>
    <il.ac.technion.nlp.nli.core.method__call.MethodCall>
      <methodId>
        <declaringClassCanonicalName>il.ac.technion.nlp.nli.dataset1.domains.workforce_management.entities.WorkforceManagementSystem</declaringClassCanonicalName>
        <name>updateSalary</name>
        <parameterClassNames>
          <string>il.ac.technion.nlp.nli.dataset1.domains.workforce_management.entities.Employee</string>
          <string>int</string>
        </parameterClassNames>
      </methodId>
      <arguments>
        <il.ac.technion.nlp.nli.core.method__call.NonPrimitiveArgument>
          <nonPrimitiveEntityIds class="ofergivoli.olib.data_structures.set.SafeHashSet" serialization="custom">
            <unserializable-parents/>
            <set>
              <default/>
              <int>2</int>
              <float>0.75</float>
              <int>1</int>
              <string>4</string>
            </set>
          </nonPrimitiveEntityIds>
        </il.ac.technion.nlp.nli.core.method__call.NonPrimitiveArgument>
        <il.ac.technion.nlp.nli.core.method__call.PrimitiveArgument>
          <primitiveEntities class="list">
            <il.ac.technion.nlp.nli.core.state.PrimitiveEntity>
              <value class="int">55301</value>
            </il.ac.technion.nlp.nli.core.state.PrimitiveEntity>
          </primitiveEntities>
        </il.ac.technion.nlp.nli.core.method__call.PrimitiveArgument>
      </arguments>
      <entityIdOfObjectMethodIsInvokeOn>1</entityIdOfObjectMethodIsInvokeOn>
    </il.ac.technion.nlp.nli.core.method__call.MethodCall>
  </entry>
  <entry>
    <string>test-328</string>
    <il.ac.technion.nlp.nli.core.method__call.MethodCall>
      <methodId>
        <declaringClassCanonicalName>il.ac.technion.nlp.nli.dataset1.domains.lighting_control.entities.LightingControlSystem</declaringClassCanonicalName>
        <name>turnLightOff</name>
        <parameterClassNames>
          <string>java.util.Collection</string>
        </parameterClassNames>
      </methodId>
      <arguments>
        <il.ac.technion.nlp.nli.core.method__call.NonPrimitiveArgument>
          <nonPrimitiveEntityIds class="ofergivoli.olib.data_structures.set.SafeHashSet" serialization="custom">
            <unserializable-parents/>
            <set>
              <default/>
              <int>8</int>
              <float>0.75</float>
              <int>4</int>
              <string>4</string>
              <string>5</string>
              <string>6</string>
              <string>7</string>
            </set>
          </nonPrimitiveEntityIds>
        </il.ac.technion.nlp.nli.core.method__call.NonPrimitiveArgument>
      </arguments>
      <entityIdOfObjectMethodIsInvokeOn>1</entityIdOfObjectMethodIsInvokeOn>
    </il.ac.technion.nlp.nli.core.method__call.MethodCall>
  </entry>
  <entry>
    <string>test-449</string>
    <il.ac.technion.nlp.nli.core.method__call.MethodCall>
      <methodId>
        <declaringClassCanonicalName>il.ac.technion.nlp.nli.dataset1.domains.list.entities.SpecialList</declaringClassCanonicalName>
        <name>moveToEnd</name>
        <parameterClassNames>
          <string>il.ac.technion.nlp.nli.dataset1.domains.list.entities.ListElement</string>
        </parameterClassNames>
      </methodId>
      <arguments>
        <il.ac.technion.nlp.nli.core.method__call.NonPrimitiveArgument>
          <nonPrimitiveEntityIds class="ofergivoli.olib.data_structures.set.SafeHashSet" serialization="custom">
            <unserializable-parents/>
            <set>
              <default/>
              <int>2</int>
              <float>0.75</float>
              <int>1</int>
              <string>3</string>
            </set>
          </nonPrimitiveEntityIds>
        </il.ac.technion.nlp.nli.core.method__call.NonPrimitiveArgument>
      </arguments>
      <entityIdOfObjectMethodIsInvokeOn>1</entityIdOfObjectMethodIsInvokeOn>
    </il.ac.technion.nlp.nli.core.method__call.MethodCall>
  </entry>
  <entry>
    <string>test-22</string>
    <il.ac.technion.nlp.nli.core.method__call.MethodCall>
      <methodId>
        <declaringClassCanonicalName>il.ac.technion.nlp.nli.dataset1.domains.calendar.entities.Calendar</declaringClassCanonicalName>
        <name>setEventColor</name>
        <parameterClassNames>
          <string>java.util.Collection</string>
          <string>il.ac.technion.nlp.nli.core.state.entities.Color</string>
        </parameterClassNames>
      </methodId>
      <arguments>
        <il.ac.technion.nlp.nli.core.method__call.NonPrimitiveArgument>
          <nonPrimitiveEntityIds class="ofergivoli.olib.data_structures.set.SafeHashSet" serialization="custom">
            <unserializable-parents/>
            <set>
              <default/>
              <int>4</int>
              <float>0.75</float>
              <int>3</int>
              <string>5</string>
              <string>2</string>
              <string>7</string>
            </set>
          </nonPrimitiveEntityIds>
        </il.ac.technion.nlp.nli.core.method__call.NonPrimitiveArgument>
        <il.ac.technion.nlp.nli.core.method__call.PrimitiveArgument>
          <primitiveEntities class="list">
            <il.ac.technion.nlp.nli.core.state.PrimitiveEntity>
              <value class="il.ac.technion.nlp.nli.core.state.entities.Color">GREEN</value>
            </il.ac.technion.nlp.nli.core.state.PrimitiveEntity>
          </primitiveEntities>
        </il.ac.technion.nlp.nli.core.method__call.PrimitiveArgument>
      </arguments>
      <entityIdOfObjectMethodIsInvokeOn>1</entityIdOfObjectMethodIsInvokeOn>
    </il.ac.technion.nlp.nli.core.method__call.MethodCall>
  </entry>
  <entry>
    <string>test-208</string>
    <il.ac.technion.nlp.nli.core.method__call.MethodCall>
      <methodId>
        <declaringClassCanonicalName>il.ac.technion.nlp.nli.dataset1.domains.lighting_control.entities.LightingControlSystem</declaringClassCanonicalName>
        <name>turnLightOn</name>
        <parameterClassNames>
          <string>java.util.Collection</string>
        </parameterClassNames>
      </methodId>
      <arguments>
        <il.ac.technion.nlp.nli.core.method__call.NonPrimitiveArgument>
          <nonPrimitiveEntityIds class="ofergivoli.olib.data_structures.set.SafeHashSet" serialization="custom">
            <unserializable-parents/>
            <set>
              <default/>
              <int>4</int>
              <float>0.75</float>
              <int>2</int>
              <string>8</string>
              <string>5</string>
            </set>
          </nonPrimitiveEntityIds>
        </il.ac.technion.nlp.nli.core.method__call.NonPrimitiveArgument>
      </arguments>
      <entityIdOfObjectMethodIsInvokeOn>1</entityIdOfObjectMethodIsInvokeOn>
    </il.ac.technion.nlp.nli.core.method__call.MethodCall>
  </entry>
  <entry>
    <string>test-329</string>
    <il.ac.technion.nlp.nli.core.method__call.MethodCall>
      <methodId>
        <declaringClassCanonicalName>il.ac.technion.nlp.nli.dataset1.domains.file_manager.entities.FileManager</declaringClassCanonicalName>
        <name>removeFiles</name>
        <parameterClassNames>
          <string>java.util.Collection</string>
        </parameterClassNames>
      </methodId>
      <arguments>
        <il.ac.technion.nlp.nli.core.method__call.NonPrimitiveArgument>
          <nonPrimitiveEntityIds class="ofergivoli.olib.data_structures.set.SafeHashSet" serialization="custom">
            <unserializable-parents/>
            <set>
              <default/>
              <int>4</int>
              <float>0.75</float>
              <int>2</int>
              <string>8</string>
              <string>5</string>
            </set>
          </nonPrimitiveEntityIds>
        </il.ac.technion.nlp.nli.core.method__call.NonPrimitiveArgument>
      </arguments>
      <entityIdOfObjectMethodIsInvokeOn>1</entityIdOfObjectMethodIsInvokeOn>
    </il.ac.technion.nlp.nli.core.method__call.MethodCall>
  </entry>
  <entry>
    <string>test-205</string>
    <il.ac.technion.nlp.nli.core.method__call.MethodCall>
      <methodId>
        <declaringClassCanonicalName>il.ac.technion.nlp.nli.dataset1.domains.file_manager.entities.FileManager</declaringClassCanonicalName>
        <name>moveFiles</name>
        <parameterClassNames>
          <string>java.util.Collection</string>
          <string>il.ac.technion.nlp.nli.dataset1.domains.file_manager.entities.Directory</string>
        </parameterClassNames>
      </methodId>
      <arguments>
        <il.ac.technion.nlp.nli.core.method__call.NonPrimitiveArgument>
          <nonPrimitiveEntityIds class="ofergivoli.olib.data_structures.set.SafeHashSet" serialization="custom">
            <unserializable-parents/>
            <set>
              <default/>
              <int>2</int>
              <float>0.75</float>
              <int>1</int>
              <string>4</string>
            </set>
          </nonPrimitiveEntityIds>
        </il.ac.technion.nlp.nli.core.method__call.NonPrimitiveArgument>
        <il.ac.technion.nlp.nli.core.method__call.NonPrimitiveArgument>
          <nonPrimitiveEntityIds class="ofergivoli.olib.data_structures.set.SafeHashSet" serialization="custom">
            <unserializable-parents/>
            <set>
              <default/>
              <int>2</int>
              <float>0.75</float>
              <int>1</int>
              <string>9</string>
            </set>
          </nonPrimitiveEntityIds>
        </il.ac.technion.nlp.nli.core.method__call.NonPrimitiveArgument>
      </arguments>
      <entityIdOfObjectMethodIsInvokeOn>1</entityIdOfObjectMethodIsInvokeOn>
    </il.ac.technion.nlp.nli.core.method__call.MethodCall>
  </entry>
  <entry>
    <string>test-326</string>
    <il.ac.technion.nlp.nli.core.method__call.MethodCall>
      <methodId>
        <declaringClassCanonicalName>il.ac.technion.nlp.nli.dataset1.domains.container_management.entities.ContainerManagementSystem</declaringClassCanonicalName>
        <name>removeContainers</name>
        <parameterClassNames>
          <string>java.util.Collection</string>
        </parameterClassNames>
      </methodId>
      <arguments>
        <il.ac.technion.nlp.nli.core.method__call.NonPrimitiveArgument>
          <nonPrimitiveEntityIds class="ofergivoli.olib.data_structures.set.SafeHashSet" serialization="custom">
            <unserializable-parents/>
            <set>
              <default/>
              <int>2</int>
              <float>0.75</float>
              <int>1</int>
              <string>5</string>
            </set>
          </nonPrimitiveEntityIds>
        </il.ac.technion.nlp.nli.core.method__call.NonPrimitiveArgument>
      </arguments>
      <entityIdOfObjectMethodIsInvokeOn>1</entityIdOfObjectMethodIsInvokeOn>
    </il.ac.technion.nlp.nli.core.method__call.MethodCall>
  </entry>
  <entry>
    <string>test-447</string>
    <il.ac.technion.nlp.nli.core.method__call.MethodCall>
      <methodId>
        <declaringClassCanonicalName>il.ac.technion.nlp.nli.dataset1.domains.calendar.entities.Calendar</declaringClassCanonicalName>
        <name>removeEvents</name>
        <parameterClassNames>
          <string>java.util.Collection</string>
        </parameterClassNames>
      </methodId>
      <arguments>
        <il.ac.technion.nlp.nli.core.method__call.NonPrimitiveArgument>
          <nonPrimitiveEntityIds class="ofergivoli.olib.data_structures.set.SafeHashSet" serialization="custom">
            <unserializable-parents/>
            <set>
              <default/>
              <int>2</int>
              <float>0.75</float>
              <int>1</int>
              <string>5</string>
            </set>
          </nonPrimitiveEntityIds>
        </il.ac.technion.nlp.nli.core.method__call.NonPrimitiveArgument>
      </arguments>
      <entityIdOfObjectMethodIsInvokeOn>1</entityIdOfObjectMethodIsInvokeOn>
    </il.ac.technion.nlp.nli.core.method__call.MethodCall>
  </entry>
  <entry>
    <string>test-568</string>
    <il.ac.technion.nlp.nli.core.method__call.MethodCall>
      <methodId>
        <declaringClassCanonicalName>il.ac.technion.nlp.nli.dataset1.domains.file_manager.entities.FileManager</declaringClassCanonicalName>
        <name>removeFiles</name>
        <parameterClassNames>
          <string>java.util.Collection</string>
        </parameterClassNames>
      </methodId>
      <arguments>
        <il.ac.technion.nlp.nli.core.method__call.NonPrimitiveArgument>
          <nonPrimitiveEntityIds class="ofergivoli.olib.data_structures.set.SafeHashSet" serialization="custom">
            <unserializable-parents/>
            <set>
              <default/>
              <int>4</int>
              <float>0.75</float>
              <int>2</int>
              <string>5</string>
              <string>7</string>
            </set>
          </nonPrimitiveEntityIds>
        </il.ac.technion.nlp.nli.core.method__call.NonPrimitiveArgument>
      </arguments>
      <entityIdOfObjectMethodIsInvokeOn>1</entityIdOfObjectMethodIsInvokeOn>
    </il.ac.technion.nlp.nli.core.method__call.MethodCall>
  </entry>
  <entry>
    <string>test-20</string>
    <il.ac.technion.nlp.nli.core.method__call.MethodCall>
      <methodId>
        <declaringClassCanonicalName>il.ac.technion.nlp.nli.dataset1.domains.workforce_management.entities.WorkforceManagementSystem</declaringClassCanonicalName>
        <name>fireEmployees</name>
        <parameterClassNames>
          <string>java.util.Collection</string>
        </parameterClassNames>
      </methodId>
      <arguments>
        <il.ac.technion.nlp.nli.core.method__call.NonPrimitiveArgument>
          <nonPrimitiveEntityIds class="ofergivoli.olib.data_structures.set.SafeHashSet" serialization="custom">
            <unserializable-parents/>
            <set>
              <default/>
              <int>4</int>
              <float>0.75</float>
              <int>2</int>
              <string>2</string>
              <string>3</string>
            </set>
          </nonPrimitiveEntityIds>
        </il.ac.technion.nlp.nli.core.method__call.NonPrimitiveArgument>
      </arguments>
      <entityIdOfObjectMethodIsInvokeOn>1</entityIdOfObjectMethodIsInvokeOn>
    </il.ac.technion.nlp.nli.core.method__call.MethodCall>
  </entry>
  <entry>
    <string>test-206</string>
    <il.ac.technion.nlp.nli.core.method__call.MethodCall>
      <methodId>
        <declaringClassCanonicalName>il.ac.technion.nlp.nli.dataset1.domains.workforce_management.entities.WorkforceManagementSystem</declaringClassCanonicalName>
        <name>updateSalary</name>
        <parameterClassNames>
          <string>il.ac.technion.nlp.nli.dataset1.domains.workforce_management.entities.Employee</string>
          <string>int</string>
        </parameterClassNames>
      </methodId>
      <arguments>
        <il.ac.technion.nlp.nli.core.method__call.NonPrimitiveArgument>
          <nonPrimitiveEntityIds class="ofergivoli.olib.data_structures.set.SafeHashSet" serialization="custom">
            <unserializable-parents/>
            <set>
              <default/>
              <int>2</int>
              <float>0.75</float>
              <int>1</int>
              <string>3</string>
            </set>
          </nonPrimitiveEntityIds>
        </il.ac.technion.nlp.nli.core.method__call.NonPrimitiveArgument>
        <il.ac.technion.nlp.nli.core.method__call.PrimitiveArgument>
          <primitiveEntities class="list">
            <il.ac.technion.nlp.nli.core.state.PrimitiveEntity>
              <value class="int">62027</value>
            </il.ac.technion.nlp.nli.core.state.PrimitiveEntity>
          </primitiveEntities>
        </il.ac.technion.nlp.nli.core.method__call.PrimitiveArgument>
      </arguments>
      <entityIdOfObjectMethodIsInvokeOn>1</entityIdOfObjectMethodIsInvokeOn>
    </il.ac.technion.nlp.nli.core.method__call.MethodCall>
  </entry>
  <entry>
    <string>test-327</string>
    <il.ac.technion.nlp.nli.core.method__call.MethodCall>
      <methodId>
        <declaringClassCanonicalName>il.ac.technion.nlp.nli.dataset1.domains.calendar.entities.Calendar</declaringClassCanonicalName>
        <name>removeEvents</name>
        <parameterClassNames>
          <string>java.util.Collection</string>
        </parameterClassNames>
      </methodId>
      <arguments>
        <il.ac.technion.nlp.nli.core.method__call.NonPrimitiveArgument>
          <nonPrimitiveEntityIds class="ofergivoli.olib.data_structures.set.SafeHashSet" serialization="custom">
            <unserializable-parents/>
            <set>
              <default/>
              <int>2</int>
              <float>0.75</float>
              <int>1</int>
              <string>2</string>
            </set>
          </nonPrimitiveEntityIds>
        </il.ac.technion.nlp.nli.core.method__call.NonPrimitiveArgument>
      </arguments>
      <entityIdOfObjectMethodIsInvokeOn>1</entityIdOfObjectMethodIsInvokeOn>
    </il.ac.technion.nlp.nli.core.method__call.MethodCall>
  </entry>
  <entry>
    <string>test-448</string>
    <il.ac.technion.nlp.nli.core.method__call.MethodCall>
      <methodId>
        <declaringClassCanonicalName>il.ac.technion.nlp.nli.dataset1.domains.calendar.entities.Calendar</declaringClassCanonicalName>
        <name>setEventColor</name>
        <parameterClassNames>
          <string>java.util.Collection</string>
          <string>il.ac.technion.nlp.nli.core.state.entities.Color</string>
        </parameterClassNames>
      </methodId>
      <arguments>
        <il.ac.technion.nlp.nli.core.method__call.NonPrimitiveArgument>
          <nonPrimitiveEntityIds class="ofergivoli.olib.data_structures.set.SafeHashSet" serialization="custom">
            <unserializable-parents/>
            <set>
              <default/>
              <int>2</int>
              <float>0.75</float>
              <int>1</int>
              <string>3</string>
            </set>
          </nonPrimitiveEntityIds>
        </il.ac.technion.nlp.nli.core.method__call.NonPrimitiveArgument>
        <il.ac.technion.nlp.nli.core.method__call.PrimitiveArgument>
          <primitiveEntities class="list">
            <il.ac.technion.nlp.nli.core.state.PrimitiveEntity>
              <value class="il.ac.technion.nlp.nli.core.state.entities.Color">BLUE</value>
            </il.ac.technion.nlp.nli.core.state.PrimitiveEntity>
          </primitiveEntities>
        </il.ac.technion.nlp.nli.core.method__call.PrimitiveArgument>
      </arguments>
      <entityIdOfObjectMethodIsInvokeOn>1</entityIdOfObjectMethodIsInvokeOn>
    </il.ac.technion.nlp.nli.core.method__call.MethodCall>
  </entry>
  <entry>
    <string>test-569</string>
    <il.ac.technion.nlp.nli.core.method__call.MethodCall>
      <methodId>
        <declaringClassCanonicalName>il.ac.technion.nlp.nli.dataset1.domains.file_manager.entities.FileManager</declaringClassCanonicalName>
        <name>removeFiles</name>
        <parameterClassNames>
          <string>java.util.Collection</string>
        </parameterClassNames>
      </methodId>
      <arguments>
        <il.ac.technion.nlp.nli.core.method__call.NonPrimitiveArgument>
          <nonPrimitiveEntityIds class="ofergivoli.olib.data_structures.set.SafeHashSet" serialization="custom">
            <unserializable-parents/>
            <set>
              <default/>
              <int>4</int>
              <float>0.75</float>
              <int>3</int>
              <string>4</string>
              <string>6</string>
              <string>7</string>
            </set>
          </nonPrimitiveEntityIds>
        </il.ac.technion.nlp.nli.core.method__call.NonPrimitiveArgument>
      </arguments>
      <entityIdOfObjectMethodIsInvokeOn>1</entityIdOfObjectMethodIsInvokeOn>
    </il.ac.technion.nlp.nli.core.method__call.MethodCall>
  </entry>
  <entry>
    <string>test-319</string>
    <il.ac.technion.nlp.nli.core.method__call.MethodCall>
      <methodId>
        <declaringClassCanonicalName>il.ac.technion.nlp.nli.dataset1.domains.messenger.Messenger</declaringClassCanonicalName>
        <name>muteChatGroups</name>
        <parameterClassNames>
          <string>java.util.Collection</string>
        </parameterClassNames>
      </methodId>
      <arguments>
        <il.ac.technion.nlp.nli.core.method__call.NonPrimitiveArgument>
          <nonPrimitiveEntityIds class="ofergivoli.olib.data_structures.set.SafeHashSet" serialization="custom">
            <unserializable-parents/>
            <set>
              <default/>
              <int>2</int>
              <float>0.75</float>
              <int>1</int>
              <string>8</string>
            </set>
          </nonPrimitiveEntityIds>
        </il.ac.technion.nlp.nli.core.method__call.NonPrimitiveArgument>
      </arguments>
      <entityIdOfObjectMethodIsInvokeOn>1</entityIdOfObjectMethodIsInvokeOn>
    </il.ac.technion.nlp.nli.core.method__call.MethodCall>
  </entry>
  <entry>
    <string>test-18</string>
    <il.ac.technion.nlp.nli.core.method__call.MethodCall>
      <methodId>
        <declaringClassCanonicalName>il.ac.technion.nlp.nli.dataset1.domains.lighting_control.entities.LightingControlSystem</declaringClassCanonicalName>
        <name>turnLightOff</name>
        <parameterClassNames>
          <string>java.util.Collection</string>
        </parameterClassNames>
      </methodId>
      <arguments>
        <il.ac.technion.nlp.nli.core.method__call.NonPrimitiveArgument>
          <nonPrimitiveEntityIds class="ofergivoli.olib.data_structures.set.SafeHashSet" serialization="custom">
            <unserializable-parents/>
            <set>
              <default/>
              <int>8</int>
              <float>0.75</float>
              <int>5</int>
              <string>8</string>
              <string>4</string>
              <string>5</string>
              <string>6</string>
              <string>7</string>
            </set>
          </nonPrimitiveEntityIds>
        </il.ac.technion.nlp.nli.core.method__call.NonPrimitiveArgument>
      </arguments>
      <entityIdOfObjectMethodIsInvokeOn>1</entityIdOfObjectMethodIsInvokeOn>
    </il.ac.technion.nlp.nli.core.method__call.MethodCall>
  </entry>
  <entry>
    <string>test-19</string>
    <il.ac.technion.nlp.nli.core.method__call.MethodCall>
      <methodId>
        <declaringClassCanonicalName>il.ac.technion.nlp.nli.dataset1.domains.calendar.entities.Calendar</declaringClassCanonicalName>
        <name>setEventColor</name>
        <parameterClassNames>
          <string>java.util.Collection</string>
          <string>il.ac.technion.nlp.nli.core.state.entities.Color</string>
        </parameterClassNames>
      </methodId>
      <arguments>
        <il.ac.technion.nlp.nli.core.method__call.NonPrimitiveArgument>
          <nonPrimitiveEntityIds class="ofergivoli.olib.data_structures.set.SafeHashSet" serialization="custom">
            <unserializable-parents/>
            <set>
              <default/>
              <int>4</int>
              <float>0.75</float>
              <int>2</int>
              <string>5</string>
              <string>2</string>
            </set>
          </nonPrimitiveEntityIds>
        </il.ac.technion.nlp.nli.core.method__call.NonPrimitiveArgument>
        <il.ac.technion.nlp.nli.core.method__call.PrimitiveArgument>
          <primitiveEntities class="list">
            <il.ac.technion.nlp.nli.core.state.PrimitiveEntity>
              <value class="il.ac.technion.nlp.nli.core.state.entities.Color">RED</value>
            </il.ac.technion.nlp.nli.core.state.PrimitiveEntity>
          </primitiveEntities>
        </il.ac.technion.nlp.nli.core.method__call.PrimitiveArgument>
      </arguments>
      <entityIdOfObjectMethodIsInvokeOn>1</entityIdOfObjectMethodIsInvokeOn>
    </il.ac.technion.nlp.nli.core.method__call.MethodCall>
  </entry>
  <entry>
    <string>test-16</string>
    <il.ac.technion.nlp.nli.core.method__call.MethodCall>
      <methodId>
        <declaringClassCanonicalName>il.ac.technion.nlp.nli.dataset1.domains.lighting_control.entities.LightingControlSystem</declaringClassCanonicalName>
        <name>turnLightOn</name>
        <parameterClassNames>
          <string>java.util.Collection</string>
        </parameterClassNames>
      </methodId>
      <arguments>
        <il.ac.technion.nlp.nli.core.method__call.NonPrimitiveArgument>
          <nonPrimitiveEntityIds class="ofergivoli.olib.data_structures.set.SafeHashSet" serialization="custom">
            <unserializable-parents/>
            <set>
              <default/>
              <int>8</int>
              <float>0.75</float>
              <int>4</int>
              <string>8</string>
              <string>2</string>
              <string>7</string>
              <string>10</string>
            </set>
          </nonPrimitiveEntityIds>
        </il.ac.technion.nlp.nli.core.method__call.NonPrimitiveArgument>
      </arguments>
      <entityIdOfObjectMethodIsInvokeOn>1</entityIdOfObjectMethodIsInvokeOn>
    </il.ac.technion.nlp.nli.core.method__call.MethodCall>
  </entry>
  <entry>
    <string>test-17</string>
    <il.ac.technion.nlp.nli.core.method__call.MethodCall>
      <methodId>
        <declaringClassCanonicalName>il.ac.technion.nlp.nli.dataset1.domains.list.entities.SpecialList</declaringClassCanonicalName>
        <name>moveToBeginning</name>
        <parameterClassNames>
          <string>il.ac.technion.nlp.nli.dataset1.domains.list.entities.ListElement</string>
        </parameterClassNames>
      </methodId>
      <arguments>
        <il.ac.technion.nlp.nli.core.method__call.NonPrimitiveArgument>
          <nonPrimitiveEntityIds class="ofergivoli.olib.data_structures.set.SafeHashSet" serialization="custom">
            <unserializable-parents/>
            <set>
              <default/>
              <int>2</int>
              <float>0.75</float>
              <int>1</int>
              <string>5</string>
            </set>
          </nonPrimitiveEntityIds>
        </il.ac.technion.nlp.nli.core.method__call.NonPrimitiveArgument>
      </arguments>
      <entityIdOfObjectMethodIsInvokeOn>1</entityIdOfObjectMethodIsInvokeOn>
    </il.ac.technion.nlp.nli.core.method__call.MethodCall>
  </entry>
  <entry>
    <string>test-50</string>
    <il.ac.technion.nlp.nli.core.method__call.MethodCall>
      <methodId>
        <declaringClassCanonicalName>il.ac.technion.nlp.nli.dataset1.domains.file_manager.entities.FileManager</declaringClassCanonicalName>
        <name>removeFiles</name>
        <parameterClassNames>
          <string>java.util.Collection</string>
        </parameterClassNames>
      </methodId>
      <arguments>
        <il.ac.technion.nlp.nli.core.method__call.NonPrimitiveArgument>
          <nonPrimitiveEntityIds class="ofergivoli.olib.data_structures.set.SafeHashSet" serialization="custom">
            <unserializable-parents/>
            <set>
              <default/>
              <int>8</int>
              <float>0.75</float>
              <int>4</int>
              <string>8</string>
              <string>4</string>
              <string>5</string>
              <string>10</string>
            </set>
          </nonPrimitiveEntityIds>
        </il.ac.technion.nlp.nli.core.method__call.NonPrimitiveArgument>
      </arguments>
      <entityIdOfObjectMethodIsInvokeOn>1</entityIdOfObjectMethodIsInvokeOn>
    </il.ac.technion.nlp.nli.core.method__call.MethodCall>
  </entry>
  <entry>
    <string>test-51</string>
    <il.ac.technion.nlp.nli.core.method__call.MethodCall>
      <methodId>
        <declaringClassCanonicalName>il.ac.technion.nlp.nli.dataset1.domains.list.entities.SpecialList</declaringClassCanonicalName>
        <name>remove</name>
        <parameterClassNames>
          <string>java.util.Collection</string>
        </parameterClassNames>
      </methodId>
      <arguments>
        <il.ac.technion.nlp.nli.core.method__call.NonPrimitiveArgument>
          <nonPrimitiveEntityIds class="ofergivoli.olib.data_structures.set.SafeHashSet" serialization="custom">
            <unserializable-parents/>
            <set>
              <default/>
              <int>4</int>
              <float>0.75</float>
              <int>3</int>
              <string>4</string>
              <string>6</string>
              <string>3</string>
            </set>
          </nonPrimitiveEntityIds>
        </il.ac.technion.nlp.nli.core.method__call.NonPrimitiveArgument>
      </arguments>
      <entityIdOfObjectMethodIsInvokeOn>1</entityIdOfObjectMethodIsInvokeOn>
    </il.ac.technion.nlp.nli.core.method__call.MethodCall>
  </entry>
  <entry>
    <string>test-58</string>
    <il.ac.technion.nlp.nli.core.method__call.MethodCall>
      <methodId>
        <declaringClassCanonicalName>il.ac.technion.nlp.nli.dataset1.domains.messenger.Messenger</declaringClassCanonicalName>
        <name>muteChatGroups</name>
        <parameterClassNames>
          <string>java.util.Collection</string>
        </parameterClassNames>
      </methodId>
      <arguments>
        <il.ac.technion.nlp.nli.core.method__call.NonPrimitiveArgument>
          <nonPrimitiveEntityIds class="ofergivoli.olib.data_structures.set.SafeHashSet" serialization="custom">
            <unserializable-parents/>
            <set>
              <default/>
              <int>2</int>
              <float>0.75</float>
              <int>1</int>
              <string>11</string>
            </set>
          </nonPrimitiveEntityIds>
        </il.ac.technion.nlp.nli.core.method__call.NonPrimitiveArgument>
      </arguments>
      <entityIdOfObjectMethodIsInvokeOn>1</entityIdOfObjectMethodIsInvokeOn>
    </il.ac.technion.nlp.nli.core.method__call.MethodCall>
  </entry>
  <entry>
    <string>test-610</string>
    <il.ac.technion.nlp.nli.core.method__call.MethodCall>
      <methodId>
        <declaringClassCanonicalName>il.ac.technion.nlp.nli.dataset1.domains.list.entities.SpecialList</declaringClassCanonicalName>
        <name>remove</name>
        <parameterClassNames>
          <string>java.util.Collection</string>
        </parameterClassNames>
      </methodId>
      <arguments>
        <il.ac.technion.nlp.nli.core.method__call.NonPrimitiveArgument>
          <nonPrimitiveEntityIds class="ofergivoli.olib.data_structures.set.SafeHashSet" serialization="custom">
            <unserializable-parents/>
            <set>
              <default/>
              <int>2</int>
              <float>0.75</float>
              <int>1</int>
              <string>5</string>
            </set>
          </nonPrimitiveEntityIds>
        </il.ac.technion.nlp.nli.core.method__call.NonPrimitiveArgument>
      </arguments>
      <entityIdOfObjectMethodIsInvokeOn>1</entityIdOfObjectMethodIsInvokeOn>
    </il.ac.technion.nlp.nli.core.method__call.MethodCall>
  </entry>
  <entry>
    <string>test-59</string>
    <il.ac.technion.nlp.nli.core.method__call.MethodCall>
      <methodId>
        <declaringClassCanonicalName>il.ac.technion.nlp.nli.dataset1.domains.calendar.entities.Calendar</declaringClassCanonicalName>
        <name>removeEvents</name>
        <parameterClassNames>
          <string>java.util.Collection</string>
        </parameterClassNames>
      </methodId>
      <arguments>
        <il.ac.technion.nlp.nli.core.method__call.NonPrimitiveArgument>
          <nonPrimitiveEntityIds class="ofergivoli.olib.data_structures.set.SafeHashSet" serialization="custom">
            <unserializable-parents/>
            <set>
              <default/>
              <int>2</int>
              <float>0.75</float>
              <int>1</int>
              <string>2</string>
            </set>
          </nonPrimitiveEntityIds>
        </il.ac.technion.nlp.nli.core.method__call.NonPrimitiveArgument>
      </arguments>
      <entityIdOfObjectMethodIsInvokeOn>1</entityIdOfObjectMethodIsInvokeOn>
    </il.ac.technion.nlp.nli.core.method__call.MethodCall>
  </entry>
  <entry>
    <string>test-611</string>
    <il.ac.technion.nlp.nli.core.method__call.MethodCall>
      <methodId>
        <declaringClassCanonicalName>il.ac.technion.nlp.nli.dataset1.domains.messenger.Messenger</declaringClassCanonicalName>
        <name>createChatGroup</name>
        <parameterClassNames>
          <string>java.util.Collection</string>
        </parameterClassNames>
      </methodId>
      <arguments>
        <il.ac.technion.nlp.nli.core.method__call.NonPrimitiveArgument>
          <nonPrimitiveEntityIds class="ofergivoli.olib.data_structures.set.SafeHashSet" serialization="custom">
            <unserializable-parents/>
            <set>
              <default/>
              <int>4</int>
              <float>0.75</float>
              <int>3</int>
              <string>9</string>
              <string>3</string>
              <string>7</string>
            </set>
          </nonPrimitiveEntityIds>
        </il.ac.technion.nlp.nli.core.method__call.NonPrimitiveArgument>
      </arguments>
      <entityIdOfObjectMethodIsInvokeOn>1</entityIdOfObjectMethodIsInvokeOn>
    </il.ac.technion.nlp.nli.core.method__call.MethodCall>
  </entry>
  <entry>
    <string>test-56</string>
    <il.ac.technion.nlp.nli.core.method__call.MethodCall>
      <methodId>
        <declaringClassCanonicalName>il.ac.technion.nlp.nli.dataset1.domains.workforce_management.entities.WorkforceManagementSystem</declaringClassCanonicalName>
        <name>updateSalary</name>
        <parameterClassNames>
          <string>il.ac.technion.nlp.nli.dataset1.domains.workforce_management.entities.Employee</string>
          <string>int</string>
        </parameterClassNames>
      </methodId>
      <arguments>
        <il.ac.technion.nlp.nli.core.method__call.NonPrimitiveArgument>
          <nonPrimitiveEntityIds class="ofergivoli.olib.data_structures.set.SafeHashSet" serialization="custom">
            <unserializable-parents/>
            <set>
              <default/>
              <int>2</int>
              <float>0.75</float>
              <int>1</int>
              <string>2</string>
            </set>
          </nonPrimitiveEntityIds>
        </il.ac.technion.nlp.nli.core.method__call.NonPrimitiveArgument>
        <il.ac.technion.nlp.nli.core.method__call.PrimitiveArgument>
          <primitiveEntities class="list">
            <il.ac.technion.nlp.nli.core.state.PrimitiveEntity>
              <value class="int">71398</value>
            </il.ac.technion.nlp.nli.core.state.PrimitiveEntity>
          </primitiveEntities>
        </il.ac.technion.nlp.nli.core.method__call.PrimitiveArgument>
      </arguments>
      <entityIdOfObjectMethodIsInvokeOn>1</entityIdOfObjectMethodIsInvokeOn>
    </il.ac.technion.nlp.nli.core.method__call.MethodCall>
  </entry>
  <entry>
    <string>test-57</string>
    <il.ac.technion.nlp.nli.core.method__call.MethodCall>
      <methodId>
        <declaringClassCanonicalName>il.ac.technion.nlp.nli.dataset1.domains.messenger.Messenger</declaringClassCanonicalName>
        <name>createChatGroup</name>
        <parameterClassNames>
          <string>java.util.Collection</string>
        </parameterClassNames>
      </methodId>
      <arguments>
        <il.ac.technion.nlp.nli.core.method__call.NonPrimitiveArgument>
          <nonPrimitiveEntityIds class="ofergivoli.olib.data_structures.set.SafeHashSet" serialization="custom">
            <unserializable-parents/>
            <set>
              <default/>
              <int>4</int>
              <float>0.75</float>
              <int>2</int>
              <string>8</string>
              <string>2</string>
            </set>
          </nonPrimitiveEntityIds>
        </il.ac.technion.nlp.nli.core.method__call.NonPrimitiveArgument>
      </arguments>
      <entityIdOfObjectMethodIsInvokeOn>1</entityIdOfObjectMethodIsInvokeOn>
    </il.ac.technion.nlp.nli.core.method__call.MethodCall>
  </entry>
  <entry>
    <string>test-54</string>
    <il.ac.technion.nlp.nli.core.method__call.MethodCall>
      <methodId>
        <declaringClassCanonicalName>il.ac.technion.nlp.nli.dataset1.domains.messenger.Messenger</declaringClassCanonicalName>
        <name>unmuteChatGroups</name>
        <parameterClassNames>
          <string>java.util.Collection</string>
        </parameterClassNames>
      </methodId>
      <arguments>
        <il.ac.technion.nlp.nli.core.method__call.NonPrimitiveArgument>
          <nonPrimitiveEntityIds class="ofergivoli.olib.data_structures.set.SafeHashSet" serialization="custom">
            <unserializable-parents/>
            <set>
              <default/>
              <int>4</int>
              <float>0.75</float>
              <int>2</int>
              <string>11</string>
              <string>10</string>
            </set>
          </nonPrimitiveEntityIds>
        </il.ac.technion.nlp.nli.core.method__call.NonPrimitiveArgument>
      </arguments>
      <entityIdOfObjectMethodIsInvokeOn>1</entityIdOfObjectMethodIsInvokeOn>
    </il.ac.technion.nlp.nli.core.method__call.MethodCall>
  </entry>
  <entry>
    <string>test-614</string>
    <il.ac.technion.nlp.nli.core.method__call.MethodCall>
      <methodId>
        <declaringClassCanonicalName>il.ac.technion.nlp.nli.dataset1.domains.calendar.entities.Calendar</declaringClassCanonicalName>
        <name>removeEvents</name>
        <parameterClassNames>
          <string>java.util.Collection</string>
        </parameterClassNames>
      </methodId>
      <arguments>
        <il.ac.technion.nlp.nli.core.method__call.NonPrimitiveArgument>
          <nonPrimitiveEntityIds class="ofergivoli.olib.data_structures.set.SafeHashSet" serialization="custom">
            <unserializable-parents/>
            <set>
              <default/>
              <int>8</int>
              <float>0.75</float>
              <int>4</int>
              <string>3</string>
              <string>4</string>
              <string>5</string>
              <string>6</string>
            </set>
          </nonPrimitiveEntityIds>
        </il.ac.technion.nlp.nli.core.method__call.NonPrimitiveArgument>
      </arguments>
      <entityIdOfObjectMethodIsInvokeOn>1</entityIdOfObjectMethodIsInvokeOn>
    </il.ac.technion.nlp.nli.core.method__call.MethodCall>
  </entry>
  <entry>
    <string>test-55</string>
    <il.ac.technion.nlp.nli.core.method__call.MethodCall>
      <methodId>
        <declaringClassCanonicalName>il.ac.technion.nlp.nli.dataset1.domains.list.entities.SpecialList</declaringClassCanonicalName>
        <name>remove</name>
        <parameterClassNames>
          <string>java.util.Collection</string>
        </parameterClassNames>
      </methodId>
      <arguments>
        <il.ac.technion.nlp.nli.core.method__call.NonPrimitiveArgument>
          <nonPrimitiveEntityIds class="ofergivoli.olib.data_structures.set.SafeHashSet" serialization="custom">
            <unserializable-parents/>
            <set>
              <default/>
              <int>4</int>
              <float>0.75</float>
              <int>2</int>
              <string>4</string>
              <string>2</string>
            </set>
          </nonPrimitiveEntityIds>
        </il.ac.technion.nlp.nli.core.method__call.NonPrimitiveArgument>
      </arguments>
      <entityIdOfObjectMethodIsInvokeOn>1</entityIdOfObjectMethodIsInvokeOn>
    </il.ac.technion.nlp.nli.core.method__call.MethodCall>
  </entry>
  <entry>
    <string>test-615</string>
    <il.ac.technion.nlp.nli.core.method__call.MethodCall>
      <methodId>
        <declaringClassCanonicalName>il.ac.technion.nlp.nli.dataset1.domains.calendar.entities.Calendar</declaringClassCanonicalName>
        <name>setEventColor</name>
        <parameterClassNames>
          <string>java.util.Collection</string>
          <string>il.ac.technion.nlp.nli.core.state.entities.Color</string>
        </parameterClassNames>
      </methodId>
      <arguments>
        <il.ac.technion.nlp.nli.core.method__call.NonPrimitiveArgument>
          <nonPrimitiveEntityIds class="ofergivoli.olib.data_structures.set.SafeHashSet" serialization="custom">
            <unserializable-parents/>
            <set>
              <default/>
              <int>8</int>
              <float>0.75</float>
              <int>4</int>
              <string>2</string>
              <string>3</string>
              <string>5</string>
              <string>6</string>
            </set>
          </nonPrimitiveEntityIds>
        </il.ac.technion.nlp.nli.core.method__call.NonPrimitiveArgument>
        <il.ac.technion.nlp.nli.core.method__call.PrimitiveArgument>
          <primitiveEntities class="list">
            <il.ac.technion.nlp.nli.core.state.PrimitiveEntity>
              <value class="il.ac.technion.nlp.nli.core.state.entities.Color">GREEN</value>
            </il.ac.technion.nlp.nli.core.state.PrimitiveEntity>
          </primitiveEntities>
        </il.ac.technion.nlp.nli.core.method__call.PrimitiveArgument>
      </arguments>
      <entityIdOfObjectMethodIsInvokeOn>1</entityIdOfObjectMethodIsInvokeOn>
    </il.ac.technion.nlp.nli.core.method__call.MethodCall>
  </entry>
  <entry>
    <string>test-52</string>
    <il.ac.technion.nlp.nli.core.method__call.MethodCall>
      <methodId>
        <declaringClassCanonicalName>il.ac.technion.nlp.nli.dataset1.domains.calendar.entities.Calendar</declaringClassCanonicalName>
        <name>removeEvents</name>
        <parameterClassNames>
          <string>java.util.Collection</string>
        </parameterClassNames>
      </methodId>
      <arguments>
        <il.ac.technion.nlp.nli.core.method__call.NonPrimitiveArgument>
          <nonPrimitiveEntityIds class="ofergivoli.olib.data_structures.set.SafeHashSet" serialization="custom">
            <unserializable-parents/>
            <set>
              <default/>
              <int>4</int>
              <float>0.75</float>
              <int>3</int>
              <string>2</string>
              <string>6</string>
              <string>3</string>
            </set>
          </nonPrimitiveEntityIds>
        </il.ac.technion.nlp.nli.core.method__call.NonPrimitiveArgument>
      </arguments>
      <entityIdOfObjectMethodIsInvokeOn>1</entityIdOfObjectMethodIsInvokeOn>
    </il.ac.technion.nlp.nli.core.method__call.MethodCall>
  </entry>
  <entry>
    <string>test-612</string>
    <il.ac.technion.nlp.nli.core.method__call.MethodCall>
      <methodId>
        <declaringClassCanonicalName>il.ac.technion.nlp.nli.dataset1.domains.container_management.entities.ContainerManagementSystem</declaringClassCanonicalName>
        <name>removeContainers</name>
        <parameterClassNames>
          <string>java.util.Collection</string>
        </parameterClassNames>
      </methodId>
      <arguments>
        <il.ac.technion.nlp.nli.core.method__call.NonPrimitiveArgument>
          <nonPrimitiveEntityIds class="ofergivoli.olib.data_structures.set.SafeHashSet" serialization="custom">
            <unserializable-parents/>
            <set>
              <default/>
              <int>2</int>
              <float>0.75</float>
              <int>1</int>
              <string>4</string>
            </set>
          </nonPrimitiveEntityIds>
        </il.ac.technion.nlp.nli.core.method__call.NonPrimitiveArgument>
      </arguments>
      <entityIdOfObjectMethodIsInvokeOn>1</entityIdOfObjectMethodIsInvokeOn>
    </il.ac.technion.nlp.nli.core.method__call.MethodCall>
  </entry>
  <entry>
    <string>test-53</string>
    <il.ac.technion.nlp.nli.core.method__call.MethodCall>
      <methodId>
        <declaringClassCanonicalName>il.ac.technion.nlp.nli.dataset1.domains.workforce_management.entities.WorkforceManagementSystem</declaringClassCanonicalName>
        <name>assignEmployeeToNewPosition</name>
        <parameterClassNames>
          <string>il.ac.technion.nlp.nli.dataset1.domains.workforce_management.entities.Employee</string>
          <string>il.ac.technion.nlp.nli.dataset1.domains.workforce_management.entities.Position</string>
        </parameterClassNames>
      </methodId>
      <arguments>
        <il.ac.technion.nlp.nli.core.method__call.NonPrimitiveArgument>
          <nonPrimitiveEntityIds class="ofergivoli.olib.data_structures.set.SafeHashSet" serialization="custom">
            <unserializable-parents/>
            <set>
              <default/>
              <int>2</int>
              <float>0.75</float>
              <int>1</int>
              <string>2</string>
            </set>
          </nonPrimitiveEntityIds>
        </il.ac.technion.nlp.nli.core.method__call.NonPrimitiveArgument>
        <il.ac.technion.nlp.nli.core.method__call.PrimitiveArgument>
          <primitiveEntities class="list">
            <il.ac.technion.nlp.nli.core.state.PrimitiveEntity>
              <value class="il.ac.technion.nlp.nli.dataset1.domains.workforce_management.entities.Position">DEVELOPER</value>
            </il.ac.technion.nlp.nli.core.state.PrimitiveEntity>
          </primitiveEntities>
        </il.ac.technion.nlp.nli.core.method__call.PrimitiveArgument>
      </arguments>
      <entityIdOfObjectMethodIsInvokeOn>1</entityIdOfObjectMethodIsInvokeOn>
    </il.ac.technion.nlp.nli.core.method__call.MethodCall>
  </entry>
  <entry>
    <string>test-613</string>
    <il.ac.technion.nlp.nli.core.method__call.MethodCall>
      <methodId>
        <declaringClassCanonicalName>il.ac.technion.nlp.nli.dataset1.domains.container_management.entities.ContainerManagementSystem</declaringClassCanonicalName>
        <name>removeContainers</name>
        <parameterClassNames>
          <string>java.util.Collection</string>
        </parameterClassNames>
      </methodId>
      <arguments>
        <il.ac.technion.nlp.nli.core.method__call.NonPrimitiveArgument>
          <nonPrimitiveEntityIds class="ofergivoli.olib.data_structures.set.SafeHashSet" serialization="custom">
            <unserializable-parents/>
            <set>
              <default/>
              <int>4</int>
              <float>0.75</float>
              <int>2</int>
              <string>4</string>
              <string>2</string>
            </set>
          </nonPrimitiveEntityIds>
        </il.ac.technion.nlp.nli.core.method__call.NonPrimitiveArgument>
      </arguments>
      <entityIdOfObjectMethodIsInvokeOn>1</entityIdOfObjectMethodIsInvokeOn>
    </il.ac.technion.nlp.nli.core.method__call.MethodCall>
  </entry>
  <entry>
    <string>test-607</string>
    <il.ac.technion.nlp.nli.core.method__call.MethodCall>
      <methodId>
        <declaringClassCanonicalName>il.ac.technion.nlp.nli.dataset1.domains.list.entities.SpecialList</declaringClassCanonicalName>
        <name>remove</name>
        <parameterClassNames>
          <string>java.util.Collection</string>
        </parameterClassNames>
      </methodId>
      <arguments>
        <il.ac.technion.nlp.nli.core.method__call.NonPrimitiveArgument>
          <nonPrimitiveEntityIds class="ofergivoli.olib.data_structures.set.SafeHashSet" serialization="custom">
            <unserializable-parents/>
            <set>
              <default/>
              <int>8</int>
              <float>0.75</float>
              <int>5</int>
              <string>2</string>
              <string>3</string>
              <string>4</string>
              <string>5</string>
              <string>6</string>
            </set>
          </nonPrimitiveEntityIds>
        </il.ac.technion.nlp.nli.core.method__call.NonPrimitiveArgument>
      </arguments>
      <entityIdOfObjectMethodIsInvokeOn>1</entityIdOfObjectMethodIsInvokeOn>
    </il.ac.technion.nlp.nli.core.method__call.MethodCall>
  </entry>
  <entry>
    <string>test-608</string>
    <il.ac.technion.nlp.nli.core.method__call.MethodCall>
      <methodId>
        <declaringClassCanonicalName>il.ac.technion.nlp.nli.dataset1.domains.messenger.Messenger</declaringClassCanonicalName>
        <name>createChatGroup</name>
        <parameterClassNames>
          <string>java.util.Collection</string>
        </parameterClassNames>
      </methodId>
      <arguments>
        <il.ac.technion.nlp.nli.core.method__call.NonPrimitiveArgument>
          <nonPrimitiveEntityIds class="ofergivoli.olib.data_structures.set.SafeHashSet" serialization="custom">
            <unserializable-parents/>
            <set>
              <default/>
              <int>4</int>
              <float>0.75</float>
              <int>2</int>
              <string>8</string>
              <string>7</string>
            </set>
          </nonPrimitiveEntityIds>
        </il.ac.technion.nlp.nli.core.method__call.NonPrimitiveArgument>
      </arguments>
      <entityIdOfObjectMethodIsInvokeOn>1</entityIdOfObjectMethodIsInvokeOn>
    </il.ac.technion.nlp.nli.core.method__call.MethodCall>
  </entry>
  <entry>
    <string>test-605</string>
    <il.ac.technion.nlp.nli.core.method__call.MethodCall>
      <methodId>
        <declaringClassCanonicalName>il.ac.technion.nlp.nli.dataset1.domains.container_management.entities.ContainerManagementSystem</declaringClassCanonicalName>
        <name>loadContainers</name>
        <parameterClassNames>
          <string>java.util.Collection</string>
        </parameterClassNames>
      </methodId>
      <arguments>
        <il.ac.technion.nlp.nli.core.method__call.NonPrimitiveArgument>
          <nonPrimitiveEntityIds class="ofergivoli.olib.data_structures.set.SafeHashSet" serialization="custom">
            <unserializable-parents/>
            <set>
              <default/>
              <int>2</int>
              <float>0.75</float>
              <int>1</int>
              <string>2</string>
            </set>
          </nonPrimitiveEntityIds>
        </il.ac.technion.nlp.nli.core.method__call.NonPrimitiveArgument>
      </arguments>
      <entityIdOfObjectMethodIsInvokeOn>1</entityIdOfObjectMethodIsInvokeOn>
    </il.ac.technion.nlp.nli.core.method__call.MethodCall>
  </entry>
  <entry>
    <string>test-606</string>
    <il.ac.technion.nlp.nli.core.method__call.MethodCall>
      <methodId>
        <declaringClassCanonicalName>il.ac.technion.nlp.nli.dataset1.domains.container_management.entities.ContainerManagementSystem</declaringClassCanonicalName>
        <name>loadContainers</name>
        <parameterClassNames>
          <string>java.util.Collection</string>
        </parameterClassNames>
      </methodId>
      <arguments>
        <il.ac.technion.nlp.nli.core.method__call.NonPrimitiveArgument>
          <nonPrimitiveEntityIds class="ofergivoli.olib.data_structures.set.SafeHashSet" serialization="custom">
            <unserializable-parents/>
            <set>
              <default/>
              <int>8</int>
              <float>0.75</float>
              <int>4</int>
              <string>3</string>
              <string>4</string>
              <string>5</string>
              <string>6</string>
            </set>
          </nonPrimitiveEntityIds>
        </il.ac.technion.nlp.nli.core.method__call.NonPrimitiveArgument>
      </arguments>
      <entityIdOfObjectMethodIsInvokeOn>1</entityIdOfObjectMethodIsInvokeOn>
    </il.ac.technion.nlp.nli.core.method__call.MethodCall>
  </entry>
  <entry>
    <string>test-49</string>
    <il.ac.technion.nlp.nli.core.method__call.MethodCall>
      <methodId>
        <declaringClassCanonicalName>il.ac.technion.nlp.nli.dataset1.domains.workforce_management.entities.WorkforceManagementSystem</declaringClassCanonicalName>
        <name>updateSalary</name>
        <parameterClassNames>
          <string>il.ac.technion.nlp.nli.dataset1.domains.workforce_management.entities.Employee</string>
          <string>int</string>
        </parameterClassNames>
      </methodId>
      <arguments>
        <il.ac.technion.nlp.nli.core.method__call.NonPrimitiveArgument>
          <nonPrimitiveEntityIds class="ofergivoli.olib.data_structures.set.SafeHashSet" serialization="custom">
            <unserializable-parents/>
            <set>
              <default/>
              <int>2</int>
              <float>0.75</float>
              <int>1</int>
              <string>5</string>
            </set>
          </nonPrimitiveEntityIds>
        </il.ac.technion.nlp.nli.core.method__call.NonPrimitiveArgument>
        <il.ac.technion.nlp.nli.core.method__call.PrimitiveArgument>
          <primitiveEntities class="list">
            <il.ac.technion.nlp.nli.core.state.PrimitiveEntity>
              <value class="int">88029</value>
            </il.ac.technion.nlp.nli.core.state.PrimitiveEntity>
          </primitiveEntities>
        </il.ac.technion.nlp.nli.core.method__call.PrimitiveArgument>
      </arguments>
      <entityIdOfObjectMethodIsInvokeOn>1</entityIdOfObjectMethodIsInvokeOn>
    </il.ac.technion.nlp.nli.core.method__call.MethodCall>
  </entry>
  <entry>
    <string>test-609</string>
    <il.ac.technion.nlp.nli.core.method__call.MethodCall>
      <methodId>
        <declaringClassCanonicalName>il.ac.technion.nlp.nli.dataset1.domains.calendar.entities.Calendar</declaringClassCanonicalName>
        <name>removeEvents</name>
        <parameterClassNames>
          <string>java.util.Collection</string>
        </parameterClassNames>
      </methodId>
      <arguments>
        <il.ac.technion.nlp.nli.core.method__call.NonPrimitiveArgument>
          <nonPrimitiveEntityIds class="ofergivoli.olib.data_structures.set.SafeHashSet" serialization="custom">
            <unserializable-parents/>
            <set>
              <default/>
              <int>2</int>
              <float>0.75</float>
              <int>1</int>
              <string>6</string>
            </set>
          </nonPrimitiveEntityIds>
        </il.ac.technion.nlp.nli.core.method__call.NonPrimitiveArgument>
      </arguments>
      <entityIdOfObjectMethodIsInvokeOn>1</entityIdOfObjectMethodIsInvokeOn>
    </il.ac.technion.nlp.nli.core.method__call.MethodCall>
  </entry>
  <entry>
    <string>test-40</string>
    <il.ac.technion.nlp.nli.core.method__call.MethodCall>
      <methodId>
        <declaringClassCanonicalName>il.ac.technion.nlp.nli.dataset1.domains.list.entities.SpecialList</declaringClassCanonicalName>
        <name>moveToEnd</name>
        <parameterClassNames>
          <string>il.ac.technion.nlp.nli.dataset1.domains.list.entities.ListElement</string>
        </parameterClassNames>
      </methodId>
      <arguments>
        <il.ac.technion.nlp.nli.core.method__call.NonPrimitiveArgument>
          <nonPrimitiveEntityIds class="ofergivoli.olib.data_structures.set.SafeHashSet" serialization="custom">
            <unserializable-parents/>
            <set>
              <default/>
              <int>2</int>
              <float>0.75</float>
              <int>1</int>
              <string>5</string>
            </set>
          </nonPrimitiveEntityIds>
        </il.ac.technion.nlp.nli.core.method__call.NonPrimitiveArgument>
      </arguments>
      <entityIdOfObjectMethodIsInvokeOn>1</entityIdOfObjectMethodIsInvokeOn>
    </il.ac.technion.nlp.nli.core.method__call.MethodCall>
  </entry>
  <entry>
    <string>test-47</string>
    <il.ac.technion.nlp.nli.core.method__call.MethodCall>
      <methodId>
        <declaringClassCanonicalName>il.ac.technion.nlp.nli.dataset1.domains.lighting_control.entities.LightingControlSystem</declaringClassCanonicalName>
        <name>turnLightOff</name>
        <parameterClassNames>
          <string>java.util.Collection</string>
        </parameterClassNames>
      </methodId>
      <arguments>
        <il.ac.technion.nlp.nli.core.method__call.NonPrimitiveArgument>
          <nonPrimitiveEntityIds class="ofergivoli.olib.data_structures.set.SafeHashSet" serialization="custom">
            <unserializable-parents/>
            <set>
              <default/>
              <int>4</int>
              <float>0.75</float>
              <int>3</int>
              <string>4</string>
              <string>2</string>
              <string>3</string>
            </set>
          </nonPrimitiveEntityIds>
        </il.ac.technion.nlp.nli.core.method__call.NonPrimitiveArgument>
      </arguments>
      <entityIdOfObjectMethodIsInvokeOn>1</entityIdOfObjectMethodIsInvokeOn>
    </il.ac.technion.nlp.nli.core.method__call.MethodCall>
  </entry>
  <entry>
    <string>test-500</string>
    <il.ac.technion.nlp.nli.core.method__call.MethodCall>
      <methodId>
        <declaringClassCanonicalName>il.ac.technion.nlp.nli.dataset1.domains.container_management.entities.ContainerManagementSystem</declaringClassCanonicalName>
        <name>loadContainers</name>
        <parameterClassNames>
          <string>java.util.Collection</string>
        </parameterClassNames>
      </methodId>
      <arguments>
        <il.ac.technion.nlp.nli.core.method__call.NonPrimitiveArgument>
          <nonPrimitiveEntityIds class="ofergivoli.olib.data_structures.set.SafeHashSet" serialization="custom">
            <unserializable-parents/>
            <set>
              <default/>
              <int>2</int>
              <float>0.75</float>
              <int>1</int>
              <string>2</string>
            </set>
          </nonPrimitiveEntityIds>
        </il.ac.technion.nlp.nli.core.method__call.NonPrimitiveArgument>
      </arguments>
      <entityIdOfObjectMethodIsInvokeOn>1</entityIdOfObjectMethodIsInvokeOn>
    </il.ac.technion.nlp.nli.core.method__call.MethodCall>
  </entry>
  <entry>
    <string>test-621</string>
    <il.ac.technion.nlp.nli.core.method__call.MethodCall>
      <methodId>
        <declaringClassCanonicalName>il.ac.technion.nlp.nli.dataset1.domains.messenger.Messenger</declaringClassCanonicalName>
        <name>muteChatGroups</name>
        <parameterClassNames>
          <string>java.util.Collection</string>
        </parameterClassNames>
      </methodId>
      <arguments>
        <il.ac.technion.nlp.nli.core.method__call.NonPrimitiveArgument>
          <nonPrimitiveEntityIds class="ofergivoli.olib.data_structures.set.SafeHashSet" serialization="custom">
            <unserializable-parents/>
            <set>
              <default/>
              <int>4</int>
              <float>0.75</float>
              <int>2</int>
              <string>9</string>
              <string>10</string>
            </set>
          </nonPrimitiveEntityIds>
        </il.ac.technion.nlp.nli.core.method__call.NonPrimitiveArgument>
      </arguments>
      <entityIdOfObjectMethodIsInvokeOn>1</entityIdOfObjectMethodIsInvokeOn>
    </il.ac.technion.nlp.nli.core.method__call.MethodCall>
  </entry>
  <entry>
    <string>test-48</string>
    <il.ac.technion.nlp.nli.core.method__call.MethodCall>
      <methodId>
        <declaringClassCanonicalName>il.ac.technion.nlp.nli.dataset1.domains.list.entities.SpecialList</declaringClassCanonicalName>
        <name>moveToBeginning</name>
        <parameterClassNames>
          <string>il.ac.technion.nlp.nli.dataset1.domains.list.entities.ListElement</string>
        </parameterClassNames>
      </methodId>
      <arguments>
        <il.ac.technion.nlp.nli.core.method__call.NonPrimitiveArgument>
          <nonPrimitiveEntityIds class="ofergivoli.olib.data_structures.set.SafeHashSet" serialization="custom">
            <unserializable-parents/>
            <set>
              <default/>
              <int>2</int>
              <float>0.75</float>
              <int>1</int>
              <string>4</string>
            </set>
          </nonPrimitiveEntityIds>
        </il.ac.technion.nlp.nli.core.method__call.NonPrimitiveArgument>
      </arguments>
      <entityIdOfObjectMethodIsInvokeOn>1</entityIdOfObjectMethodIsInvokeOn>
    </il.ac.technion.nlp.nli.core.method__call.MethodCall>
  </entry>
  <entry>
    <string>test-501</string>
    <il.ac.technion.nlp.nli.core.method__call.MethodCall>
      <methodId>
        <declaringClassCanonicalName>il.ac.technion.nlp.nli.dataset1.domains.lighting_control.entities.LightingControlSystem</declaringClassCanonicalName>
        <name>turnLightOn</name>
        <parameterClassNames>
          <string>java.util.Collection</string>
        </parameterClassNames>
      </methodId>
      <arguments>
        <il.ac.technion.nlp.nli.core.method__call.NonPrimitiveArgument>
          <nonPrimitiveEntityIds class="ofergivoli.olib.data_structures.set.SafeHashSet" serialization="custom">
            <unserializable-parents/>
            <set>
              <default/>
              <int>8</int>
              <float>0.75</float>
              <int>4</int>
              <string>8</string>
              <string>9</string>
              <string>6</string>
              <string>7</string>
            </set>
          </nonPrimitiveEntityIds>
        </il.ac.technion.nlp.nli.core.method__call.NonPrimitiveArgument>
      </arguments>
      <entityIdOfObjectMethodIsInvokeOn>1</entityIdOfObjectMethodIsInvokeOn>
    </il.ac.technion.nlp.nli.core.method__call.MethodCall>
  </entry>
  <entry>
    <string>test-622</string>
    <il.ac.technion.nlp.nli.core.method__call.MethodCall>
      <methodId>
        <declaringClassCanonicalName>il.ac.technion.nlp.nli.dataset1.domains.workforce_management.entities.WorkforceManagementSystem</declaringClassCanonicalName>
        <name>assignEmployeesToNewManager</name>
        <parameterClassNames>
          <string>java.util.Collection</string>
          <string>il.ac.technion.nlp.nli.dataset1.domains.workforce_management.entities.Employee</string>
        </parameterClassNames>
      </methodId>
      <arguments>
        <il.ac.technion.nlp.nli.core.method__call.NonPrimitiveArgument>
          <nonPrimitiveEntityIds class="ofergivoli.olib.data_structures.set.SafeHashSet" serialization="custom">
            <unserializable-parents/>
            <set>
              <default/>
              <int>4</int>
              <float>0.75</float>
              <int>2</int>
              <string>5</string>
              <string>6</string>
            </set>
          </nonPrimitiveEntityIds>
        </il.ac.technion.nlp.nli.core.method__call.NonPrimitiveArgument>
        <il.ac.technion.nlp.nli.core.method__call.NonPrimitiveArgument>
          <nonPrimitiveEntityIds class="ofergivoli.olib.data_structures.set.SafeHashSet" serialization="custom">
            <unserializable-parents/>
            <set>
              <default/>
              <int>2</int>
              <float>0.75</float>
              <int>1</int>
              <string>2</string>
            </set>
          </nonPrimitiveEntityIds>
        </il.ac.technion.nlp.nli.core.method__call.NonPrimitiveArgument>
      </arguments>
      <entityIdOfObjectMethodIsInvokeOn>1</entityIdOfObjectMethodIsInvokeOn>
    </il.ac.technion.nlp.nli.core.method__call.MethodCall>
  </entry>
  <entry>
    <string>test-45</string>
    <il.ac.technion.nlp.nli.core.method__call.MethodCall>
      <methodId>
        <declaringClassCanonicalName>il.ac.technion.nlp.nli.dataset1.domains.lighting_control.entities.LightingControlSystem</declaringClassCanonicalName>
        <name>turnLightOn</name>
        <parameterClassNames>
          <string>java.util.Collection</string>
        </parameterClassNames>
      </methodId>
      <arguments>
        <il.ac.technion.nlp.nli.core.method__call.NonPrimitiveArgument>
          <nonPrimitiveEntityIds class="ofergivoli.olib.data_structures.set.SafeHashSet" serialization="custom">
            <unserializable-parents/>
            <set>
              <default/>
              <int>2</int>
              <float>0.75</float>
              <int>1</int>
              <string>12</string>
            </set>
          </nonPrimitiveEntityIds>
        </il.ac.technion.nlp.nli.core.method__call.NonPrimitiveArgument>
      </arguments>
      <entityIdOfObjectMethodIsInvokeOn>1</entityIdOfObjectMethodIsInvokeOn>
    </il.ac.technion.nlp.nli.core.method__call.MethodCall>
  </entry>
  <entry>
    <string>test-46</string>
    <il.ac.technion.nlp.nli.core.method__call.MethodCall>
      <methodId>
        <declaringClassCanonicalName>il.ac.technion.nlp.nli.dataset1.domains.file_manager.entities.FileManager</declaringClassCanonicalName>
        <name>moveFiles</name>
        <parameterClassNames>
          <string>java.util.Collection</string>
          <string>il.ac.technion.nlp.nli.dataset1.domains.file_manager.entities.Directory</string>
        </parameterClassNames>
      </methodId>
      <arguments>
        <il.ac.technion.nlp.nli.core.method__call.NonPrimitiveArgument>
          <nonPrimitiveEntityIds class="ofergivoli.olib.data_structures.set.SafeHashSet" serialization="custom">
            <unserializable-parents/>
            <set>
              <default/>
              <int>4</int>
              <float>0.75</float>
              <int>2</int>
              <string>4</string>
              <string>5</string>
            </set>
          </nonPrimitiveEntityIds>
        </il.ac.technion.nlp.nli.core.method__call.NonPrimitiveArgument>
        <il.ac.technion.nlp.nli.core.method__call.NonPrimitiveArgument>
          <nonPrimitiveEntityIds class="ofergivoli.olib.data_structures.set.SafeHashSet" serialization="custom">
            <unserializable-parents/>
            <set>
              <default/>
              <int>2</int>
              <float>0.75</float>
              <int>1</int>
              <string>6</string>
            </set>
          </nonPrimitiveEntityIds>
        </il.ac.technion.nlp.nli.core.method__call.NonPrimitiveArgument>
      </arguments>
      <entityIdOfObjectMethodIsInvokeOn>1</entityIdOfObjectMethodIsInvokeOn>
    </il.ac.technion.nlp.nli.core.method__call.MethodCall>
  </entry>
  <entry>
    <string>test-620</string>
    <il.ac.technion.nlp.nli.core.method__call.MethodCall>
      <methodId>
        <declaringClassCanonicalName>il.ac.technion.nlp.nli.dataset1.domains.lighting_control.entities.LightingControlSystem</declaringClassCanonicalName>
        <name>turnLightOn</name>
        <parameterClassNames>
          <string>java.util.Collection</string>
        </parameterClassNames>
      </methodId>
      <arguments>
        <il.ac.technion.nlp.nli.core.method__call.NonPrimitiveArgument>
          <nonPrimitiveEntityIds class="ofergivoli.olib.data_structures.set.SafeHashSet" serialization="custom">
            <unserializable-parents/>
            <set>
              <default/>
              <int>4</int>
              <float>0.75</float>
              <int>2</int>
              <string>6</string>
              <string>7</string>
            </set>
          </nonPrimitiveEntityIds>
        </il.ac.technion.nlp.nli.core.method__call.NonPrimitiveArgument>
      </arguments>
      <entityIdOfObjectMethodIsInvokeOn>1</entityIdOfObjectMethodIsInvokeOn>
    </il.ac.technion.nlp.nli.core.method__call.MethodCall>
  </entry>
  <entry>
    <string>test-43</string>
    <il.ac.technion.nlp.nli.core.method__call.MethodCall>
      <methodId>
        <declaringClassCanonicalName>il.ac.technion.nlp.nli.dataset1.domains.container_management.entities.ContainerManagementSystem</declaringClassCanonicalName>
        <name>unloadContainers</name>
        <parameterClassNames>
          <string>java.util.Collection</string>
        </parameterClassNames>
      </methodId>
      <arguments>
        <il.ac.technion.nlp.nli.core.method__call.NonPrimitiveArgument>
          <nonPrimitiveEntityIds class="ofergivoli.olib.data_structures.set.SafeHashSet" serialization="custom">
            <unserializable-parents/>
            <set>
              <default/>
              <int>4</int>
              <float>0.75</float>
              <int>3</int>
              <string>4</string>
              <string>5</string>
              <string>2</string>
            </set>
          </nonPrimitiveEntityIds>
        </il.ac.technion.nlp.nli.core.method__call.NonPrimitiveArgument>
      </arguments>
      <entityIdOfObjectMethodIsInvokeOn>1</entityIdOfObjectMethodIsInvokeOn>
    </il.ac.technion.nlp.nli.core.method__call.MethodCall>
  </entry>
  <entry>
    <string>test-504</string>
    <il.ac.technion.nlp.nli.core.method__call.MethodCall>
      <methodId>
        <declaringClassCanonicalName>il.ac.technion.nlp.nli.dataset1.domains.list.entities.SpecialList</declaringClassCanonicalName>
        <name>moveToEnd</name>
        <parameterClassNames>
          <string>il.ac.technion.nlp.nli.dataset1.domains.list.entities.ListElement</string>
        </parameterClassNames>
      </methodId>
      <arguments>
        <il.ac.technion.nlp.nli.core.method__call.NonPrimitiveArgument>
          <nonPrimitiveEntityIds class="ofergivoli.olib.data_structures.set.SafeHashSet" serialization="custom">
            <unserializable-parents/>
            <set>
              <default/>
              <int>2</int>
              <float>0.75</float>
              <int>1</int>
              <string>5</string>
            </set>
          </nonPrimitiveEntityIds>
        </il.ac.technion.nlp.nli.core.method__call.NonPrimitiveArgument>
      </arguments>
      <entityIdOfObjectMethodIsInvokeOn>1</entityIdOfObjectMethodIsInvokeOn>
    </il.ac.technion.nlp.nli.core.method__call.MethodCall>
  </entry>
  <entry>
    <string>test-625</string>
    <il.ac.technion.nlp.nli.core.method__call.MethodCall>
      <methodId>
        <declaringClassCanonicalName>il.ac.technion.nlp.nli.dataset1.domains.file_manager.entities.FileManager</declaringClassCanonicalName>
        <name>moveFiles</name>
        <parameterClassNames>
          <string>java.util.Collection</string>
          <string>il.ac.technion.nlp.nli.dataset1.domains.file_manager.entities.Directory</string>
        </parameterClassNames>
      </methodId>
      <arguments>
        <il.ac.technion.nlp.nli.core.method__call.NonPrimitiveArgument>
          <nonPrimitiveEntityIds class="ofergivoli.olib.data_structures.set.SafeHashSet" serialization="custom">
            <unserializable-parents/>
            <set>
              <default/>
              <int>2</int>
              <float>0.75</float>
              <int>1</int>
              <string>4</string>
            </set>
          </nonPrimitiveEntityIds>
        </il.ac.technion.nlp.nli.core.method__call.NonPrimitiveArgument>
        <il.ac.technion.nlp.nli.core.method__call.NonPrimitiveArgument>
          <nonPrimitiveEntityIds class="ofergivoli.olib.data_structures.set.SafeHashSet" serialization="custom">
            <unserializable-parents/>
            <set>
              <default/>
              <int>2</int>
              <float>0.75</float>
              <int>1</int>
              <string>8</string>
            </set>
          </nonPrimitiveEntityIds>
        </il.ac.technion.nlp.nli.core.method__call.NonPrimitiveArgument>
      </arguments>
      <entityIdOfObjectMethodIsInvokeOn>1</entityIdOfObjectMethodIsInvokeOn>
    </il.ac.technion.nlp.nli.core.method__call.MethodCall>
  </entry>
  <entry>
    <string>test-44</string>
    <il.ac.technion.nlp.nli.core.method__call.MethodCall>
      <methodId>
        <declaringClassCanonicalName>il.ac.technion.nlp.nli.dataset1.domains.file_manager.entities.FileManager</declaringClassCanonicalName>
        <name>removeFiles</name>
        <parameterClassNames>
          <string>java.util.Collection</string>
        </parameterClassNames>
      </methodId>
      <arguments>
        <il.ac.technion.nlp.nli.core.method__call.NonPrimitiveArgument>
          <nonPrimitiveEntityIds class="ofergivoli.olib.data_structures.set.SafeHashSet" serialization="custom">
            <unserializable-parents/>
            <set>
              <default/>
              <int>2</int>
              <float>0.75</float>
              <int>1</int>
              <string>9</string>
            </set>
          </nonPrimitiveEntityIds>
        </il.ac.technion.nlp.nli.core.method__call.NonPrimitiveArgument>
      </arguments>
      <entityIdOfObjectMethodIsInvokeOn>1</entityIdOfObjectMethodIsInvokeOn>
    </il.ac.technion.nlp.nli.core.method__call.MethodCall>
  </entry>
  <entry>
    <string>test-505</string>
    <il.ac.technion.nlp.nli.core.method__call.MethodCall>
      <methodId>
        <declaringClassCanonicalName>il.ac.technion.nlp.nli.dataset1.domains.calendar.entities.Calendar</declaringClassCanonicalName>
        <name>setEventColor</name>
        <parameterClassNames>
          <string>java.util.Collection</string>
          <string>il.ac.technion.nlp.nli.core.state.entities.Color</string>
        </parameterClassNames>
      </methodId>
      <arguments>
        <il.ac.technion.nlp.nli.core.method__call.NonPrimitiveArgument>
          <nonPrimitiveEntityIds class="ofergivoli.olib.data_structures.set.SafeHashSet" serialization="custom">
            <unserializable-parents/>
            <set>
              <default/>
              <int>2</int>
              <float>0.75</float>
              <int>1</int>
              <string>7</string>
            </set>
          </nonPrimitiveEntityIds>
        </il.ac.technion.nlp.nli.core.method__call.NonPrimitiveArgument>
        <il.ac.technion.nlp.nli.core.method__call.PrimitiveArgument>
          <primitiveEntities class="list">
            <il.ac.technion.nlp.nli.core.state.PrimitiveEntity>
              <value class="il.ac.technion.nlp.nli.core.state.entities.Color">BLACK</value>
            </il.ac.technion.nlp.nli.core.state.PrimitiveEntity>
          </primitiveEntities>
        </il.ac.technion.nlp.nli.core.method__call.PrimitiveArgument>
      </arguments>
      <entityIdOfObjectMethodIsInvokeOn>1</entityIdOfObjectMethodIsInvokeOn>
    </il.ac.technion.nlp.nli.core.method__call.MethodCall>
  </entry>
  <entry>
    <string>test-626</string>
    <il.ac.technion.nlp.nli.core.method__call.MethodCall>
      <methodId>
        <declaringClassCanonicalName>il.ac.technion.nlp.nli.dataset1.domains.file_manager.entities.FileManager</declaringClassCanonicalName>
        <name>moveFiles</name>
        <parameterClassNames>
          <string>java.util.Collection</string>
          <string>il.ac.technion.nlp.nli.dataset1.domains.file_manager.entities.Directory</string>
        </parameterClassNames>
      </methodId>
      <arguments>
        <il.ac.technion.nlp.nli.core.method__call.NonPrimitiveArgument>
          <nonPrimitiveEntityIds class="ofergivoli.olib.data_structures.set.SafeHashSet" serialization="custom">
            <unserializable-parents/>
            <set>
              <default/>
              <int>2</int>
              <float>0.75</float>
              <int>1</int>
              <string>9</string>
            </set>
          </nonPrimitiveEntityIds>
        </il.ac.technion.nlp.nli.core.method__call.NonPrimitiveArgument>
        <il.ac.technion.nlp.nli.core.method__call.NonPrimitiveArgument>
          <nonPrimitiveEntityIds class="ofergivoli.olib.data_structures.set.SafeHashSet" serialization="custom">
            <unserializable-parents/>
            <set>
              <default/>
              <int>2</int>
              <float>0.75</float>
              <int>1</int>
              <string>3</string>
            </set>
          </nonPrimitiveEntityIds>
        </il.ac.technion.nlp.nli.core.method__call.NonPrimitiveArgument>
      </arguments>
      <entityIdOfObjectMethodIsInvokeOn>1</entityIdOfObjectMethodIsInvokeOn>
    </il.ac.technion.nlp.nli.core.method__call.MethodCall>
  </entry>
  <entry>
    <string>test-41</string>
    <il.ac.technion.nlp.nli.core.method__call.MethodCall>
      <methodId>
        <declaringClassCanonicalName>il.ac.technion.nlp.nli.dataset1.domains.lighting_control.entities.LightingControlSystem</declaringClassCanonicalName>
        <name>turnLightOn</name>
        <parameterClassNames>
          <string>java.util.Collection</string>
        </parameterClassNames>
      </methodId>
      <arguments>
        <il.ac.technion.nlp.nli.core.method__call.NonPrimitiveArgument>
          <nonPrimitiveEntityIds class="ofergivoli.olib.data_structures.set.SafeHashSet" serialization="custom">
            <unserializable-parents/>
            <set>
              <default/>
              <int>8</int>
              <float>0.75</float>
              <int>5</int>
              <string>8</string>
              <string>4</string>
              <string>5</string>
              <string>6</string>
              <string>7</string>
            </set>
          </nonPrimitiveEntityIds>
        </il.ac.technion.nlp.nli.core.method__call.NonPrimitiveArgument>
      </arguments>
      <entityIdOfObjectMethodIsInvokeOn>1</entityIdOfObjectMethodIsInvokeOn>
    </il.ac.technion.nlp.nli.core.method__call.MethodCall>
  </entry>
  <entry>
    <string>test-502</string>
    <il.ac.technion.nlp.nli.core.method__call.MethodCall>
      <methodId>
        <declaringClassCanonicalName>il.ac.technion.nlp.nli.dataset1.domains.messenger.Messenger</declaringClassCanonicalName>
        <name>createChatGroup</name>
        <parameterClassNames>
          <string>java.util.Collection</string>
        </parameterClassNames>
      </methodId>
      <arguments>
        <il.ac.technion.nlp.nli.core.method__call.NonPrimitiveArgument>
          <nonPrimitiveEntityIds class="ofergivoli.olib.data_structures.set.SafeHashSet" serialization="custom">
            <unserializable-parents/>
            <set>
              <default/>
              <int>4</int>
              <float>0.75</float>
              <int>2</int>
              <string>4</string>
              <string>2</string>
            </set>
          </nonPrimitiveEntityIds>
        </il.ac.technion.nlp.nli.core.method__call.NonPrimitiveArgument>
      </arguments>
      <entityIdOfObjectMethodIsInvokeOn>1</entityIdOfObjectMethodIsInvokeOn>
    </il.ac.technion.nlp.nli.core.method__call.MethodCall>
  </entry>
  <entry>
    <string>test-623</string>
    <il.ac.technion.nlp.nli.core.method__call.MethodCall>
      <methodId>
        <declaringClassCanonicalName>il.ac.technion.nlp.nli.dataset1.domains.calendar.entities.Calendar</declaringClassCanonicalName>
        <name>setEventColor</name>
        <parameterClassNames>
          <string>java.util.Collection</string>
          <string>il.ac.technion.nlp.nli.core.state.entities.Color</string>
        </parameterClassNames>
      </methodId>
      <arguments>
        <il.ac.technion.nlp.nli.core.method__call.NonPrimitiveArgument>
          <nonPrimitiveEntityIds class="ofergivoli.olib.data_structures.set.SafeHashSet" serialization="custom">
            <unserializable-parents/>
            <set>
              <default/>
              <int>4</int>
              <float>0.75</float>
              <int>3</int>
              <string>4</string>
              <string>5</string>
              <string>2</string>
            </set>
          </nonPrimitiveEntityIds>
        </il.ac.technion.nlp.nli.core.method__call.NonPrimitiveArgument>
        <il.ac.technion.nlp.nli.core.method__call.PrimitiveArgument>
          <primitiveEntities class="list">
            <il.ac.technion.nlp.nli.core.state.PrimitiveEntity>
              <value class="il.ac.technion.nlp.nli.core.state.entities.Color">BLUE</value>
            </il.ac.technion.nlp.nli.core.state.PrimitiveEntity>
          </primitiveEntities>
        </il.ac.technion.nlp.nli.core.method__call.PrimitiveArgument>
      </arguments>
      <entityIdOfObjectMethodIsInvokeOn>1</entityIdOfObjectMethodIsInvokeOn>
    </il.ac.technion.nlp.nli.core.method__call.MethodCall>
  </entry>
  <entry>
    <string>test-42</string>
    <il.ac.technion.nlp.nli.core.method__call.MethodCall>
      <methodId>
        <declaringClassCanonicalName>il.ac.technion.nlp.nli.dataset1.domains.lighting_control.entities.LightingControlSystem</declaringClassCanonicalName>
        <name>turnLightOn</name>
        <parameterClassNames>
          <string>java.util.Collection</string>
        </parameterClassNames>
      </methodId>
      <arguments>
        <il.ac.technion.nlp.nli.core.method__call.NonPrimitiveArgument>
          <nonPrimitiveEntityIds class="ofergivoli.olib.data_structures.set.SafeHashSet" serialization="custom">
            <unserializable-parents/>
            <set>
              <default/>
              <int>8</int>
              <float>0.75</float>
              <int>5</int>
              <string>8</string>
              <string>2</string>
              <string>4</string>
              <string>6</string>
              <string>7</string>
            </set>
          </nonPrimitiveEntityIds>
        </il.ac.technion.nlp.nli.core.method__call.NonPrimitiveArgument>
      </arguments>
      <entityIdOfObjectMethodIsInvokeOn>1</entityIdOfObjectMethodIsInvokeOn>
    </il.ac.technion.nlp.nli.core.method__call.MethodCall>
  </entry>
  <entry>
    <string>test-503</string>
    <il.ac.technion.nlp.nli.core.method__call.MethodCall>
      <methodId>
        <declaringClassCanonicalName>il.ac.technion.nlp.nli.dataset1.domains.workforce_management.entities.WorkforceManagementSystem</declaringClassCanonicalName>
        <name>fireEmployees</name>
        <parameterClassNames>
          <string>java.util.Collection</string>
        </parameterClassNames>
      </methodId>
      <arguments>
        <il.ac.technion.nlp.nli.core.method__call.NonPrimitiveArgument>
          <nonPrimitiveEntityIds class="ofergivoli.olib.data_structures.set.SafeHashSet" serialization="custom">
            <unserializable-parents/>
            <set>
              <default/>
              <int>2</int>
              <float>0.75</float>
              <int>1</int>
              <string>2</string>
            </set>
          </nonPrimitiveEntityIds>
        </il.ac.technion.nlp.nli.core.method__call.NonPrimitiveArgument>
      </arguments>
      <entityIdOfObjectMethodIsInvokeOn>1</entityIdOfObjectMethodIsInvokeOn>
    </il.ac.technion.nlp.nli.core.method__call.MethodCall>
  </entry>
  <entry>
    <string>test-624</string>
    <il.ac.technion.nlp.nli.core.method__call.MethodCall>
      <methodId>
        <declaringClassCanonicalName>il.ac.technion.nlp.nli.dataset1.domains.lighting_control.entities.LightingControlSystem</declaringClassCanonicalName>
        <name>turnLightOn</name>
        <parameterClassNames>
          <string>java.util.Collection</string>
        </parameterClassNames>
      </methodId>
      <arguments>
        <il.ac.technion.nlp.nli.core.method__call.NonPrimitiveArgument>
          <nonPrimitiveEntityIds class="ofergivoli.olib.data_structures.set.SafeHashSet" serialization="custom">
            <unserializable-parents/>
            <set>
              <default/>
              <int>4</int>
              <float>0.75</float>
              <int>2</int>
              <string>6</string>
              <string>7</string>
            </set>
          </nonPrimitiveEntityIds>
        </il.ac.technion.nlp.nli.core.method__call.NonPrimitiveArgument>
      </arguments>
      <entityIdOfObjectMethodIsInvokeOn>1</entityIdOfObjectMethodIsInvokeOn>
    </il.ac.technion.nlp.nli.core.method__call.MethodCall>
  </entry>
  <entry>
    <string>test-618</string>
    <il.ac.technion.nlp.nli.core.method__call.MethodCall>
      <methodId>
        <declaringClassCanonicalName>il.ac.technion.nlp.nli.dataset1.domains.list.entities.SpecialList</declaringClassCanonicalName>
        <name>moveToBeginning</name>
        <parameterClassNames>
          <string>il.ac.technion.nlp.nli.dataset1.domains.list.entities.ListElement</string>
        </parameterClassNames>
      </methodId>
      <arguments>
        <il.ac.technion.nlp.nli.core.method__call.NonPrimitiveArgument>
          <nonPrimitiveEntityIds class="ofergivoli.olib.data_structures.set.SafeHashSet" serialization="custom">
            <unserializable-parents/>
            <set>
              <default/>
              <int>2</int>
              <float>0.75</float>
              <int>1</int>
              <string>2</string>
            </set>
          </nonPrimitiveEntityIds>
        </il.ac.technion.nlp.nli.core.method__call.NonPrimitiveArgument>
      </arguments>
      <entityIdOfObjectMethodIsInvokeOn>1</entityIdOfObjectMethodIsInvokeOn>
    </il.ac.technion.nlp.nli.core.method__call.MethodCall>
  </entry>
  <entry>
    <string>test-619</string>
    <il.ac.technion.nlp.nli.core.method__call.MethodCall>
      <methodId>
        <declaringClassCanonicalName>il.ac.technion.nlp.nli.dataset1.domains.lighting_control.entities.LightingControlSystem</declaringClassCanonicalName>
        <name>turnLightOff</name>
        <parameterClassNames>
          <string>java.util.Collection</string>
        </parameterClassNames>
      </methodId>
      <arguments>
        <il.ac.technion.nlp.nli.core.method__call.NonPrimitiveArgument>
          <nonPrimitiveEntityIds class="ofergivoli.olib.data_structures.set.SafeHashSet" serialization="custom">
            <unserializable-parents/>
            <set>
              <default/>
              <int>4</int>
              <float>0.75</float>
              <int>2</int>
              <string>8</string>
              <string>7</string>
            </set>
          </nonPrimitiveEntityIds>
        </il.ac.technion.nlp.nli.core.method__call.NonPrimitiveArgument>
      </arguments>
      <entityIdOfObjectMethodIsInvokeOn>1</entityIdOfObjectMethodIsInvokeOn>
    </il.ac.technion.nlp.nli.core.method__call.MethodCall>
  </entry>
  <entry>
    <string>test-616</string>
    <il.ac.technion.nlp.nli.core.method__call.MethodCall>
      <methodId>
        <declaringClassCanonicalName>il.ac.technion.nlp.nli.dataset1.domains.calendar.entities.Calendar</declaringClassCanonicalName>
        <name>setEventColor</name>
        <parameterClassNames>
          <string>java.util.Collection</string>
          <string>il.ac.technion.nlp.nli.core.state.entities.Color</string>
        </parameterClassNames>
      </methodId>
      <arguments>
        <il.ac.technion.nlp.nli.core.method__call.NonPrimitiveArgument>
          <nonPrimitiveEntityIds class="ofergivoli.olib.data_structures.set.SafeHashSet" serialization="custom">
            <unserializable-parents/>
            <set>
              <default/>
              <int>4</int>
              <float>0.75</float>
              <int>2</int>
              <string>5</string>
              <string>3</string>
            </set>
          </nonPrimitiveEntityIds>
        </il.ac.technion.nlp.nli.core.method__call.NonPrimitiveArgument>
        <il.ac.technion.nlp.nli.core.method__call.PrimitiveArgument>
          <primitiveEntities class="list">
            <il.ac.technion.nlp.nli.core.state.PrimitiveEntity>
              <value class="il.ac.technion.nlp.nli.core.state.entities.Color">RED</value>
            </il.ac.technion.nlp.nli.core.state.PrimitiveEntity>
          </primitiveEntities>
        </il.ac.technion.nlp.nli.core.method__call.PrimitiveArgument>
      </arguments>
      <entityIdOfObjectMethodIsInvokeOn>1</entityIdOfObjectMethodIsInvokeOn>
    </il.ac.technion.nlp.nli.core.method__call.MethodCall>
  </entry>
  <entry>
    <string>test-617</string>
    <il.ac.technion.nlp.nli.core.method__call.MethodCall>
      <methodId>
        <declaringClassCanonicalName>il.ac.technion.nlp.nli.dataset1.domains.workforce_management.entities.WorkforceManagementSystem</declaringClassCanonicalName>
        <name>assignEmployeesToNewManager</name>
        <parameterClassNames>
          <string>java.util.Collection</string>
          <string>il.ac.technion.nlp.nli.dataset1.domains.workforce_management.entities.Employee</string>
        </parameterClassNames>
      </methodId>
      <arguments>
        <il.ac.technion.nlp.nli.core.method__call.NonPrimitiveArgument>
          <nonPrimitiveEntityIds class="ofergivoli.olib.data_structures.set.SafeHashSet" serialization="custom">
            <unserializable-parents/>
            <set>
              <default/>
              <int>4</int>
              <float>0.75</float>
              <int>2</int>
              <string>5</string>
              <string>2</string>
            </set>
          </nonPrimitiveEntityIds>
        </il.ac.technion.nlp.nli.core.method__call.NonPrimitiveArgument>
        <il.ac.technion.nlp.nli.core.method__call.NonPrimitiveArgument>
          <nonPrimitiveEntityIds class="ofergivoli.olib.data_structures.set.SafeHashSet" serialization="custom">
            <unserializable-parents/>
            <set>
              <default/>
              <int>2</int>
              <float>0.75</float>
              <int>1</int>
              <string>6</string>
            </set>
          </nonPrimitiveEntityIds>
        </il.ac.technion.nlp.nli.core.method__call.NonPrimitiveArgument>
      </arguments>
      <entityIdOfObjectMethodIsInvokeOn>1</entityIdOfObjectMethodIsInvokeOn>
    </il.ac.technion.nlp.nli.core.method__call.MethodCall>
  </entry>
  <entry>
    <string>test-38</string>
    <il.ac.technion.nlp.nli.core.method__call.MethodCall>
      <methodId>
        <declaringClassCanonicalName>il.ac.technion.nlp.nli.dataset1.domains.container_management.entities.ContainerManagementSystem</declaringClassCanonicalName>
        <name>removeContainers</name>
        <parameterClassNames>
          <string>java.util.Collection</string>
        </parameterClassNames>
      </methodId>
      <arguments>
        <il.ac.technion.nlp.nli.core.method__call.NonPrimitiveArgument>
          <nonPrimitiveEntityIds class="ofergivoli.olib.data_structures.set.SafeHashSet" serialization="custom">
            <unserializable-parents/>
            <set>
              <default/>
              <int>2</int>
              <float>0.75</float>
              <int>1</int>
              <string>4</string>
            </set>
          </nonPrimitiveEntityIds>
        </il.ac.technion.nlp.nli.core.method__call.NonPrimitiveArgument>
      </arguments>
      <entityIdOfObjectMethodIsInvokeOn>1</entityIdOfObjectMethodIsInvokeOn>
    </il.ac.technion.nlp.nli.core.method__call.MethodCall>
  </entry>
  <entry>
    <string>test-39</string>
    <il.ac.technion.nlp.nli.core.method__call.MethodCall>
      <methodId>
        <declaringClassCanonicalName>il.ac.technion.nlp.nli.dataset1.domains.workforce_management.entities.WorkforceManagementSystem</declaringClassCanonicalName>
        <name>assignEmployeesToNewManager</name>
        <parameterClassNames>
          <string>java.util.Collection</string>
          <string>il.ac.technion.nlp.nli.dataset1.domains.workforce_management.entities.Employee</string>
        </parameterClassNames>
      </methodId>
      <arguments>
        <il.ac.technion.nlp.nli.core.method__call.NonPrimitiveArgument>
          <nonPrimitiveEntityIds class="ofergivoli.olib.data_structures.set.SafeHashSet" serialization="custom">
            <unserializable-parents/>
            <set>
              <default/>
              <int>2</int>
              <float>0.75</float>
              <int>1</int>
              <string>6</string>
            </set>
          </nonPrimitiveEntityIds>
        </il.ac.technion.nlp.nli.core.method__call.NonPrimitiveArgument>
        <il.ac.technion.nlp.nli.core.method__call.NonPrimitiveArgument>
          <nonPrimitiveEntityIds class="ofergivoli.olib.data_structures.set.SafeHashSet" serialization="custom">
            <unserializable-parents/>
            <set>
              <default/>
              <int>2</int>
              <float>0.75</float>
              <int>1</int>
              <string>4</string>
            </set>
          </nonPrimitiveEntityIds>
        </il.ac.technion.nlp.nli.core.method__call.NonPrimitiveArgument>
      </arguments>
      <entityIdOfObjectMethodIsInvokeOn>1</entityIdOfObjectMethodIsInvokeOn>
    </il.ac.technion.nlp.nli.core.method__call.MethodCall>
  </entry>
  <entry>
    <string>test-72</string>
    <il.ac.technion.nlp.nli.core.method__call.MethodCall>
      <methodId>
        <declaringClassCanonicalName>il.ac.technion.nlp.nli.dataset1.domains.lighting_control.entities.LightingControlSystem</declaringClassCanonicalName>
        <name>turnLightOff</name>
        <parameterClassNames>
          <string>java.util.Collection</string>
        </parameterClassNames>
      </methodId>
      <arguments>
        <il.ac.technion.nlp.nli.core.method__call.NonPrimitiveArgument>
          <nonPrimitiveEntityIds class="ofergivoli.olib.data_structures.set.SafeHashSet" serialization="custom">
            <unserializable-parents/>
            <set>
              <default/>
              <int>4</int>
              <float>0.75</float>
              <int>2</int>
              <string>4</string>
              <string>5</string>
            </set>
          </nonPrimitiveEntityIds>
        </il.ac.technion.nlp.nli.core.method__call.NonPrimitiveArgument>
      </arguments>
      <entityIdOfObjectMethodIsInvokeOn>1</entityIdOfObjectMethodIsInvokeOn>
    </il.ac.technion.nlp.nli.core.method__call.MethodCall>
  </entry>
  <entry>
    <string>test-73</string>
    <il.ac.technion.nlp.nli.core.method__call.MethodCall>
      <methodId>
        <declaringClassCanonicalName>il.ac.technion.nlp.nli.dataset1.domains.workforce_management.entities.WorkforceManagementSystem</declaringClassCanonicalName>
        <name>fireEmployees</name>
        <parameterClassNames>
          <string>java.util.Collection</string>
        </parameterClassNames>
      </methodId>
      <arguments>
        <il.ac.technion.nlp.nli.core.method__call.NonPrimitiveArgument>
          <nonPrimitiveEntityIds class="ofergivoli.olib.data_structures.set.SafeHashSet" serialization="custom">
            <unserializable-parents/>
            <set>
              <default/>
              <int>2</int>
              <float>0.75</float>
              <int>1</int>
              <string>6</string>
            </set>
          </nonPrimitiveEntityIds>
        </il.ac.technion.nlp.nli.core.method__call.NonPrimitiveArgument>
      </arguments>
      <entityIdOfObjectMethodIsInvokeOn>1</entityIdOfObjectMethodIsInvokeOn>
    </il.ac.technion.nlp.nli.core.method__call.MethodCall>
  </entry>
  <entry>
    <string>test-70</string>
    <il.ac.technion.nlp.nli.core.method__call.MethodCall>
      <methodId>
        <declaringClassCanonicalName>il.ac.technion.nlp.nli.dataset1.domains.list.entities.SpecialList</declaringClassCanonicalName>
        <name>moveToBeginning</name>
        <parameterClassNames>
          <string>il.ac.technion.nlp.nli.dataset1.domains.list.entities.ListElement</string>
        </parameterClassNames>
      </methodId>
      <arguments>
        <il.ac.technion.nlp.nli.core.method__call.NonPrimitiveArgument>
          <nonPrimitiveEntityIds class="ofergivoli.olib.data_structures.set.SafeHashSet" serialization="custom">
            <unserializable-parents/>
            <set>
              <default/>
              <int>2</int>
              <float>0.75</float>
              <int>1</int>
              <string>2</string>
            </set>
          </nonPrimitiveEntityIds>
        </il.ac.technion.nlp.nli.core.method__call.NonPrimitiveArgument>
      </arguments>
      <entityIdOfObjectMethodIsInvokeOn>1</entityIdOfObjectMethodIsInvokeOn>
    </il.ac.technion.nlp.nli.core.method__call.MethodCall>
  </entry>
  <entry>
    <string>test-71</string>
    <il.ac.technion.nlp.nli.core.method__call.MethodCall>
      <methodId>
        <declaringClassCanonicalName>il.ac.technion.nlp.nli.dataset1.domains.workforce_management.entities.WorkforceManagementSystem</declaringClassCanonicalName>
        <name>fireEmployees</name>
        <parameterClassNames>
          <string>java.util.Collection</string>
        </parameterClassNames>
      </methodId>
      <arguments>
        <il.ac.technion.nlp.nli.core.method__call.NonPrimitiveArgument>
          <nonPrimitiveEntityIds class="ofergivoli.olib.data_structures.set.SafeHashSet" serialization="custom">
            <unserializable-parents/>
            <set>
              <default/>
              <int>2</int>
              <float>0.75</float>
              <int>1</int>
              <string>2</string>
            </set>
          </nonPrimitiveEntityIds>
        </il.ac.technion.nlp.nli.core.method__call.NonPrimitiveArgument>
      </arguments>
      <entityIdOfObjectMethodIsInvokeOn>1</entityIdOfObjectMethodIsInvokeOn>
    </il.ac.technion.nlp.nli.core.method__call.MethodCall>
  </entry>
  <entry>
    <string>test-511</string>
    <il.ac.technion.nlp.nli.core.method__call.MethodCall>
      <methodId>
        <declaringClassCanonicalName>il.ac.technion.nlp.nli.dataset1.domains.calendar.entities.Calendar</declaringClassCanonicalName>
        <name>removeEvents</name>
        <parameterClassNames>
          <string>java.util.Collection</string>
        </parameterClassNames>
      </methodId>
      <arguments>
        <il.ac.technion.nlp.nli.core.method__call.NonPrimitiveArgument>
          <nonPrimitiveEntityIds class="ofergivoli.olib.data_structures.set.SafeHashSet" serialization="custom">
            <unserializable-parents/>
            <set>
              <default/>
              <int>8</int>
              <float>0.75</float>
              <int>4</int>
              <string>8</string>
              <string>2</string>
              <string>6</string>
              <string>7</string>
            </set>
          </nonPrimitiveEntityIds>
        </il.ac.technion.nlp.nli.core.method__call.NonPrimitiveArgument>
      </arguments>
      <entityIdOfObjectMethodIsInvokeOn>1</entityIdOfObjectMethodIsInvokeOn>
    </il.ac.technion.nlp.nli.core.method__call.MethodCall>
  </entry>
  <entry>
    <string>test-632</string>
    <il.ac.technion.nlp.nli.core.method__call.MethodCall>
      <methodId>
        <declaringClassCanonicalName>il.ac.technion.nlp.nli.dataset1.domains.container_management.entities.ContainerManagementSystem</declaringClassCanonicalName>
        <name>loadContainers</name>
        <parameterClassNames>
          <string>java.util.Collection</string>
        </parameterClassNames>
      </methodId>
      <arguments>
        <il.ac.technion.nlp.nli.core.method__call.NonPrimitiveArgument>
          <nonPrimitiveEntityIds class="ofergivoli.olib.data_structures.set.SafeHashSet" serialization="custom">
            <unserializable-parents/>
            <set>
              <default/>
              <int>8</int>
              <float>0.75</float>
              <int>4</int>
              <string>3</string>
              <string>4</string>
              <string>5</string>
              <string>6</string>
            </set>
          </nonPrimitiveEntityIds>
        </il.ac.technion.nlp.nli.core.method__call.NonPrimitiveArgument>
      </arguments>
      <entityIdOfObjectMethodIsInvokeOn>1</entityIdOfObjectMethodIsInvokeOn>
    </il.ac.technion.nlp.nli.core.method__call.MethodCall>
  </entry>
  <entry>
    <string>test-512</string>
    <il.ac.technion.nlp.nli.core.method__call.MethodCall>
      <methodId>
        <declaringClassCanonicalName>il.ac.technion.nlp.nli.dataset1.domains.lighting_control.entities.LightingControlSystem</declaringClassCanonicalName>
        <name>turnLightOn</name>
        <parameterClassNames>
          <string>java.util.Collection</string>
        </parameterClassNames>
      </methodId>
      <arguments>
        <il.ac.technion.nlp.nli.core.method__call.NonPrimitiveArgument>
          <nonPrimitiveEntityIds class="ofergivoli.olib.data_structures.set.SafeHashSet" serialization="custom">
            <unserializable-parents/>
            <set>
              <default/>
              <int>4</int>
              <float>0.75</float>
              <int>2</int>
              <string>2</string>
              <string>3</string>
            </set>
          </nonPrimitiveEntityIds>
        </il.ac.technion.nlp.nli.core.method__call.NonPrimitiveArgument>
      </arguments>
      <entityIdOfObjectMethodIsInvokeOn>1</entityIdOfObjectMethodIsInvokeOn>
    </il.ac.technion.nlp.nli.core.method__call.MethodCall>
  </entry>
  <entry>
    <string>test-633</string>
    <il.ac.technion.nlp.nli.core.method__call.MethodCall>
      <methodId>
        <declaringClassCanonicalName>il.ac.technion.nlp.nli.dataset1.domains.messenger.Messenger</declaringClassCanonicalName>
        <name>unmuteChatGroups</name>
        <parameterClassNames>
          <string>java.util.Collection</string>
        </parameterClassNames>
      </methodId>
      <arguments>
        <il.ac.technion.nlp.nli.core.method__call.NonPrimitiveArgument>
          <nonPrimitiveEntityIds class="ofergivoli.olib.data_structures.set.SafeHashSet" serialization="custom">
            <unserializable-parents/>
            <set>
              <default/>
              <int>4</int>
              <float>0.75</float>
              <int>3</int>
              <string>8</string>
              <string>7</string>
              <string>10</string>
            </set>
          </nonPrimitiveEntityIds>
        </il.ac.technion.nlp.nli.core.method__call.NonPrimitiveArgument>
      </arguments>
      <entityIdOfObjectMethodIsInvokeOn>1</entityIdOfObjectMethodIsInvokeOn>
    </il.ac.technion.nlp.nli.core.method__call.MethodCall>
  </entry>
  <entry>
    <string>test-78</string>
    <il.ac.technion.nlp.nli.core.method__call.MethodCall>
      <methodId>
        <declaringClassCanonicalName>il.ac.technion.nlp.nli.dataset1.domains.workforce_management.entities.WorkforceManagementSystem</declaringClassCanonicalName>
        <name>assignEmployeesToNewManager</name>
        <parameterClassNames>
          <string>java.util.Collection</string>
          <string>il.ac.technion.nlp.nli.dataset1.domains.workforce_management.entities.Employee</string>
        </parameterClassNames>
      </methodId>
      <arguments>
        <il.ac.technion.nlp.nli.core.method__call.NonPrimitiveArgument>
          <nonPrimitiveEntityIds class="ofergivoli.olib.data_structures.set.SafeHashSet" serialization="custom">
            <unserializable-parents/>
            <set>
              <default/>
              <int>4</int>
              <float>0.75</float>
              <int>2</int>
              <string>4</string>
              <string>6</string>
            </set>
          </nonPrimitiveEntityIds>
        </il.ac.technion.nlp.nli.core.method__call.NonPrimitiveArgument>
        <il.ac.technion.nlp.nli.core.method__call.NonPrimitiveArgument>
          <nonPrimitiveEntityIds class="ofergivoli.olib.data_structures.set.SafeHashSet" serialization="custom">
            <unserializable-parents/>
            <set>
              <default/>
              <int>2</int>
              <float>0.75</float>
              <int>1</int>
              <string>2</string>
            </set>
          </nonPrimitiveEntityIds>
        </il.ac.technion.nlp.nli.core.method__call.NonPrimitiveArgument>
      </arguments>
      <entityIdOfObjectMethodIsInvokeOn>1</entityIdOfObjectMethodIsInvokeOn>
    </il.ac.technion.nlp.nli.core.method__call.MethodCall>
  </entry>
  <entry>
    <string>test-630</string>
    <il.ac.technion.nlp.nli.core.method__call.MethodCall>
      <methodId>
        <declaringClassCanonicalName>il.ac.technion.nlp.nli.dataset1.domains.lighting_control.entities.LightingControlSystem</declaringClassCanonicalName>
        <name>turnLightOff</name>
        <parameterClassNames>
          <string>java.util.Collection</string>
        </parameterClassNames>
      </methodId>
      <arguments>
        <il.ac.technion.nlp.nli.core.method__call.NonPrimitiveArgument>
          <nonPrimitiveEntityIds class="ofergivoli.olib.data_structures.set.SafeHashSet" serialization="custom">
            <unserializable-parents/>
            <set>
              <default/>
              <int>4</int>
              <float>0.75</float>
              <int>3</int>
              <string>2</string>
              <string>6</string>
              <string>3</string>
            </set>
          </nonPrimitiveEntityIds>
        </il.ac.technion.nlp.nli.core.method__call.NonPrimitiveArgument>
      </arguments>
      <entityIdOfObjectMethodIsInvokeOn>1</entityIdOfObjectMethodIsInvokeOn>
    </il.ac.technion.nlp.nli.core.method__call.MethodCall>
  </entry>
  <entry>
    <string>test-79</string>
    <il.ac.technion.nlp.nli.core.method__call.MethodCall>
      <methodId>
        <declaringClassCanonicalName>il.ac.technion.nlp.nli.dataset1.domains.lighting_control.entities.LightingControlSystem</declaringClassCanonicalName>
        <name>turnLightOff</name>
        <parameterClassNames>
          <string>java.util.Collection</string>
        </parameterClassNames>
      </methodId>
      <arguments>
        <il.ac.technion.nlp.nli.core.method__call.NonPrimitiveArgument>
          <nonPrimitiveEntityIds class="ofergivoli.olib.data_structures.set.SafeHashSet" serialization="custom">
            <unserializable-parents/>
            <set>
              <default/>
              <int>8</int>
              <float>0.75</float>
              <int>4</int>
              <string>8</string>
              <string>9</string>
              <string>7</string>
              <string>10</string>
            </set>
          </nonPrimitiveEntityIds>
        </il.ac.technion.nlp.nli.core.method__call.NonPrimitiveArgument>
      </arguments>
      <entityIdOfObjectMethodIsInvokeOn>1</entityIdOfObjectMethodIsInvokeOn>
    </il.ac.technion.nlp.nli.core.method__call.MethodCall>
  </entry>
  <entry>
    <string>test-510</string>
    <il.ac.technion.nlp.nli.core.method__call.MethodCall>
      <methodId>
        <declaringClassCanonicalName>il.ac.technion.nlp.nli.dataset1.domains.file_manager.entities.FileManager</declaringClassCanonicalName>
        <name>moveFiles</name>
        <parameterClassNames>
          <string>java.util.Collection</string>
          <string>il.ac.technion.nlp.nli.dataset1.domains.file_manager.entities.Directory</string>
        </parameterClassNames>
      </methodId>
      <arguments>
        <il.ac.technion.nlp.nli.core.method__call.NonPrimitiveArgument>
          <nonPrimitiveEntityIds class="ofergivoli.olib.data_structures.set.SafeHashSet" serialization="custom">
            <unserializable-parents/>
            <set>
              <default/>
              <int>2</int>
              <float>0.75</float>
              <int>1</int>
              <string>6</string>
            </set>
          </nonPrimitiveEntityIds>
        </il.ac.technion.nlp.nli.core.method__call.NonPrimitiveArgument>
        <il.ac.technion.nlp.nli.core.method__call.NonPrimitiveArgument>
          <nonPrimitiveEntityIds class="ofergivoli.olib.data_structures.set.SafeHashSet" serialization="custom">
            <unserializable-parents/>
            <set>
              <default/>
              <int>2</int>
              <float>0.75</float>
              <int>1</int>
              <string>3</string>
            </set>
          </nonPrimitiveEntityIds>
        </il.ac.technion.nlp.nli.core.method__call.NonPrimitiveArgument>
      </arguments>
      <entityIdOfObjectMethodIsInvokeOn>1</entityIdOfObjectMethodIsInvokeOn>
    </il.ac.technion.nlp.nli.core.method__call.MethodCall>
  </entry>
  <entry>
    <string>test-631</string>
    <il.ac.technion.nlp.nli.core.method__call.MethodCall>
      <methodId>
        <declaringClassCanonicalName>il.ac.technion.nlp.nli.dataset1.domains.list.entities.SpecialList</declaringClassCanonicalName>
        <name>moveToBeginning</name>
        <parameterClassNames>
          <string>il.ac.technion.nlp.nli.dataset1.domains.list.entities.ListElement</string>
        </parameterClassNames>
      </methodId>
      <arguments>
        <il.ac.technion.nlp.nli.core.method__call.NonPrimitiveArgument>
          <nonPrimitiveEntityIds class="ofergivoli.olib.data_structures.set.SafeHashSet" serialization="custom">
            <unserializable-parents/>
            <set>
              <default/>
              <int>2</int>
              <float>0.75</float>
              <int>1</int>
              <string>5</string>
            </set>
          </nonPrimitiveEntityIds>
        </il.ac.technion.nlp.nli.core.method__call.NonPrimitiveArgument>
      </arguments>
      <entityIdOfObjectMethodIsInvokeOn>1</entityIdOfObjectMethodIsInvokeOn>
    </il.ac.technion.nlp.nli.core.method__call.MethodCall>
  </entry>
  <entry>
    <string>test-76</string>
    <il.ac.technion.nlp.nli.core.method__call.MethodCall>
      <methodId>
        <declaringClassCanonicalName>il.ac.technion.nlp.nli.dataset1.domains.messenger.Messenger</declaringClassCanonicalName>
        <name>unmuteChatGroups</name>
        <parameterClassNames>
          <string>java.util.Collection</string>
        </parameterClassNames>
      </methodId>
      <arguments>
        <il.ac.technion.nlp.nli.core.method__call.NonPrimitiveArgument>
          <nonPrimitiveEntityIds class="ofergivoli.olib.data_structures.set.SafeHashSet" serialization="custom">
            <unserializable-parents/>
            <set>
              <default/>
              <int>4</int>
              <float>0.75</float>
              <int>2</int>
              <string>12</string>
              <string>14</string>
            </set>
          </nonPrimitiveEntityIds>
        </il.ac.technion.nlp.nli.core.method__call.NonPrimitiveArgument>
      </arguments>
      <entityIdOfObjectMethodIsInvokeOn>1</entityIdOfObjectMethodIsInvokeOn>
    </il.ac.technion.nlp.nli.core.method__call.MethodCall>
  </entry>
  <entry>
    <string>test-515</string>
    <il.ac.technion.nlp.nli.core.method__call.MethodCall>
      <methodId>
        <declaringClassCanonicalName>il.ac.technion.nlp.nli.dataset1.domains.lighting_control.entities.LightingControlSystem</declaringClassCanonicalName>
        <name>turnLightOn</name>
        <parameterClassNames>
          <string>java.util.Collection</string>
        </parameterClassNames>
      </methodId>
      <arguments>
        <il.ac.technion.nlp.nli.core.method__call.NonPrimitiveArgument>
          <nonPrimitiveEntityIds class="ofergivoli.olib.data_structures.set.SafeHashSet" serialization="custom">
            <unserializable-parents/>
            <set>
              <default/>
              <int>4</int>
              <float>0.75</float>
              <int>2</int>
              <string>2</string>
              <string>3</string>
            </set>
          </nonPrimitiveEntityIds>
        </il.ac.technion.nlp.nli.core.method__call.NonPrimitiveArgument>
      </arguments>
      <entityIdOfObjectMethodIsInvokeOn>1</entityIdOfObjectMethodIsInvokeOn>
    </il.ac.technion.nlp.nli.core.method__call.MethodCall>
  </entry>
  <entry>
    <string>test-636</string>
    <il.ac.technion.nlp.nli.core.method__call.MethodCall>
      <methodId>
        <declaringClassCanonicalName>il.ac.technion.nlp.nli.dataset1.domains.file_manager.entities.FileManager</declaringClassCanonicalName>
        <name>moveFiles</name>
        <parameterClassNames>
          <string>java.util.Collection</string>
          <string>il.ac.technion.nlp.nli.dataset1.domains.file_manager.entities.Directory</string>
        </parameterClassNames>
      </methodId>
      <arguments>
        <il.ac.technion.nlp.nli.core.method__call.NonPrimitiveArgument>
          <nonPrimitiveEntityIds class="ofergivoli.olib.data_structures.set.SafeHashSet" serialization="custom">
            <unserializable-parents/>
            <set>
              <default/>
              <int>2</int>
              <float>0.75</float>
              <int>1</int>
              <string>6</string>
            </set>
          </nonPrimitiveEntityIds>
        </il.ac.technion.nlp.nli.core.method__call.NonPrimitiveArgument>
        <il.ac.technion.nlp.nli.core.method__call.NonPrimitiveArgument>
          <nonPrimitiveEntityIds class="ofergivoli.olib.data_structures.set.SafeHashSet" serialization="custom">
            <unserializable-parents/>
            <set>
              <default/>
              <int>2</int>
              <float>0.75</float>
              <int>1</int>
              <string>9</string>
            </set>
          </nonPrimitiveEntityIds>
        </il.ac.technion.nlp.nli.core.method__call.NonPrimitiveArgument>
      </arguments>
      <entityIdOfObjectMethodIsInvokeOn>1</entityIdOfObjectMethodIsInvokeOn>
    </il.ac.technion.nlp.nli.core.method__call.MethodCall>
  </entry>
  <entry>
    <string>test-77</string>
    <il.ac.technion.nlp.nli.core.method__call.MethodCall>
      <methodId>
        <declaringClassCanonicalName>il.ac.technion.nlp.nli.dataset1.domains.workforce_management.entities.WorkforceManagementSystem</declaringClassCanonicalName>
        <name>assignEmployeesToNewManager</name>
        <parameterClassNames>
          <string>java.util.Collection</string>
          <string>il.ac.technion.nlp.nli.dataset1.domains.workforce_management.entities.Employee</string>
        </parameterClassNames>
      </methodId>
      <arguments>
        <il.ac.technion.nlp.nli.core.method__call.NonPrimitiveArgument>
          <nonPrimitiveEntityIds class="ofergivoli.olib.data_structures.set.SafeHashSet" serialization="custom">
            <unserializable-parents/>
            <set>
              <default/>
              <int>4</int>
              <float>0.75</float>
              <int>2</int>
              <string>2</string>
              <string>6</string>
            </set>
          </nonPrimitiveEntityIds>
        </il.ac.technion.nlp.nli.core.method__call.NonPrimitiveArgument>
        <il.ac.technion.nlp.nli.core.method__call.NonPrimitiveArgument>
          <nonPrimitiveEntityIds class="ofergivoli.olib.data_structures.set.SafeHashSet" serialization="custom">
            <unserializable-parents/>
            <set>
              <default/>
              <int>2</int>
              <float>0.75</float>
              <int>1</int>
              <string>5</string>
            </set>
          </nonPrimitiveEntityIds>
        </il.ac.technion.nlp.nli.core.method__call.NonPrimitiveArgument>
      </arguments>
      <entityIdOfObjectMethodIsInvokeOn>1</entityIdOfObjectMethodIsInvokeOn>
    </il.ac.technion.nlp.nli.core.method__call.MethodCall>
  </entry>
  <entry>
    <string>test-516</string>
    <il.ac.technion.nlp.nli.core.method__call.MethodCall>
      <methodId>
        <declaringClassCanonicalName>il.ac.technion.nlp.nli.dataset1.domains.file_manager.entities.FileManager</declaringClassCanonicalName>
        <name>moveFiles</name>
        <parameterClassNames>
          <string>java.util.Collection</string>
          <string>il.ac.technion.nlp.nli.dataset1.domains.file_manager.entities.Directory</string>
        </parameterClassNames>
      </methodId>
      <arguments>
        <il.ac.technion.nlp.nli.core.method__call.NonPrimitiveArgument>
          <nonPrimitiveEntityIds class="ofergivoli.olib.data_structures.set.SafeHashSet" serialization="custom">
            <unserializable-parents/>
            <set>
              <default/>
              <int>2</int>
              <float>0.75</float>
              <int>1</int>
              <string>4</string>
            </set>
          </nonPrimitiveEntityIds>
        </il.ac.technion.nlp.nli.core.method__call.NonPrimitiveArgument>
        <il.ac.technion.nlp.nli.core.method__call.NonPrimitiveArgument>
          <nonPrimitiveEntityIds class="ofergivoli.olib.data_structures.set.SafeHashSet" serialization="custom">
            <unserializable-parents/>
            <set>
              <default/>
              <int>2</int>
              <float>0.75</float>
              <int>1</int>
              <string>5</string>
            </set>
          </nonPrimitiveEntityIds>
        </il.ac.technion.nlp.nli.core.method__call.NonPrimitiveArgument>
      </arguments>
      <entityIdOfObjectMethodIsInvokeOn>1</entityIdOfObjectMethodIsInvokeOn>
    </il.ac.technion.nlp.nli.core.method__call.MethodCall>
  </entry>
  <entry>
    <string>test-637</string>
    <il.ac.technion.nlp.nli.core.method__call.MethodCall>
      <methodId>
        <declaringClassCanonicalName>il.ac.technion.nlp.nli.dataset1.domains.container_management.entities.ContainerManagementSystem</declaringClassCanonicalName>
        <name>removeContainers</name>
        <parameterClassNames>
          <string>java.util.Collection</string>
        </parameterClassNames>
      </methodId>
      <arguments>
        <il.ac.technion.nlp.nli.core.method__call.NonPrimitiveArgument>
          <nonPrimitiveEntityIds class="ofergivoli.olib.data_structures.set.SafeHashSet" serialization="custom">
            <unserializable-parents/>
            <set>
              <default/>
              <int>8</int>
              <float>0.75</float>
              <int>4</int>
              <string>2</string>
              <string>3</string>
              <string>5</string>
              <string>6</string>
            </set>
          </nonPrimitiveEntityIds>
        </il.ac.technion.nlp.nli.core.method__call.NonPrimitiveArgument>
      </arguments>
      <entityIdOfObjectMethodIsInvokeOn>1</entityIdOfObjectMethodIsInvokeOn>
    </il.ac.technion.nlp.nli.core.method__call.MethodCall>
  </entry>
  <entry>
    <string>test-74</string>
    <il.ac.technion.nlp.nli.core.method__call.MethodCall>
      <methodId>
        <declaringClassCanonicalName>il.ac.technion.nlp.nli.dataset1.domains.workforce_management.entities.WorkforceManagementSystem</declaringClassCanonicalName>
        <name>assignEmployeeToNewPosition</name>
        <parameterClassNames>
          <string>il.ac.technion.nlp.nli.dataset1.domains.workforce_management.entities.Employee</string>
          <string>il.ac.technion.nlp.nli.dataset1.domains.workforce_management.entities.Position</string>
        </parameterClassNames>
      </methodId>
      <arguments>
        <il.ac.technion.nlp.nli.core.method__call.NonPrimitiveArgument>
          <nonPrimitiveEntityIds class="ofergivoli.olib.data_structures.set.SafeHashSet" serialization="custom">
            <unserializable-parents/>
            <set>
              <default/>
              <int>2</int>
              <float>0.75</float>
              <int>1</int>
              <string>4</string>
            </set>
          </nonPrimitiveEntityIds>
        </il.ac.technion.nlp.nli.core.method__call.NonPrimitiveArgument>
        <il.ac.technion.nlp.nli.core.method__call.PrimitiveArgument>
          <primitiveEntities class="list">
            <il.ac.technion.nlp.nli.core.state.PrimitiveEntity>
              <value class="il.ac.technion.nlp.nli.dataset1.domains.workforce_management.entities.Position">DEVELOPER</value>
            </il.ac.technion.nlp.nli.core.state.PrimitiveEntity>
          </primitiveEntities>
        </il.ac.technion.nlp.nli.core.method__call.PrimitiveArgument>
      </arguments>
      <entityIdOfObjectMethodIsInvokeOn>1</entityIdOfObjectMethodIsInvokeOn>
    </il.ac.technion.nlp.nli.core.method__call.MethodCall>
  </entry>
  <entry>
    <string>test-513</string>
    <il.ac.technion.nlp.nli.core.method__call.MethodCall>
      <methodId>
        <declaringClassCanonicalName>il.ac.technion.nlp.nli.dataset1.domains.file_manager.entities.FileManager</declaringClassCanonicalName>
        <name>removeFiles</name>
        <parameterClassNames>
          <string>java.util.Collection</string>
        </parameterClassNames>
      </methodId>
      <arguments>
        <il.ac.technion.nlp.nli.core.method__call.NonPrimitiveArgument>
          <nonPrimitiveEntityIds class="ofergivoli.olib.data_structures.set.SafeHashSet" serialization="custom">
            <unserializable-parents/>
            <set>
              <default/>
              <int>2</int>
              <float>0.75</float>
              <int>1</int>
              <string>10</string>
            </set>
          </nonPrimitiveEntityIds>
        </il.ac.technion.nlp.nli.core.method__call.NonPrimitiveArgument>
      </arguments>
      <entityIdOfObjectMethodIsInvokeOn>1</entityIdOfObjectMethodIsInvokeOn>
    </il.ac.technion.nlp.nli.core.method__call.MethodCall>
  </entry>
  <entry>
    <string>test-634</string>
    <il.ac.technion.nlp.nli.core.method__call.MethodCall>
      <methodId>
        <declaringClassCanonicalName>il.ac.technion.nlp.nli.dataset1.domains.lighting_control.entities.LightingControlSystem</declaringClassCanonicalName>
        <name>turnLightOn</name>
        <parameterClassNames>
          <string>java.util.Collection</string>
        </parameterClassNames>
      </methodId>
      <arguments>
        <il.ac.technion.nlp.nli.core.method__call.NonPrimitiveArgument>
          <nonPrimitiveEntityIds class="ofergivoli.olib.data_structures.set.SafeHashSet" serialization="custom">
            <unserializable-parents/>
            <set>
              <default/>
              <int>8</int>
              <float>0.75</float>
              <int>4</int>
              <string>2</string>
              <string>3</string>
              <string>4</string>
              <string>5</string>
            </set>
          </nonPrimitiveEntityIds>
        </il.ac.technion.nlp.nli.core.method__call.NonPrimitiveArgument>
      </arguments>
      <entityIdOfObjectMethodIsInvokeOn>1</entityIdOfObjectMethodIsInvokeOn>
    </il.ac.technion.nlp.nli.core.method__call.MethodCall>
  </entry>
  <entry>
    <string>test-75</string>
    <il.ac.technion.nlp.nli.core.method__call.MethodCall>
      <methodId>
        <declaringClassCanonicalName>il.ac.technion.nlp.nli.dataset1.domains.container_management.entities.ContainerManagementSystem</declaringClassCanonicalName>
        <name>removeContainers</name>
        <parameterClassNames>
          <string>java.util.Collection</string>
        </parameterClassNames>
      </methodId>
      <arguments>
        <il.ac.technion.nlp.nli.core.method__call.NonPrimitiveArgument>
          <nonPrimitiveEntityIds class="ofergivoli.olib.data_structures.set.SafeHashSet" serialization="custom">
            <unserializable-parents/>
            <set>
              <default/>
              <int>8</int>
              <float>0.75</float>
              <int>4</int>
              <string>2</string>
              <string>4</string>
              <string>6</string>
              <string>7</string>
            </set>
          </nonPrimitiveEntityIds>
        </il.ac.technion.nlp.nli.core.method__call.NonPrimitiveArgument>
      </arguments>
      <entityIdOfObjectMethodIsInvokeOn>1</entityIdOfObjectMethodIsInvokeOn>
    </il.ac.technion.nlp.nli.core.method__call.MethodCall>
  </entry>
  <entry>
    <string>test-514</string>
    <il.ac.technion.nlp.nli.core.method__call.MethodCall>
      <methodId>
        <declaringClassCanonicalName>il.ac.technion.nlp.nli.dataset1.domains.container_management.entities.ContainerManagementSystem</declaringClassCanonicalName>
        <name>loadContainers</name>
        <parameterClassNames>
          <string>java.util.Collection</string>
        </parameterClassNames>
      </methodId>
      <arguments>
        <il.ac.technion.nlp.nli.core.method__call.NonPrimitiveArgument>
          <nonPrimitiveEntityIds class="ofergivoli.olib.data_structures.set.SafeHashSet" serialization="custom">
            <unserializable-parents/>
            <set>
              <default/>
              <int>4</int>
              <float>0.75</float>
              <int>3</int>
              <string>4</string>
              <string>8</string>
              <string>7</string>
            </set>
          </nonPrimitiveEntityIds>
        </il.ac.technion.nlp.nli.core.method__call.NonPrimitiveArgument>
      </arguments>
      <entityIdOfObjectMethodIsInvokeOn>1</entityIdOfObjectMethodIsInvokeOn>
    </il.ac.technion.nlp.nli.core.method__call.MethodCall>
  </entry>
  <entry>
    <string>test-635</string>
    <il.ac.technion.nlp.nli.core.method__call.MethodCall>
      <methodId>
        <declaringClassCanonicalName>il.ac.technion.nlp.nli.dataset1.domains.list.entities.SpecialList</declaringClassCanonicalName>
        <name>moveToEnd</name>
        <parameterClassNames>
          <string>il.ac.technion.nlp.nli.dataset1.domains.list.entities.ListElement</string>
        </parameterClassNames>
      </methodId>
      <arguments>
        <il.ac.technion.nlp.nli.core.method__call.NonPrimitiveArgument>
          <nonPrimitiveEntityIds class="ofergivoli.olib.data_structures.set.SafeHashSet" serialization="custom">
            <unserializable-parents/>
            <set>
              <default/>
              <int>2</int>
              <float>0.75</float>
              <int>1</int>
              <string>7</string>
            </set>
          </nonPrimitiveEntityIds>
        </il.ac.technion.nlp.nli.core.method__call.NonPrimitiveArgument>
      </arguments>
      <entityIdOfObjectMethodIsInvokeOn>1</entityIdOfObjectMethodIsInvokeOn>
    </il.ac.technion.nlp.nli.core.method__call.MethodCall>
  </entry>
  <entry>
    <string>test-508</string>
    <il.ac.technion.nlp.nli.core.method__call.MethodCall>
      <methodId>
        <declaringClassCanonicalName>il.ac.technion.nlp.nli.dataset1.domains.lighting_control.entities.LightingControlSystem</declaringClassCanonicalName>
        <name>turnLightOn</name>
        <parameterClassNames>
          <string>java.util.Collection</string>
        </parameterClassNames>
      </methodId>
      <arguments>
        <il.ac.technion.nlp.nli.core.method__call.NonPrimitiveArgument>
          <nonPrimitiveEntityIds class="ofergivoli.olib.data_structures.set.SafeHashSet" serialization="custom">
            <unserializable-parents/>
            <set>
              <default/>
              <int>8</int>
              <float>0.75</float>
              <int>4</int>
              <string>8</string>
              <string>5</string>
              <string>6</string>
              <string>7</string>
            </set>
          </nonPrimitiveEntityIds>
        </il.ac.technion.nlp.nli.core.method__call.NonPrimitiveArgument>
      </arguments>
      <entityIdOfObjectMethodIsInvokeOn>1</entityIdOfObjectMethodIsInvokeOn>
    </il.ac.technion.nlp.nli.core.method__call.MethodCall>
  </entry>
  <entry>
    <string>test-629</string>
    <il.ac.technion.nlp.nli.core.method__call.MethodCall>
      <methodId>
        <declaringClassCanonicalName>il.ac.technion.nlp.nli.dataset1.domains.calendar.entities.Calendar</declaringClassCanonicalName>
        <name>removeEvents</name>
        <parameterClassNames>
          <string>java.util.Collection</string>
        </parameterClassNames>
      </methodId>
      <arguments>
        <il.ac.technion.nlp.nli.core.method__call.NonPrimitiveArgument>
          <nonPrimitiveEntityIds class="ofergivoli.olib.data_structures.set.SafeHashSet" serialization="custom">
            <unserializable-parents/>
            <set>
              <default/>
              <int>8</int>
              <float>0.75</float>
              <int>4</int>
              <string>2</string>
              <string>3</string>
              <string>4</string>
              <string>5</string>
            </set>
          </nonPrimitiveEntityIds>
        </il.ac.technion.nlp.nli.core.method__call.NonPrimitiveArgument>
      </arguments>
      <entityIdOfObjectMethodIsInvokeOn>1</entityIdOfObjectMethodIsInvokeOn>
    </il.ac.technion.nlp.nli.core.method__call.MethodCall>
  </entry>
  <entry>
    <string>test-509</string>
    <il.ac.technion.nlp.nli.core.method__call.MethodCall>
      <methodId>
        <declaringClassCanonicalName>il.ac.technion.nlp.nli.dataset1.domains.calendar.entities.Calendar</declaringClassCanonicalName>
        <name>removeEvents</name>
        <parameterClassNames>
          <string>java.util.Collection</string>
        </parameterClassNames>
      </methodId>
      <arguments>
        <il.ac.technion.nlp.nli.core.method__call.NonPrimitiveArgument>
          <nonPrimitiveEntityIds class="ofergivoli.olib.data_structures.set.SafeHashSet" serialization="custom">
            <unserializable-parents/>
            <set>
              <default/>
              <int>2</int>
              <float>0.75</float>
              <int>1</int>
              <string>4</string>
            </set>
          </nonPrimitiveEntityIds>
        </il.ac.technion.nlp.nli.core.method__call.NonPrimitiveArgument>
      </arguments>
      <entityIdOfObjectMethodIsInvokeOn>1</entityIdOfObjectMethodIsInvokeOn>
    </il.ac.technion.nlp.nli.core.method__call.MethodCall>
  </entry>
  <entry>
    <string>test-506</string>
    <il.ac.technion.nlp.nli.core.method__call.MethodCall>
      <methodId>
        <declaringClassCanonicalName>il.ac.technion.nlp.nli.dataset1.domains.list.entities.SpecialList</declaringClassCanonicalName>
        <name>moveToEnd</name>
        <parameterClassNames>
          <string>il.ac.technion.nlp.nli.dataset1.domains.list.entities.ListElement</string>
        </parameterClassNames>
      </methodId>
      <arguments>
        <il.ac.technion.nlp.nli.core.method__call.NonPrimitiveArgument>
          <nonPrimitiveEntityIds class="ofergivoli.olib.data_structures.set.SafeHashSet" serialization="custom">
            <unserializable-parents/>
            <set>
              <default/>
              <int>2</int>
              <float>0.75</float>
              <int>1</int>
              <string>5</string>
            </set>
          </nonPrimitiveEntityIds>
        </il.ac.technion.nlp.nli.core.method__call.NonPrimitiveArgument>
      </arguments>
      <entityIdOfObjectMethodIsInvokeOn>1</entityIdOfObjectMethodIsInvokeOn>
    </il.ac.technion.nlp.nli.core.method__call.MethodCall>
  </entry>
  <entry>
    <string>test-627</string>
    <il.ac.technion.nlp.nli.core.method__call.MethodCall>
      <methodId>
        <declaringClassCanonicalName>il.ac.technion.nlp.nli.dataset1.domains.lighting_control.entities.LightingControlSystem</declaringClassCanonicalName>
        <name>turnLightOn</name>
        <parameterClassNames>
          <string>java.util.Collection</string>
        </parameterClassNames>
      </methodId>
      <arguments>
        <il.ac.technion.nlp.nli.core.method__call.NonPrimitiveArgument>
          <nonPrimitiveEntityIds class="ofergivoli.olib.data_structures.set.SafeHashSet" serialization="custom">
            <unserializable-parents/>
            <set>
              <default/>
              <int>4</int>
              <float>0.75</float>
              <int>3</int>
              <string>5</string>
              <string>6</string>
              <string>7</string>
            </set>
          </nonPrimitiveEntityIds>
        </il.ac.technion.nlp.nli.core.method__call.NonPrimitiveArgument>
      </arguments>
      <entityIdOfObjectMethodIsInvokeOn>1</entityIdOfObjectMethodIsInvokeOn>
    </il.ac.technion.nlp.nli.core.method__call.MethodCall>
  </entry>
  <entry>
    <string>test-507</string>
    <il.ac.technion.nlp.nli.core.method__call.MethodCall>
      <methodId>
        <declaringClassCanonicalName>il.ac.technion.nlp.nli.dataset1.domains.calendar.entities.Calendar</declaringClassCanonicalName>
        <name>removeEvents</name>
        <parameterClassNames>
          <string>java.util.Collection</string>
        </parameterClassNames>
      </methodId>
      <arguments>
        <il.ac.technion.nlp.nli.core.method__call.NonPrimitiveArgument>
          <nonPrimitiveEntityIds class="ofergivoli.olib.data_structures.set.SafeHashSet" serialization="custom">
            <unserializable-parents/>
            <set>
              <default/>
              <int>4</int>
              <float>0.75</float>
              <int>3</int>
              <string>4</string>
              <string>6</string>
              <string>3</string>
            </set>
          </nonPrimitiveEntityIds>
        </il.ac.technion.nlp.nli.core.method__call.NonPrimitiveArgument>
      </arguments>
      <entityIdOfObjectMethodIsInvokeOn>1</entityIdOfObjectMethodIsInvokeOn>
    </il.ac.technion.nlp.nli.core.method__call.MethodCall>
  </entry>
  <entry>
    <string>test-628</string>
    <il.ac.technion.nlp.nli.core.method__call.MethodCall>
      <methodId>
        <declaringClassCanonicalName>il.ac.technion.nlp.nli.dataset1.domains.lighting_control.entities.LightingControlSystem</declaringClassCanonicalName>
        <name>turnLightOn</name>
        <parameterClassNames>
          <string>java.util.Collection</string>
        </parameterClassNames>
      </methodId>
      <arguments>
        <il.ac.technion.nlp.nli.core.method__call.NonPrimitiveArgument>
          <nonPrimitiveEntityIds class="ofergivoli.olib.data_structures.set.SafeHashSet" serialization="custom">
            <unserializable-parents/>
            <set>
              <default/>
              <int>4</int>
              <float>0.75</float>
              <int>2</int>
              <string>2</string>
              <string>3</string>
            </set>
          </nonPrimitiveEntityIds>
        </il.ac.technion.nlp.nli.core.method__call.NonPrimitiveArgument>
      </arguments>
      <entityIdOfObjectMethodIsInvokeOn>1</entityIdOfObjectMethodIsInvokeOn>
    </il.ac.technion.nlp.nli.core.method__call.MethodCall>
  </entry>
  <entry>
    <string>test-61</string>
    <il.ac.technion.nlp.nli.core.method__call.MethodCall>
      <methodId>
        <declaringClassCanonicalName>il.ac.technion.nlp.nli.dataset1.domains.file_manager.entities.FileManager</declaringClassCanonicalName>
        <name>removeFiles</name>
        <parameterClassNames>
          <string>java.util.Collection</string>
        </parameterClassNames>
      </methodId>
      <arguments>
        <il.ac.technion.nlp.nli.core.method__call.NonPrimitiveArgument>
          <nonPrimitiveEntityIds class="ofergivoli.olib.data_structures.set.SafeHashSet" serialization="custom">
            <unserializable-parents/>
            <set>
              <default/>
              <int>2</int>
              <float>0.75</float>
              <int>1</int>
              <string>5</string>
            </set>
          </nonPrimitiveEntityIds>
        </il.ac.technion.nlp.nli.core.method__call.NonPrimitiveArgument>
      </arguments>
      <entityIdOfObjectMethodIsInvokeOn>1</entityIdOfObjectMethodIsInvokeOn>
    </il.ac.technion.nlp.nli.core.method__call.MethodCall>
  </entry>
  <entry>
    <string>test-62</string>
    <il.ac.technion.nlp.nli.core.method__call.MethodCall>
      <methodId>
        <declaringClassCanonicalName>il.ac.technion.nlp.nli.dataset1.domains.calendar.entities.Calendar</declaringClassCanonicalName>
        <name>setEventColor</name>
        <parameterClassNames>
          <string>java.util.Collection</string>
          <string>il.ac.technion.nlp.nli.core.state.entities.Color</string>
        </parameterClassNames>
      </methodId>
      <arguments>
        <il.ac.technion.nlp.nli.core.method__call.NonPrimitiveArgument>
          <nonPrimitiveEntityIds class="ofergivoli.olib.data_structures.set.SafeHashSet" serialization="custom">
            <unserializable-parents/>
            <set>
              <default/>
              <int>2</int>
              <float>0.75</float>
              <int>1</int>
              <string>3</string>
            </set>
          </nonPrimitiveEntityIds>
        </il.ac.technion.nlp.nli.core.method__call.NonPrimitiveArgument>
        <il.ac.technion.nlp.nli.core.method__call.PrimitiveArgument>
          <primitiveEntities class="list">
            <il.ac.technion.nlp.nli.core.state.PrimitiveEntity>
              <value class="il.ac.technion.nlp.nli.core.state.entities.Color">BLACK</value>
            </il.ac.technion.nlp.nli.core.state.PrimitiveEntity>
          </primitiveEntities>
        </il.ac.technion.nlp.nli.core.method__call.PrimitiveArgument>
      </arguments>
      <entityIdOfObjectMethodIsInvokeOn>1</entityIdOfObjectMethodIsInvokeOn>
    </il.ac.technion.nlp.nli.core.method__call.MethodCall>
  </entry>
  <entry>
    <string>test-60</string>
    <il.ac.technion.nlp.nli.core.method__call.MethodCall>
      <methodId>
        <declaringClassCanonicalName>il.ac.technion.nlp.nli.dataset1.domains.workforce_management.entities.WorkforceManagementSystem</declaringClassCanonicalName>
        <name>assignEmployeeToNewPosition</name>
        <parameterClassNames>
          <string>il.ac.technion.nlp.nli.dataset1.domains.workforce_management.entities.Employee</string>
          <string>il.ac.technion.nlp.nli.dataset1.domains.workforce_management.entities.Position</string>
        </parameterClassNames>
      </methodId>
      <arguments>
        <il.ac.technion.nlp.nli.core.method__call.NonPrimitiveArgument>
          <nonPrimitiveEntityIds class="ofergivoli.olib.data_structures.set.SafeHashSet" serialization="custom">
            <unserializable-parents/>
            <set>
              <default/>
              <int>2</int>
              <float>0.75</float>
              <int>1</int>
              <string>3</string>
            </set>
          </nonPrimitiveEntityIds>
        </il.ac.technion.nlp.nli.core.method__call.NonPrimitiveArgument>
        <il.ac.technion.nlp.nli.core.method__call.PrimitiveArgument>
          <primitiveEntities class="list">
            <il.ac.technion.nlp.nli.core.state.PrimitiveEntity>
              <value class="il.ac.technion.nlp.nli.dataset1.domains.workforce_management.entities.Position">MANAGER</value>
            </il.ac.technion.nlp.nli.core.state.PrimitiveEntity>
          </primitiveEntities>
        </il.ac.technion.nlp.nli.core.method__call.PrimitiveArgument>
      </arguments>
      <entityIdOfObjectMethodIsInvokeOn>1</entityIdOfObjectMethodIsInvokeOn>
    </il.ac.technion.nlp.nli.core.method__call.MethodCall>
  </entry>
  <entry>
    <string>test-640</string>
    <il.ac.technion.nlp.nli.core.method__call.MethodCall>
      <methodId>
        <declaringClassCanonicalName>il.ac.technion.nlp.nli.dataset1.domains.list.entities.SpecialList</declaringClassCanonicalName>
        <name>moveToBeginning</name>
        <parameterClassNames>
          <string>il.ac.technion.nlp.nli.dataset1.domains.list.entities.ListElement</string>
        </parameterClassNames>
      </methodId>
      <arguments>
        <il.ac.technion.nlp.nli.core.method__call.NonPrimitiveArgument>
          <nonPrimitiveEntityIds class="ofergivoli.olib.data_structures.set.SafeHashSet" serialization="custom">
            <unserializable-parents/>
            <set>
              <default/>
              <int>2</int>
              <float>0.75</float>
              <int>1</int>
              <string>5</string>
            </set>
          </nonPrimitiveEntityIds>
        </il.ac.technion.nlp.nli.core.method__call.NonPrimitiveArgument>
      </arguments>
      <entityIdOfObjectMethodIsInvokeOn>1</entityIdOfObjectMethodIsInvokeOn>
    </il.ac.technion.nlp.nli.core.method__call.MethodCall>
  </entry>
  <entry>
    <string>test-69</string>
    <il.ac.technion.nlp.nli.core.method__call.MethodCall>
      <methodId>
        <declaringClassCanonicalName>il.ac.technion.nlp.nli.dataset1.domains.file_manager.entities.FileManager</declaringClassCanonicalName>
        <name>removeFiles</name>
        <parameterClassNames>
          <string>java.util.Collection</string>
        </parameterClassNames>
      </methodId>
      <arguments>
        <il.ac.technion.nlp.nli.core.method__call.NonPrimitiveArgument>
          <nonPrimitiveEntityIds class="ofergivoli.olib.data_structures.set.SafeHashSet" serialization="custom">
            <unserializable-parents/>
            <set>
              <default/>
              <int>2</int>
              <float>0.75</float>
              <int>1</int>
              <string>4</string>
            </set>
          </nonPrimitiveEntityIds>
        </il.ac.technion.nlp.nli.core.method__call.NonPrimitiveArgument>
      </arguments>
      <entityIdOfObjectMethodIsInvokeOn>1</entityIdOfObjectMethodIsInvokeOn>
    </il.ac.technion.nlp.nli.core.method__call.MethodCall>
  </entry>
  <entry>
    <string>test-401</string>
    <il.ac.technion.nlp.nli.core.method__call.MethodCall>
      <methodId>
        <declaringClassCanonicalName>il.ac.technion.nlp.nli.dataset1.domains.calendar.entities.Calendar</declaringClassCanonicalName>
        <name>removeEvents</name>
        <parameterClassNames>
          <string>java.util.Collection</string>
        </parameterClassNames>
      </methodId>
      <arguments>
        <il.ac.technion.nlp.nli.core.method__call.NonPrimitiveArgument>
          <nonPrimitiveEntityIds class="ofergivoli.olib.data_structures.set.SafeHashSet" serialization="custom">
            <unserializable-parents/>
            <set>
              <default/>
              <int>8</int>
              <float>0.75</float>
              <int>4</int>
              <string>2</string>
              <string>3</string>
              <string>4</string>
              <string>6</string>
            </set>
          </nonPrimitiveEntityIds>
        </il.ac.technion.nlp.nli.core.method__call.NonPrimitiveArgument>
      </arguments>
      <entityIdOfObjectMethodIsInvokeOn>1</entityIdOfObjectMethodIsInvokeOn>
    </il.ac.technion.nlp.nli.core.method__call.MethodCall>
  </entry>
  <entry>
    <string>test-522</string>
    <il.ac.technion.nlp.nli.core.method__call.MethodCall>
      <methodId>
        <declaringClassCanonicalName>il.ac.technion.nlp.nli.dataset1.domains.lighting_control.entities.LightingControlSystem</declaringClassCanonicalName>
        <name>turnLightOn</name>
        <parameterClassNames>
          <string>java.util.Collection</string>
        </parameterClassNames>
      </methodId>
      <arguments>
        <il.ac.technion.nlp.nli.core.method__call.NonPrimitiveArgument>
          <nonPrimitiveEntityIds class="ofergivoli.olib.data_structures.set.SafeHashSet" serialization="custom">
            <unserializable-parents/>
            <set>
              <default/>
              <int>4</int>
              <float>0.75</float>
              <int>2</int>
              <string>2</string>
              <string>7</string>
            </set>
          </nonPrimitiveEntityIds>
        </il.ac.technion.nlp.nli.core.method__call.NonPrimitiveArgument>
      </arguments>
      <entityIdOfObjectMethodIsInvokeOn>1</entityIdOfObjectMethodIsInvokeOn>
    </il.ac.technion.nlp.nli.core.method__call.MethodCall>
  </entry>
  <entry>
    <string>test-643</string>
    <il.ac.technion.nlp.nli.core.method__call.MethodCall>
      <methodId>
        <declaringClassCanonicalName>il.ac.technion.nlp.nli.dataset1.domains.list.entities.SpecialList</declaringClassCanonicalName>
        <name>remove</name>
        <parameterClassNames>
          <string>java.util.Collection</string>
        </parameterClassNames>
      </methodId>
      <arguments>
        <il.ac.technion.nlp.nli.core.method__call.NonPrimitiveArgument>
          <nonPrimitiveEntityIds class="ofergivoli.olib.data_structures.set.SafeHashSet" serialization="custom">
            <unserializable-parents/>
            <set>
              <default/>
              <int>2</int>
              <float>0.75</float>
              <int>1</int>
              <string>5</string>
            </set>
          </nonPrimitiveEntityIds>
        </il.ac.technion.nlp.nli.core.method__call.NonPrimitiveArgument>
      </arguments>
      <entityIdOfObjectMethodIsInvokeOn>1</entityIdOfObjectMethodIsInvokeOn>
    </il.ac.technion.nlp.nli.core.method__call.MethodCall>
  </entry>
  <entry>
    <string>test-402</string>
    <il.ac.technion.nlp.nli.core.method__call.MethodCall>
      <methodId>
        <declaringClassCanonicalName>il.ac.technion.nlp.nli.dataset1.domains.lighting_control.entities.LightingControlSystem</declaringClassCanonicalName>
        <name>turnLightOn</name>
        <parameterClassNames>
          <string>java.util.Collection</string>
        </parameterClassNames>
      </methodId>
      <arguments>
        <il.ac.technion.nlp.nli.core.method__call.NonPrimitiveArgument>
          <nonPrimitiveEntityIds class="ofergivoli.olib.data_structures.set.SafeHashSet" serialization="custom">
            <unserializable-parents/>
            <set>
              <default/>
              <int>4</int>
              <float>0.75</float>
              <int>2</int>
              <string>9</string>
              <string>10</string>
            </set>
          </nonPrimitiveEntityIds>
        </il.ac.technion.nlp.nli.core.method__call.NonPrimitiveArgument>
      </arguments>
      <entityIdOfObjectMethodIsInvokeOn>1</entityIdOfObjectMethodIsInvokeOn>
    </il.ac.technion.nlp.nli.core.method__call.MethodCall>
  </entry>
  <entry>
    <string>test-523</string>
    <il.ac.technion.nlp.nli.core.method__call.MethodCall>
      <methodId>
        <declaringClassCanonicalName>il.ac.technion.nlp.nli.dataset1.domains.container_management.entities.ContainerManagementSystem</declaringClassCanonicalName>
        <name>removeContainers</name>
        <parameterClassNames>
          <string>java.util.Collection</string>
        </parameterClassNames>
      </methodId>
      <arguments>
        <il.ac.technion.nlp.nli.core.method__call.NonPrimitiveArgument>
          <nonPrimitiveEntityIds class="ofergivoli.olib.data_structures.set.SafeHashSet" serialization="custom">
            <unserializable-parents/>
            <set>
              <default/>
              <int>4</int>
              <float>0.75</float>
              <int>2</int>
              <string>4</string>
              <string>3</string>
            </set>
          </nonPrimitiveEntityIds>
        </il.ac.technion.nlp.nli.core.method__call.NonPrimitiveArgument>
      </arguments>
      <entityIdOfObjectMethodIsInvokeOn>1</entityIdOfObjectMethodIsInvokeOn>
    </il.ac.technion.nlp.nli.core.method__call.MethodCall>
  </entry>
  <entry>
    <string>test-644</string>
    <il.ac.technion.nlp.nli.core.method__call.MethodCall>
      <methodId>
        <declaringClassCanonicalName>il.ac.technion.nlp.nli.dataset1.domains.messenger.Messenger</declaringClassCanonicalName>
        <name>muteChatGroups</name>
        <parameterClassNames>
          <string>java.util.Collection</string>
        </parameterClassNames>
      </methodId>
      <arguments>
        <il.ac.technion.nlp.nli.core.method__call.NonPrimitiveArgument>
          <nonPrimitiveEntityIds class="ofergivoli.olib.data_structures.set.SafeHashSet" serialization="custom">
            <unserializable-parents/>
            <set>
              <default/>
              <int>2</int>
              <float>0.75</float>
              <int>1</int>
              <string>10</string>
            </set>
          </nonPrimitiveEntityIds>
        </il.ac.technion.nlp.nli.core.method__call.NonPrimitiveArgument>
      </arguments>
      <entityIdOfObjectMethodIsInvokeOn>1</entityIdOfObjectMethodIsInvokeOn>
    </il.ac.technion.nlp.nli.core.method__call.MethodCall>
  </entry>
  <entry>
    <string>test-67</string>
    <il.ac.technion.nlp.nli.core.method__call.MethodCall>
      <methodId>
        <declaringClassCanonicalName>il.ac.technion.nlp.nli.dataset1.domains.container_management.entities.ContainerManagementSystem</declaringClassCanonicalName>
        <name>loadContainers</name>
        <parameterClassNames>
          <string>java.util.Collection</string>
        </parameterClassNames>
      </methodId>
      <arguments>
        <il.ac.technion.nlp.nli.core.method__call.NonPrimitiveArgument>
          <nonPrimitiveEntityIds class="ofergivoli.olib.data_structures.set.SafeHashSet" serialization="custom">
            <unserializable-parents/>
            <set>
              <default/>
              <int>4</int>
              <float>0.75</float>
              <int>3</int>
              <string>4</string>
              <string>6</string>
              <string>3</string>
            </set>
          </nonPrimitiveEntityIds>
        </il.ac.technion.nlp.nli.core.method__call.NonPrimitiveArgument>
      </arguments>
      <entityIdOfObjectMethodIsInvokeOn>1</entityIdOfObjectMethodIsInvokeOn>
    </il.ac.technion.nlp.nli.core.method__call.MethodCall>
  </entry>
  <entry>
    <string>test-520</string>
    <il.ac.technion.nlp.nli.core.method__call.MethodCall>
      <methodId>
        <declaringClassCanonicalName>il.ac.technion.nlp.nli.dataset1.domains.lighting_control.entities.LightingControlSystem</declaringClassCanonicalName>
        <name>turnLightOn</name>
        <parameterClassNames>
          <string>java.util.Collection</string>
        </parameterClassNames>
      </methodId>
      <arguments>
        <il.ac.technion.nlp.nli.core.method__call.NonPrimitiveArgument>
          <nonPrimitiveEntityIds class="ofergivoli.olib.data_structures.set.SafeHashSet" serialization="custom">
            <unserializable-parents/>
            <set>
              <default/>
              <int>8</int>
              <float>0.75</float>
              <int>4</int>
              <string>13</string>
              <string>3</string>
              <string>4</string>
              <string>5</string>
            </set>
          </nonPrimitiveEntityIds>
        </il.ac.technion.nlp.nli.core.method__call.NonPrimitiveArgument>
      </arguments>
      <entityIdOfObjectMethodIsInvokeOn>1</entityIdOfObjectMethodIsInvokeOn>
    </il.ac.technion.nlp.nli.core.method__call.MethodCall>
  </entry>
  <entry>
    <string>test-641</string>
    <il.ac.technion.nlp.nli.core.method__call.MethodCall>
      <methodId>
        <declaringClassCanonicalName>il.ac.technion.nlp.nli.dataset1.domains.workforce_management.entities.WorkforceManagementSystem</declaringClassCanonicalName>
        <name>updateSalary</name>
        <parameterClassNames>
          <string>il.ac.technion.nlp.nli.dataset1.domains.workforce_management.entities.Employee</string>
          <string>int</string>
        </parameterClassNames>
      </methodId>
      <arguments>
        <il.ac.technion.nlp.nli.core.method__call.NonPrimitiveArgument>
          <nonPrimitiveEntityIds class="ofergivoli.olib.data_structures.set.SafeHashSet" serialization="custom">
            <unserializable-parents/>
            <set>
              <default/>
              <int>2</int>
              <float>0.75</float>
              <int>1</int>
              <string>4</string>
            </set>
          </nonPrimitiveEntityIds>
        </il.ac.technion.nlp.nli.core.method__call.NonPrimitiveArgument>
        <il.ac.technion.nlp.nli.core.method__call.PrimitiveArgument>
          <primitiveEntities class="list">
            <il.ac.technion.nlp.nli.core.state.PrimitiveEntity>
              <value class="int">95957</value>
            </il.ac.technion.nlp.nli.core.state.PrimitiveEntity>
          </primitiveEntities>
        </il.ac.technion.nlp.nli.core.method__call.PrimitiveArgument>
      </arguments>
      <entityIdOfObjectMethodIsInvokeOn>1</entityIdOfObjectMethodIsInvokeOn>
    </il.ac.technion.nlp.nli.core.method__call.MethodCall>
  </entry>
  <entry>
    <string>test-68</string>
    <il.ac.technion.nlp.nli.core.method__call.MethodCall>
      <methodId>
        <declaringClassCanonicalName>il.ac.technion.nlp.nli.dataset1.domains.workforce_management.entities.WorkforceManagementSystem</declaringClassCanonicalName>
        <name>assignEmployeesToNewManager</name>
        <parameterClassNames>
          <string>java.util.Collection</string>
          <string>il.ac.technion.nlp.nli.dataset1.domains.workforce_management.entities.Employee</string>
        </parameterClassNames>
      </methodId>
      <arguments>
        <il.ac.technion.nlp.nli.core.method__call.NonPrimitiveArgument>
          <nonPrimitiveEntityIds class="ofergivoli.olib.data_structures.set.SafeHashSet" serialization="custom">
            <unserializable-parents/>
            <set>
              <default/>
              <int>4</int>
              <float>0.75</float>
              <int>2</int>
              <string>4</string>
              <string>2</string>
            </set>
          </nonPrimitiveEntityIds>
        </il.ac.technion.nlp.nli.core.method__call.NonPrimitiveArgument>
        <il.ac.technion.nlp.nli.core.method__call.NonPrimitiveArgument>
          <nonPrimitiveEntityIds class="ofergivoli.olib.data_structures.set.SafeHashSet" serialization="custom">
            <unserializable-parents/>
            <set>
              <default/>
              <int>2</int>
              <float>0.75</float>
              <int>1</int>
              <string>6</string>
            </set>
          </nonPrimitiveEntityIds>
        </il.ac.technion.nlp.nli.core.method__call.NonPrimitiveArgument>
      </arguments>
      <entityIdOfObjectMethodIsInvokeOn>1</entityIdOfObjectMethodIsInvokeOn>
    </il.ac.technion.nlp.nli.core.method__call.MethodCall>
  </entry>
  <entry>
    <string>test-400</string>
    <il.ac.technion.nlp.nli.core.method__call.MethodCall>
      <methodId>
        <declaringClassCanonicalName>il.ac.technion.nlp.nli.dataset1.domains.file_manager.entities.FileManager</declaringClassCanonicalName>
        <name>removeFiles</name>
        <parameterClassNames>
          <string>java.util.Collection</string>
        </parameterClassNames>
      </methodId>
      <arguments>
        <il.ac.technion.nlp.nli.core.method__call.NonPrimitiveArgument>
          <nonPrimitiveEntityIds class="ofergivoli.olib.data_structures.set.SafeHashSet" serialization="custom">
            <unserializable-parents/>
            <set>
              <default/>
              <int>8</int>
              <float>0.75</float>
              <int>4</int>
              <string>11</string>
              <string>9</string>
              <string>4</string>
              <string>10</string>
            </set>
          </nonPrimitiveEntityIds>
        </il.ac.technion.nlp.nli.core.method__call.NonPrimitiveArgument>
      </arguments>
      <entityIdOfObjectMethodIsInvokeOn>1</entityIdOfObjectMethodIsInvokeOn>
    </il.ac.technion.nlp.nli.core.method__call.MethodCall>
  </entry>
  <entry>
    <string>test-521</string>
    <il.ac.technion.nlp.nli.core.method__call.MethodCall>
      <methodId>
        <declaringClassCanonicalName>il.ac.technion.nlp.nli.dataset1.domains.messenger.Messenger</declaringClassCanonicalName>
        <name>unmuteChatGroups</name>
        <parameterClassNames>
          <string>java.util.Collection</string>
        </parameterClassNames>
      </methodId>
      <arguments>
        <il.ac.technion.nlp.nli.core.method__call.NonPrimitiveArgument>
          <nonPrimitiveEntityIds class="ofergivoli.olib.data_structures.set.SafeHashSet" serialization="custom">
            <unserializable-parents/>
            <set>
              <default/>
              <int>2</int>
              <float>0.75</float>
              <int>1</int>
              <string>11</string>
            </set>
          </nonPrimitiveEntityIds>
        </il.ac.technion.nlp.nli.core.method__call.NonPrimitiveArgument>
      </arguments>
      <entityIdOfObjectMethodIsInvokeOn>1</entityIdOfObjectMethodIsInvokeOn>
    </il.ac.technion.nlp.nli.core.method__call.MethodCall>
  </entry>
  <entry>
    <string>test-642</string>
    <il.ac.technion.nlp.nli.core.method__call.MethodCall>
      <methodId>
        <declaringClassCanonicalName>il.ac.technion.nlp.nli.dataset1.domains.workforce_management.entities.WorkforceManagementSystem</declaringClassCanonicalName>
        <name>fireEmployees</name>
        <parameterClassNames>
          <string>java.util.Collection</string>
        </parameterClassNames>
      </methodId>
      <arguments>
        <il.ac.technion.nlp.nli.core.method__call.NonPrimitiveArgument>
          <nonPrimitiveEntityIds class="ofergivoli.olib.data_structures.set.SafeHashSet" serialization="custom">
            <unserializable-parents/>
            <set>
              <default/>
              <int>2</int>
              <float>0.75</float>
              <int>1</int>
              <string>2</string>
            </set>
          </nonPrimitiveEntityIds>
        </il.ac.technion.nlp.nli.core.method__call.NonPrimitiveArgument>
      </arguments>
      <entityIdOfObjectMethodIsInvokeOn>1</entityIdOfObjectMethodIsInvokeOn>
    </il.ac.technion.nlp.nli.core.method__call.MethodCall>
  </entry>
  <entry>
    <string>test-65</string>
    <il.ac.technion.nlp.nli.core.method__call.MethodCall>
      <methodId>
        <declaringClassCanonicalName>il.ac.technion.nlp.nli.dataset1.domains.container_management.entities.ContainerManagementSystem</declaringClassCanonicalName>
        <name>removeContainers</name>
        <parameterClassNames>
          <string>java.util.Collection</string>
        </parameterClassNames>
      </methodId>
      <arguments>
        <il.ac.technion.nlp.nli.core.method__call.NonPrimitiveArgument>
          <nonPrimitiveEntityIds class="ofergivoli.olib.data_structures.set.SafeHashSet" serialization="custom">
            <unserializable-parents/>
            <set>
              <default/>
              <int>4</int>
              <float>0.75</float>
              <int>2</int>
              <string>5</string>
              <string>2</string>
            </set>
          </nonPrimitiveEntityIds>
        </il.ac.technion.nlp.nli.core.method__call.NonPrimitiveArgument>
      </arguments>
      <entityIdOfObjectMethodIsInvokeOn>1</entityIdOfObjectMethodIsInvokeOn>
    </il.ac.technion.nlp.nli.core.method__call.MethodCall>
  </entry>
  <entry>
    <string>test-405</string>
    <il.ac.technion.nlp.nli.core.method__call.MethodCall>
      <methodId>
        <declaringClassCanonicalName>il.ac.technion.nlp.nli.dataset1.domains.workforce_management.entities.WorkforceManagementSystem</declaringClassCanonicalName>
        <name>fireEmployees</name>
        <parameterClassNames>
          <string>java.util.Collection</string>
        </parameterClassNames>
      </methodId>
      <arguments>
        <il.ac.technion.nlp.nli.core.method__call.NonPrimitiveArgument>
          <nonPrimitiveEntityIds class="ofergivoli.olib.data_structures.set.SafeHashSet" serialization="custom">
            <unserializable-parents/>
            <set>
              <default/>
              <int>4</int>
              <float>0.75</float>
              <int>2</int>
              <string>2</string>
              <string>3</string>
            </set>
          </nonPrimitiveEntityIds>
        </il.ac.technion.nlp.nli.core.method__call.NonPrimitiveArgument>
      </arguments>
      <entityIdOfObjectMethodIsInvokeOn>1</entityIdOfObjectMethodIsInvokeOn>
    </il.ac.technion.nlp.nli.core.method__call.MethodCall>
  </entry>
  <entry>
    <string>test-526</string>
    <il.ac.technion.nlp.nli.core.method__call.MethodCall>
      <methodId>
        <declaringClassCanonicalName>il.ac.technion.nlp.nli.dataset1.domains.messenger.Messenger</declaringClassCanonicalName>
        <name>createChatGroup</name>
        <parameterClassNames>
          <string>java.util.Collection</string>
        </parameterClassNames>
      </methodId>
      <arguments>
        <il.ac.technion.nlp.nli.core.method__call.NonPrimitiveArgument>
          <nonPrimitiveEntityIds class="ofergivoli.olib.data_structures.set.SafeHashSet" serialization="custom">
            <unserializable-parents/>
            <set>
              <default/>
              <int>4</int>
              <float>0.75</float>
              <int>3</int>
              <string>4</string>
              <string>5</string>
              <string>2</string>
            </set>
          </nonPrimitiveEntityIds>
        </il.ac.technion.nlp.nli.core.method__call.NonPrimitiveArgument>
      </arguments>
      <entityIdOfObjectMethodIsInvokeOn>1</entityIdOfObjectMethodIsInvokeOn>
    </il.ac.technion.nlp.nli.core.method__call.MethodCall>
  </entry>
  <entry>
    <string>test-647</string>
    <il.ac.technion.nlp.nli.core.method__call.MethodCall>
      <methodId>
        <declaringClassCanonicalName>il.ac.technion.nlp.nli.dataset1.domains.list.entities.SpecialList</declaringClassCanonicalName>
        <name>moveToBeginning</name>
        <parameterClassNames>
          <string>il.ac.technion.nlp.nli.dataset1.domains.list.entities.ListElement</string>
        </parameterClassNames>
      </methodId>
      <arguments>
        <il.ac.technion.nlp.nli.core.method__call.NonPrimitiveArgument>
          <nonPrimitiveEntityIds class="ofergivoli.olib.data_structures.set.SafeHashSet" serialization="custom">
            <unserializable-parents/>
            <set>
              <default/>
              <int>2</int>
              <float>0.75</float>
              <int>1</int>
              <string>5</string>
            </set>
          </nonPrimitiveEntityIds>
        </il.ac.technion.nlp.nli.core.method__call.NonPrimitiveArgument>
      </arguments>
      <entityIdOfObjectMethodIsInvokeOn>1</entityIdOfObjectMethodIsInvokeOn>
    </il.ac.technion.nlp.nli.core.method__call.MethodCall>
  </entry>
  <entry>
    <string>test-66</string>
    <il.ac.technion.nlp.nli.core.method__call.MethodCall>
      <methodId>
        <declaringClassCanonicalName>il.ac.technion.nlp.nli.dataset1.domains.workforce_management.entities.WorkforceManagementSystem</declaringClassCanonicalName>
        <name>updateSalary</name>
        <parameterClassNames>
          <string>il.ac.technion.nlp.nli.dataset1.domains.workforce_management.entities.Employee</string>
          <string>int</string>
        </parameterClassNames>
      </methodId>
      <arguments>
        <il.ac.technion.nlp.nli.core.method__call.NonPrimitiveArgument>
          <nonPrimitiveEntityIds class="ofergivoli.olib.data_structures.set.SafeHashSet" serialization="custom">
            <unserializable-parents/>
            <set>
              <default/>
              <int>2</int>
              <float>0.75</float>
              <int>1</int>
              <string>5</string>
            </set>
          </nonPrimitiveEntityIds>
        </il.ac.technion.nlp.nli.core.method__call.NonPrimitiveArgument>
        <il.ac.technion.nlp.nli.core.method__call.PrimitiveArgument>
          <primitiveEntities class="list">
            <il.ac.technion.nlp.nli.core.state.PrimitiveEntity>
              <value class="int">60689</value>
            </il.ac.technion.nlp.nli.core.state.PrimitiveEntity>
          </primitiveEntities>
        </il.ac.technion.nlp.nli.core.method__call.PrimitiveArgument>
      </arguments>
      <entityIdOfObjectMethodIsInvokeOn>1</entityIdOfObjectMethodIsInvokeOn>
    </il.ac.technion.nlp.nli.core.method__call.MethodCall>
  </entry>
  <entry>
    <string>test-406</string>
    <il.ac.technion.nlp.nli.core.method__call.MethodCall>
      <methodId>
        <declaringClassCanonicalName>il.ac.technion.nlp.nli.dataset1.domains.container_management.entities.ContainerManagementSystem</declaringClassCanonicalName>
        <name>loadContainers</name>
        <parameterClassNames>
          <string>java.util.Collection</string>
        </parameterClassNames>
      </methodId>
      <arguments>
        <il.ac.technion.nlp.nli.core.method__call.NonPrimitiveArgument>
          <nonPrimitiveEntityIds class="ofergivoli.olib.data_structures.set.SafeHashSet" serialization="custom">
            <unserializable-parents/>
            <set>
              <default/>
              <int>4</int>
              <float>0.75</float>
              <int>2</int>
              <string>2</string>
              <string>3</string>
            </set>
          </nonPrimitiveEntityIds>
        </il.ac.technion.nlp.nli.core.method__call.NonPrimitiveArgument>
      </arguments>
      <entityIdOfObjectMethodIsInvokeOn>1</entityIdOfObjectMethodIsInvokeOn>
    </il.ac.technion.nlp.nli.core.method__call.MethodCall>
  </entry>
  <entry>
    <string>test-527</string>
    <il.ac.technion.nlp.nli.core.method__call.MethodCall>
      <methodId>
        <declaringClassCanonicalName>il.ac.technion.nlp.nli.dataset1.domains.file_manager.entities.FileManager</declaringClassCanonicalName>
        <name>removeFiles</name>
        <parameterClassNames>
          <string>java.util.Collection</string>
        </parameterClassNames>
      </methodId>
      <arguments>
        <il.ac.technion.nlp.nli.core.method__call.NonPrimitiveArgument>
          <nonPrimitiveEntityIds class="ofergivoli.olib.data_structures.set.SafeHashSet" serialization="custom">
            <unserializable-parents/>
            <set>
              <default/>
              <int>4</int>
              <float>0.75</float>
              <int>2</int>
              <string>4</string>
              <string>9</string>
            </set>
          </nonPrimitiveEntityIds>
        </il.ac.technion.nlp.nli.core.method__call.NonPrimitiveArgument>
      </arguments>
      <entityIdOfObjectMethodIsInvokeOn>1</entityIdOfObjectMethodIsInvokeOn>
    </il.ac.technion.nlp.nli.core.method__call.MethodCall>
  </entry>
  <entry>
    <string>test-648</string>
    <il.ac.technion.nlp.nli.core.method__call.MethodCall>
      <methodId>
        <declaringClassCanonicalName>il.ac.technion.nlp.nli.dataset1.domains.calendar.entities.Calendar</declaringClassCanonicalName>
        <name>setEventColor</name>
        <parameterClassNames>
          <string>java.util.Collection</string>
          <string>il.ac.technion.nlp.nli.core.state.entities.Color</string>
        </parameterClassNames>
      </methodId>
      <arguments>
        <il.ac.technion.nlp.nli.core.method__call.NonPrimitiveArgument>
          <nonPrimitiveEntityIds class="ofergivoli.olib.data_structures.set.SafeHashSet" serialization="custom">
            <unserializable-parents/>
            <set>
              <default/>
              <int>2</int>
              <float>0.75</float>
              <int>1</int>
              <string>2</string>
            </set>
          </nonPrimitiveEntityIds>
        </il.ac.technion.nlp.nli.core.method__call.NonPrimitiveArgument>
        <il.ac.technion.nlp.nli.core.method__call.PrimitiveArgument>
          <primitiveEntities class="list">
            <il.ac.technion.nlp.nli.core.state.PrimitiveEntity>
              <value class="il.ac.technion.nlp.nli.core.state.entities.Color">BLACK</value>
            </il.ac.technion.nlp.nli.core.state.PrimitiveEntity>
          </primitiveEntities>
        </il.ac.technion.nlp.nli.core.method__call.PrimitiveArgument>
      </arguments>
      <entityIdOfObjectMethodIsInvokeOn>1</entityIdOfObjectMethodIsInvokeOn>
    </il.ac.technion.nlp.nli.core.method__call.MethodCall>
  </entry>
  <entry>
    <string>test-63</string>
    <il.ac.technion.nlp.nli.core.method__call.MethodCall>
      <methodId>
        <declaringClassCanonicalName>il.ac.technion.nlp.nli.dataset1.domains.list.entities.SpecialList</declaringClassCanonicalName>
        <name>moveToEnd</name>
        <parameterClassNames>
          <string>il.ac.technion.nlp.nli.dataset1.domains.list.entities.ListElement</string>
        </parameterClassNames>
      </methodId>
      <arguments>
        <il.ac.technion.nlp.nli.core.method__call.NonPrimitiveArgument>
          <nonPrimitiveEntityIds class="ofergivoli.olib.data_structures.set.SafeHashSet" serialization="custom">
            <unserializable-parents/>
            <set>
              <default/>
              <int>2</int>
              <float>0.75</float>
              <int>1</int>
              <string>5</string>
            </set>
          </nonPrimitiveEntityIds>
        </il.ac.technion.nlp.nli.core.method__call.NonPrimitiveArgument>
      </arguments>
      <entityIdOfObjectMethodIsInvokeOn>1</entityIdOfObjectMethodIsInvokeOn>
    </il.ac.technion.nlp.nli.core.method__call.MethodCall>
  </entry>
  <entry>
    <string>test-403</string>
    <il.ac.technion.nlp.nli.core.method__call.MethodCall>
      <methodId>
        <declaringClassCanonicalName>il.ac.technion.nlp.nli.dataset1.domains.lighting_control.entities.LightingControlSystem</declaringClassCanonicalName>
        <name>turnLightOff</name>
        <parameterClassNames>
          <string>java.util.Collection</string>
        </parameterClassNames>
      </methodId>
      <arguments>
        <il.ac.technion.nlp.nli.core.method__call.NonPrimitiveArgument>
          <nonPrimitiveEntityIds class="ofergivoli.olib.data_structures.set.SafeHashSet" serialization="custom">
            <unserializable-parents/>
            <set>
              <default/>
              <int>4</int>
              <float>0.75</float>
              <int>2</int>
              <string>2</string>
              <string>3</string>
            </set>
          </nonPrimitiveEntityIds>
        </il.ac.technion.nlp.nli.core.method__call.NonPrimitiveArgument>
      </arguments>
      <entityIdOfObjectMethodIsInvokeOn>1</entityIdOfObjectMethodIsInvokeOn>
    </il.ac.technion.nlp.nli.core.method__call.MethodCall>
  </entry>
  <entry>
    <string>test-524</string>
    <il.ac.technion.nlp.nli.core.method__call.MethodCall>
      <methodId>
        <declaringClassCanonicalName>il.ac.technion.nlp.nli.dataset1.domains.messenger.Messenger</declaringClassCanonicalName>
        <name>unmuteChatGroups</name>
        <parameterClassNames>
          <string>java.util.Collection</string>
        </parameterClassNames>
      </methodId>
      <arguments>
        <il.ac.technion.nlp.nli.core.method__call.NonPrimitiveArgument>
          <nonPrimitiveEntityIds class="ofergivoli.olib.data_structures.set.SafeHashSet" serialization="custom">
            <unserializable-parents/>
            <set>
              <default/>
              <int>4</int>
              <float>0.75</float>
              <int>3</int>
              <string>11</string>
              <string>12</string>
              <string>10</string>
            </set>
          </nonPrimitiveEntityIds>
        </il.ac.technion.nlp.nli.core.method__call.NonPrimitiveArgument>
      </arguments>
      <entityIdOfObjectMethodIsInvokeOn>1</entityIdOfObjectMethodIsInvokeOn>
    </il.ac.technion.nlp.nli.core.method__call.MethodCall>
  </entry>
  <entry>
    <string>test-645</string>
    <il.ac.technion.nlp.nli.core.method__call.MethodCall>
      <methodId>
        <declaringClassCanonicalName>il.ac.technion.nlp.nli.dataset1.domains.list.entities.SpecialList</declaringClassCanonicalName>
        <name>moveToEnd</name>
        <parameterClassNames>
          <string>il.ac.technion.nlp.nli.dataset1.domains.list.entities.ListElement</string>
        </parameterClassNames>
      </methodId>
      <arguments>
        <il.ac.technion.nlp.nli.core.method__call.NonPrimitiveArgument>
          <nonPrimitiveEntityIds class="ofergivoli.olib.data_structures.set.SafeHashSet" serialization="custom">
            <unserializable-parents/>
            <set>
              <default/>
              <int>2</int>
              <float>0.75</float>
              <int>1</int>
              <string>7</string>
            </set>
          </nonPrimitiveEntityIds>
        </il.ac.technion.nlp.nli.core.method__call.NonPrimitiveArgument>
      </arguments>
      <entityIdOfObjectMethodIsInvokeOn>1</entityIdOfObjectMethodIsInvokeOn>
    </il.ac.technion.nlp.nli.core.method__call.MethodCall>
  </entry>
  <entry>
    <string>test-64</string>
    <il.ac.technion.nlp.nli.core.method__call.MethodCall>
      <methodId>
        <declaringClassCanonicalName>il.ac.technion.nlp.nli.dataset1.domains.messenger.Messenger</declaringClassCanonicalName>
        <name>createChatGroup</name>
        <parameterClassNames>
          <string>java.util.Collection</string>
        </parameterClassNames>
      </methodId>
      <arguments>
        <il.ac.technion.nlp.nli.core.method__call.NonPrimitiveArgument>
          <nonPrimitiveEntityIds class="ofergivoli.olib.data_structures.set.SafeHashSet" serialization="custom">
            <unserializable-parents/>
            <set>
              <default/>
              <int>4</int>
              <float>0.75</float>
              <int>3</int>
              <string>8</string>
              <string>6</string>
              <string>3</string>
            </set>
          </nonPrimitiveEntityIds>
        </il.ac.technion.nlp.nli.core.method__call.NonPrimitiveArgument>
      </arguments>
      <entityIdOfObjectMethodIsInvokeOn>1</entityIdOfObjectMethodIsInvokeOn>
    </il.ac.technion.nlp.nli.core.method__call.MethodCall>
  </entry>
  <entry>
    <string>test-404</string>
    <il.ac.technion.nlp.nli.core.method__call.MethodCall>
      <methodId>
        <declaringClassCanonicalName>il.ac.technion.nlp.nli.dataset1.domains.workforce_management.entities.WorkforceManagementSystem</declaringClassCanonicalName>
        <name>updateSalary</name>
        <parameterClassNames>
          <string>il.ac.technion.nlp.nli.dataset1.domains.workforce_management.entities.Employee</string>
          <string>int</string>
        </parameterClassNames>
      </methodId>
      <arguments>
        <il.ac.technion.nlp.nli.core.method__call.NonPrimitiveArgument>
          <nonPrimitiveEntityIds class="ofergivoli.olib.data_structures.set.SafeHashSet" serialization="custom">
            <unserializable-parents/>
            <set>
              <default/>
              <int>2</int>
              <float>0.75</float>
              <int>1</int>
              <string>4</string>
            </set>
          </nonPrimitiveEntityIds>
        </il.ac.technion.nlp.nli.core.method__call.NonPrimitiveArgument>
        <il.ac.technion.nlp.nli.core.method__call.PrimitiveArgument>
          <primitiveEntities class="list">
            <il.ac.technion.nlp.nli.core.state.PrimitiveEntity>
              <value class="int">83846</value>
            </il.ac.technion.nlp.nli.core.state.PrimitiveEntity>
          </primitiveEntities>
        </il.ac.technion.nlp.nli.core.method__call.PrimitiveArgument>
      </arguments>
      <entityIdOfObjectMethodIsInvokeOn>1</entityIdOfObjectMethodIsInvokeOn>
    </il.ac.technion.nlp.nli.core.method__call.MethodCall>
  </entry>
  <entry>
    <string>test-525</string>
    <il.ac.technion.nlp.nli.core.method__call.MethodCall>
      <methodId>
        <declaringClassCanonicalName>il.ac.technion.nlp.nli.dataset1.domains.lighting_control.entities.LightingControlSystem</declaringClassCanonicalName>
        <name>turnLightOn</name>
        <parameterClassNames>
          <string>java.util.Collection</string>
        </parameterClassNames>
      </methodId>
      <arguments>
        <il.ac.technion.nlp.nli.core.method__call.NonPrimitiveArgument>
          <nonPrimitiveEntityIds class="ofergivoli.olib.data_structures.set.SafeHashSet" serialization="custom">
            <unserializable-parents/>
            <set>
              <default/>
              <int>8</int>
              <float>0.75</float>
              <int>4</int>
              <string>2</string>
              <string>3</string>
              <string>4</string>
              <string>6</string>
            </set>
          </nonPrimitiveEntityIds>
        </il.ac.technion.nlp.nli.core.method__call.NonPrimitiveArgument>
      </arguments>
      <entityIdOfObjectMethodIsInvokeOn>1</entityIdOfObjectMethodIsInvokeOn>
    </il.ac.technion.nlp.nli.core.method__call.MethodCall>
  </entry>
  <entry>
    <string>test-646</string>
    <il.ac.technion.nlp.nli.core.method__call.MethodCall>
      <methodId>
        <declaringClassCanonicalName>il.ac.technion.nlp.nli.dataset1.domains.container_management.entities.ContainerManagementSystem</declaringClassCanonicalName>
        <name>loadContainers</name>
        <parameterClassNames>
          <string>java.util.Collection</string>
        </parameterClassNames>
      </methodId>
      <arguments>
        <il.ac.technion.nlp.nli.core.method__call.NonPrimitiveArgument>
          <nonPrimitiveEntityIds class="ofergivoli.olib.data_structures.set.SafeHashSet" serialization="custom">
            <unserializable-parents/>
            <set>
              <default/>
              <int>4</int>
              <float>0.75</float>
              <int>2</int>
              <string>4</string>
              <string>3</string>
            </set>
          </nonPrimitiveEntityIds>
        </il.ac.technion.nlp.nli.core.method__call.NonPrimitiveArgument>
      </arguments>
      <entityIdOfObjectMethodIsInvokeOn>1</entityIdOfObjectMethodIsInvokeOn>
    </il.ac.technion.nlp.nli.core.method__call.MethodCall>
  </entry>
  <entry>
    <string>test-519</string>
    <il.ac.technion.nlp.nli.core.method__call.MethodCall>
      <methodId>
        <declaringClassCanonicalName>il.ac.technion.nlp.nli.dataset1.domains.file_manager.entities.FileManager</declaringClassCanonicalName>
        <name>removeFiles</name>
        <parameterClassNames>
          <string>java.util.Collection</string>
        </parameterClassNames>
      </methodId>
      <arguments>
        <il.ac.technion.nlp.nli.core.method__call.NonPrimitiveArgument>
          <nonPrimitiveEntityIds class="ofergivoli.olib.data_structures.set.SafeHashSet" serialization="custom">
            <unserializable-parents/>
            <set>
              <default/>
              <int>2</int>
              <float>0.75</float>
              <int>1</int>
              <string>6</string>
            </set>
          </nonPrimitiveEntityIds>
        </il.ac.technion.nlp.nli.core.method__call.NonPrimitiveArgument>
      </arguments>
      <entityIdOfObjectMethodIsInvokeOn>1</entityIdOfObjectMethodIsInvokeOn>
    </il.ac.technion.nlp.nli.core.method__call.MethodCall>
  </entry>
  <entry>
    <string>test-517</string>
    <il.ac.technion.nlp.nli.core.method__call.MethodCall>
      <methodId>
        <declaringClassCanonicalName>il.ac.technion.nlp.nli.dataset1.domains.calendar.entities.Calendar</declaringClassCanonicalName>
        <name>setEventColor</name>
        <parameterClassNames>
          <string>java.util.Collection</string>
          <string>il.ac.technion.nlp.nli.core.state.entities.Color</string>
        </parameterClassNames>
      </methodId>
      <arguments>
        <il.ac.technion.nlp.nli.core.method__call.NonPrimitiveArgument>
          <nonPrimitiveEntityIds class="ofergivoli.olib.data_structures.set.SafeHashSet" serialization="custom">
            <unserializable-parents/>
            <set>
              <default/>
              <int>4</int>
              <float>0.75</float>
              <int>2</int>
              <string>2</string>
              <string>3</string>
            </set>
          </nonPrimitiveEntityIds>
        </il.ac.technion.nlp.nli.core.method__call.NonPrimitiveArgument>
        <il.ac.technion.nlp.nli.core.method__call.PrimitiveArgument>
          <primitiveEntities class="list">
            <il.ac.technion.nlp.nli.core.state.PrimitiveEntity>
              <value class="il.ac.technion.nlp.nli.core.state.entities.Color">GREEN</value>
            </il.ac.technion.nlp.nli.core.state.PrimitiveEntity>
          </primitiveEntities>
        </il.ac.technion.nlp.nli.core.method__call.PrimitiveArgument>
      </arguments>
      <entityIdOfObjectMethodIsInvokeOn>1</entityIdOfObjectMethodIsInvokeOn>
    </il.ac.technion.nlp.nli.core.method__call.MethodCall>
  </entry>
  <entry>
    <string>test-638</string>
    <il.ac.technion.nlp.nli.core.method__call.MethodCall>
      <methodId>
        <declaringClassCanonicalName>il.ac.technion.nlp.nli.dataset1.domains.file_manager.entities.FileManager</declaringClassCanonicalName>
        <name>removeFiles</name>
        <parameterClassNames>
          <string>java.util.Collection</string>
        </parameterClassNames>
      </methodId>
      <arguments>
        <il.ac.technion.nlp.nli.core.method__call.NonPrimitiveArgument>
          <nonPrimitiveEntityIds class="ofergivoli.olib.data_structures.set.SafeHashSet" serialization="custom">
            <unserializable-parents/>
            <set>
              <default/>
              <int>2</int>
              <float>0.75</float>
              <int>1</int>
              <string>8</string>
            </set>
          </nonPrimitiveEntityIds>
        </il.ac.technion.nlp.nli.core.method__call.NonPrimitiveArgument>
      </arguments>
      <entityIdOfObjectMethodIsInvokeOn>1</entityIdOfObjectMethodIsInvokeOn>
    </il.ac.technion.nlp.nli.core.method__call.MethodCall>
  </entry>
  <entry>
    <string>test-518</string>
    <il.ac.technion.nlp.nli.core.method__call.MethodCall>
      <methodId>
        <declaringClassCanonicalName>il.ac.technion.nlp.nli.dataset1.domains.workforce_management.entities.WorkforceManagementSystem</declaringClassCanonicalName>
        <name>assignEmployeesToNewManager</name>
        <parameterClassNames>
          <string>java.util.Collection</string>
          <string>il.ac.technion.nlp.nli.dataset1.domains.workforce_management.entities.Employee</string>
        </parameterClassNames>
      </methodId>
      <arguments>
        <il.ac.technion.nlp.nli.core.method__call.NonPrimitiveArgument>
          <nonPrimitiveEntityIds class="ofergivoli.olib.data_structures.set.SafeHashSet" serialization="custom">
            <unserializable-parents/>
            <set>
              <default/>
              <int>4</int>
              <float>0.75</float>
              <int>2</int>
              <string>5</string>
              <string>6</string>
            </set>
          </nonPrimitiveEntityIds>
        </il.ac.technion.nlp.nli.core.method__call.NonPrimitiveArgument>
        <il.ac.technion.nlp.nli.core.method__call.NonPrimitiveArgument>
          <nonPrimitiveEntityIds class="ofergivoli.olib.data_structures.set.SafeHashSet" serialization="custom">
            <unserializable-parents/>
            <set>
              <default/>
              <int>2</int>
              <float>0.75</float>
              <int>1</int>
              <string>4</string>
            </set>
          </nonPrimitiveEntityIds>
        </il.ac.technion.nlp.nli.core.method__call.NonPrimitiveArgument>
      </arguments>
      <entityIdOfObjectMethodIsInvokeOn>1</entityIdOfObjectMethodIsInvokeOn>
    </il.ac.technion.nlp.nli.core.method__call.MethodCall>
  </entry>
  <entry>
    <string>test-639</string>
    <il.ac.technion.nlp.nli.core.method__call.MethodCall>
      <methodId>
        <declaringClassCanonicalName>il.ac.technion.nlp.nli.dataset1.domains.messenger.Messenger</declaringClassCanonicalName>
        <name>createChatGroup</name>
        <parameterClassNames>
          <string>java.util.Collection</string>
        </parameterClassNames>
      </methodId>
      <arguments>
        <il.ac.technion.nlp.nli.core.method__call.NonPrimitiveArgument>
          <nonPrimitiveEntityIds class="ofergivoli.olib.data_structures.set.SafeHashSet" serialization="custom">
            <unserializable-parents/>
            <set>
              <default/>
              <int>4</int>
              <float>0.75</float>
              <int>3</int>
              <string>6</string>
              <string>3</string>
              <string>7</string>
            </set>
          </nonPrimitiveEntityIds>
        </il.ac.technion.nlp.nli.core.method__call.NonPrimitiveArgument>
      </arguments>
      <entityIdOfObjectMethodIsInvokeOn>1</entityIdOfObjectMethodIsInvokeOn>
    </il.ac.technion.nlp.nli.core.method__call.MethodCall>
  </entry>
  <entry>
    <string>test-600</string>
    <il.ac.technion.nlp.nli.core.method__call.MethodCall>
      <methodId>
        <declaringClassCanonicalName>il.ac.technion.nlp.nli.dataset1.domains.container_management.entities.ContainerManagementSystem</declaringClassCanonicalName>
        <name>loadContainers</name>
        <parameterClassNames>
          <string>java.util.Collection</string>
        </parameterClassNames>
      </methodId>
      <arguments>
        <il.ac.technion.nlp.nli.core.method__call.NonPrimitiveArgument>
          <nonPrimitiveEntityIds class="ofergivoli.olib.data_structures.set.SafeHashSet" serialization="custom">
            <unserializable-parents/>
            <set>
              <default/>
              <int>2</int>
              <float>0.75</float>
              <int>1</int>
              <string>2</string>
            </set>
          </nonPrimitiveEntityIds>
        </il.ac.technion.nlp.nli.core.method__call.NonPrimitiveArgument>
      </arguments>
      <entityIdOfObjectMethodIsInvokeOn>1</entityIdOfObjectMethodIsInvokeOn>
    </il.ac.technion.nlp.nli.core.method__call.MethodCall>
  </entry>
  <entry>
    <string>test-603</string>
    <il.ac.technion.nlp.nli.core.method__call.MethodCall>
      <methodId>
        <declaringClassCanonicalName>il.ac.technion.nlp.nli.dataset1.domains.calendar.entities.Calendar</declaringClassCanonicalName>
        <name>removeEvents</name>
        <parameterClassNames>
          <string>java.util.Collection</string>
        </parameterClassNames>
      </methodId>
      <arguments>
        <il.ac.technion.nlp.nli.core.method__call.NonPrimitiveArgument>
          <nonPrimitiveEntityIds class="ofergivoli.olib.data_structures.set.SafeHashSet" serialization="custom">
            <unserializable-parents/>
            <set>
              <default/>
              <int>2</int>
              <float>0.75</float>
              <int>1</int>
              <string>4</string>
            </set>
          </nonPrimitiveEntityIds>
        </il.ac.technion.nlp.nli.core.method__call.NonPrimitiveArgument>
      </arguments>
      <entityIdOfObjectMethodIsInvokeOn>1</entityIdOfObjectMethodIsInvokeOn>
    </il.ac.technion.nlp.nli.core.method__call.MethodCall>
  </entry>
  <entry>
    <string>test-604</string>
    <il.ac.technion.nlp.nli.core.method__call.MethodCall>
      <methodId>
        <declaringClassCanonicalName>il.ac.technion.nlp.nli.dataset1.domains.calendar.entities.Calendar</declaringClassCanonicalName>
        <name>setEventColor</name>
        <parameterClassNames>
          <string>java.util.Collection</string>
          <string>il.ac.technion.nlp.nli.core.state.entities.Color</string>
        </parameterClassNames>
      </methodId>
      <arguments>
        <il.ac.technion.nlp.nli.core.method__call.NonPrimitiveArgument>
          <nonPrimitiveEntityIds class="ofergivoli.olib.data_structures.set.SafeHashSet" serialization="custom">
            <unserializable-parents/>
            <set>
              <default/>
              <int>8</int>
              <float>0.75</float>
              <int>4</int>
              <string>3</string>
              <string>4</string>
              <string>5</string>
              <string>6</string>
            </set>
          </nonPrimitiveEntityIds>
        </il.ac.technion.nlp.nli.core.method__call.NonPrimitiveArgument>
        <il.ac.technion.nlp.nli.core.method__call.PrimitiveArgument>
          <primitiveEntities class="list">
            <il.ac.technion.nlp.nli.core.state.PrimitiveEntity>
              <value class="il.ac.technion.nlp.nli.core.state.entities.Color">GREEN</value>
            </il.ac.technion.nlp.nli.core.state.PrimitiveEntity>
          </primitiveEntities>
        </il.ac.technion.nlp.nli.core.method__call.PrimitiveArgument>
      </arguments>
      <entityIdOfObjectMethodIsInvokeOn>1</entityIdOfObjectMethodIsInvokeOn>
    </il.ac.technion.nlp.nli.core.method__call.MethodCall>
  </entry>
  <entry>
    <string>test-601</string>
    <il.ac.technion.nlp.nli.core.method__call.MethodCall>
      <methodId>
        <declaringClassCanonicalName>il.ac.technion.nlp.nli.dataset1.domains.calendar.entities.Calendar</declaringClassCanonicalName>
        <name>removeEvents</name>
        <parameterClassNames>
          <string>java.util.Collection</string>
        </parameterClassNames>
      </methodId>
      <arguments>
        <il.ac.technion.nlp.nli.core.method__call.NonPrimitiveArgument>
          <nonPrimitiveEntityIds class="ofergivoli.olib.data_structures.set.SafeHashSet" serialization="custom">
            <unserializable-parents/>
            <set>
              <default/>
              <int>4</int>
              <float>0.75</float>
              <int>3</int>
              <string>4</string>
              <string>2</string>
              <string>3</string>
            </set>
          </nonPrimitiveEntityIds>
        </il.ac.technion.nlp.nli.core.method__call.NonPrimitiveArgument>
      </arguments>
      <entityIdOfObjectMethodIsInvokeOn>1</entityIdOfObjectMethodIsInvokeOn>
    </il.ac.technion.nlp.nli.core.method__call.MethodCall>
  </entry>
  <entry>
    <string>test-602</string>
    <il.ac.technion.nlp.nli.core.method__call.MethodCall>
      <methodId>
        <declaringClassCanonicalName>il.ac.technion.nlp.nli.dataset1.domains.lighting_control.entities.LightingControlSystem</declaringClassCanonicalName>
        <name>turnLightOff</name>
        <parameterClassNames>
          <string>java.util.Collection</string>
        </parameterClassNames>
      </methodId>
      <arguments>
        <il.ac.technion.nlp.nli.core.method__call.NonPrimitiveArgument>
          <nonPrimitiveEntityIds class="ofergivoli.olib.data_structures.set.SafeHashSet" serialization="custom">
            <unserializable-parents/>
            <set>
              <default/>
              <int>4</int>
              <float>0.75</float>
              <int>2</int>
              <string>2</string>
              <string>3</string>
            </set>
          </nonPrimitiveEntityIds>
        </il.ac.technion.nlp.nli.core.method__call.NonPrimitiveArgument>
      </arguments>
      <entityIdOfObjectMethodIsInvokeOn>1</entityIdOfObjectMethodIsInvokeOn>
    </il.ac.technion.nlp.nli.core.method__call.MethodCall>
  </entry>
</map>